[0.117s] [  0%] Built target autoware_system_msgs_generate_messages_lisp
[0.117s] [  0%] Built target autoware_config_msgs_generate_messages_lisp
[0.117s] [  0%] Built target jsk_recognition_msgs_generate_messages_lisp
[0.119s] [  0%] Built target actionlib_generate_messages_cpp
[0.119s] [  0%] Built target rosgraph_msgs_generate_messages_eus
[0.119s] [  0%] Built target pcl_msgs_generate_messages_eus
[0.122s] [  0%] Built target geometry_msgs_generate_messages_py
[0.122s] [  0%] Built target jsk_recognition_msgs_generate_messages_eus
[0.170s] [  0%] Built target sensor_msgs_generate_messages_nodejs
[0.172s] [  0%] Built target autoware_system_msgs_generate_messages_py
[0.174s] [  0%] Built target roscpp_generate_messages_cpp
[0.175s] [  0%] Built target autoware_msgs_generate_messages_cpp
[0.177s] [  0%] Built target sensor_msgs_generate_messages_eus
[0.178s] [  0%] Built target tf2_msgs_generate_messages_cpp
[0.191s] [  0%] Built target _catkin_empty_exported_target
[0.193s] [  0%] Built target sensor_msgs_generate_messages_cpp
[0.221s] [  0%] Built target std_msgs_generate_messages_py
[0.221s] [  0%] Built target pcl_msgs_generate_messages_nodejs
[0.222s] [  0%] Built target autoware_msgs_generate_messages_py
[0.224s] [  0%] Built target jsk_recognition_msgs_generate_messages_py
[0.225s] [  0%] Built target std_msgs_generate_messages_nodejs
[0.225s] [  0%] Built target rosgraph_msgs_generate_messages_cpp
[0.237s] [  0%] Built target sensor_msgs_generate_messages_lisp
[0.246s] [  0%] Built target sensor_msgs_generate_messages_py
[0.272s] [  0%] Built target std_msgs_generate_messages_cpp
[0.273s] [  0%] Built target tf_generate_messages_py
[0.273s] [  0%] Built target jsk_footstep_msgs_generate_messages_py
[0.274s] [  0%] Built target std_msgs_generate_messages_lisp
[0.276s] [  0%] Built target actionlib_msgs_generate_messages_nodejs
[0.284s] [  0%] Built target geometry_msgs_generate_messages_eus
[0.293s] [  0%] Built target roscpp_generate_messages_nodejs
[0.297s] [  0%] Built target autoware_system_msgs_generate_messages_cpp
[0.319s] [  0%] Built target geometry_msgs_generate_messages_nodejs
[0.320s] [  0%] Built target pcl_msgs_generate_messages_cpp
[0.320s] [  0%] Built target jsk_recognition_msgs_generate_messages_cpp
[0.325s] [  0%] Built target geometry_msgs_generate_messages_lisp
[0.325s] [  0%] Built target autoware_msgs_generate_messages_eus
[0.334s] [  0%] Built target autoware_msgs_generate_messages_lisp
[0.345s] [  0%] Built target std_msgs_generate_messages_eus
[0.346s] [  0%] Built target autoware_msgs_generate_messages_nodejs
[0.370s] [  0%] Built target actionlib_msgs_generate_messages_py
[0.371s] [  0%] Built target jsk_footstep_msgs_generate_messages_eus
[0.373s] [  0%] Built target autoware_config_msgs_generate_messages_eus
[0.377s] [  0%] Built target jsk_footstep_msgs_generate_messages_nodejs
[0.379s] [  0%] Built target jsk_footstep_msgs_generate_messages_lisp
[0.384s] [  0%] Built target autoware_system_msgs_generate_messages_nodejs
[0.396s] [  0%] Built target jsk_footstep_msgs_generate_messages_cpp
[0.397s] [  0%] Built target actionlib_msgs_generate_messages_lisp
[0.419s] [  0%] Built target actionlib_msgs_generate_messages_cpp
[0.422s] [  0%] Built target tf_generate_messages_eus
[0.422s] [  0%] Built target tf_generate_messages_lisp
[0.429s] [  0%] Built target autoware_config_msgs_generate_messages_nodejs
[0.430s] [  0%] Built target tf_generate_messages_nodejs
[0.431s] [  0%] Built target jsk_recognition_msgs_generate_messages_nodejs
[0.444s] [  0%] Built target roscpp_generate_messages_lisp
[0.446s] [  0%] Built target roscpp_generate_messages_py
[0.471s] [  0%] Built target rosgraph_msgs_generate_messages_nodejs
[0.471s] [  0%] Built target rosgraph_msgs_generate_messages_lisp
[0.472s] [  0%] Built target autoware_config_msgs_generate_messages_cpp
[0.481s] [  0%] Built target roscpp_generate_messages_eus
[0.481s] [  0%] Built target actionlib_msgs_generate_messages_eus
[0.484s] [  0%] Built target rosgraph_msgs_generate_messages_py
[0.496s] [  0%] Built target autoware_config_msgs_generate_messages_py
[0.500s] [  0%] Built target pcl_msgs_generate_messages_py
[0.519s] [  0%] Built target actionlib_generate_messages_eus
[0.520s] [  0%] Built target geometry_msgs_generate_messages_cpp
[0.525s] [  0%] Built target actionlib_generate_messages_lisp
[0.529s] [  0%] Built target pcl_msgs_generate_messages_lisp
[0.533s] [  0%] Built target tf_generate_messages_cpp
[0.533s] [  0%] Built target actionlib_generate_messages_nodejs
[0.545s] [  0%] Built target autoware_system_msgs_generate_messages_eus
[0.549s] [  0%] Built target tf2_msgs_generate_messages_eus
[0.568s] [  0%] Built target tf2_msgs_generate_messages_py
[0.568s] [  0%] Built target tf2_msgs_generate_messages_lisp
[0.568s] [  0%] Built target actionlib_generate_messages_py
[0.569s] [  0%] Built target tf2_msgs_generate_messages_nodejs
[0.591s] [35m[1mScanning dependencies of target pure_pursuit[0m
[0.622s] [ 40%] [32mBuilding CXX object CMakeFiles/pure_pursuit.dir/src/pure_pursuit_core.cpp.o[0m
[0.622s] [ 40%] [32mBuilding CXX object CMakeFiles/pure_pursuit.dir/src/pure_pursuit_node.cpp.o[0m
[2.987s] CMakeFiles/pure_pursuit.dir/build.make:62: recipe for target 'CMakeFiles/pure_pursuit.dir/src/pure_pursuit_node.cpp.o' failed
[3.361s] CMakeFiles/pure_pursuit.dir/build.make:110: recipe for target 'CMakeFiles/pure_pursuit.dir/src/pure_pursuit_core.cpp.o' failed
[3.361s] CMakeFiles/Makefile2:444: recipe for target 'CMakeFiles/pure_pursuit.dir/all' failed
[3.361s] Makefile:140: recipe for target 'all' failed
