[0.021s] Invoking command in '/home/kimna/Desktop/autoware.ai/src/autoware/core_planning/pure_pursuit/build/pure_pursuit': CONDA_PROMPT_MODIFIER=(base) /usr/bin/cmake --build /home/kimna/Desktop/autoware.ai/src/autoware/core_planning/pure_pursuit/build/pure_pursuit -- -j8 -l8
[0.119s] [  0%] Built target rosgraph_msgs_generate_messages_eus
[0.119s] [  0%] Built target autoware_system_msgs_generate_messages_lisp
[0.120s] [  0%] Built target geometry_msgs_generate_messages_py
[0.121s] [  0%] Built target actionlib_generate_messages_cpp
[0.121s] [  0%] Built target jsk_recognition_msgs_generate_messages_lisp
[0.123s] [  0%] Built target autoware_config_msgs_generate_messages_lisp
[0.123s] [  0%] Built target pcl_msgs_generate_messages_eus
[0.124s] [  0%] Built target jsk_recognition_msgs_generate_messages_eus
[0.167s] [  0%] Built target roscpp_generate_messages_cpp
[0.174s] [  0%] Built target sensor_msgs_generate_messages_nodejs
[0.174s] [  0%] Built target autoware_system_msgs_generate_messages_py
[0.179s] [  0%] Built target autoware_msgs_generate_messages_cpp
[0.180s] [  0%] Built target sensor_msgs_generate_messages_eus
[0.184s] [  0%] Built target _catkin_empty_exported_target
[0.184s] [  0%] Built target sensor_msgs_generate_messages_cpp
[0.187s] [  0%] Built target tf2_msgs_generate_messages_cpp
[0.216s] [  0%] Built target std_msgs_generate_messages_py
[0.224s] [  0%] Built target autoware_msgs_generate_messages_py
[0.229s] [  0%] Built target pcl_msgs_generate_messages_nodejs
[0.230s] [  0%] Built target rosgraph_msgs_generate_messages_cpp
[0.231s] [  0%] Built target std_msgs_generate_messages_nodejs
[0.232s] [  0%] Built target jsk_recognition_msgs_generate_messages_py
[0.232s] [  0%] Built target sensor_msgs_generate_messages_lisp
[0.244s] [  0%] Built target sensor_msgs_generate_messages_py
[0.273s] [  0%] Built target tf_generate_messages_py
[0.281s] [  0%] Built target actionlib_msgs_generate_messages_nodejs
[0.281s] [  0%] Built target geometry_msgs_generate_messages_eus
[0.281s] [  0%] Built target std_msgs_generate_messages_lisp
[0.287s] [  0%] Built target jsk_footstep_msgs_generate_messages_py
[0.288s] [  0%] Built target std_msgs_generate_messages_cpp
[0.293s] [  0%] Built target roscpp_generate_messages_nodejs
[0.296s] [  0%] Built target autoware_system_msgs_generate_messages_cpp
[0.317s] [  0%] Built target geometry_msgs_generate_messages_nodejs
[0.330s] [  0%] Built target pcl_msgs_generate_messages_cpp
[0.330s] [  0%] Built target geometry_msgs_generate_messages_lisp
[0.331s] [  0%] Built target jsk_recognition_msgs_generate_messages_cpp
[0.336s] [  0%] Built target autoware_msgs_generate_messages_eus
[0.342s] [  0%] Built target autoware_msgs_generate_messages_lisp
[0.344s] [  0%] Built target autoware_msgs_generate_messages_nodejs
[0.348s] [  0%] Built target std_msgs_generate_messages_eus
[0.372s] [  0%] Built target jsk_footstep_msgs_generate_messages_eus
[0.382s] [  0%] Built target actionlib_msgs_generate_messages_py
[0.390s] [  0%] Built target jsk_footstep_msgs_generate_messages_lisp
[0.395s] [  0%] Built target autoware_config_msgs_generate_messages_eus
[0.397s] [  0%] Built target jsk_footstep_msgs_generate_messages_nodejs
[0.404s] [  0%] Built target autoware_system_msgs_generate_messages_nodejs
[0.415s] [  0%] Built target actionlib_msgs_generate_messages_lisp
[0.421s] [  0%] Built target jsk_footstep_msgs_generate_messages_cpp
[0.433s] [  0%] Built target actionlib_msgs_generate_messages_cpp
[0.435s] [  0%] Built target tf_generate_messages_lisp
[0.436s] [  0%] Built target tf_generate_messages_eus
[0.447s] [  0%] Built target tf_generate_messages_nodejs
[0.470s] [  0%] Built target autoware_config_msgs_generate_messages_nodejs
[0.473s] [  0%] Built target jsk_recognition_msgs_generate_messages_nodejs
[0.478s] [  0%] Built target roscpp_generate_messages_lisp
[0.486s] [  0%] Built target roscpp_generate_messages_py
[0.489s] [  0%] Built target rosgraph_msgs_generate_messages_lisp
[0.491s] [  0%] Built target rosgraph_msgs_generate_messages_nodejs
[0.493s] [  0%] Built target autoware_config_msgs_generate_messages_cpp
[0.502s] [  0%] Built target roscpp_generate_messages_eus
[0.522s] [  0%] Built target actionlib_msgs_generate_messages_eus
[0.530s] [  0%] Built target rosgraph_msgs_generate_messages_py
[0.538s] [  0%] Built target autoware_config_msgs_generate_messages_py
[0.542s] [  0%] Built target geometry_msgs_generate_messages_cpp
[0.542s] [  0%] Built target actionlib_generate_messages_lisp
[0.547s] [  0%] Built target actionlib_generate_messages_eus
[0.554s] [  0%] Built target pcl_msgs_generate_messages_py
[0.568s] [  0%] Built target pcl_msgs_generate_messages_lisp
[0.574s] [  0%] Built target tf_generate_messages_cpp
[0.596s] [  0%] Built target actionlib_generate_messages_nodejs
[0.597s] [  0%] Built target autoware_system_msgs_generate_messages_eus
[0.598s] [  0%] Built target tf2_msgs_generate_messages_eus
[0.599s] [  0%] Built target actionlib_generate_messages_py
[0.600s] [  0%] Built target tf2_msgs_generate_messages_lisp
[0.608s] [  0%] Built target tf2_msgs_generate_messages_py
[0.613s] [  0%] Built target tf2_msgs_generate_messages_nodejs
[0.632s] [35m[1mScanning dependencies of target pure_pursuit[0m
[0.665s] [ 20%] [32mBuilding CXX object CMakeFiles/pure_pursuit.dir/src/pure_pursuit_core.cpp.o[0m
[2.641s] [01m[K/home/kimna/Desktop/autoware.ai/src/autoware/core_planning/pure_pursuit/src/pure_pursuit_core.cpp:355:17:[m[K [01;31m[Kerror: [m[Kexpected constructor, destructor, or type conversion before ‘[01m[K([m[K’ token
[2.641s]        std::hypot[01;31m[K([m[Kcurrent_pose.position.x - target_pose.position.x,
[2.641s]                  [01;31m[K^[m[K
[3.457s] CMakeFiles/pure_pursuit.dir/build.make:110: recipe for target 'CMakeFiles/pure_pursuit.dir/src/pure_pursuit_core.cpp.o' failed
[3.457s] make[2]: *** [CMakeFiles/pure_pursuit.dir/src/pure_pursuit_core.cpp.o] Error 1
[3.457s] CMakeFiles/Makefile2:444: recipe for target 'CMakeFiles/pure_pursuit.dir/all' failed
[3.457s] make[1]: *** [CMakeFiles/pure_pursuit.dir/all] Error 2
[3.457s] Makefile:140: recipe for target 'all' failed
[3.457s] make: *** [all] Error 2
[3.460s] Invoked command in '/home/kimna/Desktop/autoware.ai/src/autoware/core_planning/pure_pursuit/build/pure_pursuit' returned '2': CONDA_PROMPT_MODIFIER=(base) /usr/bin/cmake --build /home/kimna/Desktop/autoware.ai/src/autoware/core_planning/pure_pursuit/build/pure_pursuit -- -j8 -l8
