Determining if the pthread_create exist failed with the following output:
Change Dir: /home/kimna/Desktop/autoware.ai/src/autoware/core_planning/build/op_simulation_package/CMakeFiles/CMakeTmp

Run Build Command:"/usr/bin/make" "cmTC_f1cba/fast"
/usr/bin/make -f CMakeFiles/cmTC_f1cba.dir/build.make CMakeFiles/cmTC_f1cba.dir/build
make[1]: Entering directory '/home/kimna/Desktop/autoware.ai/src/autoware/core_planning/build/op_simulation_package/CMakeFiles/CMakeTmp'
Building C object CMakeFiles/cmTC_f1cba.dir/CheckSymbolExists.c.o
/usr/bin/cc    -o CMakeFiles/cmTC_f1cba.dir/CheckSymbolExists.c.o   -c /home/kimna/Desktop/autoware.ai/src/autoware/core_planning/build/op_simulation_package/CMakeFiles/CMakeTmp/CheckSymbolExists.c
Linking C executable cmTC_f1cba
/usr/bin/cmake -E cmake_link_script CMakeFiles/cmTC_f1cba.dir/link.txt --verbose=1
/usr/bin/cc      -rdynamic CMakeFiles/cmTC_f1cba.dir/CheckSymbolExists.c.o  -o cmTC_f1cba 
CMakeFiles/cmTC_f1cba.dir/CheckSymbolExists.c.o: In function `main':
CheckSymbolExists.c:(.text+0x1b): undefined reference to `pthread_create'
collect2: error: ld returned 1 exit status
CMakeFiles/cmTC_f1cba.dir/build.make:97: recipe for target 'cmTC_f1cba' failed
make[1]: *** [cmTC_f1cba] Error 1
make[1]: Leaving directory '/home/kimna/Desktop/autoware.ai/src/autoware/core_planning/build/op_simulation_package/CMakeFiles/CMakeTmp'
Makefile:126: recipe for target 'cmTC_f1cba/fast' failed
make: *** [cmTC_f1cba/fast] Error 2

File /home/kimna/Desktop/autoware.ai/src/autoware/core_planning/build/op_simulation_package/CMakeFiles/CMakeTmp/CheckSymbolExists.c:
/* */
#include <pthread.h>

int main(int argc, char** argv)
{
  (void)argv;
#ifndef pthread_create
  return ((int*)(&pthread_create))[argc];
#else
  (void)argc;
  return 0;
#endif
}

Determining if the function pthread_create exists in the pthreads failed with the following output:
Change Dir: /home/kimna/Desktop/autoware.ai/src/autoware/core_planning/build/op_simulation_package/CMakeFiles/CMakeTmp

Run Build Command:"/usr/bin/make" "cmTC_df95c/fast"
/usr/bin/make -f CMakeFiles/cmTC_df95c.dir/build.make CMakeFiles/cmTC_df95c.dir/build
make[1]: Entering directory '/home/kimna/Desktop/autoware.ai/src/autoware/core_planning/build/op_simulation_package/CMakeFiles/CMakeTmp'
Building C object CMakeFiles/cmTC_df95c.dir/CheckFunctionExists.c.o
/usr/bin/cc   -DCHECK_FUNCTION_EXISTS=pthread_create   -o CMakeFiles/cmTC_df95c.dir/CheckFunctionExists.c.o   -c /usr/share/cmake-3.10/Modules/CheckFunctionExists.c
Linking C executable cmTC_df95c
/usr/bin/cmake -E cmake_link_script CMakeFiles/cmTC_df95c.dir/link.txt --verbose=1
/usr/bin/cc  -DCHECK_FUNCTION_EXISTS=pthread_create    -rdynamic CMakeFiles/cmTC_df95c.dir/CheckFunctionExists.c.o  -o cmTC_df95c -lpthreads 
/usr/bin/ld: cannot find -lpthreads
collect2: error: ld returned 1 exit status
CMakeFiles/cmTC_df95c.dir/build.make:97: recipe for target 'cmTC_df95c' failed
make[1]: *** [cmTC_df95c] Error 1
make[1]: Leaving directory '/home/kimna/Desktop/autoware.ai/src/autoware/core_planning/build/op_simulation_package/CMakeFiles/CMakeTmp'
Makefile:126: recipe for target 'cmTC_df95c/fast' failed
make: *** [cmTC_df95c/fast] Error 2


