[0.253s] [  0%] Built target autoware_config_msgs_generate_messages_lisp
[0.339s] [  0%] Built target geometry_msgs_generate_messages_py
[0.392s] [  0%] Built target autoware_system_msgs_generate_messages_py
[0.454s] [  0%] Built target sensor_msgs_generate_messages_nodejs
[0.548s] [  0%] Built target roscpp_generate_messages_cpp
[0.654s] [  0%] Built target sensor_msgs_generate_messages_eus
[0.718s] [  0%] Built target _catkin_empty_exported_target
[0.792s] [  0%] Built target sensor_msgs_generate_messages_cpp
[0.865s] [  0%] Built target autoware_msgs_generate_messages_cpp
[0.954s] [  0%] Built target tf2_msgs_generate_messages_cpp
[1.005s] [  0%] Built target std_msgs_generate_messages_py
[1.066s] [  0%] Built target autoware_msgs_generate_messages_py
[1.128s] [  0%] Built target std_msgs_generate_messages_nodejs
[1.190s] [  0%] Built target rosgraph_msgs_generate_messages_cpp
[1.257s] [  0%] Built target pcl_msgs_generate_messages_nodejs
[1.317s] [  0%] Built target jsk_recognition_msgs_generate_messages_py
[1.398s] [  0%] Built target sensor_msgs_generate_messages_lisp
[1.481s] [  0%] Built target sensor_msgs_generate_messages_py
[1.545s] [  0%] Built target tf_generate_messages_py
[1.612s] [  0%] Built target std_msgs_generate_messages_cpp
[1.675s] [  0%] Built target jsk_footstep_msgs_generate_messages_py
[1.726s] [  0%] Built target actionlib_msgs_generate_messages_nodejs
[1.843s] [  0%] Built target geometry_msgs_generate_messages_eus
[1.929s] [  0%] Built target std_msgs_generate_messages_lisp
[1.992s] [  0%] Built target roscpp_generate_messages_nodejs
[2.095s] [  0%] Built target autoware_system_msgs_generate_messages_cpp
[2.241s] [  0%] Built target geometry_msgs_generate_messages_nodejs
[2.367s] [  0%] Built target geometry_msgs_generate_messages_lisp
[2.450s] [  0%] Built target pcl_msgs_generate_messages_cpp
[2.503s] [  0%] Built target jsk_recognition_msgs_generate_messages_cpp
[2.557s] [  0%] Built target autoware_msgs_generate_messages_eus
[2.631s] [  0%] Built target autoware_msgs_generate_messages_lisp
[2.701s] [  0%] Built target std_msgs_generate_messages_eus
[2.807s] [  0%] Built target autoware_msgs_generate_messages_nodejs
[2.873s] [  0%] Built target jsk_footstep_msgs_generate_messages_eus
[2.944s] [  0%] Built target actionlib_msgs_generate_messages_py
[3.010s] [  0%] Built target autoware_config_msgs_generate_messages_eus
[3.085s] [  0%] Built target jsk_footstep_msgs_generate_messages_lisp
[3.161s] [  0%] Built target jsk_footstep_msgs_generate_messages_nodejs
[3.229s] [  0%] Built target autoware_system_msgs_generate_messages_nodejs
[3.280s] [  0%] Built target actionlib_msgs_generate_messages_lisp
[3.331s] [  0%] Built target jsk_footstep_msgs_generate_messages_cpp
[3.399s] [  0%] Built target actionlib_msgs_generate_messages_cpp
[3.453s] [  0%] Built target tf_generate_messages_eus
[3.535s] [  0%] Built target tf_generate_messages_lisp
[3.632s] [  0%] Built target autoware_config_msgs_generate_messages_nodejs
[3.700s] [  0%] Built target tf_generate_messages_nodejs
[3.758s] [  0%] Built target jsk_recognition_msgs_generate_messages_nodejs
[3.832s] [  0%] Built target roscpp_generate_messages_lisp
[3.899s] [  0%] Built target roscpp_generate_messages_py
[3.965s] [  0%] Built target rosgraph_msgs_generate_messages_lisp
[4.025s] [  0%] Built target autoware_config_msgs_generate_messages_cpp
[4.086s] [  0%] Built target rosgraph_msgs_generate_messages_nodejs
[4.166s] [  0%] Built target roscpp_generate_messages_eus
[4.246s] [  0%] Built target actionlib_msgs_generate_messages_eus
[4.337s] [  0%] Built target rosgraph_msgs_generate_messages_py
[4.411s] [  0%] Built target autoware_config_msgs_generate_messages_py
[4.486s] [  0%] Built target pcl_msgs_generate_messages_py
[4.556s] [  0%] Built target actionlib_generate_messages_eus
[4.621s] [  0%] Built target geometry_msgs_generate_messages_cpp
[4.685s] [  0%] Built target actionlib_generate_messages_lisp
[4.747s] [  0%] Built target pcl_msgs_generate_messages_lisp
[4.828s] [  0%] Built target tf_generate_messages_cpp
[4.887s] [  0%] Built target actionlib_generate_messages_nodejs
[4.978s] [  0%] Built target autoware_system_msgs_generate_messages_eus
[5.081s] [  0%] Built target tf2_msgs_generate_messages_eus
[5.180s] [  0%] Built target tf2_msgs_generate_messages_lisp
[5.265s] [  0%] Built target actionlib_generate_messages_py
[5.364s] [  0%] Built target tf2_msgs_generate_messages_py
[5.465s] [  0%] Built target tf2_msgs_generate_messages_nodejs
[5.555s] [  0%] Built target autoware_system_msgs_generate_messages_lisp
[5.653s] [  0%] Built target jsk_recognition_msgs_generate_messages_eus
[5.721s] [  0%] Built target jsk_recognition_msgs_generate_messages_lisp
[5.785s] [  0%] Built target rosgraph_msgs_generate_messages_eus
[5.845s] [  0%] Built target pcl_msgs_generate_messages_eus
[5.939s] [  0%] Built target actionlib_generate_messages_cpp
[5.999s] [35m[1mScanning dependencies of target pure_pursuit[0m
[6.071s] [ 20%] [32mBuilding CXX object CMakeFiles/pure_pursuit.dir/src/pure_pursuit_node.cpp.o[0m
[12.610s] [ 40%] [32mBuilding CXX object CMakeFiles/pure_pursuit.dir/src/pure_pursuit_core.cpp.o[0m
[17.608s] CMakeFiles/pure_pursuit.dir/build.make:110: recipe for target 'CMakeFiles/pure_pursuit.dir/src/pure_pursuit_core.cpp.o' failed
[17.608s] CMakeFiles/Makefile2:444: recipe for target 'CMakeFiles/pure_pursuit.dir/all' failed
[17.609s] Makefile:140: recipe for target 'all' failed
