Determining if the pthread_create exist failed with the following output:
Change Dir: /home/kimna/Desktop/autoware.ai/src/autoware/core_planning/build/mpc_follower/CMakeFiles/CMakeTmp

Run Build Command:"/usr/bin/make" "cmTC_c9bf5/fast"
/usr/bin/make -f CMakeFiles/cmTC_c9bf5.dir/build.make CMakeFiles/cmTC_c9bf5.dir/build
make[1]: Entering directory '/home/kimna/Desktop/autoware.ai/src/autoware/core_planning/build/mpc_follower/CMakeFiles/CMakeTmp'
Building C object CMakeFiles/cmTC_c9bf5.dir/CheckSymbolExists.c.o
/usr/bin/cc    -o CMakeFiles/cmTC_c9bf5.dir/CheckSymbolExists.c.o   -c /home/kimna/Desktop/autoware.ai/src/autoware/core_planning/build/mpc_follower/CMakeFiles/CMakeTmp/CheckSymbolExists.c
Linking C executable cmTC_c9bf5
/usr/bin/cmake -E cmake_link_script CMakeFiles/cmTC_c9bf5.dir/link.txt --verbose=1
/usr/bin/cc      -rdynamic CMakeFiles/cmTC_c9bf5.dir/CheckSymbolExists.c.o  -o cmTC_c9bf5 
CMakeFiles/cmTC_c9bf5.dir/CheckSymbolExists.c.o: In function `main':
CheckSymbolExists.c:(.text+0x1b): undefined reference to `pthread_create'
collect2: error: ld returned 1 exit status
CMakeFiles/cmTC_c9bf5.dir/build.make:97: recipe for target 'cmTC_c9bf5' failed
make[1]: *** [cmTC_c9bf5] Error 1
make[1]: Leaving directory '/home/kimna/Desktop/autoware.ai/src/autoware/core_planning/build/mpc_follower/CMakeFiles/CMakeTmp'
Makefile:126: recipe for target 'cmTC_c9bf5/fast' failed
make: *** [cmTC_c9bf5/fast] Error 2

File /home/kimna/Desktop/autoware.ai/src/autoware/core_planning/build/mpc_follower/CMakeFiles/CMakeTmp/CheckSymbolExists.c:
/* */
#include <pthread.h>

int main(int argc, char** argv)
{
  (void)argv;
#ifndef pthread_create
  return ((int*)(&pthread_create))[argc];
#else
  (void)argc;
  return 0;
#endif
}

Determining if the function pthread_create exists in the pthreads failed with the following output:
Change Dir: /home/kimna/Desktop/autoware.ai/src/autoware/core_planning/build/mpc_follower/CMakeFiles/CMakeTmp

Run Build Command:"/usr/bin/make" "cmTC_b1d47/fast"
/usr/bin/make -f CMakeFiles/cmTC_b1d47.dir/build.make CMakeFiles/cmTC_b1d47.dir/build
make[1]: Entering directory '/home/kimna/Desktop/autoware.ai/src/autoware/core_planning/build/mpc_follower/CMakeFiles/CMakeTmp'
Building C object CMakeFiles/cmTC_b1d47.dir/CheckFunctionExists.c.o
/usr/bin/cc   -DCHECK_FUNCTION_EXISTS=pthread_create   -o CMakeFiles/cmTC_b1d47.dir/CheckFunctionExists.c.o   -c /usr/share/cmake-3.10/Modules/CheckFunctionExists.c
Linking C executable cmTC_b1d47
/usr/bin/cmake -E cmake_link_script CMakeFiles/cmTC_b1d47.dir/link.txt --verbose=1
/usr/bin/cc  -DCHECK_FUNCTION_EXISTS=pthread_create    -rdynamic CMakeFiles/cmTC_b1d47.dir/CheckFunctionExists.c.o  -o cmTC_b1d47 -lpthreads 
/usr/bin/ld: cannot find -lpthreads
collect2: error: ld returned 1 exit status
CMakeFiles/cmTC_b1d47.dir/build.make:97: recipe for target 'cmTC_b1d47' failed
make[1]: *** [cmTC_b1d47] Error 1
make[1]: Leaving directory '/home/kimna/Desktop/autoware.ai/src/autoware/core_planning/build/mpc_follower/CMakeFiles/CMakeTmp'
Makefile:126: recipe for target 'cmTC_b1d47/fast' failed
make: *** [cmTC_b1d47/fast] Error 2


