[0.133s] [  0%] Built target geometry_msgs_generate_messages_py
[0.133s] [  0%] Built target actionlib_generate_messages_cpp
[0.134s] [  0%] Built target rosgraph_msgs_generate_messages_eus
[0.139s] [  0%] Built target jsk_recognition_msgs_generate_messages_lisp
[0.145s] [  0%] Built target autoware_config_msgs_generate_messages_lisp
[0.149s] [  0%] Built target pcl_msgs_generate_messages_eus
[0.153s] [  0%] Built target autoware_system_msgs_generate_messages_lisp
[0.161s] [  0%] Built target jsk_recognition_msgs_generate_messages_eus
[0.195s] [  0%] Built target sensor_msgs_generate_messages_nodejs
[0.198s] [  0%] Built target sensor_msgs_generate_messages_eus
[0.200s] [  0%] Built target autoware_system_msgs_generate_messages_py
[0.212s] [  0%] Built target roscpp_generate_messages_cpp
[0.221s] [  0%] Built target sensor_msgs_generate_messages_cpp
[0.226s] [  0%] Built target tf2_msgs_generate_messages_cpp
[0.233s] [  0%] Built target _catkin_empty_exported_target
[0.258s] [  0%] Built target autoware_msgs_generate_messages_cpp
[0.275s] [  0%] Built target std_msgs_generate_messages_nodejs
[0.276s] [  0%] Built target autoware_msgs_generate_messages_py
[0.279s] [  0%] Built target std_msgs_generate_messages_py
[0.288s] [  0%] Built target pcl_msgs_generate_messages_nodejs
[0.298s] [  0%] Built target rosgraph_msgs_generate_messages_cpp
[0.299s] [  0%] Built target jsk_recognition_msgs_generate_messages_py
[0.339s] [  0%] Built target sensor_msgs_generate_messages_lisp
[0.346s] [  0%] Built target tf_generate_messages_py
[0.346s] [  0%] Built target sensor_msgs_generate_messages_py
[0.359s] [  0%] Built target actionlib_msgs_generate_messages_nodejs
[0.374s] [  0%] Built target std_msgs_generate_messages_cpp
[0.376s] [  0%] Built target geometry_msgs_generate_messages_eus
[0.379s] [  0%] Built target jsk_footstep_msgs_generate_messages_py
[0.402s] [  0%] Built target std_msgs_generate_messages_lisp
[0.427s] [  0%] Built target roscpp_generate_messages_nodejs
[0.429s] [  0%] Built target geometry_msgs_generate_messages_nodejs
[0.435s] [  0%] Built target autoware_system_msgs_generate_messages_cpp
[0.437s] [  0%] Built target geometry_msgs_generate_messages_lisp
[0.445s] [  0%] Built target jsk_recognition_msgs_generate_messages_cpp
[0.457s] [  0%] Built target autoware_msgs_generate_messages_eus
[0.460s] [  0%] Built target pcl_msgs_generate_messages_cpp
[0.483s] [  0%] Built target autoware_msgs_generate_messages_lisp
[0.503s] [  0%] Built target jsk_footstep_msgs_generate_messages_eus
[0.511s] [  0%] Built target autoware_msgs_generate_messages_nodejs
[0.513s] [  0%] Built target std_msgs_generate_messages_eus
[0.523s] [  0%] Built target jsk_footstep_msgs_generate_messages_nodejs
[0.527s] [  0%] Built target actionlib_msgs_generate_messages_py
[0.533s] [  0%] Built target autoware_config_msgs_generate_messages_eus
[0.552s] [  0%] Built target autoware_system_msgs_generate_messages_nodejs
[0.571s] [  0%] Built target jsk_footstep_msgs_generate_messages_lisp
[0.580s] [  0%] Built target actionlib_msgs_generate_messages_lisp
[0.581s] [  0%] Built target actionlib_msgs_generate_messages_cpp
[0.585s] [  0%] Built target jsk_footstep_msgs_generate_messages_cpp
[0.596s] [  0%] Built target tf_generate_messages_eus
[0.611s] [  0%] Built target autoware_config_msgs_generate_messages_nodejs
[0.628s] [  0%] Built target tf_generate_messages_lisp
[0.631s] [  0%] Built target tf_generate_messages_nodejs
[0.637s] [  0%] Built target jsk_recognition_msgs_generate_messages_nodejs
[0.643s] [  0%] Built target rosgraph_msgs_generate_messages_lisp
[0.651s] [  0%] Built target roscpp_generate_messages_py
[0.657s] [  0%] Built target roscpp_generate_messages_lisp
[0.685s] [  0%] Built target rosgraph_msgs_generate_messages_nodejs
[0.686s] [  0%] Built target autoware_config_msgs_generate_messages_cpp
[0.688s] [  0%] Built target roscpp_generate_messages_eus
[0.692s] [  0%] Built target actionlib_msgs_generate_messages_eus
[0.715s] [  0%] Built target autoware_config_msgs_generate_messages_py
[0.721s] [  0%] Built target actionlib_generate_messages_eus
[0.724s] [  0%] Built target rosgraph_msgs_generate_messages_py
[0.740s] [  0%] Built target pcl_msgs_generate_messages_lisp
[0.745s] [  0%] Built target pcl_msgs_generate_messages_py
[0.764s] [  0%] Built target geometry_msgs_generate_messages_cpp
[0.773s] [  0%] Built target actionlib_generate_messages_lisp
[0.781s] [  0%] Built target tf_generate_messages_cpp
[0.790s] [  0%] Built target tf2_msgs_generate_messages_eus
[0.795s] [  0%] Built target tf2_msgs_generate_messages_lisp
[0.804s] [  0%] Built target autoware_system_msgs_generate_messages_eus
[0.813s] [  0%] Built target actionlib_generate_messages_py
[0.814s] [  0%] Built target actionlib_generate_messages_nodejs
[0.826s] [  0%] Built target tf2_msgs_generate_messages_nodejs
[0.826s] [  0%] Built target tf2_msgs_generate_messages_py
[0.848s] [35m[1mScanning dependencies of target pure_pursuit[0m
[0.890s] [ 20%] [32mBuilding CXX object CMakeFiles/pure_pursuit.dir/src/pure_pursuit_core.cpp.o[0m
[4.343s] CMakeFiles/pure_pursuit.dir/build.make:110: recipe for target 'CMakeFiles/pure_pursuit.dir/src/pure_pursuit_core.cpp.o' failed
[4.343s] CMakeFiles/Makefile2:444: recipe for target 'CMakeFiles/pure_pursuit.dir/all' failed
[4.343s] Makefile:140: recipe for target 'all' failed
