Determining if the pthread_create exist failed with the following output:
Change Dir: /home/kimna/Desktop/autoware.ai/src/autoware/core_planning/build/freespace_planner/CMakeFiles/CMakeTmp

Run Build Command:"/usr/bin/make" "cmTC_3733f/fast"
/usr/bin/make -f CMakeFiles/cmTC_3733f.dir/build.make CMakeFiles/cmTC_3733f.dir/build
make[1]: Entering directory '/home/kimna/Desktop/autoware.ai/src/autoware/core_planning/build/freespace_planner/CMakeFiles/CMakeTmp'
Building C object CMakeFiles/cmTC_3733f.dir/CheckSymbolExists.c.o
/usr/bin/cc    -o CMakeFiles/cmTC_3733f.dir/CheckSymbolExists.c.o   -c /home/kimna/Desktop/autoware.ai/src/autoware/core_planning/build/freespace_planner/CMakeFiles/CMakeTmp/CheckSymbolExists.c
Linking C executable cmTC_3733f
/usr/bin/cmake -E cmake_link_script CMakeFiles/cmTC_3733f.dir/link.txt --verbose=1
/usr/bin/cc      -rdynamic CMakeFiles/cmTC_3733f.dir/CheckSymbolExists.c.o  -o cmTC_3733f 
CMakeFiles/cmTC_3733f.dir/CheckSymbolExists.c.o: In function `main':
CheckSymbolExists.c:(.text+0x1b): undefined reference to `pthread_create'
collect2: error: ld returned 1 exit status
CMakeFiles/cmTC_3733f.dir/build.make:97: recipe for target 'cmTC_3733f' failed
make[1]: *** [cmTC_3733f] Error 1
make[1]: Leaving directory '/home/kimna/Desktop/autoware.ai/src/autoware/core_planning/build/freespace_planner/CMakeFiles/CMakeTmp'
Makefile:126: recipe for target 'cmTC_3733f/fast' failed
make: *** [cmTC_3733f/fast] Error 2

File /home/kimna/Desktop/autoware.ai/src/autoware/core_planning/build/freespace_planner/CMakeFiles/CMakeTmp/CheckSymbolExists.c:
/* */
#include <pthread.h>

int main(int argc, char** argv)
{
  (void)argv;
#ifndef pthread_create
  return ((int*)(&pthread_create))[argc];
#else
  (void)argc;
  return 0;
#endif
}

Determining if the function pthread_create exists in the pthreads failed with the following output:
Change Dir: /home/kimna/Desktop/autoware.ai/src/autoware/core_planning/build/freespace_planner/CMakeFiles/CMakeTmp

Run Build Command:"/usr/bin/make" "cmTC_dafba/fast"
/usr/bin/make -f CMakeFiles/cmTC_dafba.dir/build.make CMakeFiles/cmTC_dafba.dir/build
make[1]: Entering directory '/home/kimna/Desktop/autoware.ai/src/autoware/core_planning/build/freespace_planner/CMakeFiles/CMakeTmp'
Building C object CMakeFiles/cmTC_dafba.dir/CheckFunctionExists.c.o
/usr/bin/cc   -DCHECK_FUNCTION_EXISTS=pthread_create   -o CMakeFiles/cmTC_dafba.dir/CheckFunctionExists.c.o   -c /usr/share/cmake-3.10/Modules/CheckFunctionExists.c
Linking C executable cmTC_dafba
/usr/bin/cmake -E cmake_link_script CMakeFiles/cmTC_dafba.dir/link.txt --verbose=1
/usr/bin/cc  -DCHECK_FUNCTION_EXISTS=pthread_create    -rdynamic CMakeFiles/cmTC_dafba.dir/CheckFunctionExists.c.o  -o cmTC_dafba -lpthreads 
/usr/bin/ld: cannot find -lpthreads
collect2: error: ld returned 1 exit status
CMakeFiles/cmTC_dafba.dir/build.make:97: recipe for target 'cmTC_dafba' failed
make[1]: *** [cmTC_dafba] Error 1
make[1]: Leaving directory '/home/kimna/Desktop/autoware.ai/src/autoware/core_planning/build/freespace_planner/CMakeFiles/CMakeTmp'
Makefile:126: recipe for target 'cmTC_dafba/fast' failed
make: *** [cmTC_dafba/fast] Error 2


