[0.032s] Invoking command in '/home/kimna/Desktop/autoware.ai/src/autoware/core_planning/pure_pursuit/build/pure_pursuit': CONDA_PROMPT_MODIFIER=(base) /usr/bin/cmake --build /home/kimna/Desktop/autoware.ai/src/autoware/core_planning/pure_pursuit/build/pure_pursuit -- -j8 -l8
[0.172s] [  0%] Built target autoware_config_msgs_generate_messages_lisp
[0.182s] [  0%] Built target geometry_msgs_generate_messages_py
[0.187s] [  0%] Built target jsk_recognition_msgs_generate_messages_eus
[0.193s] [  0%] Built target actionlib_generate_messages_cpp
[0.198s] [  0%] Built target pcl_msgs_generate_messages_eus
[0.224s] [  0%] Built target autoware_system_msgs_generate_messages_lisp
[0.225s] [  0%] Built target jsk_recognition_msgs_generate_messages_lisp
[0.227s] [  0%] Built target rosgraph_msgs_generate_messages_eus
[0.283s] [  0%] Built target autoware_system_msgs_generate_messages_py
[0.292s] [  0%] Built target sensor_msgs_generate_messages_eus
[0.292s] [  0%] Built target sensor_msgs_generate_messages_nodejs
[0.294s] [  0%] Built target _catkin_empty_exported_target
[0.296s] [  0%] Built target roscpp_generate_messages_cpp
[0.304s] [  0%] Built target tf2_msgs_generate_messages_cpp
[0.340s] [  0%] Built target autoware_msgs_generate_messages_cpp
[0.366s] [  0%] Built target sensor_msgs_generate_messages_cpp
[0.370s] [  0%] Built target autoware_msgs_generate_messages_py
[0.380s] [  0%] Built target std_msgs_generate_messages_py
[0.400s] [  0%] Built target rosgraph_msgs_generate_messages_cpp
[0.410s] [  0%] Built target jsk_recognition_msgs_generate_messages_py
[0.418s] [  0%] Built target std_msgs_generate_messages_nodejs
[0.428s] [  0%] Built target pcl_msgs_generate_messages_nodejs
[0.437s] [  0%] Built target sensor_msgs_generate_messages_lisp
[0.490s] [  0%] Built target tf_generate_messages_py
[0.494s] [  0%] Built target std_msgs_generate_messages_cpp
[0.503s] [  0%] Built target sensor_msgs_generate_messages_py
[0.514s] [  0%] Built target actionlib_msgs_generate_messages_nodejs
[0.517s] [  0%] Built target jsk_footstep_msgs_generate_messages_py
[0.520s] [  0%] Built target std_msgs_generate_messages_lisp
[0.558s] [  0%] Built target autoware_system_msgs_generate_messages_cpp
[0.560s] [  0%] Built target roscpp_generate_messages_nodejs
[0.568s] [  0%] Built target geometry_msgs_generate_messages_eus
[0.596s] [  0%] Built target geometry_msgs_generate_messages_lisp
[0.616s] [  0%] Built target geometry_msgs_generate_messages_nodejs
[0.624s] [  0%] Built target autoware_msgs_generate_messages_eus
[0.626s] [  0%] Built target jsk_recognition_msgs_generate_messages_cpp
[0.635s] [  0%] Built target std_msgs_generate_messages_eus
[0.655s] [  0%] Built target autoware_msgs_generate_messages_lisp
[0.670s] [  0%] Built target pcl_msgs_generate_messages_cpp
[0.679s] [  0%] Built target autoware_msgs_generate_messages_nodejs
[0.700s] [  0%] Built target actionlib_msgs_generate_messages_py
[0.706s] [  0%] Built target autoware_config_msgs_generate_messages_eus
[0.714s] [  0%] Built target jsk_footstep_msgs_generate_messages_lisp
[0.725s] [  0%] Built target jsk_footstep_msgs_generate_messages_nodejs
[0.726s] [  0%] Built target jsk_footstep_msgs_generate_messages_eus
[0.744s] [  0%] Built target autoware_system_msgs_generate_messages_nodejs
[0.783s] [  0%] Built target actionlib_msgs_generate_messages_lisp
[0.800s] [  0%] Built target tf_generate_messages_lisp
[0.802s] [  0%] Built target actionlib_msgs_generate_messages_cpp
[0.822s] [  0%] Built target jsk_footstep_msgs_generate_messages_cpp
[0.826s] [  0%] Built target tf_generate_messages_nodejs
[0.838s] [  0%] Built target tf_generate_messages_eus
[0.848s] [  0%] Built target autoware_config_msgs_generate_messages_nodejs
[0.858s] [  0%] Built target jsk_recognition_msgs_generate_messages_nodejs
[0.886s] [  0%] Built target roscpp_generate_messages_lisp
[0.902s] [  0%] Built target rosgraph_msgs_generate_messages_lisp
[0.918s] [  0%] Built target roscpp_generate_messages_py
[0.923s] [  0%] Built target autoware_config_msgs_generate_messages_cpp
[0.930s] [  0%] Built target actionlib_msgs_generate_messages_eus
[0.937s] [  0%] Built target rosgraph_msgs_generate_messages_nodejs
[0.961s] [  0%] Built target roscpp_generate_messages_eus
[0.966s] [  0%] Built target autoware_config_msgs_generate_messages_py
[0.991s] [  0%] Built target rosgraph_msgs_generate_messages_py
[1.005s] [  0%] Built target actionlib_generate_messages_eus
[1.025s] [  0%] Built target pcl_msgs_generate_messages_py
[1.042s] [  0%] Built target pcl_msgs_generate_messages_lisp
[1.056s] [  0%] Built target geometry_msgs_generate_messages_cpp
[1.058s] [  0%] Built target actionlib_generate_messages_lisp
[1.060s] [  0%] Built target actionlib_generate_messages_nodejs
[1.068s] [  0%] Built target tf_generate_messages_cpp
[1.072s] [  0%] Built target autoware_system_msgs_generate_messages_eus
[1.100s] [  0%] Built target tf2_msgs_generate_messages_eus
[1.103s] [  0%] Built target tf2_msgs_generate_messages_lisp
[1.114s] [  0%] Built target tf2_msgs_generate_messages_py
[1.116s] [  0%] Built target actionlib_generate_messages_py
[1.130s] [  0%] Built target tf2_msgs_generate_messages_nodejs
[1.159s] [35m[1mScanning dependencies of target pure_pursuit[0m
[1.199s] [ 20%] [32mBuilding CXX object CMakeFiles/pure_pursuit.dir/src/pure_pursuit_core.cpp.o[0m
[3.760s] [01m[K/home/kimna/Desktop/autoware.ai/src/autoware/core_planning/pure_pursuit/src/pure_pursuit_core.cpp:[m[K In member function ‘[01m[Kvoid waypoint_follower::PurePursuitNode::run()[m[K’:
[3.760s] [01m[K/home/kimna/Desktop/autoware.ai/src/autoware/core_planning/pure_pursuit/src/pure_pursuit_core.cpp:155:11:[m[K [01;35m[Kwarning: [m[Kunused variable ‘[01m[Kis_left[m[K’ [[01;35m[K-Wunused-variable[m[K]
[3.760s]      float [01;35m[Kis_left[m[K = (vec1_x * vec2_y) - (vec1_y * vec2_x);
[3.760s]            [01;35m[K^~~~~~~[m[K
[8.719s] [ 40%] [32m[1mLinking CXX executable devel/lib/pure_pursuit/pure_pursuit[0m
[8.985s] [100%] Built target pure_pursuit
[9.006s] Invoked command in '/home/kimna/Desktop/autoware.ai/src/autoware/core_planning/pure_pursuit/build/pure_pursuit' returned '0': CONDA_PROMPT_MODIFIER=(base) /usr/bin/cmake --build /home/kimna/Desktop/autoware.ai/src/autoware/core_planning/pure_pursuit/build/pure_pursuit -- -j8 -l8
[9.335s] Invoking command in '/home/kimna/Desktop/autoware.ai/src/autoware/core_planning/pure_pursuit/build/pure_pursuit': CONDA_PROMPT_MODIFIER=(base) /usr/bin/cmake --build /home/kimna/Desktop/autoware.ai/src/autoware/core_planning/pure_pursuit/build/pure_pursuit --target tests -- -j8 -l8
[9.483s] [  0%] Built target pcl_msgs_generate_messages_eus
[9.486s] [  0%] Built target geometry_msgs_generate_messages_py
[9.514s] [  0%] Built target rosgraph_msgs_generate_messages_eus
[9.524s] [  0%] Built target actionlib_generate_messages_cpp
[9.557s] [  0%] Built target jsk_recognition_msgs_generate_messages_eus
[9.557s] [  0%] Built target autoware_system_msgs_generate_messages_lisp
[9.571s] [  0%] Built target jsk_recognition_msgs_generate_messages_lisp
[9.578s] [ 28%] Built target gtest
[9.600s] [ 28%] Built target autoware_system_msgs_generate_messages_py
[9.610s] [ 28%] Built target sensor_msgs_generate_messages_nodejs
[9.640s] [ 28%] Built target sensor_msgs_generate_messages_eus
[9.658s] [ 28%] Built target roscpp_generate_messages_cpp
[9.667s] [ 28%] Built target autoware_msgs_generate_messages_cpp
[9.700s] [ 28%] Built target sensor_msgs_generate_messages_cpp
[9.703s] [ 28%] Built target _catkin_empty_exported_target
[9.715s] [ 28%] Built target autoware_msgs_generate_messages_py
[9.717s] [ 28%] Built target tf2_msgs_generate_messages_cpp
[9.741s] [ 28%] Built target std_msgs_generate_messages_py
[9.756s] [ 28%] Built target std_msgs_generate_messages_nodejs
[9.784s] [ 28%] Built target jsk_recognition_msgs_generate_messages_py
[9.788s] [ 28%] Built target sensor_msgs_generate_messages_lisp
[9.791s] [ 28%] Built target rosgraph_msgs_generate_messages_cpp
[9.819s] [ 28%] Built target pcl_msgs_generate_messages_nodejs
[9.827s] [ 28%] Built target jsk_footstep_msgs_generate_messages_py
[9.828s] [ 28%] Built target sensor_msgs_generate_messages_py
[9.841s] [ 28%] Built target tf_generate_messages_py
[9.858s] [ 28%] Built target std_msgs_generate_messages_cpp
[9.865s] [ 28%] Built target actionlib_msgs_generate_messages_nodejs
[9.907s] [ 28%] Built target std_msgs_generate_messages_lisp
[9.917s] [ 28%] Built target roscpp_generate_messages_nodejs
[9.918s] [ 28%] Built target geometry_msgs_generate_messages_eus
[9.934s] [ 28%] Built target geometry_msgs_generate_messages_lisp
[9.941s] [ 28%] Built target geometry_msgs_generate_messages_nodejs
[9.947s] [ 28%] Built target autoware_system_msgs_generate_messages_cpp
[9.947s] [ 28%] Built target pcl_msgs_generate_messages_cpp
[9.973s] [ 28%] Built target jsk_recognition_msgs_generate_messages_cpp
[10.012s] [ 28%] Built target autoware_msgs_generate_messages_nodejs
[10.013s] [ 28%] Built target autoware_msgs_generate_messages_eus
[10.033s] [ 28%] Built target std_msgs_generate_messages_eus
[10.034s] [ 28%] Built target autoware_msgs_generate_messages_lisp
[10.057s] [ 28%] Built target autoware_config_msgs_generate_messages_eus
[10.063s] [ 28%] Built target jsk_footstep_msgs_generate_messages_eus
[10.071s] [ 28%] Built target actionlib_msgs_generate_messages_py
[10.089s] [ 28%] Built target jsk_footstep_msgs_generate_messages_lisp
[10.150s] [ 28%] Built target actionlib_msgs_generate_messages_lisp
[10.154s] [ 28%] Built target jsk_footstep_msgs_generate_messages_nodejs
[10.155s] [ 28%] Built target autoware_system_msgs_generate_messages_nodejs
[10.157s] [ 28%] Built target tf_generate_messages_eus
[10.161s] [ 28%] Built target jsk_footstep_msgs_generate_messages_cpp
[10.182s] [ 28%] Built target tf_generate_messages_lisp
[10.182s] [ 28%] Built target actionlib_msgs_generate_messages_cpp
[10.194s] [ 28%] Built target autoware_config_msgs_generate_messages_nodejs
[10.256s] [ 28%] Built target tf_generate_messages_nodejs
[10.257s] [ 28%] Built target jsk_recognition_msgs_generate_messages_nodejs
[10.258s] [ 28%] Built target roscpp_generate_messages_lisp
[10.277s] [ 28%] Built target roscpp_generate_messages_py
[10.280s] [ 28%] Built target rosgraph_msgs_generate_messages_lisp
[10.303s] [ 28%] Built target rosgraph_msgs_generate_messages_nodejs
[10.305s] [ 28%] Built target autoware_config_msgs_generate_messages_cpp
[10.335s] [ 28%] Built target roscpp_generate_messages_eus
[10.350s] [ 28%] Built target actionlib_msgs_generate_messages_eus
[10.351s] [ 28%] Built target rosgraph_msgs_generate_messages_py
[10.373s] [ 28%] Built target pcl_msgs_generate_messages_py
[10.374s] [ 28%] Built target autoware_config_msgs_generate_messages_py
[10.402s] [ 28%] Built target actionlib_generate_messages_lisp
[10.407s] [ 28%] Built target actionlib_generate_messages_eus
[10.433s] [ 28%] Built target geometry_msgs_generate_messages_cpp
[10.439s] [ 28%] Built target pcl_msgs_generate_messages_lisp
[10.452s] [ 28%] Built target actionlib_generate_messages_nodejs
[10.464s] [ 28%] Built target tf2_msgs_generate_messages_eus
[10.470s] [ 28%] Built target autoware_system_msgs_generate_messages_eus
[10.505s] [ 28%] Built target tf2_msgs_generate_messages_nodejs
[10.506s] [ 28%] Built target tf_generate_messages_cpp
[10.512s] [ 28%] Built target actionlib_generate_messages_py
[10.526s] [ 28%] Built target autoware_config_msgs_generate_messages_lisp
[10.527s] [ 28%] Built target tf2_msgs_generate_messages_py
[10.537s] [ 28%] Built target tf2_msgs_generate_messages_lisp
[10.570s] [35m[1mScanning dependencies of target test-pure_pursuit[0m
[10.621s] [ 42%] [32mBuilding CXX object CMakeFiles/test-pure_pursuit.dir/test/src/test_pure_pursuit.cpp.o[0m
[10.623s] [ 57%] [32mBuilding CXX object CMakeFiles/test-pure_pursuit.dir/src/pure_pursuit.cpp.o[0m
[10.624s] [ 71%] [32mBuilding CXX object CMakeFiles/test-pure_pursuit.dir/src/pure_pursuit_core.cpp.o[0m
[14.518s] [01m[K/home/kimna/Desktop/autoware.ai/src/autoware/core_planning/pure_pursuit/src/pure_pursuit_core.cpp:[m[K In member function ‘[01m[Kvoid waypoint_follower::PurePursuitNode::run()[m[K’:
[14.518s] [01m[K/home/kimna/Desktop/autoware.ai/src/autoware/core_planning/pure_pursuit/src/pure_pursuit_core.cpp:155:11:[m[K [01;35m[Kwarning: [m[Kunused variable ‘[01m[Kis_left[m[K’ [[01;35m[K-Wunused-variable[m[K]
[14.518s]      float [01;35m[Kis_left[m[K = (vec1_x * vec2_y) - (vec1_y * vec2_x);
[14.518s]            [01;35m[K^~~~~~~[m[K
[20.221s] [ 85%] [32m[1mLinking CXX executable devel/lib/pure_pursuit/test-pure_pursuit[0m
[20.496s] [100%] Built target test-pure_pursuit
[20.539s] [100%] Built target tests
[20.559s] Invoked command in '/home/kimna/Desktop/autoware.ai/src/autoware/core_planning/pure_pursuit/build/pure_pursuit' returned '0': CONDA_PROMPT_MODIFIER=(base) /usr/bin/cmake --build /home/kimna/Desktop/autoware.ai/src/autoware/core_planning/pure_pursuit/build/pure_pursuit --target tests -- -j8 -l8
[20.832s] Invoking command in '/home/kimna/Desktop/autoware.ai/src/autoware/core_planning/pure_pursuit/build/pure_pursuit': CONDA_PROMPT_MODIFIER=(base) /usr/bin/cmake --build /home/kimna/Desktop/autoware.ai/src/autoware/core_planning/pure_pursuit/build/pure_pursuit --target install -- -j8 -l8
[20.946s] [  0%] Built target jsk_recognition_msgs_generate_messages_lisp
[20.948s] [  0%] Built target autoware_config_msgs_generate_messages_lisp
[20.948s] [  0%] Built target rosgraph_msgs_generate_messages_eus
[20.960s] [  0%] Built target pcl_msgs_generate_messages_eus
[20.974s] [  0%] Built target actionlib_generate_messages_cpp
[21.002s] [  0%] Built target autoware_system_msgs_generate_messages_py
[21.014s] [  0%] Built target autoware_system_msgs_generate_messages_lisp
[21.023s] [  0%] Built target roscpp_generate_messages_cpp
[21.030s] [  0%] Built target geometry_msgs_generate_messages_py
[21.038s] [  0%] Built target sensor_msgs_generate_messages_eus
[21.072s] [  0%] Built target _catkin_empty_exported_target
[21.082s] [  0%] Built target sensor_msgs_generate_messages_cpp
[21.098s] [  0%] Built target tf2_msgs_generate_messages_cpp
[21.103s] [  0%] Built target autoware_msgs_generate_messages_cpp
[21.119s] [  0%] Built target std_msgs_generate_messages_py
[21.153s] [  0%] Built target autoware_msgs_generate_messages_py
[21.160s] [  0%] Built target rosgraph_msgs_generate_messages_cpp
[21.175s] [  0%] Built target std_msgs_generate_messages_nodejs
[21.187s] [  0%] Built target pcl_msgs_generate_messages_nodejs
[21.188s] [  0%] Built target jsk_recognition_msgs_generate_messages_py
[21.219s] [  0%] Built target sensor_msgs_generate_messages_lisp
[21.227s] [  0%] Built target tf_generate_messages_py
[21.230s] [  0%] Built target sensor_msgs_generate_messages_py
[21.259s] [  0%] Built target jsk_footstep_msgs_generate_messages_py
[21.263s] [  0%] Built target std_msgs_generate_messages_cpp
[21.283s] [  0%] Built target actionlib_msgs_generate_messages_nodejs
[21.286s] [  0%] Built target geometry_msgs_generate_messages_eus
[21.312s] [  0%] Built target std_msgs_generate_messages_lisp
[21.313s] [  0%] Built target autoware_system_msgs_generate_messages_cpp
[21.329s] [  0%] Built target roscpp_generate_messages_nodejs
[21.338s] [  0%] Built target geometry_msgs_generate_messages_lisp
[21.339s] [  0%] Built target geometry_msgs_generate_messages_nodejs
[21.383s] [  0%] Built target pcl_msgs_generate_messages_cpp
[21.387s] [  0%] Built target jsk_recognition_msgs_generate_messages_cpp
[21.390s] [  0%] Built target autoware_msgs_generate_messages_eus
[21.395s] [  0%] Built target std_msgs_generate_messages_eus
[21.413s] [  0%] Built target autoware_msgs_generate_messages_lisp
[21.450s] [  0%] Built target jsk_footstep_msgs_generate_messages_eus
[21.454s] [  0%] Built target autoware_msgs_generate_messages_nodejs
[21.459s] [  0%] Built target actionlib_msgs_generate_messages_py
[21.473s] [  0%] Built target autoware_config_msgs_generate_messages_eus
[21.480s] [  0%] Built target jsk_footstep_msgs_generate_messages_lisp
[21.514s] [  0%] Built target jsk_footstep_msgs_generate_messages_nodejs
[21.520s] [  0%] Built target actionlib_msgs_generate_messages_lisp
[21.523s] [  0%] Built target autoware_system_msgs_generate_messages_nodejs
[21.535s] [  0%] Built target actionlib_msgs_generate_messages_cpp
[21.536s] [  0%] Built target jsk_footstep_msgs_generate_messages_cpp
[21.580s] [  0%] Built target tf_generate_messages_eus
[21.587s] [  0%] Built target autoware_config_msgs_generate_messages_nodejs
[21.599s] [  0%] Built target tf_generate_messages_lisp
[21.605s] [  0%] Built target tf_generate_messages_nodejs
[21.621s] [  0%] Built target jsk_recognition_msgs_generate_messages_nodejs
[21.653s] [  0%] Built target roscpp_generate_messages_lisp
[21.668s] [  0%] Built target roscpp_generate_messages_py
[21.679s] [  0%] Built target rosgraph_msgs_generate_messages_lisp
[21.681s] [  0%] Built target autoware_config_msgs_generate_messages_cpp
[21.689s] [  0%] Built target rosgraph_msgs_generate_messages_nodejs
[21.716s] [  0%] Built target roscpp_generate_messages_eus
[21.741s] [  0%] Built target autoware_config_msgs_generate_messages_py
[21.742s] [  0%] Built target actionlib_msgs_generate_messages_eus
[21.743s] [  0%] Built target rosgraph_msgs_generate_messages_py
[21.760s] [  0%] Built target pcl_msgs_generate_messages_py
[21.796s] [  0%] Built target actionlib_generate_messages_eus
[21.800s] [  0%] Built target sensor_msgs_generate_messages_nodejs
[21.819s] [  0%] Built target geometry_msgs_generate_messages_cpp
[21.828s] [  0%] Built target pcl_msgs_generate_messages_lisp
[21.847s] [  0%] Built target actionlib_generate_messages_lisp
[21.853s] [  0%] Built target tf_generate_messages_cpp
[21.867s] [  0%] Built target autoware_system_msgs_generate_messages_eus
[21.872s] [  0%] Built target jsk_recognition_msgs_generate_messages_eus
[21.874s] [  0%] Built target actionlib_generate_messages_nodejs
[21.890s] [  0%] Built target tf2_msgs_generate_messages_lisp
[21.894s] [  0%] Built target tf2_msgs_generate_messages_eus
[21.897s] [  0%] Built target actionlib_generate_messages_py
[21.914s] [  0%] Built target tf2_msgs_generate_messages_py
[21.921s] [  0%] Built target tf2_msgs_generate_messages_nodejs
[21.968s] [100%] Built target pure_pursuit
[22.005s] [36mInstall the project...[0m
[22.024s] -- Install configuration: "Release"
[22.024s] -- Up-to-date: /home/kimna/Desktop/autoware.ai/src/autoware/core_planning/pure_pursuit/install/pure_pursuit/lib/pkgconfig/pure_pursuit.pc
[22.024s] -- Up-to-date: /home/kimna/Desktop/autoware.ai/src/autoware/core_planning/pure_pursuit/install/pure_pursuit/share/pure_pursuit/cmake/pure_pursuitConfig.cmake
[22.024s] -- Up-to-date: /home/kimna/Desktop/autoware.ai/src/autoware/core_planning/pure_pursuit/install/pure_pursuit/share/pure_pursuit/cmake/pure_pursuitConfig-version.cmake
[22.024s] -- Up-to-date: /home/kimna/Desktop/autoware.ai/src/autoware/core_planning/pure_pursuit/install/pure_pursuit/share/pure_pursuit/package.xml
[22.024s] -- Installing: /home/kimna/Desktop/autoware.ai/src/autoware/core_planning/pure_pursuit/install/pure_pursuit/lib/pure_pursuit/pure_pursuit
[22.032s] -- Set runtime path of "/home/kimna/Desktop/autoware.ai/src/autoware/core_planning/pure_pursuit/install/pure_pursuit/lib/pure_pursuit/pure_pursuit" to ""
[22.032s] -- Up-to-date: /home/kimna/Desktop/autoware.ai/src/autoware/core_planning/pure_pursuit/install/pure_pursuit/share/pure_pursuit/launch
[22.032s] -- Up-to-date: /home/kimna/Desktop/autoware.ai/src/autoware/core_planning/pure_pursuit/install/pure_pursuit/share/pure_pursuit/launch/pure_pursuit.launch
[22.037s] Invoked command in '/home/kimna/Desktop/autoware.ai/src/autoware/core_planning/pure_pursuit/build/pure_pursuit' returned '0': CONDA_PROMPT_MODIFIER=(base) /usr/bin/cmake --build /home/kimna/Desktop/autoware.ai/src/autoware/core_planning/pure_pursuit/build/pure_pursuit --target install -- -j8 -l8
