[0.028s] Invoking command in '/home/kimna/Desktop/autoware.ai/src/autoware/core_planning/pure_pursuit/build/pure_pursuit': CONDA_PROMPT_MODIFIER=(base) /usr/bin/cmake --build /home/kimna/Desktop/autoware.ai/src/autoware/core_planning/pure_pursuit/build/pure_pursuit -- -j8 -l8
[0.148s] [  0%] Built target autoware_system_msgs_generate_messages_lisp
[0.164s] [  0%] Built target autoware_config_msgs_generate_messages_lisp
[0.169s] [  0%] Built target jsk_recognition_msgs_generate_messages_lisp
[0.169s] [  0%] Built target jsk_recognition_msgs_generate_messages_eus
[0.204s] [  0%] Built target pcl_msgs_generate_messages_eus
[0.204s] [  0%] Built target rosgraph_msgs_generate_messages_eus
[0.214s] [  0%] Built target actionlib_generate_messages_cpp
[0.220s] [  0%] Built target geometry_msgs_generate_messages_py
[0.239s] [  0%] Built target sensor_msgs_generate_messages_nodejs
[0.244s] [  0%] Built target sensor_msgs_generate_messages_eus
[0.253s] [  0%] Built target autoware_system_msgs_generate_messages_py
[0.284s] [  0%] Built target roscpp_generate_messages_cpp
[0.296s] [  0%] Built target _catkin_empty_exported_target
[0.316s] [  0%] Built target autoware_msgs_generate_messages_py
[0.317s] [  0%] Built target autoware_msgs_generate_messages_cpp
[0.317s] [  0%] Built target std_msgs_generate_messages_nodejs
[0.317s] [  0%] Built target sensor_msgs_generate_messages_cpp
[0.318s] [  0%] Built target tf2_msgs_generate_messages_cpp
[0.320s] [  0%] Built target std_msgs_generate_messages_py
[0.369s] [  0%] Built target jsk_recognition_msgs_generate_messages_py
[0.377s] [  0%] Built target pcl_msgs_generate_messages_nodejs
[0.397s] [  0%] Built target rosgraph_msgs_generate_messages_cpp
[0.402s] [  0%] Built target tf_generate_messages_py
[0.404s] [  0%] Built target std_msgs_generate_messages_cpp
[0.417s] [  0%] Built target sensor_msgs_generate_messages_lisp
[0.424s] [  0%] Built target sensor_msgs_generate_messages_py
[0.442s] [  0%] Built target jsk_footstep_msgs_generate_messages_py
[0.443s] [  0%] Built target actionlib_msgs_generate_messages_nodejs
[0.456s] [  0%] Built target geometry_msgs_generate_messages_eus
[0.467s] [  0%] Built target roscpp_generate_messages_nodejs
[0.493s] [  0%] Built target std_msgs_generate_messages_lisp
[0.494s] [  0%] Built target geometry_msgs_generate_messages_nodejs
[0.499s] [  0%] Built target autoware_system_msgs_generate_messages_cpp
[0.500s] [  0%] Built target geometry_msgs_generate_messages_lisp
[0.527s] [  0%] Built target jsk_recognition_msgs_generate_messages_cpp
[0.533s] [  0%] Built target pcl_msgs_generate_messages_cpp
[0.561s] [  0%] Built target autoware_msgs_generate_messages_nodejs
[0.566s] [  0%] Built target autoware_msgs_generate_messages_lisp
[0.569s] [  0%] Built target autoware_msgs_generate_messages_eus
[0.575s] [  0%] Built target std_msgs_generate_messages_eus
[0.590s] [  0%] Built target jsk_footstep_msgs_generate_messages_eus
[0.605s] [  0%] Built target actionlib_msgs_generate_messages_py
[0.607s] [  0%] Built target autoware_config_msgs_generate_messages_eus
[0.622s] [  0%] Built target jsk_footstep_msgs_generate_messages_lisp
[0.633s] [  0%] Built target autoware_system_msgs_generate_messages_nodejs
[0.641s] [  0%] Built target jsk_footstep_msgs_generate_messages_nodejs
[0.659s] [  0%] Built target actionlib_msgs_generate_messages_cpp
[0.664s] [  0%] Built target actionlib_msgs_generate_messages_lisp
[0.687s] [  0%] Built target jsk_footstep_msgs_generate_messages_cpp
[0.691s] [  0%] Built target tf_generate_messages_lisp
[0.702s] [  0%] Built target tf_generate_messages_eus
[0.715s] [  0%] Built target jsk_recognition_msgs_generate_messages_nodejs
[0.724s] [  0%] Built target tf_generate_messages_nodejs
[0.725s] [  0%] Built target autoware_config_msgs_generate_messages_nodejs
[0.740s] [  0%] Built target roscpp_generate_messages_py
[0.755s] [  0%] Built target autoware_config_msgs_generate_messages_cpp
[0.767s] [  0%] Built target rosgraph_msgs_generate_messages_lisp
[0.790s] [  0%] Built target roscpp_generate_messages_lisp
[0.795s] [  0%] Built target rosgraph_msgs_generate_messages_py
[0.812s] [  0%] Built target actionlib_msgs_generate_messages_eus
[0.818s] [  0%] Built target rosgraph_msgs_generate_messages_nodejs
[0.824s] [  0%] Built target autoware_config_msgs_generate_messages_py
[0.828s] [  0%] Built target roscpp_generate_messages_eus
[0.855s] [  0%] Built target pcl_msgs_generate_messages_py
[0.857s] [  0%] Built target actionlib_generate_messages_eus
[0.874s] [  0%] Built target actionlib_generate_messages_lisp
[0.880s] [  0%] Built target geometry_msgs_generate_messages_cpp
[0.897s] [  0%] Built target tf_generate_messages_cpp
[0.906s] [  0%] Built target pcl_msgs_generate_messages_lisp
[0.941s] [  0%] Built target actionlib_generate_messages_nodejs
[0.950s] [  0%] Built target actionlib_generate_messages_py
[0.956s] [  0%] Built target tf2_msgs_generate_messages_lisp
[0.961s] [  0%] Built target tf2_msgs_generate_messages_eus
[0.961s] [  0%] Built target autoware_system_msgs_generate_messages_eus
[0.962s] [  0%] Built target tf2_msgs_generate_messages_nodejs
[0.964s] [  0%] Built target tf2_msgs_generate_messages_py
[0.990s] [35m[1mScanning dependencies of target pure_pursuit[0m
[1.029s] [ 20%] [32mBuilding CXX object CMakeFiles/pure_pursuit.dir/src/pure_pursuit_core.cpp.o[0m
[3.734s] [01m[K/home/kimna/Desktop/autoware.ai/src/autoware/core_planning/pure_pursuit/src/pure_pursuit_core.cpp:[m[K In member function ‘[01m[Kvoid waypoint_follower::PurePursuitNode::run()[m[K’:
[3.734s] [01m[K/home/kimna/Desktop/autoware.ai/src/autoware/core_planning/pure_pursuit/src/pure_pursuit_core.cpp:170:48:[m[K [01;31m[Kerror: [m[Kcannot convert ‘[01m[Kgeometry_msgs::Point {aka geometry_msgs::Point_<std::allocator<void> >}[m[K’ to ‘[01m[Kfloat[m[K’ in initialization
[3.735s]      float target_x = pp_.getPoseOfNextWaypoint([01;31m[K)[m[K;
[3.735s]                                                 [01;31m[K^[m[K
[3.735s] [01m[K/home/kimna/Desktop/autoware.ai/src/autoware/core_planning/pure_pursuit/src/pure_pursuit_core.cpp:171:48:[m[K [01;31m[Kerror: [m[Kcannot convert ‘[01m[Kgeometry_msgs::Point {aka geometry_msgs::Point_<std::allocator<void> >}[m[K’ to ‘[01m[Kfloat[m[K’ in initialization
[3.735s]      float target_y = pp_.getPoseOfNextWaypoint([01;31m[K)[m[K;
[3.735s]                                                 [01;31m[K^[m[K
[4.926s] CMakeFiles/pure_pursuit.dir/build.make:110: recipe for target 'CMakeFiles/pure_pursuit.dir/src/pure_pursuit_core.cpp.o' failed
[4.926s] make[2]: *** [CMakeFiles/pure_pursuit.dir/src/pure_pursuit_core.cpp.o] Error 1
[4.926s] CMakeFiles/Makefile2:444: recipe for target 'CMakeFiles/pure_pursuit.dir/all' failed
[4.926s] make[1]: *** [CMakeFiles/pure_pursuit.dir/all] Error 2
[4.926s] Makefile:140: recipe for target 'all' failed
[4.926s] make: *** [all] Error 2
[4.931s] Invoked command in '/home/kimna/Desktop/autoware.ai/src/autoware/core_planning/pure_pursuit/build/pure_pursuit' returned '2': CONDA_PROMPT_MODIFIER=(base) /usr/bin/cmake --build /home/kimna/Desktop/autoware.ai/src/autoware/core_planning/pure_pursuit/build/pure_pursuit -- -j8 -l8
