[3.736s] [01m[K/home/kimna/Desktop/autoware.ai/src/autoware/core_planning/pure_pursuit/src/pure_pursuit_core.cpp:[m[K In member function ‘[01m[Kvoid waypoint_follower::PurePursuitNode::run()[m[K’:
[3.736s] [01m[K/home/kimna/Desktop/autoware.ai/src/autoware/core_planning/pure_pursuit/src/pure_pursuit_core.cpp:216:24:[m[K [01;35m[Kwarning: [m[Kcomparison between signed and unsigned integer expressions [[01;35m[K-Wsign-compare[m[K]
[3.736s]            if([01;35m[Knew_index >= pp_.getCurrentWaypoints().size()[m[K){
[3.736s]               [01;35m[K~~~~~~~~~~^~~~~~~~~~~~~~~~~~~~~~~~~~~~~~~~~~~[m[K
[3.742s] [01m[K/home/kimna/Desktop/autoware.ai/src/autoware/core_planning/pure_pursuit/src/pure_pursuit_core.cpp:179:11:[m[K [01;35m[Kwarning: [m[Kunused variable ‘[01m[Kway_x[m[K’ [[01;35m[K-Wunused-variable[m[K]
[3.743s]      float [01;35m[Kway_x[m[K = pp_.getCurrentWaypoints().at(0).pose.pose.position.x;
[3.743s]            [01;35m[K^~~~~[m[K
[3.743s] [01m[K/home/kimna/Desktop/autoware.ai/src/autoware/core_planning/pure_pursuit/src/pure_pursuit_core.cpp:180:11:[m[K [01;35m[Kwarning: [m[Kunused variable ‘[01m[Kway_y[m[K’ [[01;35m[K-Wunused-variable[m[K]
[3.743s]      float [01;35m[Kway_y[m[K = pp_.getCurrentWaypoints().at(0).pose.pose.position.y;
[3.743s]            [01;35m[K^~~~~[m[K
[13.619s] [01m[K/home/kimna/Desktop/autoware.ai/src/autoware/core_planning/pure_pursuit/src/pure_pursuit_core.cpp:[m[K In member function ‘[01m[Kvoid waypoint_follower::PurePursuitNode::run()[m[K’:
[13.619s] [01m[K/home/kimna/Desktop/autoware.ai/src/autoware/core_planning/pure_pursuit/src/pure_pursuit_core.cpp:216:24:[m[K [01;35m[Kwarning: [m[Kcomparison between signed and unsigned integer expressions [[01;35m[K-Wsign-compare[m[K]
[13.619s]            if([01;35m[Knew_index >= pp_.getCurrentWaypoints().size()[m[K){
[13.619s]               [01;35m[K~~~~~~~~~~^~~~~~~~~~~~~~~~~~~~~~~~~~~~~~~~~~~[m[K
[13.627s] [01m[K/home/kimna/Desktop/autoware.ai/src/autoware/core_planning/pure_pursuit/src/pure_pursuit_core.cpp:179:11:[m[K [01;35m[Kwarning: [m[Kunused variable ‘[01m[Kway_x[m[K’ [[01;35m[K-Wunused-variable[m[K]
[13.627s]      float [01;35m[Kway_x[m[K = pp_.getCurrentWaypoints().at(0).pose.pose.position.x;
[13.627s]            [01;35m[K^~~~~[m[K
[13.627s] [01m[K/home/kimna/Desktop/autoware.ai/src/autoware/core_planning/pure_pursuit/src/pure_pursuit_core.cpp:180:11:[m[K [01;35m[Kwarning: [m[Kunused variable ‘[01m[Kway_y[m[K’ [[01;35m[K-Wunused-variable[m[K]
[13.627s]      float [01;35m[Kway_y[m[K = pp_.getCurrentWaypoints().at(0).pose.pose.position.y;
[13.627s]            [01;35m[K^~~~~[m[K
