[0.025s] Invoking command in '/home/kimna/Desktop/autoware.ai/src/autoware/core_planning/pure_pursuit/build/pure_pursuit': CONDA_PROMPT_MODIFIER=(base) /usr/bin/cmake --build /home/kimna/Desktop/autoware.ai/src/autoware/core_planning/pure_pursuit/build/pure_pursuit -- -j8 -l8
[0.143s] [  0%] Built target actionlib_generate_messages_cpp
[0.146s] [  0%] Built target jsk_recognition_msgs_generate_messages_lisp
[0.155s] [  0%] Built target rosgraph_msgs_generate_messages_eus
[0.163s] [  0%] Built target autoware_config_msgs_generate_messages_lisp
[0.170s] [  0%] Built target pcl_msgs_generate_messages_eus
[0.204s] [  0%] Built target geometry_msgs_generate_messages_py
[0.219s] [  0%] Built target autoware_system_msgs_generate_messages_py
[0.222s] [  0%] Built target sensor_msgs_generate_messages_nodejs
[0.224s] [  0%] Built target sensor_msgs_generate_messages_eus
[0.237s] [  0%] Built target roscpp_generate_messages_cpp
[0.264s] [  0%] Built target _catkin_empty_exported_target
[0.282s] [  0%] Built target sensor_msgs_generate_messages_cpp
[0.285s] [  0%] Built target autoware_msgs_generate_messages_cpp
[0.297s] [  0%] Built target tf2_msgs_generate_messages_cpp
[0.299s] [  0%] Built target std_msgs_generate_messages_py
[0.345s] [  0%] Built target rosgraph_msgs_generate_messages_cpp
[0.346s] [  0%] Built target autoware_msgs_generate_messages_py
[0.352s] [  0%] Built target jsk_recognition_msgs_generate_messages_py
[0.366s] [  0%] Built target std_msgs_generate_messages_nodejs
[0.370s] [  0%] Built target pcl_msgs_generate_messages_nodejs
[0.404s] [  0%] Built target sensor_msgs_generate_messages_lisp
[0.414s] [  0%] Built target tf_generate_messages_py
[0.431s] [  0%] Built target std_msgs_generate_messages_cpp
[0.433s] [  0%] Built target jsk_footstep_msgs_generate_messages_py
[0.438s] [  0%] Built target sensor_msgs_generate_messages_py
[0.467s] [  0%] Built target actionlib_msgs_generate_messages_nodejs
[0.480s] [  0%] Built target geometry_msgs_generate_messages_eus
[0.495s] [  0%] Built target roscpp_generate_messages_nodejs
[0.496s] [  0%] Built target std_msgs_generate_messages_lisp
[0.515s] [  0%] Built target autoware_system_msgs_generate_messages_cpp
[0.531s] [  0%] Built target geometry_msgs_generate_messages_nodejs
[0.556s] [  0%] Built target geometry_msgs_generate_messages_lisp
[0.575s] [  0%] Built target jsk_recognition_msgs_generate_messages_cpp
[0.587s] [  0%] Built target pcl_msgs_generate_messages_cpp
[0.596s] [  0%] Built target autoware_msgs_generate_messages_lisp
[0.598s] [  0%] Built target autoware_msgs_generate_messages_eus
[0.629s] [  0%] Built target std_msgs_generate_messages_eus
[0.657s] [  0%] Built target autoware_msgs_generate_messages_nodejs
[0.657s] [  0%] Built target jsk_footstep_msgs_generate_messages_eus
[0.667s] [  0%] Built target actionlib_msgs_generate_messages_py
[0.680s] [  0%] Built target autoware_config_msgs_generate_messages_eus
[0.693s] [  0%] Built target jsk_footstep_msgs_generate_messages_lisp
[0.719s] [  0%] Built target autoware_system_msgs_generate_messages_lisp
[0.719s] [  0%] Built target jsk_footstep_msgs_generate_messages_nodejs
[0.738s] [  0%] Built target actionlib_msgs_generate_messages_lisp
[0.758s] [  0%] Built target actionlib_msgs_generate_messages_cpp
[0.761s] [  0%] Built target jsk_footstep_msgs_generate_messages_cpp
[0.782s] [  0%] Built target tf_generate_messages_eus
[0.785s] [  0%] Built target tf_generate_messages_lisp
[0.811s] [  0%] Built target autoware_config_msgs_generate_messages_nodejs
[0.833s] [  0%] Built target roscpp_generate_messages_lisp
[0.839s] [  0%] Built target tf_generate_messages_nodejs
[0.857s] [  0%] Built target jsk_recognition_msgs_generate_messages_nodejs
[0.889s] [  0%] Built target rosgraph_msgs_generate_messages_lisp
[0.893s] [  0%] Built target roscpp_generate_messages_py
[0.903s] [  0%] Built target autoware_config_msgs_generate_messages_cpp
[0.913s] [  0%] Built target jsk_recognition_msgs_generate_messages_eus
[0.936s] [  0%] Built target autoware_system_msgs_generate_messages_nodejs
[0.945s] [  0%] Built target rosgraph_msgs_generate_messages_nodejs
[0.948s] [  0%] Built target roscpp_generate_messages_eus
[0.998s] [  0%] Built target actionlib_msgs_generate_messages_eus
[1.000s] [  0%] Built target autoware_config_msgs_generate_messages_py
[1.019s] [  0%] Built target pcl_msgs_generate_messages_py
[1.019s] [  0%] Built target rosgraph_msgs_generate_messages_py
[1.025s] [  0%] Built target actionlib_generate_messages_eus
[1.050s] [  0%] Built target actionlib_generate_messages_lisp
[1.051s] [  0%] Built target pcl_msgs_generate_messages_lisp
[1.079s] [  0%] Built target geometry_msgs_generate_messages_cpp
[1.099s] [  0%] Built target tf_generate_messages_cpp
[1.111s] [  0%] Built target actionlib_generate_messages_nodejs
[1.125s] [  0%] Built target autoware_system_msgs_generate_messages_eus
[1.130s] [  0%] Built target tf2_msgs_generate_messages_py
[1.140s] [  0%] Built target tf2_msgs_generate_messages_eus
[1.145s] [  0%] Built target tf2_msgs_generate_messages_lisp
[1.151s] [  0%] Built target actionlib_generate_messages_py
[1.169s] [  0%] Built target tf2_msgs_generate_messages_nodejs
[1.192s] [35m[1mScanning dependencies of target pure_pursuit[0m
[1.235s] [ 20%] [32mBuilding CXX object CMakeFiles/pure_pursuit.dir/src/pure_pursuit_core.cpp.o[0m
[3.736s] [01m[K/home/kimna/Desktop/autoware.ai/src/autoware/core_planning/pure_pursuit/src/pure_pursuit_core.cpp:[m[K In member function ‘[01m[Kvoid waypoint_follower::PurePursuitNode::run()[m[K’:
[3.736s] [01m[K/home/kimna/Desktop/autoware.ai/src/autoware/core_planning/pure_pursuit/src/pure_pursuit_core.cpp:216:24:[m[K [01;35m[Kwarning: [m[Kcomparison between signed and unsigned integer expressions [[01;35m[K-Wsign-compare[m[K]
[3.736s]            if([01;35m[Knew_index >= pp_.getCurrentWaypoints().size()[m[K){
[3.736s]               [01;35m[K~~~~~~~~~~^~~~~~~~~~~~~~~~~~~~~~~~~~~~~~~~~~~[m[K
[3.742s] [01m[K/home/kimna/Desktop/autoware.ai/src/autoware/core_planning/pure_pursuit/src/pure_pursuit_core.cpp:179:11:[m[K [01;35m[Kwarning: [m[Kunused variable ‘[01m[Kway_x[m[K’ [[01;35m[K-Wunused-variable[m[K]
[3.743s]      float [01;35m[Kway_x[m[K = pp_.getCurrentWaypoints().at(0).pose.pose.position.x;
[3.743s]            [01;35m[K^~~~~[m[K
[3.743s] [01m[K/home/kimna/Desktop/autoware.ai/src/autoware/core_planning/pure_pursuit/src/pure_pursuit_core.cpp:180:11:[m[K [01;35m[Kwarning: [m[Kunused variable ‘[01m[Kway_y[m[K’ [[01;35m[K-Wunused-variable[m[K]
[3.743s]      float [01;35m[Kway_y[m[K = pp_.getCurrentWaypoints().at(0).pose.pose.position.y;
[3.743s]            [01;35m[K^~~~~[m[K
[8.756s] [ 40%] [32m[1mLinking CXX executable devel/lib/pure_pursuit/pure_pursuit[0m
[9.115s] [100%] Built target pure_pursuit
[9.133s] Invoked command in '/home/kimna/Desktop/autoware.ai/src/autoware/core_planning/pure_pursuit/build/pure_pursuit' returned '0': CONDA_PROMPT_MODIFIER=(base) /usr/bin/cmake --build /home/kimna/Desktop/autoware.ai/src/autoware/core_planning/pure_pursuit/build/pure_pursuit -- -j8 -l8
[9.395s] Invoking command in '/home/kimna/Desktop/autoware.ai/src/autoware/core_planning/pure_pursuit/build/pure_pursuit': CONDA_PROMPT_MODIFIER=(base) /usr/bin/cmake --build /home/kimna/Desktop/autoware.ai/src/autoware/core_planning/pure_pursuit/build/pure_pursuit --target tests -- -j8 -l8
[9.541s] [ 28%] Built target gtest
[9.554s] [ 28%] Built target rosgraph_msgs_generate_messages_eus
[9.562s] [ 28%] Built target pcl_msgs_generate_messages_eus
[9.581s] [ 28%] Built target actionlib_generate_messages_cpp
[9.614s] [ 28%] Built target geometry_msgs_generate_messages_py
[9.631s] [ 28%] Built target autoware_system_msgs_generate_messages_py
[9.642s] [ 28%] Built target sensor_msgs_generate_messages_nodejs
[9.659s] [ 28%] Built target roscpp_generate_messages_cpp
[9.677s] [ 28%] Built target sensor_msgs_generate_messages_eus
[9.695s] [ 28%] Built target _catkin_empty_exported_target
[9.696s] [ 28%] Built target sensor_msgs_generate_messages_cpp
[9.717s] [ 28%] Built target autoware_msgs_generate_messages_cpp
[9.738s] [ 28%] Built target tf2_msgs_generate_messages_cpp
[9.747s] [ 28%] Built target autoware_msgs_generate_messages_py
[9.751s] [ 28%] Built target std_msgs_generate_messages_py
[9.773s] [ 28%] Built target std_msgs_generate_messages_nodejs
[9.798s] [ 28%] Built target rosgraph_msgs_generate_messages_cpp
[9.814s] [ 28%] Built target pcl_msgs_generate_messages_nodejs
[9.814s] [ 28%] Built target jsk_recognition_msgs_generate_messages_py
[9.827s] [ 28%] Built target sensor_msgs_generate_messages_lisp
[9.873s] [ 28%] Built target autoware_system_msgs_generate_messages_lisp
[9.874s] [ 28%] Built target jsk_recognition_msgs_generate_messages_eus
[9.875s] [ 28%] Built target tf_generate_messages_py
[9.886s] [ 28%] Built target sensor_msgs_generate_messages_py
[9.899s] [ 28%] Built target jsk_footstep_msgs_generate_messages_py
[9.922s] [ 28%] Built target geometry_msgs_generate_messages_eus
[9.942s] [ 28%] Built target std_msgs_generate_messages_lisp
[9.945s] [ 28%] Built target actionlib_msgs_generate_messages_nodejs
[9.961s] [ 28%] Built target autoware_system_msgs_generate_messages_cpp
[9.981s] [ 28%] Built target roscpp_generate_messages_nodejs
[9.999s] [ 28%] Built target geometry_msgs_generate_messages_lisp
[10.000s] [ 28%] Built target geometry_msgs_generate_messages_nodejs
[10.034s] [ 28%] Built target pcl_msgs_generate_messages_cpp
[10.045s] [ 28%] Built target jsk_recognition_msgs_generate_messages_cpp
[10.062s] [ 28%] Built target autoware_msgs_generate_messages_eus
[10.072s] [ 28%] Built target autoware_msgs_generate_messages_lisp
[10.093s] [ 28%] Built target std_msgs_generate_messages_eus
[10.103s] [ 28%] Built target autoware_msgs_generate_messages_nodejs
[10.133s] [ 28%] Built target actionlib_msgs_generate_messages_py
[10.151s] [ 28%] Built target jsk_footstep_msgs_generate_messages_eus
[10.156s] [ 28%] Built target autoware_config_msgs_generate_messages_eus
[10.161s] [ 28%] Built target jsk_footstep_msgs_generate_messages_lisp
[10.182s] [ 28%] Built target jsk_footstep_msgs_generate_messages_nodejs
[10.210s] [ 28%] Built target autoware_system_msgs_generate_messages_nodejs
[10.230s] [ 28%] Built target jsk_footstep_msgs_generate_messages_cpp
[10.242s] [ 28%] Built target actionlib_msgs_generate_messages_lisp
[10.249s] [ 28%] Built target actionlib_msgs_generate_messages_cpp
[10.268s] [ 28%] Built target tf_generate_messages_eus
[10.283s] [ 28%] Built target tf_generate_messages_lisp
[10.302s] [ 28%] Built target autoware_config_msgs_generate_messages_nodejs
[10.308s] [ 28%] Built target jsk_recognition_msgs_generate_messages_nodejs
[10.327s] [ 28%] Built target tf_generate_messages_nodejs
[10.341s] [ 28%] Built target roscpp_generate_messages_lisp
[10.356s] [ 28%] Built target roscpp_generate_messages_py
[10.392s] [ 28%] Built target rosgraph_msgs_generate_messages_lisp
[10.395s] [ 28%] Built target autoware_config_msgs_generate_messages_cpp
[10.403s] [ 28%] Built target rosgraph_msgs_generate_messages_nodejs
[10.418s] [ 28%] Built target roscpp_generate_messages_eus
[10.425s] [ 28%] Built target actionlib_msgs_generate_messages_eus
[10.468s] [ 28%] Built target rosgraph_msgs_generate_messages_py
[10.483s] [ 28%] Built target pcl_msgs_generate_messages_py
[10.486s] [ 28%] Built target autoware_config_msgs_generate_messages_py
[10.487s] [ 28%] Built target actionlib_generate_messages_eus
[10.500s] [ 28%] Built target geometry_msgs_generate_messages_cpp
[10.543s] [ 28%] Built target actionlib_generate_messages_lisp
[10.556s] [ 28%] Built target std_msgs_generate_messages_cpp
[10.557s] [ 28%] Built target actionlib_generate_messages_nodejs
[10.579s] [ 28%] Built target pcl_msgs_generate_messages_lisp
[10.579s] [ 28%] Built target autoware_system_msgs_generate_messages_eus
[10.619s] [ 28%] Built target tf2_msgs_generate_messages_lisp
[10.626s] [ 28%] Built target tf2_msgs_generate_messages_eus
[10.642s] [ 28%] Built target actionlib_generate_messages_py
[10.671s] [ 28%] Built target tf2_msgs_generate_messages_py
[10.673s] [ 28%] Built target tf_generate_messages_cpp
[10.691s] [ 28%] Built target autoware_config_msgs_generate_messages_lisp
[10.702s] [ 28%] Built target tf2_msgs_generate_messages_nodejs
[10.716s] [ 28%] Built target jsk_recognition_msgs_generate_messages_lisp
[10.741s] [35m[1mScanning dependencies of target test-pure_pursuit[0m
[10.785s] [ 42%] [32mBuilding CXX object CMakeFiles/test-pure_pursuit.dir/test/src/test_pure_pursuit.cpp.o[0m
[10.787s] [ 57%] [32mBuilding CXX object CMakeFiles/test-pure_pursuit.dir/src/pure_pursuit_core.cpp.o[0m
[13.619s] [01m[K/home/kimna/Desktop/autoware.ai/src/autoware/core_planning/pure_pursuit/src/pure_pursuit_core.cpp:[m[K In member function ‘[01m[Kvoid waypoint_follower::PurePursuitNode::run()[m[K’:
[13.619s] [01m[K/home/kimna/Desktop/autoware.ai/src/autoware/core_planning/pure_pursuit/src/pure_pursuit_core.cpp:216:24:[m[K [01;35m[Kwarning: [m[Kcomparison between signed and unsigned integer expressions [[01;35m[K-Wsign-compare[m[K]
[13.619s]            if([01;35m[Knew_index >= pp_.getCurrentWaypoints().size()[m[K){
[13.619s]               [01;35m[K~~~~~~~~~~^~~~~~~~~~~~~~~~~~~~~~~~~~~~~~~~~~~[m[K
[13.627s] [01m[K/home/kimna/Desktop/autoware.ai/src/autoware/core_planning/pure_pursuit/src/pure_pursuit_core.cpp:179:11:[m[K [01;35m[Kwarning: [m[Kunused variable ‘[01m[Kway_x[m[K’ [[01;35m[K-Wunused-variable[m[K]
[13.627s]      float [01;35m[Kway_x[m[K = pp_.getCurrentWaypoints().at(0).pose.pose.position.x;
[13.627s]            [01;35m[K^~~~~[m[K
[13.627s] [01m[K/home/kimna/Desktop/autoware.ai/src/autoware/core_planning/pure_pursuit/src/pure_pursuit_core.cpp:180:11:[m[K [01;35m[Kwarning: [m[Kunused variable ‘[01m[Kway_y[m[K’ [[01;35m[K-Wunused-variable[m[K]
[13.627s]      float [01;35m[Kway_y[m[K = pp_.getCurrentWaypoints().at(0).pose.pose.position.y;
[13.627s]            [01;35m[K^~~~~[m[K
[18.863s] [ 71%] [32m[1mLinking CXX executable devel/lib/pure_pursuit/test-pure_pursuit[0m
[19.207s] [100%] Built target test-pure_pursuit
[19.256s] [100%] Built target tests
[19.278s] Invoked command in '/home/kimna/Desktop/autoware.ai/src/autoware/core_planning/pure_pursuit/build/pure_pursuit' returned '0': CONDA_PROMPT_MODIFIER=(base) /usr/bin/cmake --build /home/kimna/Desktop/autoware.ai/src/autoware/core_planning/pure_pursuit/build/pure_pursuit --target tests -- -j8 -l8
[19.577s] Invoking command in '/home/kimna/Desktop/autoware.ai/src/autoware/core_planning/pure_pursuit/build/pure_pursuit': CONDA_PROMPT_MODIFIER=(base) /usr/bin/cmake --build /home/kimna/Desktop/autoware.ai/src/autoware/core_planning/pure_pursuit/build/pure_pursuit --target install -- -j8 -l8
[19.693s] [  0%] Built target actionlib_generate_messages_cpp
[19.695s] [  0%] Built target autoware_config_msgs_generate_messages_lisp
[19.738s] [  0%] Built target autoware_system_msgs_generate_messages_py
[19.742s] [  0%] Built target geometry_msgs_generate_messages_py
[19.784s] [  0%] Built target sensor_msgs_generate_messages_nodejs
[19.789s] [  0%] Built target roscpp_generate_messages_cpp
[19.833s] [  0%] Built target sensor_msgs_generate_messages_eus
[19.853s] [  0%] Built target sensor_msgs_generate_messages_cpp
[19.856s] [  0%] Built target _catkin_empty_exported_target
[19.890s] [  0%] Built target autoware_system_msgs_generate_messages_lisp
[19.906s] [  0%] Built target autoware_msgs_generate_messages_cpp
[19.909s] [  0%] Built target tf2_msgs_generate_messages_cpp
[19.947s] [  0%] Built target std_msgs_generate_messages_py
[19.959s] [  0%] Built target autoware_msgs_generate_messages_py
[19.963s] [  0%] Built target std_msgs_generate_messages_nodejs
[20.006s] [  0%] Built target rosgraph_msgs_generate_messages_cpp
[20.008s] [  0%] Built target pcl_msgs_generate_messages_nodejs
[20.027s] [  0%] Built target jsk_recognition_msgs_generate_messages_py
[20.048s] [  0%] Built target sensor_msgs_generate_messages_lisp
[20.071s] [  0%] Built target tf_generate_messages_py
[20.089s] [  0%] Built target std_msgs_generate_messages_cpp
[20.108s] [  0%] Built target jsk_footstep_msgs_generate_messages_py
[20.134s] [  0%] Built target actionlib_msgs_generate_messages_nodejs
[20.161s] [  0%] Built target geometry_msgs_generate_messages_eus
[20.184s] [  0%] Built target std_msgs_generate_messages_lisp
[20.207s] [  0%] Built target roscpp_generate_messages_nodejs
[20.236s] [  0%] Built target autoware_system_msgs_generate_messages_cpp
[20.250s] [  0%] Built target geometry_msgs_generate_messages_nodejs
[20.283s] [  0%] Built target geometry_msgs_generate_messages_lisp
[20.298s] [  0%] Built target pcl_msgs_generate_messages_cpp
[20.323s] [  0%] Built target jsk_recognition_msgs_generate_messages_cpp
[20.338s] [  0%] Built target autoware_msgs_generate_messages_eus
[20.365s] [  0%] Built target autoware_msgs_generate_messages_lisp
[20.381s] [  0%] Built target std_msgs_generate_messages_eus
[20.406s] [  0%] Built target autoware_msgs_generate_messages_nodejs
[20.430s] [  0%] Built target jsk_footstep_msgs_generate_messages_eus
[20.449s] [  0%] Built target actionlib_msgs_generate_messages_py
[20.475s] [  0%] Built target autoware_config_msgs_generate_messages_eus
[20.496s] [  0%] Built target jsk_footstep_msgs_generate_messages_lisp
[20.523s] [  0%] Built target jsk_footstep_msgs_generate_messages_nodejs
[20.547s] [  0%] Built target autoware_system_msgs_generate_messages_nodejs
[20.563s] [  0%] Built target actionlib_msgs_generate_messages_lisp
[20.588s] [  0%] Built target jsk_footstep_msgs_generate_messages_cpp
[20.611s] [  0%] Built target actionlib_msgs_generate_messages_cpp
[20.626s] [  0%] Built target tf_generate_messages_eus
[20.667s] [  0%] Built target autoware_config_msgs_generate_messages_nodejs
[20.667s] [  0%] Built target tf_generate_messages_lisp
[20.707s] [  0%] Built target tf_generate_messages_nodejs
[20.717s] [  0%] Built target jsk_recognition_msgs_generate_messages_nodejs
[20.746s] [  0%] Built target roscpp_generate_messages_lisp
[20.767s] [  0%] Built target roscpp_generate_messages_py
[20.784s] [  0%] Built target rosgraph_msgs_generate_messages_lisp
[20.809s] [  0%] Built target autoware_config_msgs_generate_messages_cpp
[20.832s] [  0%] Built target rosgraph_msgs_generate_messages_nodejs
[20.856s] [  0%] Built target roscpp_generate_messages_eus
[20.876s] [  0%] Built target actionlib_msgs_generate_messages_eus
[20.912s] [  0%] Built target rosgraph_msgs_generate_messages_py
[20.925s] [  0%] Built target autoware_config_msgs_generate_messages_py
[20.961s] [  0%] Built target pcl_msgs_generate_messages_py
[20.972s] [  0%] Built target actionlib_generate_messages_eus
[21.000s] [  0%] Built target geometry_msgs_generate_messages_cpp
[21.017s] [  0%] Built target actionlib_generate_messages_lisp
[21.041s] [  0%] Built target pcl_msgs_generate_messages_lisp
[21.058s] [  0%] Built target tf_generate_messages_cpp
[21.091s] [  0%] Built target actionlib_generate_messages_nodejs
[21.099s] [  0%] Built target autoware_system_msgs_generate_messages_eus
[21.138s] [  0%] Built target tf2_msgs_generate_messages_eus
[21.141s] [  0%] Built target tf2_msgs_generate_messages_lisp
[21.183s] [  0%] Built target actionlib_generate_messages_py
[21.193s] [  0%] Built target tf2_msgs_generate_messages_py
[21.235s] [  0%] Built target sensor_msgs_generate_messages_py
[21.235s] [  0%] Built target tf2_msgs_generate_messages_nodejs
[21.271s] [  0%] Built target jsk_recognition_msgs_generate_messages_eus
[21.273s] [  0%] Built target jsk_recognition_msgs_generate_messages_lisp
[21.311s] [  0%] Built target rosgraph_msgs_generate_messages_eus
[21.316s] [  0%] Built target pcl_msgs_generate_messages_eus
[21.358s] [100%] Built target pure_pursuit
[21.394s] [36mInstall the project...[0m
[21.407s] -- Install configuration: "Release"
[21.407s] -- Up-to-date: /home/kimna/Desktop/autoware.ai/src/autoware/core_planning/pure_pursuit/install/pure_pursuit/lib/pkgconfig/pure_pursuit.pc
[21.407s] -- Up-to-date: /home/kimna/Desktop/autoware.ai/src/autoware/core_planning/pure_pursuit/install/pure_pursuit/share/pure_pursuit/cmake/pure_pursuitConfig.cmake
[21.408s] -- Up-to-date: /home/kimna/Desktop/autoware.ai/src/autoware/core_planning/pure_pursuit/install/pure_pursuit/share/pure_pursuit/cmake/pure_pursuitConfig-version.cmake
[21.408s] -- Up-to-date: /home/kimna/Desktop/autoware.ai/src/autoware/core_planning/pure_pursuit/install/pure_pursuit/share/pure_pursuit/package.xml
[21.408s] -- Installing: /home/kimna/Desktop/autoware.ai/src/autoware/core_planning/pure_pursuit/install/pure_pursuit/lib/pure_pursuit/pure_pursuit
[21.413s] -- Set runtime path of "/home/kimna/Desktop/autoware.ai/src/autoware/core_planning/pure_pursuit/install/pure_pursuit/lib/pure_pursuit/pure_pursuit" to ""
[21.413s] -- Up-to-date: /home/kimna/Desktop/autoware.ai/src/autoware/core_planning/pure_pursuit/install/pure_pursuit/share/pure_pursuit/launch
[21.413s] -- Up-to-date: /home/kimna/Desktop/autoware.ai/src/autoware/core_planning/pure_pursuit/install/pure_pursuit/share/pure_pursuit/launch/pure_pursuit.launch
[21.416s] Invoked command in '/home/kimna/Desktop/autoware.ai/src/autoware/core_planning/pure_pursuit/build/pure_pursuit' returned '0': CONDA_PROMPT_MODIFIER=(base) /usr/bin/cmake --build /home/kimna/Desktop/autoware.ai/src/autoware/core_planning/pure_pursuit/build/pure_pursuit --target install -- -j8 -l8
