[0.158s] [  0%] Built target rosgraph_msgs_generate_messages_eus
[0.158s] [  0%] Built target actionlib_generate_messages_cpp
[0.166s] [  0%] Built target autoware_config_msgs_generate_messages_lisp
[0.174s] [  0%] Built target pcl_msgs_generate_messages_eus
[0.176s] [  0%] Built target jsk_recognition_msgs_generate_messages_lisp
[0.178s] [  0%] Built target jsk_recognition_msgs_generate_messages_eus
[0.180s] [  0%] Built target geometry_msgs_generate_messages_py
[0.184s] [  0%] Built target autoware_system_msgs_generate_messages_lisp
[0.237s] [  0%] Built target autoware_system_msgs_generate_messages_py
[0.242s] [  0%] Built target roscpp_generate_messages_cpp
[0.242s] [  0%] Built target sensor_msgs_generate_messages_nodejs
[0.246s] [  0%] Built target sensor_msgs_generate_messages_cpp
[0.260s] [  0%] Built target sensor_msgs_generate_messages_eus
[0.262s] [  0%] Built target _catkin_empty_exported_target
[0.272s] [  0%] Built target tf2_msgs_generate_messages_cpp
[0.288s] [  0%] Built target autoware_msgs_generate_messages_cpp
[0.308s] [  0%] Built target std_msgs_generate_messages_nodejs
[0.310s] [  0%] Built target rosgraph_msgs_generate_messages_cpp
[0.311s] [  0%] Built target autoware_msgs_generate_messages_py
[0.334s] [  0%] Built target jsk_recognition_msgs_generate_messages_py
[0.341s] [  0%] Built target sensor_msgs_generate_messages_lisp
[0.356s] [  0%] Built target std_msgs_generate_messages_py
[0.373s] [  0%] Built target tf_generate_messages_py
[0.374s] [  0%] Built target jsk_footstep_msgs_generate_messages_py
[0.378s] [  0%] Built target sensor_msgs_generate_messages_py
[0.381s] [  0%] Built target pcl_msgs_generate_messages_nodejs
[0.392s] [  0%] Built target std_msgs_generate_messages_cpp
[0.416s] [  0%] Built target actionlib_msgs_generate_messages_nodejs
[0.417s] [  0%] Built target geometry_msgs_generate_messages_eus
[0.433s] [  0%] Built target autoware_system_msgs_generate_messages_cpp
[0.447s] [  0%] Built target std_msgs_generate_messages_lisp
[0.451s] [  0%] Built target roscpp_generate_messages_nodejs
[0.475s] [  0%] Built target geometry_msgs_generate_messages_lisp
[0.480s] [  0%] Built target geometry_msgs_generate_messages_nodejs
[0.481s] [  0%] Built target autoware_msgs_generate_messages_eus
[0.484s] [  0%] Built target pcl_msgs_generate_messages_cpp
[0.501s] [  0%] Built target jsk_recognition_msgs_generate_messages_cpp
[0.530s] [  0%] Built target std_msgs_generate_messages_eus
[0.533s] [  0%] Built target autoware_msgs_generate_messages_lisp
[0.550s] [  0%] Built target jsk_footstep_msgs_generate_messages_eus
[0.555s] [  0%] Built target autoware_msgs_generate_messages_nodejs
[0.565s] [  0%] Built target actionlib_msgs_generate_messages_py
[0.567s] [  0%] Built target jsk_footstep_msgs_generate_messages_lisp
[0.574s] [  0%] Built target autoware_config_msgs_generate_messages_eus
[0.587s] [  0%] Built target jsk_footstep_msgs_generate_messages_nodejs
[0.617s] [  0%] Built target actionlib_msgs_generate_messages_lisp
[0.624s] [  0%] Built target autoware_system_msgs_generate_messages_nodejs
[0.628s] [  0%] Built target tf_generate_messages_lisp
[0.638s] [  0%] Built target jsk_footstep_msgs_generate_messages_cpp
[0.645s] [  0%] Built target actionlib_msgs_generate_messages_cpp
[0.653s] [  0%] Built target autoware_config_msgs_generate_messages_nodejs
[0.653s] [  0%] Built target tf_generate_messages_eus
[0.667s] [  0%] Built target tf_generate_messages_nodejs
[0.684s] [  0%] Built target jsk_recognition_msgs_generate_messages_nodejs
[0.704s] [  0%] Built target roscpp_generate_messages_py
[0.707s] [  0%] Built target rosgraph_msgs_generate_messages_lisp
[0.713s] [  0%] Built target roscpp_generate_messages_lisp
[0.718s] [  0%] Built target roscpp_generate_messages_eus
[0.722s] [  0%] Built target autoware_config_msgs_generate_messages_cpp
[0.746s] [  0%] Built target rosgraph_msgs_generate_messages_nodejs
[0.753s] [  0%] Built target rosgraph_msgs_generate_messages_py
[0.763s] [  0%] Built target actionlib_msgs_generate_messages_eus
[0.781s] [  0%] Built target autoware_config_msgs_generate_messages_py
[0.783s] [  0%] Built target pcl_msgs_generate_messages_py
[0.789s] [  0%] Built target actionlib_generate_messages_eus
[0.793s] [  0%] Built target actionlib_generate_messages_lisp
[0.805s] [  0%] Built target geometry_msgs_generate_messages_cpp
[0.814s] [  0%] Built target tf_generate_messages_cpp
[0.834s] [  0%] Built target actionlib_generate_messages_nodejs
[0.841s] [  0%] Built target pcl_msgs_generate_messages_lisp
[0.846s] [  0%] Built target autoware_system_msgs_generate_messages_eus
[0.848s] [  0%] Built target tf2_msgs_generate_messages_eus
[0.859s] [  0%] Built target actionlib_generate_messages_py
[0.860s] [  0%] Built target tf2_msgs_generate_messages_lisp
[0.866s] [  0%] Built target tf2_msgs_generate_messages_py
[0.874s] [  0%] Built target tf2_msgs_generate_messages_nodejs
[0.895s] [35m[1mScanning dependencies of target pure_pursuit[0m
[0.932s] [ 20%] [32mBuilding CXX object CMakeFiles/pure_pursuit.dir/src/pure_pursuit_core.cpp.o[0m
[4.273s] CMakeFiles/pure_pursuit.dir/build.make:110: recipe for target 'CMakeFiles/pure_pursuit.dir/src/pure_pursuit_core.cpp.o' failed
[4.273s] CMakeFiles/Makefile2:444: recipe for target 'CMakeFiles/pure_pursuit.dir/all' failed
[4.273s] Makefile:140: recipe for target 'all' failed
