[3.251s] In file included from [01m[K/home/kimna/Desktop/autoware.ai/src/autoware/core_planning/pure_pursuit/src/pure_pursuit_core.cpp:19:0[m[K:
[3.251s] [01m[K/home/kimna/Desktop/autoware.ai/src/autoware/core_planning/pure_pursuit/include/pure_pursuit/stanley.h:111:29:[m[K [01;31m[Kerror: [m[K‘[01m[Kx[m[K’ has not been declared
[3.252s]    double calculate_steering([01;31m[Kx[m[K, y, yaw, waypoints, v) {
[3.252s]                              [01;31m[K^[m[K
[3.252s] [01m[K/home/kimna/Desktop/autoware.ai/src/autoware/core_planning/pure_pursuit/include/pure_pursuit/stanley.h:111:32:[m[K [01;31m[Kerror: [m[K‘[01m[Ky[m[K’ has not been declared
[3.252s]    double calculate_steering(x, [01;31m[Ky[m[K, yaw, waypoints, v) {
[3.252s]                                 [01;31m[K^[m[K
[3.252s] [01m[K/home/kimna/Desktop/autoware.ai/src/autoware/core_planning/pure_pursuit/include/pure_pursuit/stanley.h:111:35:[m[K [01;31m[Kerror: [m[K‘[01m[Kyaw[m[K’ has not been declared
[3.252s]    double calculate_steering(x, y, [01;31m[Kyaw[m[K, waypoints, v) {
[3.252s]                                    [01;31m[K^~~[m[K
[3.252s] [01m[K/home/kimna/Desktop/autoware.ai/src/autoware/core_planning/pure_pursuit/include/pure_pursuit/stanley.h:111:40:[m[K [01;31m[Kerror: [m[K‘[01m[Kwaypoints[m[K’ has not been declared
[3.252s]    double calculate_steering(x, y, yaw, [01;31m[Kwaypoints[m[K, v) {
[3.252s]                                         [01;31m[K^~~~~~~~~[m[K
[3.252s] [01m[K/home/kimna/Desktop/autoware.ai/src/autoware/core_planning/pure_pursuit/include/pure_pursuit/stanley.h:111:51:[m[K [01;31m[Kerror: [m[K‘[01m[Kv[m[K’ has not been declared
[3.252s]    double calculate_steering(x, y, yaw, waypoints, [01;31m[Kv[m[K) {
[3.252s]                                                    [01;31m[K^[m[K
[3.252s] [01m[K/home/kimna/Desktop/autoware.ai/src/autoware/core_planning/pure_pursuit/include/pure_pursuit/stanley.h:128:2:[m[K [01;31m[Kerror: [m[Kexpected ‘[01m[K;[m[K’ after class definition
[3.252s]  }
[3.253s]   [01;31m[K^[m[K
[3.253s]   [32m[K;[m[K
[3.253s] [01m[K/home/kimna/Desktop/autoware.ai/src/autoware/core_planning/pure_pursuit/include/pure_pursuit/stanley.h:[m[K In member function ‘[01m[Kdouble Stanley::get_heading_error(geometry_msgs::Point, double)[m[K’:
[3.253s] [01m[K/home/kimna/Desktop/autoware.ai/src/autoware/core_planning/pure_pursuit/include/pure_pursuit/stanley.h:73:34:[m[K [01;31m[Kerror: [m[K‘[01m[Kgeometry_msgs::Point {aka struct geometry_msgs::Point_<std::allocator<void> >}[m[K’ has no member named ‘[01m[Kat[m[K’
[3.253s]      waypoint_delta_x = waypoints.[01;31m[Kat[m[K(1).pose.pose.position.x - waypoints.at(0).pose.pose.position.x;
[3.253s]                                   [01;31m[K^~[m[K
[3.253s] [01m[K/home/kimna/Desktop/autoware.ai/src/autoware/core_planning/pure_pursuit/include/pure_pursuit/stanley.h:73:73:[m[K [01;31m[Kerror: [m[K‘[01m[Kgeometry_msgs::Point {aka struct geometry_msgs::Point_<std::allocator<void> >}[m[K’ has no member named ‘[01m[Kat[m[K’
[3.253s]  waypoint_delta_x = waypoints.at(1).pose.pose.position.x - waypoints.[01;31m[Kat[m[K(0).pose.pose.position.x;
[3.253s]                                                                      [01;31m[K^~[m[K
[3.253s] [01m[K/home/kimna/Desktop/autoware.ai/src/autoware/core_planning/pure_pursuit/include/pure_pursuit/stanley.h:74:34:[m[K [01;31m[Kerror: [m[K‘[01m[Kgeometry_msgs::Point {aka struct geometry_msgs::Point_<std::allocator<void> >}[m[K’ has no member named ‘[01m[Kat[m[K’
[3.253s]      waypoint_delta_y = waypoints.[01;31m[Kat[m[K(1).pose.pose.position.y - waypoints.at(0).pose.pose.position.y;
[3.253s]                                   [01;31m[K^~[m[K
[3.253s] [01m[K/home/kimna/Desktop/autoware.ai/src/autoware/core_planning/pure_pursuit/include/pure_pursuit/stanley.h:74:73:[m[K [01;31m[Kerror: [m[K‘[01m[Kgeometry_msgs::Point {aka struct geometry_msgs::Point_<std::allocator<void> >}[m[K’ has no member named ‘[01m[Kat[m[K’
[3.254s]  waypoint_delta_y = waypoints.at(1).pose.pose.position.y - waypoints.[01;31m[Kat[m[K(0).pose.pose.position.y;
[3.254s]                                                                      [01;31m[K^~[m[K
[3.254s] [01m[K/home/kimna/Desktop/autoware.ai/src/autoware/core_planning/pure_pursuit/include/pure_pursuit/stanley.h:79:29:[m[K [01;31m[Kerror: [m[K‘[01m[KM_[m[K’ was not declared in this scope
[3.254s]      if (heading_error_mod > [01;31m[KM_[m[K PI/2 && heading_error_mod < M_PI) {
[3.254s]                              [01;31m[K^~[m[K
[3.254s] [01m[K/home/kimna/Desktop/autoware.ai/src/autoware/core_planning/pure_pursuit/include/pure_pursuit/stanley.h:79:29:[m[K [01;36m[Knote: [m[Ksuggested alternative: ‘[01m[KM_E[m[K’
[3.254s]      if (heading_error_mod > [01;36m[KM_[m[K PI/2 && heading_error_mod < M_PI) {
[3.254s]                              [01;36m[K^~[m[K
[3.254s]                              [32m[KM_E[m[K
[3.254s] [01m[K/home/kimna/Desktop/autoware.ai/src/autoware/core_planning/pure_pursuit/include/pure_pursuit/stanley.h:79:32:[m[K [01;31m[Kerror: [m[Kexpected ‘[01m[K)[m[K’ before ‘[01m[KPI[m[K’
[3.254s]      if (heading_error_mod > M_ [01;31m[KPI[m[K/2 && heading_error_mod < M_PI) {
[3.254s]                                 [01;31m[K^~[m[K
[3.254s] [01m[K/home/kimna/Desktop/autoware.ai/src/autoware/core_planning/pure_pursuit/include/pure_pursuit/stanley.h:[m[K In member function ‘[01m[Kint Stanley::get_steering_direction(float*, float*)[m[K’:
[3.254s] [01m[K/home/kimna/Desktop/autoware.ai/src/autoware/core_planning/pure_pursuit/include/pure_pursuit/stanley.h:89:8:[m[K [01;31m[Kerror: [m[Kexpected ‘[01m[K([m[K’ before ‘[01m[Kcorss_prod[m[K’
[3.255s]      if [01;31m[Kcorss_prod[m[K >= 0 {
[3.255s]         [01;31m[K^~~~~~~~~~[m[K
[3.255s] [01m[K/home/kimna/Desktop/autoware.ai/src/autoware/core_planning/pure_pursuit/include/pure_pursuit/stanley.h:87:11:[m[K [01;35m[Kwarning: [m[Kunused variable ‘[01m[Kcorss_prod[m[K’ [[01;35m[K-Wunused-variable[m[K]
[3.255s]      float [01;35m[Kcorss_prod[m[K = v1[0]*v2[1] - v1[1]*v2[0];
[3.255s]            [01;35m[K^~~~~~~~~~[m[K
[3.255s] [01m[K/home/kimna/Desktop/autoware.ai/src/autoware/core_planning/pure_pursuit/include/pure_pursuit/stanley.h:[m[K In member function ‘[01m[Kdouble Stanley::get_cte_heading_error(float)[m[K’:
[3.255s] [01m[K/home/kimna/Desktop/autoware.ai/src/autoware/core_planning/pure_pursuit/include/pure_pursuit/stanley.h:105:8:[m[K [01;31m[Kerror: [m[Kexpected ‘[01m[K([m[K’ before ‘[01m[Kcte_heading_error_mod[m[K’
[3.255s]      if [01;31m[Kcte_heading_error_mod[m[K > M_PI/2 and cte_heading_error_mod < M_PI:
[3.255s]         [01;31m[K^~~~~~~~~~~~~~~~~~~~~[m[K
[3.255s] [01m[K/home/kimna/Desktop/autoware.ai/src/autoware/core_planning/pure_pursuit/include/pure_pursuit/stanley.h:108:3:[m[K [01;35m[Kwarning: [m[Kno return statement in function returning non-void [[01;35m[K-Wreturn-type[m[K]
[3.255s]    [01;35m[K}[m[K
[3.255s]    [01;35m[K^[m[K
[3.255s] [01m[K/home/kimna/Desktop/autoware.ai/src/autoware/core_planning/pure_pursuit/include/pure_pursuit/stanley.h:[m[K In member function ‘[01m[Kdouble Stanley::calculate_steering(int, int, int, int, int)[m[K’:
[3.256s] [01m[K/home/kimna/Desktop/autoware.ai/src/autoware/core_planning/pure_pursuit/include/pure_pursuit/stanley.h:112:20:[m[K [01;31m[Kerror: [m[K‘[01m[Kwaypoints[m[K’ was not declared in this scope
[3.256s]      float v1[2] = {[01;31m[Kwaypoints[m[K.at(0).pose.pose.position.x - x, waypoints.at(0).pose.pose.position.y - y};
[3.256s]                     [01;31m[K^~~~~~~~~[m[K
[3.257s] [01m[K/home/kimna/Desktop/autoware.ai/src/autoware/core_planning/pure_pursuit/include/pure_pursuit/stanley.h:112:20:[m[K [01;36m[Knote: [m[Ksuggested alternative: ‘[01m[KWayPoints[m[K’
[3.257s]      float v1[2] = {[01;36m[Kwaypoints[m[K.at(0).pose.pose.position.x - x, waypoints.at(0).pose.pose.position.y - y};
[3.257s]                     [01;36m[K^~~~~~~~~[m[K
[3.257s]                     [32m[KWayPoints[m[K
[3.257s] [01m[K/home/kimna/Desktop/autoware.ai/src/autoware/core_planning/pure_pursuit/include/pure_pursuit/stanley.h:112:59:[m[K [01;31m[Kerror: [m[K‘[01m[Kx[m[K’ was not declared in this scope
[3.257s]      float v1[2] = {waypoints.at(0).pose.pose.position.x - [01;31m[Kx[m[K, waypoints.at(0).pose.pose.position.y - y};
[3.257s]                                                            [01;31m[K^[m[K
[3.258s] [01m[K/home/kimna/Desktop/autoware.ai/src/autoware/core_planning/pure_pursuit/include/pure_pursuit/stanley.h:112:101:[m[K [01;31m[Kerror: [m[K‘[01m[Ky[m[K’ was not declared in this scope
[3.258s]  ints.at(0).pose.pose.position.x - x, waypoints.at(0).pose.pose.position.y - [01;31m[Ky[m[K};
[3.258s]                                                                              [01;31m[K^[m[K
[3.260s] [01m[K/home/kimna/Desktop/autoware.ai/src/autoware/core_planning/pure_pursuit/include/pure_pursuit/stanley.h:112:101:[m[K [01;36m[Knote: [m[Ksuggested alternative: ‘[01m[Kyn[m[K’
[3.260s]  ints.at(0).pose.pose.position.x - x, waypoints.at(0).pose.pose.position.y - [01;36m[Ky[m[K};
[3.260s]                                                                              [01;36m[K^[m[K
[3.260s]                                                                                                      [32m[Kyn[m[K
[3.260s] [01m[K/home/kimna/Desktop/autoware.ai/src/autoware/core_planning/pure_pursuit/include/pure_pursuit/stanley.h:113:24:[m[K [01;31m[Kerror: [m[K‘[01m[Kyaw[m[K’ was not declared in this scope
[3.260s]      float v2[2] = {cos([01;31m[Kyaw[m[K), sin(yaw)};
[3.260s]                         [01;31m[K^~~[m[K
[3.261s] [01m[K/home/kimna/Desktop/autoware.ai/src/autoware/core_planning/pure_pursuit/include/pure_pursuit/stanley.h:120:72:[m[K [01;31m[Kerror: [m[K‘[01m[Kv[m[K’ was not declared in this scope
[3.261s]      cte_error = get_steering_direction(v1, v2) * get_cte_heading_error([01;31m[Kv[m[K);
[3.261s]                                                                         [01;31m[K^[m[K
[3.262s] [01m[K/home/kimna/Desktop/autoware.ai/src/autoware/core_planning/pure_pursuit/include/pure_pursuit/stanley.h:120:72:[m[K [01;36m[Knote: [m[Ksuggested alternative: ‘[01m[Kv2[m[K’
[3.262s]      cte_error = get_steering_direction(v1, v2) * get_cte_heading_error([01;36m[Kv[m[K);
[3.262s]                                                                         [01;36m[K^[m[K
[3.262s]                                                                         [32m[Kv2[m[K
[4.312s] make[2]: *** [CMakeFiles/pure_pursuit.dir/src/pure_pursuit_core.cpp.o] Error 1
[4.312s] make[1]: *** [CMakeFiles/pure_pursuit.dir/all] Error 2
[4.312s] make: *** [all] Error 2
