[0.148s] [  0%] Built target autoware_config_msgs_generate_messages_lisp
[0.153s] [  0%] Built target pcl_msgs_generate_messages_eus
[0.159s] [  0%] Built target autoware_system_msgs_generate_messages_lisp
[0.164s] [  0%] Built target jsk_recognition_msgs_generate_messages_lisp
[0.165s] [  0%] Built target jsk_recognition_msgs_generate_messages_eus
[0.165s] [  0%] Built target rosgraph_msgs_generate_messages_eus
[0.169s] [  0%] Built target actionlib_generate_messages_cpp
[0.172s] [  0%] Built target geometry_msgs_generate_messages_py
[0.232s] [  0%] Built target sensor_msgs_generate_messages_nodejs
[0.237s] [  0%] Built target autoware_system_msgs_generate_messages_py
[0.240s] [  0%] Built target _catkin_empty_exported_target
[0.254s] [  0%] Built target autoware_msgs_generate_messages_cpp
[0.255s] [  0%] Built target roscpp_generate_messages_cpp
[0.265s] [  0%] Built target sensor_msgs_generate_messages_eus
[0.265s] [  0%] Built target sensor_msgs_generate_messages_cpp
[0.267s] [  0%] Built target tf2_msgs_generate_messages_cpp
[0.282s] [  0%] Built target std_msgs_generate_messages_py
[0.298s] [  0%] Built target autoware_msgs_generate_messages_py
[0.319s] [  0%] Built target pcl_msgs_generate_messages_nodejs
[0.328s] [  0%] Built target std_msgs_generate_messages_nodejs
[0.332s] [  0%] Built target rosgraph_msgs_generate_messages_cpp
[0.337s] [  0%] Built target sensor_msgs_generate_messages_py
[0.355s] [  0%] Built target jsk_recognition_msgs_generate_messages_py
[0.355s] [  0%] Built target sensor_msgs_generate_messages_lisp
[0.363s] [  0%] Built target tf_generate_messages_py
[0.390s] [  0%] Built target std_msgs_generate_messages_cpp
[0.406s] [  0%] Built target actionlib_msgs_generate_messages_nodejs
[0.409s] [  0%] Built target std_msgs_generate_messages_lisp
[0.420s] [  0%] Built target geometry_msgs_generate_messages_eus
[0.424s] [  0%] Built target jsk_footstep_msgs_generate_messages_py
[0.428s] [  0%] Built target autoware_system_msgs_generate_messages_cpp
[0.435s] [  0%] Built target roscpp_generate_messages_nodejs
[0.439s] [  0%] Built target geometry_msgs_generate_messages_nodejs
[0.463s] [  0%] Built target geometry_msgs_generate_messages_lisp
[0.472s] [  0%] Built target pcl_msgs_generate_messages_cpp
[0.489s] [  0%] Built target jsk_recognition_msgs_generate_messages_cpp
[0.494s] [  0%] Built target autoware_msgs_generate_messages_nodejs
[0.495s] [  0%] Built target std_msgs_generate_messages_eus
[0.504s] [  0%] Built target autoware_msgs_generate_messages_lisp
[0.504s] [  0%] Built target autoware_msgs_generate_messages_eus
[0.545s] [  0%] Built target jsk_footstep_msgs_generate_messages_eus
[0.555s] [  0%] Built target actionlib_msgs_generate_messages_py
[0.557s] [  0%] Built target autoware_config_msgs_generate_messages_eus
[0.577s] [  0%] Built target autoware_system_msgs_generate_messages_nodejs
[0.579s] [  0%] Built target jsk_footstep_msgs_generate_messages_lisp
[0.579s] [  0%] Built target actionlib_msgs_generate_messages_lisp
[0.588s] [  0%] Built target jsk_footstep_msgs_generate_messages_nodejs
[0.602s] [  0%] Built target jsk_footstep_msgs_generate_messages_cpp
[0.612s] [  0%] Built target tf_generate_messages_eus
[0.614s] [  0%] Built target actionlib_msgs_generate_messages_cpp
[0.637s] [  0%] Built target autoware_config_msgs_generate_messages_nodejs
[0.640s] [  0%] Built target tf_generate_messages_lisp
[0.646s] [  0%] Built target tf_generate_messages_nodejs
[0.667s] [  0%] Built target jsk_recognition_msgs_generate_messages_nodejs
[0.671s] [  0%] Built target roscpp_generate_messages_py
[0.673s] [  0%] Built target roscpp_generate_messages_lisp
[0.684s] [  0%] Built target rosgraph_msgs_generate_messages_lisp
[0.693s] [  0%] Built target autoware_config_msgs_generate_messages_cpp
[0.708s] [  0%] Built target actionlib_msgs_generate_messages_eus
[0.712s] [  0%] Built target roscpp_generate_messages_eus
[0.712s] [  0%] Built target rosgraph_msgs_generate_messages_nodejs
[0.733s] [  0%] Built target autoware_config_msgs_generate_messages_py
[0.751s] [  0%] Built target rosgraph_msgs_generate_messages_py
[0.754s] [  0%] Built target pcl_msgs_generate_messages_py
[0.771s] [  0%] Built target actionlib_generate_messages_eus
[0.772s] [  0%] Built target geometry_msgs_generate_messages_cpp
[0.778s] [  0%] Built target actionlib_generate_messages_lisp
[0.786s] [  0%] Built target tf_generate_messages_cpp
[0.800s] [  0%] Built target pcl_msgs_generate_messages_lisp
[0.817s] [  0%] Built target actionlib_generate_messages_nodejs
[0.828s] [  0%] Built target tf2_msgs_generate_messages_eus
[0.829s] [  0%] Built target autoware_system_msgs_generate_messages_eus
[0.843s] [  0%] Built target tf2_msgs_generate_messages_py
[0.843s] [  0%] Built target actionlib_generate_messages_py
[0.850s] [  0%] Built target tf2_msgs_generate_messages_nodejs
[0.855s] [  0%] Built target tf2_msgs_generate_messages_lisp
[0.899s] [ 20%] [32mBuilding CXX object CMakeFiles/pure_pursuit.dir/src/pure_pursuit_core.cpp.o[0m
[3.251s] In file included from [01m[K/home/kimna/Desktop/autoware.ai/src/autoware/core_planning/pure_pursuit/src/pure_pursuit_core.cpp:19:0[m[K:
[3.251s] [01m[K/home/kimna/Desktop/autoware.ai/src/autoware/core_planning/pure_pursuit/include/pure_pursuit/stanley.h:111:29:[m[K [01;31m[Kerror: [m[K‘[01m[Kx[m[K’ has not been declared
[3.252s]    double calculate_steering([01;31m[Kx[m[K, y, yaw, waypoints, v) {
[3.252s]                              [01;31m[K^[m[K
[3.252s] [01m[K/home/kimna/Desktop/autoware.ai/src/autoware/core_planning/pure_pursuit/include/pure_pursuit/stanley.h:111:32:[m[K [01;31m[Kerror: [m[K‘[01m[Ky[m[K’ has not been declared
[3.252s]    double calculate_steering(x, [01;31m[Ky[m[K, yaw, waypoints, v) {
[3.252s]                                 [01;31m[K^[m[K
[3.252s] [01m[K/home/kimna/Desktop/autoware.ai/src/autoware/core_planning/pure_pursuit/include/pure_pursuit/stanley.h:111:35:[m[K [01;31m[Kerror: [m[K‘[01m[Kyaw[m[K’ has not been declared
[3.252s]    double calculate_steering(x, y, [01;31m[Kyaw[m[K, waypoints, v) {
[3.252s]                                    [01;31m[K^~~[m[K
[3.252s] [01m[K/home/kimna/Desktop/autoware.ai/src/autoware/core_planning/pure_pursuit/include/pure_pursuit/stanley.h:111:40:[m[K [01;31m[Kerror: [m[K‘[01m[Kwaypoints[m[K’ has not been declared
[3.252s]    double calculate_steering(x, y, yaw, [01;31m[Kwaypoints[m[K, v) {
[3.252s]                                         [01;31m[K^~~~~~~~~[m[K
[3.252s] [01m[K/home/kimna/Desktop/autoware.ai/src/autoware/core_planning/pure_pursuit/include/pure_pursuit/stanley.h:111:51:[m[K [01;31m[Kerror: [m[K‘[01m[Kv[m[K’ has not been declared
[3.252s]    double calculate_steering(x, y, yaw, waypoints, [01;31m[Kv[m[K) {
[3.252s]                                                    [01;31m[K^[m[K
[3.252s] [01m[K/home/kimna/Desktop/autoware.ai/src/autoware/core_planning/pure_pursuit/include/pure_pursuit/stanley.h:128:2:[m[K [01;31m[Kerror: [m[Kexpected ‘[01m[K;[m[K’ after class definition
[3.252s]  }
[3.253s]   [01;31m[K^[m[K
[3.253s]   [32m[K;[m[K
[3.253s] [01m[K/home/kimna/Desktop/autoware.ai/src/autoware/core_planning/pure_pursuit/include/pure_pursuit/stanley.h:[m[K In member function ‘[01m[Kdouble Stanley::get_heading_error(geometry_msgs::Point, double)[m[K’:
[3.253s] [01m[K/home/kimna/Desktop/autoware.ai/src/autoware/core_planning/pure_pursuit/include/pure_pursuit/stanley.h:73:34:[m[K [01;31m[Kerror: [m[K‘[01m[Kgeometry_msgs::Point {aka struct geometry_msgs::Point_<std::allocator<void> >}[m[K’ has no member named ‘[01m[Kat[m[K’
[3.253s]      waypoint_delta_x = waypoints.[01;31m[Kat[m[K(1).pose.pose.position.x - waypoints.at(0).pose.pose.position.x;
[3.253s]                                   [01;31m[K^~[m[K
[3.253s] [01m[K/home/kimna/Desktop/autoware.ai/src/autoware/core_planning/pure_pursuit/include/pure_pursuit/stanley.h:73:73:[m[K [01;31m[Kerror: [m[K‘[01m[Kgeometry_msgs::Point {aka struct geometry_msgs::Point_<std::allocator<void> >}[m[K’ has no member named ‘[01m[Kat[m[K’
[3.253s]  waypoint_delta_x = waypoints.at(1).pose.pose.position.x - waypoints.[01;31m[Kat[m[K(0).pose.pose.position.x;
[3.253s]                                                                      [01;31m[K^~[m[K
[3.253s] [01m[K/home/kimna/Desktop/autoware.ai/src/autoware/core_planning/pure_pursuit/include/pure_pursuit/stanley.h:74:34:[m[K [01;31m[Kerror: [m[K‘[01m[Kgeometry_msgs::Point {aka struct geometry_msgs::Point_<std::allocator<void> >}[m[K’ has no member named ‘[01m[Kat[m[K’
[3.253s]      waypoint_delta_y = waypoints.[01;31m[Kat[m[K(1).pose.pose.position.y - waypoints.at(0).pose.pose.position.y;
[3.253s]                                   [01;31m[K^~[m[K
[3.253s] [01m[K/home/kimna/Desktop/autoware.ai/src/autoware/core_planning/pure_pursuit/include/pure_pursuit/stanley.h:74:73:[m[K [01;31m[Kerror: [m[K‘[01m[Kgeometry_msgs::Point {aka struct geometry_msgs::Point_<std::allocator<void> >}[m[K’ has no member named ‘[01m[Kat[m[K’
[3.254s]  waypoint_delta_y = waypoints.at(1).pose.pose.position.y - waypoints.[01;31m[Kat[m[K(0).pose.pose.position.y;
[3.254s]                                                                      [01;31m[K^~[m[K
[3.254s] [01m[K/home/kimna/Desktop/autoware.ai/src/autoware/core_planning/pure_pursuit/include/pure_pursuit/stanley.h:79:29:[m[K [01;31m[Kerror: [m[K‘[01m[KM_[m[K’ was not declared in this scope
[3.254s]      if (heading_error_mod > [01;31m[KM_[m[K PI/2 && heading_error_mod < M_PI) {
[3.254s]                              [01;31m[K^~[m[K
[3.254s] [01m[K/home/kimna/Desktop/autoware.ai/src/autoware/core_planning/pure_pursuit/include/pure_pursuit/stanley.h:79:29:[m[K [01;36m[Knote: [m[Ksuggested alternative: ‘[01m[KM_E[m[K’
[3.254s]      if (heading_error_mod > [01;36m[KM_[m[K PI/2 && heading_error_mod < M_PI) {
[3.254s]                              [01;36m[K^~[m[K
[3.254s]                              [32m[KM_E[m[K
[3.254s] [01m[K/home/kimna/Desktop/autoware.ai/src/autoware/core_planning/pure_pursuit/include/pure_pursuit/stanley.h:79:32:[m[K [01;31m[Kerror: [m[Kexpected ‘[01m[K)[m[K’ before ‘[01m[KPI[m[K’
[3.254s]      if (heading_error_mod > M_ [01;31m[KPI[m[K/2 && heading_error_mod < M_PI) {
[3.254s]                                 [01;31m[K^~[m[K
[3.254s] [01m[K/home/kimna/Desktop/autoware.ai/src/autoware/core_planning/pure_pursuit/include/pure_pursuit/stanley.h:[m[K In member function ‘[01m[Kint Stanley::get_steering_direction(float*, float*)[m[K’:
[3.254s] [01m[K/home/kimna/Desktop/autoware.ai/src/autoware/core_planning/pure_pursuit/include/pure_pursuit/stanley.h:89:8:[m[K [01;31m[Kerror: [m[Kexpected ‘[01m[K([m[K’ before ‘[01m[Kcorss_prod[m[K’
[3.255s]      if [01;31m[Kcorss_prod[m[K >= 0 {
[3.255s]         [01;31m[K^~~~~~~~~~[m[K
[3.255s] [01m[K/home/kimna/Desktop/autoware.ai/src/autoware/core_planning/pure_pursuit/include/pure_pursuit/stanley.h:87:11:[m[K [01;35m[Kwarning: [m[Kunused variable ‘[01m[Kcorss_prod[m[K’ [[01;35m[K-Wunused-variable[m[K]
[3.255s]      float [01;35m[Kcorss_prod[m[K = v1[0]*v2[1] - v1[1]*v2[0];
[3.255s]            [01;35m[K^~~~~~~~~~[m[K
[3.255s] [01m[K/home/kimna/Desktop/autoware.ai/src/autoware/core_planning/pure_pursuit/include/pure_pursuit/stanley.h:[m[K In member function ‘[01m[Kdouble Stanley::get_cte_heading_error(float)[m[K’:
[3.255s] [01m[K/home/kimna/Desktop/autoware.ai/src/autoware/core_planning/pure_pursuit/include/pure_pursuit/stanley.h:105:8:[m[K [01;31m[Kerror: [m[Kexpected ‘[01m[K([m[K’ before ‘[01m[Kcte_heading_error_mod[m[K’
[3.255s]      if [01;31m[Kcte_heading_error_mod[m[K > M_PI/2 and cte_heading_error_mod < M_PI:
[3.255s]         [01;31m[K^~~~~~~~~~~~~~~~~~~~~[m[K
[3.255s] [01m[K/home/kimna/Desktop/autoware.ai/src/autoware/core_planning/pure_pursuit/include/pure_pursuit/stanley.h:108:3:[m[K [01;35m[Kwarning: [m[Kno return statement in function returning non-void [[01;35m[K-Wreturn-type[m[K]
[3.255s]    [01;35m[K}[m[K
[3.255s]    [01;35m[K^[m[K
[3.255s] [01m[K/home/kimna/Desktop/autoware.ai/src/autoware/core_planning/pure_pursuit/include/pure_pursuit/stanley.h:[m[K In member function ‘[01m[Kdouble Stanley::calculate_steering(int, int, int, int, int)[m[K’:
[3.256s] [01m[K/home/kimna/Desktop/autoware.ai/src/autoware/core_planning/pure_pursuit/include/pure_pursuit/stanley.h:112:20:[m[K [01;31m[Kerror: [m[K‘[01m[Kwaypoints[m[K’ was not declared in this scope
[3.256s]      float v1[2] = {[01;31m[Kwaypoints[m[K.at(0).pose.pose.position.x - x, waypoints.at(0).pose.pose.position.y - y};
[3.256s]                     [01;31m[K^~~~~~~~~[m[K
[3.257s] [01m[K/home/kimna/Desktop/autoware.ai/src/autoware/core_planning/pure_pursuit/include/pure_pursuit/stanley.h:112:20:[m[K [01;36m[Knote: [m[Ksuggested alternative: ‘[01m[KWayPoints[m[K’
[3.257s]      float v1[2] = {[01;36m[Kwaypoints[m[K.at(0).pose.pose.position.x - x, waypoints.at(0).pose.pose.position.y - y};
[3.257s]                     [01;36m[K^~~~~~~~~[m[K
[3.257s]                     [32m[KWayPoints[m[K
[3.257s] [01m[K/home/kimna/Desktop/autoware.ai/src/autoware/core_planning/pure_pursuit/include/pure_pursuit/stanley.h:112:59:[m[K [01;31m[Kerror: [m[K‘[01m[Kx[m[K’ was not declared in this scope
[3.257s]      float v1[2] = {waypoints.at(0).pose.pose.position.x - [01;31m[Kx[m[K, waypoints.at(0).pose.pose.position.y - y};
[3.257s]                                                            [01;31m[K^[m[K
[3.258s] [01m[K/home/kimna/Desktop/autoware.ai/src/autoware/core_planning/pure_pursuit/include/pure_pursuit/stanley.h:112:101:[m[K [01;31m[Kerror: [m[K‘[01m[Ky[m[K’ was not declared in this scope
[3.258s]  ints.at(0).pose.pose.position.x - x, waypoints.at(0).pose.pose.position.y - [01;31m[Ky[m[K};
[3.258s]                                                                              [01;31m[K^[m[K
[3.260s] [01m[K/home/kimna/Desktop/autoware.ai/src/autoware/core_planning/pure_pursuit/include/pure_pursuit/stanley.h:112:101:[m[K [01;36m[Knote: [m[Ksuggested alternative: ‘[01m[Kyn[m[K’
[3.260s]  ints.at(0).pose.pose.position.x - x, waypoints.at(0).pose.pose.position.y - [01;36m[Ky[m[K};
[3.260s]                                                                              [01;36m[K^[m[K
[3.260s]                                                                                                      [32m[Kyn[m[K
[3.260s] [01m[K/home/kimna/Desktop/autoware.ai/src/autoware/core_planning/pure_pursuit/include/pure_pursuit/stanley.h:113:24:[m[K [01;31m[Kerror: [m[K‘[01m[Kyaw[m[K’ was not declared in this scope
[3.260s]      float v2[2] = {cos([01;31m[Kyaw[m[K), sin(yaw)};
[3.260s]                         [01;31m[K^~~[m[K
[3.261s] [01m[K/home/kimna/Desktop/autoware.ai/src/autoware/core_planning/pure_pursuit/include/pure_pursuit/stanley.h:120:72:[m[K [01;31m[Kerror: [m[K‘[01m[Kv[m[K’ was not declared in this scope
[3.261s]      cte_error = get_steering_direction(v1, v2) * get_cte_heading_error([01;31m[Kv[m[K);
[3.261s]                                                                         [01;31m[K^[m[K
[3.262s] [01m[K/home/kimna/Desktop/autoware.ai/src/autoware/core_planning/pure_pursuit/include/pure_pursuit/stanley.h:120:72:[m[K [01;36m[Knote: [m[Ksuggested alternative: ‘[01m[Kv2[m[K’
[3.262s]      cte_error = get_steering_direction(v1, v2) * get_cte_heading_error([01;36m[Kv[m[K);
[3.262s]                                                                         [01;36m[K^[m[K
[3.262s]                                                                         [32m[Kv2[m[K
[4.311s] CMakeFiles/pure_pursuit.dir/build.make:110: recipe for target 'CMakeFiles/pure_pursuit.dir/src/pure_pursuit_core.cpp.o' failed
[4.312s] make[2]: *** [CMakeFiles/pure_pursuit.dir/src/pure_pursuit_core.cpp.o] Error 1
[4.312s] make[1]: *** [CMakeFiles/pure_pursuit.dir/all] Error 2
[4.312s] CMakeFiles/Makefile2:444: recipe for target 'CMakeFiles/pure_pursuit.dir/all' failed
[4.312s] make: *** [all] Error 2
[4.312s] Makefile:140: recipe for target 'all' failed
