[0.148s] [  0%] Built target autoware_config_msgs_generate_messages_lisp
[0.153s] [  0%] Built target pcl_msgs_generate_messages_eus
[0.159s] [  0%] Built target autoware_system_msgs_generate_messages_lisp
[0.164s] [  0%] Built target jsk_recognition_msgs_generate_messages_lisp
[0.165s] [  0%] Built target jsk_recognition_msgs_generate_messages_eus
[0.165s] [  0%] Built target rosgraph_msgs_generate_messages_eus
[0.169s] [  0%] Built target actionlib_generate_messages_cpp
[0.172s] [  0%] Built target geometry_msgs_generate_messages_py
[0.232s] [  0%] Built target sensor_msgs_generate_messages_nodejs
[0.237s] [  0%] Built target autoware_system_msgs_generate_messages_py
[0.240s] [  0%] Built target _catkin_empty_exported_target
[0.254s] [  0%] Built target autoware_msgs_generate_messages_cpp
[0.255s] [  0%] Built target roscpp_generate_messages_cpp
[0.265s] [  0%] Built target sensor_msgs_generate_messages_eus
[0.265s] [  0%] Built target sensor_msgs_generate_messages_cpp
[0.267s] [  0%] Built target tf2_msgs_generate_messages_cpp
[0.282s] [  0%] Built target std_msgs_generate_messages_py
[0.298s] [  0%] Built target autoware_msgs_generate_messages_py
[0.319s] [  0%] Built target pcl_msgs_generate_messages_nodejs
[0.328s] [  0%] Built target std_msgs_generate_messages_nodejs
[0.332s] [  0%] Built target rosgraph_msgs_generate_messages_cpp
[0.337s] [  0%] Built target sensor_msgs_generate_messages_py
[0.355s] [  0%] Built target jsk_recognition_msgs_generate_messages_py
[0.355s] [  0%] Built target sensor_msgs_generate_messages_lisp
[0.363s] [  0%] Built target tf_generate_messages_py
[0.390s] [  0%] Built target std_msgs_generate_messages_cpp
[0.406s] [  0%] Built target actionlib_msgs_generate_messages_nodejs
[0.409s] [  0%] Built target std_msgs_generate_messages_lisp
[0.420s] [  0%] Built target geometry_msgs_generate_messages_eus
[0.424s] [  0%] Built target jsk_footstep_msgs_generate_messages_py
[0.428s] [  0%] Built target autoware_system_msgs_generate_messages_cpp
[0.435s] [  0%] Built target roscpp_generate_messages_nodejs
[0.439s] [  0%] Built target geometry_msgs_generate_messages_nodejs
[0.463s] [  0%] Built target geometry_msgs_generate_messages_lisp
[0.472s] [  0%] Built target pcl_msgs_generate_messages_cpp
[0.489s] [  0%] Built target jsk_recognition_msgs_generate_messages_cpp
[0.494s] [  0%] Built target autoware_msgs_generate_messages_nodejs
[0.495s] [  0%] Built target std_msgs_generate_messages_eus
[0.504s] [  0%] Built target autoware_msgs_generate_messages_lisp
[0.504s] [  0%] Built target autoware_msgs_generate_messages_eus
[0.545s] [  0%] Built target jsk_footstep_msgs_generate_messages_eus
[0.555s] [  0%] Built target actionlib_msgs_generate_messages_py
[0.557s] [  0%] Built target autoware_config_msgs_generate_messages_eus
[0.577s] [  0%] Built target autoware_system_msgs_generate_messages_nodejs
[0.579s] [  0%] Built target jsk_footstep_msgs_generate_messages_lisp
[0.579s] [  0%] Built target actionlib_msgs_generate_messages_lisp
[0.588s] [  0%] Built target jsk_footstep_msgs_generate_messages_nodejs
[0.602s] [  0%] Built target jsk_footstep_msgs_generate_messages_cpp
[0.612s] [  0%] Built target tf_generate_messages_eus
[0.614s] [  0%] Built target actionlib_msgs_generate_messages_cpp
[0.637s] [  0%] Built target autoware_config_msgs_generate_messages_nodejs
[0.640s] [  0%] Built target tf_generate_messages_lisp
[0.646s] [  0%] Built target tf_generate_messages_nodejs
[0.667s] [  0%] Built target jsk_recognition_msgs_generate_messages_nodejs
[0.671s] [  0%] Built target roscpp_generate_messages_py
[0.673s] [  0%] Built target roscpp_generate_messages_lisp
[0.684s] [  0%] Built target rosgraph_msgs_generate_messages_lisp
[0.693s] [  0%] Built target autoware_config_msgs_generate_messages_cpp
[0.708s] [  0%] Built target actionlib_msgs_generate_messages_eus
[0.712s] [  0%] Built target roscpp_generate_messages_eus
[0.712s] [  0%] Built target rosgraph_msgs_generate_messages_nodejs
[0.733s] [  0%] Built target autoware_config_msgs_generate_messages_py
[0.751s] [  0%] Built target rosgraph_msgs_generate_messages_py
[0.754s] [  0%] Built target pcl_msgs_generate_messages_py
[0.771s] [  0%] Built target actionlib_generate_messages_eus
[0.772s] [  0%] Built target geometry_msgs_generate_messages_cpp
[0.778s] [  0%] Built target actionlib_generate_messages_lisp
[0.786s] [  0%] Built target tf_generate_messages_cpp
[0.800s] [  0%] Built target pcl_msgs_generate_messages_lisp
[0.817s] [  0%] Built target actionlib_generate_messages_nodejs
[0.828s] [  0%] Built target tf2_msgs_generate_messages_eus
[0.829s] [  0%] Built target autoware_system_msgs_generate_messages_eus
[0.843s] [  0%] Built target tf2_msgs_generate_messages_py
[0.843s] [  0%] Built target actionlib_generate_messages_py
[0.850s] [  0%] Built target tf2_msgs_generate_messages_nodejs
[0.855s] [  0%] Built target tf2_msgs_generate_messages_lisp
[0.899s] [ 20%] [32mBuilding CXX object CMakeFiles/pure_pursuit.dir/src/pure_pursuit_core.cpp.o[0m
[4.311s] CMakeFiles/pure_pursuit.dir/build.make:110: recipe for target 'CMakeFiles/pure_pursuit.dir/src/pure_pursuit_core.cpp.o' failed
[4.312s] CMakeFiles/Makefile2:444: recipe for target 'CMakeFiles/pure_pursuit.dir/all' failed
[4.312s] Makefile:140: recipe for target 'all' failed
