[0.143s] [  0%] Built target autoware_config_msgs_generate_messages_lisp
[0.149s] [  0%] Built target actionlib_generate_messages_cpp
[0.151s] [  0%] Built target jsk_recognition_msgs_generate_messages_lisp
[0.154s] [  0%] Built target geometry_msgs_generate_messages_py
[0.165s] [  0%] Built target autoware_system_msgs_generate_messages_lisp
[0.165s] [  0%] Built target rosgraph_msgs_generate_messages_eus
[0.170s] [  0%] Built target jsk_recognition_msgs_generate_messages_eus
[0.173s] [  0%] Built target pcl_msgs_generate_messages_eus
[0.216s] [  0%] Built target sensor_msgs_generate_messages_eus
[0.230s] [  0%] Built target autoware_system_msgs_generate_messages_py
[0.236s] [  0%] Built target roscpp_generate_messages_cpp
[0.236s] [  0%] Built target _catkin_empty_exported_target
[0.237s] [  0%] Built target sensor_msgs_generate_messages_cpp
[0.244s] [  0%] Built target sensor_msgs_generate_messages_nodejs
[0.254s] [  0%] Built target autoware_msgs_generate_messages_cpp
[0.260s] [  0%] Built target tf2_msgs_generate_messages_cpp
[0.307s] [  0%] Built target rosgraph_msgs_generate_messages_cpp
[0.309s] [  0%] Built target std_msgs_generate_messages_py
[0.318s] [  0%] Built target pcl_msgs_generate_messages_nodejs
[0.325s] [  0%] Built target sensor_msgs_generate_messages_lisp
[0.326s] [  0%] Built target autoware_msgs_generate_messages_py
[0.331s] [  0%] Built target jsk_recognition_msgs_generate_messages_py
[0.333s] [  0%] Built target sensor_msgs_generate_messages_py
[0.352s] [  0%] Built target std_msgs_generate_messages_nodejs
[0.376s] [  0%] Built target tf_generate_messages_py
[0.392s] [  0%] Built target std_msgs_generate_messages_cpp
[0.394s] [  0%] Built target geometry_msgs_generate_messages_eus
[0.396s] [  0%] Built target jsk_footstep_msgs_generate_messages_py
[0.402s] [  0%] Built target actionlib_msgs_generate_messages_nodejs
[0.426s] [  0%] Built target std_msgs_generate_messages_lisp
[0.441s] [  0%] Built target roscpp_generate_messages_nodejs
[0.462s] [  0%] Built target geometry_msgs_generate_messages_nodejs
[0.467s] [  0%] Built target autoware_system_msgs_generate_messages_cpp
[0.475s] [  0%] Built target jsk_recognition_msgs_generate_messages_cpp
[0.491s] [  0%] Built target pcl_msgs_generate_messages_cpp
[0.492s] [  0%] Built target autoware_msgs_generate_messages_eus
[0.499s] [  0%] Built target geometry_msgs_generate_messages_lisp
[0.508s] [  0%] Built target autoware_msgs_generate_messages_lisp
[0.527s] [  0%] Built target std_msgs_generate_messages_eus
[0.530s] [  0%] Built target jsk_footstep_msgs_generate_messages_eus
[0.542s] [  0%] Built target autoware_msgs_generate_messages_nodejs
[0.561s] [  0%] Built target autoware_config_msgs_generate_messages_eus
[0.568s] [  0%] Built target actionlib_msgs_generate_messages_py
[0.572s] [  0%] Built target jsk_footstep_msgs_generate_messages_lisp
[0.585s] [  0%] Built target actionlib_msgs_generate_messages_lisp
[0.596s] [  0%] Built target jsk_footstep_msgs_generate_messages_nodejs
[0.613s] [  0%] Built target autoware_system_msgs_generate_messages_nodejs
[0.624s] [  0%] Built target tf_generate_messages_eus
[0.634s] [  0%] Built target actionlib_msgs_generate_messages_cpp
[0.636s] [  0%] Built target tf_generate_messages_lisp
[0.646s] [  0%] Built target jsk_footstep_msgs_generate_messages_cpp
[0.664s] [  0%] Built target autoware_config_msgs_generate_messages_nodejs
[0.689s] [  0%] Built target tf_generate_messages_nodejs
[0.693s] [  0%] Built target jsk_recognition_msgs_generate_messages_nodejs
[0.696s] [  0%] Built target roscpp_generate_messages_lisp
[0.715s] [  0%] Built target autoware_config_msgs_generate_messages_cpp
[0.722s] [  0%] Built target rosgraph_msgs_generate_messages_lisp
[0.725s] [  0%] Built target roscpp_generate_messages_py
[0.747s] [  0%] Built target actionlib_msgs_generate_messages_eus
[0.754s] [  0%] Built target rosgraph_msgs_generate_messages_nodejs
[0.754s] [  0%] Built target roscpp_generate_messages_eus
[0.775s] [  0%] Built target pcl_msgs_generate_messages_py
[0.788s] [  0%] Built target rosgraph_msgs_generate_messages_py
[0.804s] [  0%] Built target autoware_config_msgs_generate_messages_py
[0.810s] [  0%] Built target geometry_msgs_generate_messages_cpp
[0.814s] [  0%] Built target actionlib_generate_messages_eus
[0.814s] [  0%] Built target actionlib_generate_messages_lisp
[0.866s] [  0%] Built target tf_generate_messages_cpp
[0.866s] [  0%] Built target pcl_msgs_generate_messages_lisp
[0.867s] [  0%] Built target actionlib_generate_messages_nodejs
[0.875s] [  0%] Built target tf2_msgs_generate_messages_eus
[0.892s] [  0%] Built target autoware_system_msgs_generate_messages_eus
[0.895s] [  0%] Built target tf2_msgs_generate_messages_py
[0.897s] [  0%] Built target tf2_msgs_generate_messages_lisp
[0.903s] [  0%] Built target actionlib_generate_messages_py
[0.920s] [  0%] Built target tf2_msgs_generate_messages_nodejs
[0.963s] [ 20%] [32mBuilding CXX object CMakeFiles/pure_pursuit.dir/src/pure_pursuit_core.cpp.o[0m
[7.902s] CMakeFiles/pure_pursuit.dir/build.make:110: recipe for target 'CMakeFiles/pure_pursuit.dir/src/pure_pursuit_core.cpp.o' failed
[7.903s] CMakeFiles/Makefile2:444: recipe for target 'CMakeFiles/pure_pursuit.dir/all' failed
[7.903s] Makefile:140: recipe for target 'all' failed
