[0.116s] [  0%] Built target actionlib_generate_messages_cpp
[0.116s] [  0%] Built target autoware_config_msgs_generate_messages_lisp
[0.117s] [  0%] Built target jsk_recognition_msgs_generate_messages_lisp
[0.118s] [  0%] Built target rosgraph_msgs_generate_messages_eus
[0.120s] [  0%] Built target jsk_recognition_msgs_generate_messages_eus
[0.120s] [  0%] Built target geometry_msgs_generate_messages_py
[0.121s] [  0%] Built target pcl_msgs_generate_messages_eus
[0.126s] [  0%] Built target autoware_system_msgs_generate_messages_lisp
[0.167s] [  0%] Built target sensor_msgs_generate_messages_cpp
[0.170s] [  0%] Built target sensor_msgs_generate_messages_eus
[0.175s] [  0%] Built target sensor_msgs_generate_messages_nodejs
[0.175s] [  0%] Built target autoware_system_msgs_generate_messages_py
[0.179s] [  0%] Built target roscpp_generate_messages_cpp
[0.182s] [  0%] Built target _catkin_empty_exported_target
[0.185s] [  0%] Built target autoware_msgs_generate_messages_cpp
[0.189s] [  0%] Built target tf2_msgs_generate_messages_cpp
[0.216s] [  0%] Built target std_msgs_generate_messages_py
[0.224s] [  0%] Built target rosgraph_msgs_generate_messages_cpp
[0.225s] [  0%] Built target std_msgs_generate_messages_nodejs
[0.228s] [  0%] Built target pcl_msgs_generate_messages_nodejs
[0.231s] [  0%] Built target autoware_msgs_generate_messages_py
[0.232s] [  0%] Built target jsk_recognition_msgs_generate_messages_py
[0.236s] [  0%] Built target sensor_msgs_generate_messages_py
[0.237s] [  0%] Built target sensor_msgs_generate_messages_lisp
[0.269s] [  0%] Built target tf_generate_messages_py
[0.277s] [  0%] Built target actionlib_msgs_generate_messages_nodejs
[0.277s] [  0%] Built target std_msgs_generate_messages_cpp
[0.278s] [  0%] Built target jsk_footstep_msgs_generate_messages_py
[0.286s] [  0%] Built target geometry_msgs_generate_messages_eus
[0.289s] [  0%] Built target autoware_system_msgs_generate_messages_cpp
[0.289s] [  0%] Built target std_msgs_generate_messages_lisp
[0.296s] [  0%] Built target roscpp_generate_messages_nodejs
[0.322s] [  0%] Built target geometry_msgs_generate_messages_nodejs
[0.330s] [  0%] Built target jsk_recognition_msgs_generate_messages_cpp
[0.330s] [  0%] Built target pcl_msgs_generate_messages_cpp
[0.333s] [  0%] Built target geometry_msgs_generate_messages_lisp
[0.337s] [  0%] Built target autoware_msgs_generate_messages_lisp
[0.338s] [  0%] Built target std_msgs_generate_messages_eus
[0.344s] [  0%] Built target autoware_msgs_generate_messages_eus
[0.355s] [  0%] Built target autoware_msgs_generate_messages_nodejs
[0.380s] [  0%] Built target jsk_footstep_msgs_generate_messages_eus
[0.381s] [  0%] Built target actionlib_msgs_generate_messages_py
[0.381s] [  0%] Built target autoware_config_msgs_generate_messages_eus
[0.386s] [  0%] Built target jsk_footstep_msgs_generate_messages_lisp
[0.389s] [  0%] Built target autoware_system_msgs_generate_messages_nodejs
[0.399s] [  0%] Built target actionlib_msgs_generate_messages_lisp
[0.403s] [  0%] Built target jsk_footstep_msgs_generate_messages_nodejs
[0.404s] [  0%] Built target jsk_footstep_msgs_generate_messages_cpp
[0.429s] [  0%] Built target tf_generate_messages_lisp
[0.429s] [  0%] Built target tf_generate_messages_eus
[0.429s] [  0%] Built target actionlib_msgs_generate_messages_cpp
[0.434s] [  0%] Built target autoware_config_msgs_generate_messages_nodejs
[0.442s] [  0%] Built target tf_generate_messages_nodejs
[0.450s] [  0%] Built target jsk_recognition_msgs_generate_messages_nodejs
[0.455s] [  0%] Built target roscpp_generate_messages_py
[0.458s] [  0%] Built target roscpp_generate_messages_lisp
[0.478s] [  0%] Built target rosgraph_msgs_generate_messages_lisp
[0.479s] [  0%] Built target autoware_config_msgs_generate_messages_cpp
[0.483s] [  0%] Built target rosgraph_msgs_generate_messages_nodejs
[0.492s] [  0%] Built target roscpp_generate_messages_eus
[0.497s] [  0%] Built target actionlib_msgs_generate_messages_eus
[0.497s] [  0%] Built target rosgraph_msgs_generate_messages_py
[0.506s] [  0%] Built target pcl_msgs_generate_messages_py
[0.507s] [  0%] Built target autoware_config_msgs_generate_messages_py
[0.528s] [  0%] Built target actionlib_generate_messages_eus
[0.530s] [  0%] Built target actionlib_generate_messages_lisp
[0.531s] [  0%] Built target geometry_msgs_generate_messages_cpp
[0.546s] [  0%] Built target tf_generate_messages_cpp
[0.547s] [  0%] Built target actionlib_generate_messages_nodejs
[0.547s] [  0%] Built target pcl_msgs_generate_messages_lisp
[0.559s] [  0%] Built target tf2_msgs_generate_messages_eus
[0.566s] [  0%] Built target autoware_system_msgs_generate_messages_eus
[0.570s] [  0%] Built target actionlib_generate_messages_py
[0.574s] [  0%] Built target tf2_msgs_generate_messages_py
[0.575s] [  0%] Built target tf2_msgs_generate_messages_lisp
[0.589s] [  0%] Built target tf2_msgs_generate_messages_nodejs
[0.624s] [ 40%] [32mBuilding CXX object CMakeFiles/pure_pursuit.dir/src/pure_pursuit_node.cpp.o[0m
[0.624s] [ 40%] [32mBuilding CXX object CMakeFiles/pure_pursuit.dir/src/pure_pursuit_core.cpp.o[0m
[2.996s] CMakeFiles/pure_pursuit.dir/build.make:62: recipe for target 'CMakeFiles/pure_pursuit.dir/src/pure_pursuit_node.cpp.o' failed
[3.467s] CMakeFiles/pure_pursuit.dir/build.make:110: recipe for target 'CMakeFiles/pure_pursuit.dir/src/pure_pursuit_core.cpp.o' failed
[3.467s] CMakeFiles/Makefile2:444: recipe for target 'CMakeFiles/pure_pursuit.dir/all' failed
[3.468s] Makefile:140: recipe for target 'all' failed
