[0.116s] [  0%] Built target actionlib_generate_messages_cpp
[0.116s] [  0%] Built target autoware_config_msgs_generate_messages_lisp
[0.117s] [  0%] Built target jsk_recognition_msgs_generate_messages_lisp
[0.118s] [  0%] Built target rosgraph_msgs_generate_messages_eus
[0.120s] [  0%] Built target jsk_recognition_msgs_generate_messages_eus
[0.120s] [  0%] Built target geometry_msgs_generate_messages_py
[0.121s] [  0%] Built target pcl_msgs_generate_messages_eus
[0.126s] [  0%] Built target autoware_system_msgs_generate_messages_lisp
[0.167s] [  0%] Built target sensor_msgs_generate_messages_cpp
[0.170s] [  0%] Built target sensor_msgs_generate_messages_eus
[0.175s] [  0%] Built target sensor_msgs_generate_messages_nodejs
[0.175s] [  0%] Built target autoware_system_msgs_generate_messages_py
[0.179s] [  0%] Built target roscpp_generate_messages_cpp
[0.182s] [  0%] Built target _catkin_empty_exported_target
[0.185s] [  0%] Built target autoware_msgs_generate_messages_cpp
[0.189s] [  0%] Built target tf2_msgs_generate_messages_cpp
[0.216s] [  0%] Built target std_msgs_generate_messages_py
[0.224s] [  0%] Built target rosgraph_msgs_generate_messages_cpp
[0.225s] [  0%] Built target std_msgs_generate_messages_nodejs
[0.228s] [  0%] Built target pcl_msgs_generate_messages_nodejs
[0.231s] [  0%] Built target autoware_msgs_generate_messages_py
[0.232s] [  0%] Built target jsk_recognition_msgs_generate_messages_py
[0.236s] [  0%] Built target sensor_msgs_generate_messages_py
[0.237s] [  0%] Built target sensor_msgs_generate_messages_lisp
[0.269s] [  0%] Built target tf_generate_messages_py
[0.277s] [  0%] Built target actionlib_msgs_generate_messages_nodejs
[0.277s] [  0%] Built target std_msgs_generate_messages_cpp
[0.278s] [  0%] Built target jsk_footstep_msgs_generate_messages_py
[0.286s] [  0%] Built target geometry_msgs_generate_messages_eus
[0.289s] [  0%] Built target autoware_system_msgs_generate_messages_cpp
[0.289s] [  0%] Built target std_msgs_generate_messages_lisp
[0.296s] [  0%] Built target roscpp_generate_messages_nodejs
[0.322s] [  0%] Built target geometry_msgs_generate_messages_nodejs
[0.330s] [  0%] Built target jsk_recognition_msgs_generate_messages_cpp
[0.330s] [  0%] Built target pcl_msgs_generate_messages_cpp
[0.333s] [  0%] Built target geometry_msgs_generate_messages_lisp
[0.337s] [  0%] Built target autoware_msgs_generate_messages_lisp
[0.338s] [  0%] Built target std_msgs_generate_messages_eus
[0.344s] [  0%] Built target autoware_msgs_generate_messages_eus
[0.355s] [  0%] Built target autoware_msgs_generate_messages_nodejs
[0.380s] [  0%] Built target jsk_footstep_msgs_generate_messages_eus
[0.381s] [  0%] Built target actionlib_msgs_generate_messages_py
[0.381s] [  0%] Built target autoware_config_msgs_generate_messages_eus
[0.386s] [  0%] Built target jsk_footstep_msgs_generate_messages_lisp
[0.389s] [  0%] Built target autoware_system_msgs_generate_messages_nodejs
[0.399s] [  0%] Built target actionlib_msgs_generate_messages_lisp
[0.403s] [  0%] Built target jsk_footstep_msgs_generate_messages_nodejs
[0.404s] [  0%] Built target jsk_footstep_msgs_generate_messages_cpp
[0.429s] [  0%] Built target tf_generate_messages_lisp
[0.429s] [  0%] Built target tf_generate_messages_eus
[0.429s] [  0%] Built target actionlib_msgs_generate_messages_cpp
[0.434s] [  0%] Built target autoware_config_msgs_generate_messages_nodejs
[0.442s] [  0%] Built target tf_generate_messages_nodejs
[0.450s] [  0%] Built target jsk_recognition_msgs_generate_messages_nodejs
[0.455s] [  0%] Built target roscpp_generate_messages_py
[0.458s] [  0%] Built target roscpp_generate_messages_lisp
[0.478s] [  0%] Built target rosgraph_msgs_generate_messages_lisp
[0.479s] [  0%] Built target autoware_config_msgs_generate_messages_cpp
[0.483s] [  0%] Built target rosgraph_msgs_generate_messages_nodejs
[0.492s] [  0%] Built target roscpp_generate_messages_eus
[0.497s] [  0%] Built target actionlib_msgs_generate_messages_eus
[0.497s] [  0%] Built target rosgraph_msgs_generate_messages_py
[0.506s] [  0%] Built target pcl_msgs_generate_messages_py
[0.507s] [  0%] Built target autoware_config_msgs_generate_messages_py
[0.528s] [  0%] Built target actionlib_generate_messages_eus
[0.530s] [  0%] Built target actionlib_generate_messages_lisp
[0.531s] [  0%] Built target geometry_msgs_generate_messages_cpp
[0.546s] [  0%] Built target tf_generate_messages_cpp
[0.547s] [  0%] Built target actionlib_generate_messages_nodejs
[0.547s] [  0%] Built target pcl_msgs_generate_messages_lisp
[0.559s] [  0%] Built target tf2_msgs_generate_messages_eus
[0.566s] [  0%] Built target autoware_system_msgs_generate_messages_eus
[0.570s] [  0%] Built target actionlib_generate_messages_py
[0.574s] [  0%] Built target tf2_msgs_generate_messages_py
[0.575s] [  0%] Built target tf2_msgs_generate_messages_lisp
[0.589s] [  0%] Built target tf2_msgs_generate_messages_nodejs
[0.624s] [ 40%] [32mBuilding CXX object CMakeFiles/pure_pursuit.dir/src/pure_pursuit_node.cpp.o[0m
[0.624s] [ 40%] [32mBuilding CXX object CMakeFiles/pure_pursuit.dir/src/pure_pursuit_core.cpp.o[0m
[1.928s] In file included from [01m[K/home/kimna/Desktop/autoware.ai/src/autoware/core_planning/pure_pursuit/include/pure_pursuit/pure_pursuit_core.h:28:0[m[K,
[1.928s]                  from [01m[K/home/kimna/Desktop/autoware.ai/src/autoware/core_planning/pure_pursuit/src/pure_pursuit_node.cpp:21[m[K:
[1.928s] [01m[K/home/kimna/Desktop/autoware.ai/install/autoware_config_msgs/include/autoware_config_msgs/ConfigWaypointFollower.h:77:24:[m[K [01;31m[Kerror: [m[Kredeclaration of ‘[01m[Kautoware_config_msgs::ConfigWaypointFollower_<ContainerAllocator>::_stanley_factor_type autoware_config_msgs::ConfigWaypointFollower_<ContainerAllocator>::relative_angle_threshold[m[K’
[1.929s]    _stanley_factor_type [01;31m[Krelative_angle_threshold[m[K;
[1.929s]                         [01;31m[K^~~~~~~~~~~~~~~~~~~~~~~~[m[K
[1.929s] [01m[K/home/kimna/Desktop/autoware.ai/install/autoware_config_msgs/include/autoware_config_msgs/ConfigWaypointFollower.h:73:34:[m[K [01;36m[Knote: [m[Kprevious declaration ‘[01m[Kautoware_config_msgs::ConfigWaypointFollower_<ContainerAllocator>::_relative_angle_threshold_type autoware_config_msgs::ConfigWaypointFollower_<ContainerAllocator>::relative_angle_threshold[m[K’
[1.929s]    _relative_angle_threshold_type [01;36m[Krelative_angle_threshold[m[K;
[1.929s]                                   [01;36m[K^~~~~~~~~~~~~~~~~~~~~~~~[m[K
[1.935s] In file included from [01m[K/home/kimna/Desktop/autoware.ai/src/autoware/core_planning/pure_pursuit/include/pure_pursuit/pure_pursuit_core.h:28:0[m[K,
[1.935s]                  from [01m[K/home/kimna/Desktop/autoware.ai/src/autoware/core_planning/pure_pursuit/src/pure_pursuit_core.cpp:18[m[K:
[1.935s] [01m[K/home/kimna/Desktop/autoware.ai/install/autoware_config_msgs/include/autoware_config_msgs/ConfigWaypointFollower.h:77:24:[m[K [01;31m[Kerror: [m[Kredeclaration of ‘[01m[Kautoware_config_msgs::ConfigWaypointFollower_<ContainerAllocator>::_stanley_factor_type autoware_config_msgs::ConfigWaypointFollower_<ContainerAllocator>::relative_angle_threshold[m[K’
[1.935s]    _stanley_factor_type [01;31m[Krelative_angle_threshold[m[K;
[1.935s]                         [01;31m[K^~~~~~~~~~~~~~~~~~~~~~~~[m[K
[1.935s] [01m[K/home/kimna/Desktop/autoware.ai/install/autoware_config_msgs/include/autoware_config_msgs/ConfigWaypointFollower.h:73:34:[m[K [01;36m[Knote: [m[Kprevious declaration ‘[01m[Kautoware_config_msgs::ConfigWaypointFollower_<ContainerAllocator>::_relative_angle_threshold_type autoware_config_msgs::ConfigWaypointFollower_<ContainerAllocator>::relative_angle_threshold[m[K’
[1.935s]    _relative_angle_threshold_type [01;36m[Krelative_angle_threshold[m[K;
[1.935s]                                   [01;36m[K^~~~~~~~~~~~~~~~~~~~~~~~[m[K
[2.569s] [01m[K/home/kimna/Desktop/autoware.ai/src/autoware/core_planning/pure_pursuit/src/pure_pursuit_core.cpp:[m[K In member function ‘[01m[Kvoid waypoint_follower::PurePursuitNode::initForROS()[m[K’:
[2.570s] [01m[K/home/kimna/Desktop/autoware.ai/src/autoware/core_planning/pure_pursuit/src/pure_pursuit_core.cpp:72:23:[m[K [01;31m[Kerror: [m[K‘[01m[Kstanley_factor_[m[K’ was not declared in this scope
[2.570s]      "stanley_factor", [01;31m[Kstanley_factor_[m[K, 0.0);
[2.570s]                        [01;31m[K^~~~~~~~~~~~~~~[m[K
[2.577s] [01m[K/home/kimna/Desktop/autoware.ai/src/autoware/core_planning/pure_pursuit/src/pure_pursuit_core.cpp:77:3:[m[K [01;31m[Kerror: [m[Kexpected ‘[01m[K;[m[K’ before ‘[01m[Ksub1_[m[K’
[2.577s]    [01;31m[Ksub1_[m[K = nh_.subscribe("final_waypoints", 10,
[2.577s]    [01;31m[K^~~~~[m[K
[2.580s] In file included from [01m[K/opt/ros/melodic/include/ros/ros.h:40:0[m[K,
[2.580s]                  from [01m[K/home/kimna/Desktop/autoware.ai/src/autoware/core_planning/pure_pursuit/include/pure_pursuit/pure_pursuit_core.h:23[m[K,
[2.580s]                  from [01m[K/home/kimna/Desktop/autoware.ai/src/autoware/core_planning/pure_pursuit/src/pure_pursuit_core.cpp:18[m[K:
[2.580s] [01m[K/home/kimna/Desktop/autoware.ai/src/autoware/core_planning/pure_pursuit/src/pure_pursuit_core.cpp:[m[K In member function ‘[01m[Kvoid waypoint_follower::PurePursuitNode::run()[m[K’:
[2.580s] [01m[K/home/kimna/Desktop/autoware.ai/src/autoware/core_planning/pure_pursuit/src/pure_pursuit_core.cpp:210:32:[m[K [01;31m[Kerror: [m[K‘[01m[Kstanley_factor_[m[K’ was not declared in this scope
[2.580s]        ROS_WARN_STREAM("cfg "<< [01;31m[Ks[m[Ktanley_factor_ << std::endl);
[2.580s]                                 [01;31m[K^[m[K
[2.580s] [01m[K/opt/ros/melodic/include/ros/console.h:358:64:[m[K [01;36m[Knote: [m[Kin definition of macro ‘[01m[KROSCONSOLE_PRINT_STREAM_AT_LOCATION_WITH_FILTER[m[K’
[2.580s]      __rosconsole_print_stream_at_location_with_filter__ss__ << [01;36m[Kargs[m[K; \
[2.581s]                                                                 [01;36m[K^~~~[m[K
[2.581s] [01m[K/opt/ros/melodic/include/ros/console.h:406:7:[m[K [01;36m[Knote: [m[Kin expansion of macro ‘[01m[KROSCONSOLE_PRINT_STREAM_AT_LOCATION[m[K’
[2.581s]        [01;36m[KROSCONSOLE_PRINT_STREAM_AT_LOCATION[m[K(args); \
[2.581s]        [01;36m[K^~~~~~~~~~~~~~~~~~~~~~~~~~~~~~~~~~~[m[K
[2.581s] [01m[K/opt/ros/melodic/include/ros/console.h:579:43:[m[K [01;36m[Knote: [m[Kin expansion of macro ‘[01m[KROS_LOG_STREAM_COND[m[K’
[2.581s]  #define ROS_LOG_STREAM(level, name, args) [01;36m[KROS_LOG_STREAM_COND[m[K(true, level, name, args)
[2.581s]                                            [01;36m[K^~~~~~~~~~~~~~~~~~~[m[K
[2.581s] [01m[K/opt/ros/melodic/include/rosconsole/macros_generated.h:163:31:[m[K [01;36m[Knote: [m[Kin expansion of macro ‘[01m[KROS_LOG_STREAM[m[K’
[2.581s]  #define ROS_WARN_STREAM(args) [01;36m[KROS_LOG_STREAM[m[K(::ros::console::levels::Warn, ROSCONSOLE_DEFAULT_NAME, args)
[2.581s]                                [01;36m[K^~~~~~~~~~~~~~[m[K
[2.581s] [01m[K/home/kimna/Desktop/autoware.ai/src/autoware/core_planning/pure_pursuit/src/pure_pursuit_core.cpp:210:7:[m[K [01;36m[Knote: [m[Kin expansion of macro ‘[01m[KROS_WARN_STREAM[m[K’
[2.581s]        [01;36m[KR[m[KOS_WARN_STREAM("cfg "<< stanley_factor_ << std::endl);
[2.582s]        [01;36m[K^[m[K
[2.593s] [01m[K/home/kimna/Desktop/autoware.ai/src/autoware/core_planning/pure_pursuit/src/pure_pursuit_core.cpp:[m[K In member function ‘[01m[Kdouble waypoint_follower::PurePursuitNode::computeCommandAccel() const[m[K’:
[2.593s] [01m[K/home/kimna/Desktop/autoware.ai/src/autoware/core_planning/pure_pursuit/src/pure_pursuit_core.cpp:344:57:[m[K [01;31m[Kerror: [m[Kexpected ‘[01m[K,[m[K’ or ‘[01m[K;[m[K’ before ‘[01m[K)[m[K’ token
[2.593s]          current_pose.position.y - target_pose.position.y[01;31m[K)[m[K;
[2.593s]                                                          [01;31m[K^[m[K
[2.593s] [01m[K/home/kimna/Desktop/autoware.ai/src/autoware/core_planning/pure_pursuit/src/pure_pursuit_core.cpp:[m[K At global scope:
[2.593s] [01m[K/home/kimna/Desktop/autoware.ai/src/autoware/core_planning/pure_pursuit/src/pure_pursuit_core.cpp:351:17:[m[K [01;31m[Kerror: [m[Kexpected constructor, destructor, or type conversion before ‘[01m[K([m[K’ token
[2.593s]        std::hypot[01;31m[K([m[Kcurrent_pose.position.x - target_pose.position.x,
[2.593s]                  [01;31m[K^[m[K
[2.594s] [01m[K/home/kimna/Desktop/autoware.ai/src/autoware/core_planning/pure_pursuit/src/pure_pursuit_core.cpp:[m[K In member function ‘[01m[Kvoid waypoint_follower::PurePursuitNode::callbackFromConfig(const ConfigWaypointFollowerConstPtr&)[m[K’:
[2.594s] [01m[K/home/kimna/Desktop/autoware.ai/src/autoware/core_planning/pure_pursuit/src/pure_pursuit_core.cpp:367:3:[m[K [01;31m[Kerror: [m[K‘[01m[Kstanley_factor_[m[K’ was not declared in this scope
[2.594s]    [01;31m[Kstanley_factor_[m[K = config->stanley_factor;
[2.594s]    [01;31m[K^~~~~~~~~~~~~~~[m[K
[2.601s] [01m[K/home/kimna/Desktop/autoware.ai/src/autoware/core_planning/pure_pursuit/src/pure_pursuit_core.cpp:367:29:[m[K [01;31m[Kerror: [m[K‘[01m[Kconst struct autoware_config_msgs::ConfigWaypointFollower_<std::allocator<void> >[m[K’ has no member named ‘[01m[Kstanley_factor[m[K’; did you mean ‘[01m[K_stanley_factor_type[m[K’?
[2.601s]    stanley_factor_ = config->[01;31m[Kstanley_factor[m[K;
[2.601s]                              [01;31m[K^~~~~~~~~~~~~~[m[K
[2.601s]                              [32m[K_stanley_factor_type[m[K
[2.996s] CMakeFiles/pure_pursuit.dir/build.make:62: recipe for target 'CMakeFiles/pure_pursuit.dir/src/pure_pursuit_node.cpp.o' failed
[2.997s] make[2]: *** [CMakeFiles/pure_pursuit.dir/src/pure_pursuit_node.cpp.o] Error 1
[2.997s] make[2]: *** Waiting for unfinished jobs....
[3.467s] CMakeFiles/pure_pursuit.dir/build.make:110: recipe for target 'CMakeFiles/pure_pursuit.dir/src/pure_pursuit_core.cpp.o' failed
[3.467s] make[2]: *** [CMakeFiles/pure_pursuit.dir/src/pure_pursuit_core.cpp.o] Error 1
[3.467s] CMakeFiles/Makefile2:444: recipe for target 'CMakeFiles/pure_pursuit.dir/all' failed
[3.468s] make[1]: *** [CMakeFiles/pure_pursuit.dir/all] Error 2
[3.468s] make: *** [all] Error 2
[3.468s] Makefile:140: recipe for target 'all' failed
