[0.141s] [  0%] Built target pcl_msgs_generate_messages_eus
[0.148s] [  0%] Built target rosgraph_msgs_generate_messages_eus
[0.159s] [  0%] Built target autoware_system_msgs_generate_messages_lisp
[0.161s] [  0%] Built target jsk_recognition_msgs_generate_messages_lisp
[0.162s] [  0%] Built target jsk_recognition_msgs_generate_messages_eus
[0.162s] [  0%] Built target actionlib_generate_messages_cpp
[0.164s] [  0%] Built target geometry_msgs_generate_messages_py
[0.173s] [  0%] Built target autoware_config_msgs_generate_messages_lisp
[0.218s] [  0%] Built target autoware_msgs_generate_messages_cpp
[0.221s] [  0%] Built target autoware_system_msgs_generate_messages_py
[0.230s] [  0%] Built target roscpp_generate_messages_cpp
[0.241s] [  0%] Built target _catkin_empty_exported_target
[0.246s] [  0%] Built target sensor_msgs_generate_messages_nodejs
[0.248s] [  0%] Built target sensor_msgs_generate_messages_cpp
[0.250s] [  0%] Built target sensor_msgs_generate_messages_eus
[0.265s] [  0%] Built target tf2_msgs_generate_messages_cpp
[0.286s] [  0%] Built target autoware_msgs_generate_messages_py
[0.294s] [  0%] Built target std_msgs_generate_messages_py
[0.316s] [  0%] Built target rosgraph_msgs_generate_messages_cpp
[0.317s] [  0%] Built target jsk_recognition_msgs_generate_messages_py
[0.318s] [  0%] Built target sensor_msgs_generate_messages_lisp
[0.320s] [  0%] Built target pcl_msgs_generate_messages_nodejs
[0.326s] [  0%] Built target std_msgs_generate_messages_nodejs
[0.356s] [  0%] Built target tf_generate_messages_py
[0.370s] [  0%] Built target sensor_msgs_generate_messages_py
[0.380s] [  0%] Built target std_msgs_generate_messages_cpp
[0.382s] [  0%] Built target jsk_footstep_msgs_generate_messages_py
[0.392s] [  0%] Built target geometry_msgs_generate_messages_eus
[0.392s] [  0%] Built target actionlib_msgs_generate_messages_nodejs
[0.408s] [  0%] Built target std_msgs_generate_messages_lisp
[0.411s] [  0%] Built target roscpp_generate_messages_nodejs
[0.445s] [  0%] Built target geometry_msgs_generate_messages_nodejs
[0.455s] [  0%] Built target autoware_system_msgs_generate_messages_cpp
[0.462s] [  0%] Built target pcl_msgs_generate_messages_cpp
[0.462s] [  0%] Built target jsk_recognition_msgs_generate_messages_cpp
[0.469s] [  0%] Built target std_msgs_generate_messages_eus
[0.473s] [  0%] Built target autoware_msgs_generate_messages_eus
[0.490s] [  0%] Built target geometry_msgs_generate_messages_lisp
[0.496s] [  0%] Built target autoware_msgs_generate_messages_lisp
[0.507s] [  0%] Built target autoware_msgs_generate_messages_nodejs
[0.545s] [  0%] Built target jsk_footstep_msgs_generate_messages_eus
[0.552s] [  0%] Built target autoware_config_msgs_generate_messages_eus
[0.555s] [  0%] Built target actionlib_msgs_generate_messages_py
[0.566s] [  0%] Built target jsk_footstep_msgs_generate_messages_nodejs
[0.569s] [  0%] Built target actionlib_msgs_generate_messages_lisp
[0.571s] [  0%] Built target jsk_footstep_msgs_generate_messages_lisp
[0.574s] [  0%] Built target autoware_system_msgs_generate_messages_nodejs
[0.598s] [  0%] Built target jsk_footstep_msgs_generate_messages_cpp
[0.628s] [  0%] Built target actionlib_msgs_generate_messages_cpp
[0.630s] [  0%] Built target tf_generate_messages_nodejs
[0.632s] [  0%] Built target autoware_config_msgs_generate_messages_nodejs
[0.649s] [  0%] Built target tf_generate_messages_lisp
[0.651s] [  0%] Built target jsk_recognition_msgs_generate_messages_nodejs
[0.651s] [  0%] Built target tf_generate_messages_eus
[0.657s] [  0%] Built target roscpp_generate_messages_py
[0.664s] [  0%] Built target roscpp_generate_messages_lisp
[0.693s] [  0%] Built target autoware_config_msgs_generate_messages_cpp
[0.717s] [  0%] Built target rosgraph_msgs_generate_messages_nodejs
[0.722s] [  0%] Built target actionlib_msgs_generate_messages_eus
[0.724s] [  0%] Built target rosgraph_msgs_generate_messages_lisp
[0.726s] [  0%] Built target roscpp_generate_messages_eus
[0.737s] [  0%] Built target rosgraph_msgs_generate_messages_py
[0.746s] [  0%] Built target autoware_config_msgs_generate_messages_py
[0.755s] [  0%] Built target pcl_msgs_generate_messages_py
[0.761s] [  0%] Built target actionlib_generate_messages_eus
[0.782s] [  0%] Built target geometry_msgs_generate_messages_cpp
[0.789s] [  0%] Built target pcl_msgs_generate_messages_lisp
[0.797s] [  0%] Built target tf_generate_messages_cpp
[0.815s] [  0%] Built target autoware_system_msgs_generate_messages_eus
[0.816s] [  0%] Built target actionlib_generate_messages_lisp
[0.824s] [  0%] Built target tf2_msgs_generate_messages_eus
[0.827s] [  0%] Built target tf2_msgs_generate_messages_lisp
[0.845s] [  0%] Built target actionlib_generate_messages_nodejs
[0.846s] [  0%] Built target actionlib_generate_messages_py
[0.846s] [  0%] Built target tf2_msgs_generate_messages_py
[0.866s] [  0%] Built target tf2_msgs_generate_messages_nodejs
[0.886s] [35m[1mScanning dependencies of target pure_pursuit[0m
[0.927s] [ 20%] [32mBuilding CXX object CMakeFiles/pure_pursuit.dir/src/pure_pursuit_core.cpp.o[0m
[7.992s] [ 40%] [32m[1mLinking CXX executable devel/lib/pure_pursuit/pure_pursuit[0m
[8.268s] CMakeFiles/pure_pursuit.dir/build.make:199: recipe for target 'devel/lib/pure_pursuit/pure_pursuit' failed
[8.268s] CMakeFiles/Makefile2:444: recipe for target 'CMakeFiles/pure_pursuit.dir/all' failed
[8.269s] Makefile:140: recipe for target 'all' failed
