[0.025s] Invoking command in '/home/kimna/Desktop/autoware.ai/src/autoware/core_planning/pure_pursuit/build/pure_pursuit': CONDA_PROMPT_MODIFIER=(base) /usr/bin/cmake --build /home/kimna/Desktop/autoware.ai/src/autoware/core_planning/pure_pursuit/build/pure_pursuit -- -j8 -l8
[0.141s] [  0%] Built target pcl_msgs_generate_messages_eus
[0.148s] [  0%] Built target rosgraph_msgs_generate_messages_eus
[0.159s] [  0%] Built target autoware_system_msgs_generate_messages_lisp
[0.161s] [  0%] Built target jsk_recognition_msgs_generate_messages_lisp
[0.162s] [  0%] Built target jsk_recognition_msgs_generate_messages_eus
[0.162s] [  0%] Built target actionlib_generate_messages_cpp
[0.164s] [  0%] Built target geometry_msgs_generate_messages_py
[0.173s] [  0%] Built target autoware_config_msgs_generate_messages_lisp
[0.218s] [  0%] Built target autoware_msgs_generate_messages_cpp
[0.221s] [  0%] Built target autoware_system_msgs_generate_messages_py
[0.230s] [  0%] Built target roscpp_generate_messages_cpp
[0.241s] [  0%] Built target _catkin_empty_exported_target
[0.246s] [  0%] Built target sensor_msgs_generate_messages_nodejs
[0.248s] [  0%] Built target sensor_msgs_generate_messages_cpp
[0.250s] [  0%] Built target sensor_msgs_generate_messages_eus
[0.265s] [  0%] Built target tf2_msgs_generate_messages_cpp
[0.286s] [  0%] Built target autoware_msgs_generate_messages_py
[0.294s] [  0%] Built target std_msgs_generate_messages_py
[0.316s] [  0%] Built target rosgraph_msgs_generate_messages_cpp
[0.317s] [  0%] Built target jsk_recognition_msgs_generate_messages_py
[0.318s] [  0%] Built target sensor_msgs_generate_messages_lisp
[0.320s] [  0%] Built target pcl_msgs_generate_messages_nodejs
[0.326s] [  0%] Built target std_msgs_generate_messages_nodejs
[0.356s] [  0%] Built target tf_generate_messages_py
[0.370s] [  0%] Built target sensor_msgs_generate_messages_py
[0.380s] [  0%] Built target std_msgs_generate_messages_cpp
[0.382s] [  0%] Built target jsk_footstep_msgs_generate_messages_py
[0.392s] [  0%] Built target geometry_msgs_generate_messages_eus
[0.392s] [  0%] Built target actionlib_msgs_generate_messages_nodejs
[0.408s] [  0%] Built target std_msgs_generate_messages_lisp
[0.411s] [  0%] Built target roscpp_generate_messages_nodejs
[0.445s] [  0%] Built target geometry_msgs_generate_messages_nodejs
[0.455s] [  0%] Built target autoware_system_msgs_generate_messages_cpp
[0.462s] [  0%] Built target pcl_msgs_generate_messages_cpp
[0.462s] [  0%] Built target jsk_recognition_msgs_generate_messages_cpp
[0.469s] [  0%] Built target std_msgs_generate_messages_eus
[0.473s] [  0%] Built target autoware_msgs_generate_messages_eus
[0.490s] [  0%] Built target geometry_msgs_generate_messages_lisp
[0.496s] [  0%] Built target autoware_msgs_generate_messages_lisp
[0.507s] [  0%] Built target autoware_msgs_generate_messages_nodejs
[0.545s] [  0%] Built target jsk_footstep_msgs_generate_messages_eus
[0.552s] [  0%] Built target autoware_config_msgs_generate_messages_eus
[0.555s] [  0%] Built target actionlib_msgs_generate_messages_py
[0.566s] [  0%] Built target jsk_footstep_msgs_generate_messages_nodejs
[0.569s] [  0%] Built target actionlib_msgs_generate_messages_lisp
[0.571s] [  0%] Built target jsk_footstep_msgs_generate_messages_lisp
[0.574s] [  0%] Built target autoware_system_msgs_generate_messages_nodejs
[0.598s] [  0%] Built target jsk_footstep_msgs_generate_messages_cpp
[0.628s] [  0%] Built target actionlib_msgs_generate_messages_cpp
[0.630s] [  0%] Built target tf_generate_messages_nodejs
[0.632s] [  0%] Built target autoware_config_msgs_generate_messages_nodejs
[0.649s] [  0%] Built target tf_generate_messages_lisp
[0.651s] [  0%] Built target jsk_recognition_msgs_generate_messages_nodejs
[0.651s] [  0%] Built target tf_generate_messages_eus
[0.657s] [  0%] Built target roscpp_generate_messages_py
[0.664s] [  0%] Built target roscpp_generate_messages_lisp
[0.693s] [  0%] Built target autoware_config_msgs_generate_messages_cpp
[0.717s] [  0%] Built target rosgraph_msgs_generate_messages_nodejs
[0.722s] [  0%] Built target actionlib_msgs_generate_messages_eus
[0.724s] [  0%] Built target rosgraph_msgs_generate_messages_lisp
[0.726s] [  0%] Built target roscpp_generate_messages_eus
[0.737s] [  0%] Built target rosgraph_msgs_generate_messages_py
[0.746s] [  0%] Built target autoware_config_msgs_generate_messages_py
[0.755s] [  0%] Built target pcl_msgs_generate_messages_py
[0.761s] [  0%] Built target actionlib_generate_messages_eus
[0.782s] [  0%] Built target geometry_msgs_generate_messages_cpp
[0.789s] [  0%] Built target pcl_msgs_generate_messages_lisp
[0.797s] [  0%] Built target tf_generate_messages_cpp
[0.815s] [  0%] Built target autoware_system_msgs_generate_messages_eus
[0.816s] [  0%] Built target actionlib_generate_messages_lisp
[0.824s] [  0%] Built target tf2_msgs_generate_messages_eus
[0.827s] [  0%] Built target tf2_msgs_generate_messages_lisp
[0.845s] [  0%] Built target actionlib_generate_messages_nodejs
[0.846s] [  0%] Built target actionlib_generate_messages_py
[0.846s] [  0%] Built target tf2_msgs_generate_messages_py
[0.866s] [  0%] Built target tf2_msgs_generate_messages_nodejs
[0.886s] [35m[1mScanning dependencies of target pure_pursuit[0m
[0.927s] [ 20%] [32mBuilding CXX object CMakeFiles/pure_pursuit.dir/src/pure_pursuit_core.cpp.o[0m
[3.334s] In file included from [01m[K/home/kimna/Desktop/autoware.ai/src/autoware/core_planning/pure_pursuit/src/pure_pursuit_core.cpp:19:0[m[K:
[3.334s] [01m[K/home/kimna/Desktop/autoware.ai/src/autoware/core_planning/pure_pursuit/include/pure_pursuit/stanley.h:[m[K In member function ‘[01m[Kdouble Stanley::calculate_steering(float, float, float, std::vector<autoware_msgs::Waypoint_<std::allocator<void> >, std::allocator<autoware_msgs::Waypoint_<std::allocator<void> > > >, float)[m[K’:
[3.334s] [01m[K/home/kimna/Desktop/autoware.ai/src/autoware/core_planning/pure_pursuit/include/pure_pursuit/stanley.h:115:57:[m[K [01;35m[Kwarning: [m[Knarrowing conversion of ‘[01m[K(waypoints.std::vector<autoware_msgs::Waypoint_<std::allocator<void> >, std::allocator<autoware_msgs::Waypoint_<std::allocator<void> > > >::at(0).autoware_msgs::Waypoint_<std::allocator<void> >::pose.geometry_msgs::PoseStamped_<std::allocator<void> >::pose.geometry_msgs::Pose_<std::allocator<void> >::position.geometry_msgs::Point_<std::allocator<void> >::x - ((geometry_msgs::Point_<std::allocator<void> >::_x_type)x))[m[K’ from ‘[01m[Kgeometry_msgs::Point_<std::allocator<void> >::_x_type {aka double}[m[K’ to ‘[01m[Kfloat[m[K’ inside { } [[01;35m[K-Wnarrowing[m[K]
[3.334s]      float v1[2] = {[01;35m[Kwaypoints.at(0).pose.pose.position.x - x[m[K, waypoints.at(0).pose.pose.position.y - y};
[3.334s]                     [01;35m[K~~~~~~~~~~~~~~~~~~~~~~~~~~~~~~~~~~~~~^~~[m[K
[3.334s] [01m[K/home/kimna/Desktop/autoware.ai/src/autoware/core_planning/pure_pursuit/include/pure_pursuit/stanley.h:115:99:[m[K [01;35m[Kwarning: [m[Knarrowing conversion of ‘[01m[K(waypoints.std::vector<autoware_msgs::Waypoint_<std::allocator<void> >, std::allocator<autoware_msgs::Waypoint_<std::allocator<void> > > >::at(0).autoware_msgs::Waypoint_<std::allocator<void> >::pose.geometry_msgs::PoseStamped_<std::allocator<void> >::pose.geometry_msgs::Pose_<std::allocator<void> >::position.geometry_msgs::Point_<std::allocator<void> >::y - ((geometry_msgs::Point_<std::allocator<void> >::_y_type)y))[m[K’ from ‘[01m[Kgeometry_msgs::Point_<std::allocator<void> >::_y_type {aka double}[m[K’ to ‘[01m[Kfloat[m[K’ inside { } [[01;35m[K-Wnarrowing[m[K]
[3.335s]  ints.at(0).pose.pose.position.x - x, [01;35m[Kwaypoints.at(0).pose.pose.position.y - y[m[K};
[3.335s]                                       [01;35m[K~~~~~~~~~~~~~~~~~~~~~~~~~~~~~~~~~~~~~^~~[m[K
[7.992s] [ 40%] [32m[1mLinking CXX executable devel/lib/pure_pursuit/pure_pursuit[0m
[8.267s] CMakeFiles/pure_pursuit.dir/src/pure_pursuit_core.cpp.o: In function `waypoint_follower::PurePursuitNode::run()':
[8.267s] /home/kimna/Desktop/autoware.ai/src/autoware/core_planning/pure_pursuit/src/pure_pursuit_core.cpp:100: undefined reference to `Stanley::~Stanley()'
[8.267s] /home/kimna/Desktop/autoware.ai/src/autoware/core_planning/pure_pursuit/src/pure_pursuit_core.cpp:100: undefined reference to `Stanley::~Stanley()'
[8.267s] collect2: error: ld returned 1 exit status
[8.268s] make[2]: *** [devel/lib/pure_pursuit/pure_pursuit] Error 1
[8.268s] CMakeFiles/pure_pursuit.dir/build.make:199: recipe for target 'devel/lib/pure_pursuit/pure_pursuit' failed
[8.268s] CMakeFiles/Makefile2:444: recipe for target 'CMakeFiles/pure_pursuit.dir/all' failed
[8.269s] make[1]: *** [CMakeFiles/pure_pursuit.dir/all] Error 2
[8.269s] Makefile:140: recipe for target 'all' failed
[8.269s] make: *** [all] Error 2
[8.272s] Invoked command in '/home/kimna/Desktop/autoware.ai/src/autoware/core_planning/pure_pursuit/build/pure_pursuit' returned '2': CONDA_PROMPT_MODIFIER=(base) /usr/bin/cmake --build /home/kimna/Desktop/autoware.ai/src/autoware/core_planning/pure_pursuit/build/pure_pursuit -- -j8 -l8
