[0.024s] Invoking command in '/home/kimna/Desktop/autoware.ai/src/autoware/core_planning/pure_pursuit/build/pure_pursuit': CONDA_PROMPT_MODIFIER=(base) /usr/bin/cmake --build /home/kimna/Desktop/autoware.ai/src/autoware/core_planning/pure_pursuit/build/pure_pursuit -- -j8 -l8
[0.158s] [  0%] Built target geometry_msgs_generate_messages_py
[0.169s] [  0%] Built target actionlib_generate_messages_cpp
[0.177s] [  0%] Built target jsk_recognition_msgs_generate_messages_eus
[0.181s] [  0%] Built target pcl_msgs_generate_messages_eus
[0.183s] [  0%] Built target rosgraph_msgs_generate_messages_eus
[0.184s] [  0%] Built target autoware_system_msgs_generate_messages_lisp
[0.186s] [  0%] Built target autoware_config_msgs_generate_messages_lisp
[0.190s] [  0%] Built target jsk_recognition_msgs_generate_messages_lisp
[0.241s] [  0%] Built target sensor_msgs_generate_messages_nodejs
[0.242s] [  0%] Built target _catkin_empty_exported_target
[0.243s] [  0%] Built target autoware_system_msgs_generate_messages_py
[0.248s] [  0%] Built target roscpp_generate_messages_cpp
[0.258s] [  0%] Built target sensor_msgs_generate_messages_cpp
[0.261s] [  0%] Built target sensor_msgs_generate_messages_eus
[0.269s] [  0%] Built target tf2_msgs_generate_messages_cpp
[0.276s] [  0%] Built target autoware_msgs_generate_messages_cpp
[0.305s] [  0%] Built target std_msgs_generate_messages_py
[0.309s] [  0%] Built target autoware_msgs_generate_messages_py
[0.323s] [  0%] Built target std_msgs_generate_messages_nodejs
[0.325s] [  0%] Built target rosgraph_msgs_generate_messages_cpp
[0.329s] [  0%] Built target jsk_recognition_msgs_generate_messages_py
[0.329s] [  0%] Built target pcl_msgs_generate_messages_nodejs
[0.330s] [  0%] Built target sensor_msgs_generate_messages_lisp
[0.355s] [  0%] Built target sensor_msgs_generate_messages_py
[0.384s] [  0%] Built target tf_generate_messages_py
[0.393s] [  0%] Built target std_msgs_generate_messages_cpp
[0.399s] [  0%] Built target actionlib_msgs_generate_messages_nodejs
[0.401s] [  0%] Built target roscpp_generate_messages_nodejs
[0.411s] [  0%] Built target std_msgs_generate_messages_lisp
[0.416s] [  0%] Built target geometry_msgs_generate_messages_eus
[0.422s] [  0%] Built target jsk_footstep_msgs_generate_messages_py
[0.439s] [  0%] Built target autoware_system_msgs_generate_messages_cpp
[0.451s] [  0%] Built target geometry_msgs_generate_messages_lisp
[0.458s] [  0%] Built target geometry_msgs_generate_messages_nodejs
[0.471s] [  0%] Built target pcl_msgs_generate_messages_cpp
[0.477s] [  0%] Built target jsk_recognition_msgs_generate_messages_cpp
[0.479s] [  0%] Built target std_msgs_generate_messages_eus
[0.483s] [  0%] Built target autoware_msgs_generate_messages_lisp
[0.489s] [  0%] Built target autoware_msgs_generate_messages_eus
[0.520s] [  0%] Built target jsk_footstep_msgs_generate_messages_eus
[0.533s] [  0%] Built target actionlib_msgs_generate_messages_py
[0.536s] [  0%] Built target autoware_msgs_generate_messages_nodejs
[0.544s] [  0%] Built target autoware_config_msgs_generate_messages_eus
[0.548s] [  0%] Built target jsk_footstep_msgs_generate_messages_lisp
[0.561s] [  0%] Built target jsk_footstep_msgs_generate_messages_nodejs
[0.566s] [  0%] Built target autoware_system_msgs_generate_messages_nodejs
[0.572s] [  0%] Built target actionlib_msgs_generate_messages_lisp
[0.605s] [  0%] Built target actionlib_msgs_generate_messages_cpp
[0.609s] [  0%] Built target tf_generate_messages_eus
[0.611s] [  0%] Built target tf_generate_messages_lisp
[0.614s] [  0%] Built target jsk_footstep_msgs_generate_messages_cpp
[0.637s] [  0%] Built target autoware_config_msgs_generate_messages_nodejs
[0.640s] [  0%] Built target tf_generate_messages_nodejs
[0.648s] [  0%] Built target jsk_recognition_msgs_generate_messages_nodejs
[0.658s] [  0%] Built target roscpp_generate_messages_py
[0.661s] [  0%] Built target roscpp_generate_messages_lisp
[0.670s] [  0%] Built target autoware_config_msgs_generate_messages_cpp
[0.679s] [  0%] Built target rosgraph_msgs_generate_messages_lisp
[0.682s] [  0%] Built target rosgraph_msgs_generate_messages_nodejs
[0.711s] [  0%] Built target roscpp_generate_messages_eus
[0.721s] [  0%] Built target rosgraph_msgs_generate_messages_py
[0.729s] [  0%] Built target pcl_msgs_generate_messages_py
[0.729s] [  0%] Built target autoware_config_msgs_generate_messages_py
[0.733s] [  0%] Built target actionlib_msgs_generate_messages_eus
[0.766s] [  0%] Built target actionlib_generate_messages_eus
[0.769s] [  0%] Built target actionlib_generate_messages_lisp
[0.773s] [  0%] Built target geometry_msgs_generate_messages_cpp
[0.799s] [  0%] Built target pcl_msgs_generate_messages_lisp
[0.809s] [  0%] Built target autoware_system_msgs_generate_messages_eus
[0.810s] [  0%] Built target actionlib_generate_messages_nodejs
[0.834s] [  0%] Built target tf2_msgs_generate_messages_eus
[0.838s] [  0%] Built target tf_generate_messages_cpp
[0.853s] [  0%] Built target tf2_msgs_generate_messages_lisp
[0.856s] [  0%] Built target tf2_msgs_generate_messages_py
[0.859s] [  0%] Built target actionlib_generate_messages_py
[0.866s] [  0%] Built target tf2_msgs_generate_messages_nodejs
[0.888s] [35m[1mScanning dependencies of target pure_pursuit[0m
[0.924s] [ 20%] [32mBuilding CXX object CMakeFiles/pure_pursuit.dir/src/pure_pursuit_core.cpp.o[0m
[7.922s] [ 40%] [32m[1mLinking CXX executable devel/lib/pure_pursuit/pure_pursuit[0m
[8.221s] [100%] Built target pure_pursuit
[8.237s] Invoked command in '/home/kimna/Desktop/autoware.ai/src/autoware/core_planning/pure_pursuit/build/pure_pursuit' returned '0': CONDA_PROMPT_MODIFIER=(base) /usr/bin/cmake --build /home/kimna/Desktop/autoware.ai/src/autoware/core_planning/pure_pursuit/build/pure_pursuit -- -j8 -l8
[8.472s] Invoking command in '/home/kimna/Desktop/autoware.ai/src/autoware/core_planning/pure_pursuit/build/pure_pursuit': CONDA_PROMPT_MODIFIER=(base) /usr/bin/cmake --build /home/kimna/Desktop/autoware.ai/src/autoware/core_planning/pure_pursuit/build/pure_pursuit --target tests -- -j8 -l8
[8.603s] [  0%] Built target autoware_system_msgs_generate_messages_lisp
[8.604s] [  0%] Built target jsk_recognition_msgs_generate_messages_lisp
[8.604s] [  0%] Built target geometry_msgs_generate_messages_py
[8.605s] [  0%] Built target actionlib_generate_messages_cpp
[8.609s] [ 28%] Built target gtest
[8.612s] [ 28%] Built target rosgraph_msgs_generate_messages_eus
[8.616s] [ 28%] Built target jsk_recognition_msgs_generate_messages_eus
[8.629s] [ 28%] Built target pcl_msgs_generate_messages_eus
[8.667s] [ 28%] Built target autoware_system_msgs_generate_messages_py
[8.672s] [ 28%] Built target sensor_msgs_generate_messages_cpp
[8.674s] [ 28%] Built target roscpp_generate_messages_cpp
[8.677s] [ 28%] Built target sensor_msgs_generate_messages_nodejs
[8.680s] [ 28%] Built target autoware_msgs_generate_messages_cpp
[8.700s] [ 28%] Built target _catkin_empty_exported_target
[8.709s] [ 28%] Built target tf2_msgs_generate_messages_cpp
[8.727s] [ 28%] Built target std_msgs_generate_messages_py
[8.729s] [ 28%] Built target sensor_msgs_generate_messages_eus
[8.741s] [ 28%] Built target autoware_msgs_generate_messages_py
[8.746s] [ 28%] Built target std_msgs_generate_messages_nodejs
[8.760s] [ 28%] Built target rosgraph_msgs_generate_messages_cpp
[8.771s] [ 28%] Built target pcl_msgs_generate_messages_nodejs
[8.773s] [ 28%] Built target jsk_recognition_msgs_generate_messages_py
[8.787s] [ 28%] Built target sensor_msgs_generate_messages_lisp
[8.794s] [ 28%] Built target tf_generate_messages_py
[8.798s] [ 28%] Built target sensor_msgs_generate_messages_py
[8.825s] [ 28%] Built target std_msgs_generate_messages_cpp
[8.831s] [ 28%] Built target geometry_msgs_generate_messages_eus
[8.834s] [ 28%] Built target jsk_footstep_msgs_generate_messages_py
[8.842s] [ 28%] Built target actionlib_msgs_generate_messages_nodejs
[8.852s] [ 28%] Built target std_msgs_generate_messages_lisp
[8.855s] [ 28%] Built target roscpp_generate_messages_nodejs
[8.880s] [ 28%] Built target autoware_system_msgs_generate_messages_cpp
[8.881s] [ 28%] Built target geometry_msgs_generate_messages_nodejs
[8.888s] [ 28%] Built target geometry_msgs_generate_messages_lisp
[8.899s] [ 28%] Built target jsk_recognition_msgs_generate_messages_cpp
[8.909s] [ 28%] Built target pcl_msgs_generate_messages_cpp
[8.914s] [ 28%] Built target autoware_msgs_generate_messages_eus
[8.924s] [ 28%] Built target autoware_msgs_generate_messages_lisp
[8.925s] [ 28%] Built target std_msgs_generate_messages_eus
[8.943s] [ 28%] Built target jsk_footstep_msgs_generate_messages_eus
[8.944s] [ 28%] Built target autoware_msgs_generate_messages_nodejs
[8.970s] [ 28%] Built target actionlib_msgs_generate_messages_py
[8.976s] [ 28%] Built target jsk_footstep_msgs_generate_messages_lisp
[8.987s] [ 28%] Built target jsk_footstep_msgs_generate_messages_nodejs
[8.994s] [ 28%] Built target autoware_config_msgs_generate_messages_eus
[9.001s] [ 28%] Built target jsk_footstep_msgs_generate_messages_cpp
[9.002s] [ 28%] Built target autoware_system_msgs_generate_messages_nodejs
[9.008s] [ 28%] Built target actionlib_msgs_generate_messages_lisp
[9.009s] [ 28%] Built target actionlib_msgs_generate_messages_cpp
[9.048s] [ 28%] Built target tf_generate_messages_eus
[9.062s] [ 28%] Built target tf_generate_messages_lisp
[9.067s] [ 28%] Built target rosgraph_msgs_generate_messages_lisp
[9.070s] [ 28%] Built target tf_generate_messages_nodejs
[9.074s] [ 28%] Built target autoware_config_msgs_generate_messages_nodejs
[9.078s] [ 28%] Built target jsk_recognition_msgs_generate_messages_nodejs
[9.083s] [ 28%] Built target roscpp_generate_messages_lisp
[9.101s] [ 28%] Built target roscpp_generate_messages_py
[9.129s] [ 28%] Built target roscpp_generate_messages_eus
[9.135s] [ 28%] Built target rosgraph_msgs_generate_messages_nodejs
[9.139s] [ 28%] Built target actionlib_msgs_generate_messages_eus
[9.153s] [ 28%] Built target autoware_config_msgs_generate_messages_py
[9.157s] [ 28%] Built target pcl_msgs_generate_messages_py
[9.161s] [ 28%] Built target autoware_config_msgs_generate_messages_cpp
[9.169s] [ 28%] Built target rosgraph_msgs_generate_messages_py
[9.173s] [ 28%] Built target actionlib_generate_messages_eus
[9.202s] [ 28%] Built target actionlib_generate_messages_lisp
[9.209s] [ 28%] Built target geometry_msgs_generate_messages_cpp
[9.213s] [ 28%] Built target pcl_msgs_generate_messages_lisp
[9.219s] [ 28%] Built target tf_generate_messages_cpp
[9.225s] [ 28%] Built target actionlib_generate_messages_nodejs
[9.234s] [ 28%] Built target autoware_system_msgs_generate_messages_eus
[9.235s] [ 28%] Built target tf2_msgs_generate_messages_eus
[9.248s] [ 28%] Built target tf2_msgs_generate_messages_lisp
[9.269s] [ 28%] Built target tf2_msgs_generate_messages_py
[9.269s] [ 28%] Built target actionlib_generate_messages_py
[9.273s] [ 28%] Built target autoware_config_msgs_generate_messages_lisp
[9.276s] [ 28%] Built target tf2_msgs_generate_messages_nodejs
[9.302s] [35m[1mScanning dependencies of target test-pure_pursuit[0m
[9.340s] [ 42%] [32mBuilding CXX object CMakeFiles/test-pure_pursuit.dir/src/pure_pursuit_core.cpp.o[0m
[16.502s] [ 57%] [32m[1mLinking CXX executable devel/lib/pure_pursuit/test-pure_pursuit[0m
[16.782s] [100%] Built target test-pure_pursuit
[16.818s] [100%] Built target tests
[16.834s] Invoked command in '/home/kimna/Desktop/autoware.ai/src/autoware/core_planning/pure_pursuit/build/pure_pursuit' returned '0': CONDA_PROMPT_MODIFIER=(base) /usr/bin/cmake --build /home/kimna/Desktop/autoware.ai/src/autoware/core_planning/pure_pursuit/build/pure_pursuit --target tests -- -j8 -l8
[17.075s] Invoking command in '/home/kimna/Desktop/autoware.ai/src/autoware/core_planning/pure_pursuit/build/pure_pursuit': CONDA_PROMPT_MODIFIER=(base) /usr/bin/cmake --build /home/kimna/Desktop/autoware.ai/src/autoware/core_planning/pure_pursuit/build/pure_pursuit --target install -- -j8 -l8
[17.179s] [  0%] Built target actionlib_generate_messages_cpp
[17.181s] [  0%] Built target autoware_config_msgs_generate_messages_lisp
[17.181s] [  0%] Built target jsk_recognition_msgs_generate_messages_lisp
[17.187s] [  0%] Built target geometry_msgs_generate_messages_py
[17.189s] [  0%] Built target jsk_recognition_msgs_generate_messages_eus
[17.191s] [  0%] Built target rosgraph_msgs_generate_messages_eus
[17.215s] [  0%] Built target pcl_msgs_generate_messages_eus
[17.219s] [  0%] Built target autoware_system_msgs_generate_messages_lisp
[17.254s] [  0%] Built target autoware_system_msgs_generate_messages_py
[17.265s] [  0%] Built target sensor_msgs_generate_messages_nodejs
[17.276s] [  0%] Built target _catkin_empty_exported_target
[17.279s] [  0%] Built target sensor_msgs_generate_messages_eus
[17.281s] [  0%] Built target roscpp_generate_messages_cpp
[17.281s] [  0%] Built target sensor_msgs_generate_messages_cpp
[17.298s] [  0%] Built target autoware_msgs_generate_messages_cpp
[17.303s] [  0%] Built target tf2_msgs_generate_messages_cpp
[17.316s] [  0%] Built target std_msgs_generate_messages_py
[17.353s] [  0%] Built target rosgraph_msgs_generate_messages_cpp
[17.357s] [  0%] Built target autoware_msgs_generate_messages_py
[17.365s] [  0%] Built target sensor_msgs_generate_messages_lisp
[17.366s] [  0%] Built target sensor_msgs_generate_messages_py
[17.372s] [  0%] Built target std_msgs_generate_messages_nodejs
[17.378s] [  0%] Built target jsk_recognition_msgs_generate_messages_py
[17.380s] [  0%] Built target pcl_msgs_generate_messages_nodejs
[17.401s] [  0%] Built target tf_generate_messages_py
[17.422s] [  0%] Built target std_msgs_generate_messages_cpp
[17.426s] [  0%] Built target jsk_footstep_msgs_generate_messages_py
[17.428s] [  0%] Built target geometry_msgs_generate_messages_eus
[17.444s] [  0%] Built target std_msgs_generate_messages_lisp
[17.449s] [  0%] Built target actionlib_msgs_generate_messages_nodejs
[17.453s] [  0%] Built target roscpp_generate_messages_nodejs
[17.456s] [  0%] Built target autoware_system_msgs_generate_messages_cpp
[17.482s] [  0%] Built target geometry_msgs_generate_messages_nodejs
[17.504s] [  0%] Built target jsk_recognition_msgs_generate_messages_cpp
[17.505s] [  0%] Built target geometry_msgs_generate_messages_lisp
[17.505s] [  0%] Built target pcl_msgs_generate_messages_cpp
[17.514s] [  0%] Built target autoware_msgs_generate_messages_lisp
[17.520s] [  0%] Built target autoware_msgs_generate_messages_nodejs
[17.529s] [  0%] Built target std_msgs_generate_messages_eus
[17.537s] [  0%] Built target autoware_msgs_generate_messages_eus
[17.560s] [  0%] Built target actionlib_msgs_generate_messages_py
[17.575s] [  0%] Built target jsk_footstep_msgs_generate_messages_eus
[17.577s] [  0%] Built target autoware_config_msgs_generate_messages_eus
[17.588s] [  0%] Built target jsk_footstep_msgs_generate_messages_nodejs
[17.591s] [  0%] Built target autoware_system_msgs_generate_messages_nodejs
[17.600s] [  0%] Built target actionlib_msgs_generate_messages_lisp
[17.600s] [  0%] Built target jsk_footstep_msgs_generate_messages_lisp
[17.622s] [  0%] Built target jsk_footstep_msgs_generate_messages_cpp
[17.643s] [  0%] Built target actionlib_msgs_generate_messages_cpp
[17.653s] [  0%] Built target tf_generate_messages_nodejs
[17.655s] [  0%] Built target autoware_config_msgs_generate_messages_nodejs
[17.660s] [  0%] Built target tf_generate_messages_lisp
[17.666s] [  0%] Built target tf_generate_messages_eus
[17.678s] [  0%] Built target roscpp_generate_messages_lisp
[17.686s] [  0%] Built target jsk_recognition_msgs_generate_messages_nodejs
[17.709s] [  0%] Built target roscpp_generate_messages_py
[17.713s] [  0%] Built target rosgraph_msgs_generate_messages_lisp
[17.714s] [  0%] Built target rosgraph_msgs_generate_messages_nodejs
[17.716s] [  0%] Built target autoware_config_msgs_generate_messages_cpp
[17.742s] [  0%] Built target actionlib_msgs_generate_messages_eus
[17.752s] [  0%] Built target roscpp_generate_messages_eus
[17.769s] [  0%] Built target pcl_msgs_generate_messages_py
[17.770s] [  0%] Built target autoware_config_msgs_generate_messages_py
[17.772s] [  0%] Built target rosgraph_msgs_generate_messages_py
[17.775s] [  0%] Built target actionlib_generate_messages_eus
[17.789s] [  0%] Built target actionlib_generate_messages_lisp
[17.791s] [  0%] Built target geometry_msgs_generate_messages_cpp
[17.803s] [  0%] Built target pcl_msgs_generate_messages_lisp
[17.810s] [  0%] Built target tf_generate_messages_cpp
[17.831s] [  0%] Built target actionlib_generate_messages_nodejs
[17.846s] [  0%] Built target tf2_msgs_generate_messages_eus
[17.848s] [  0%] Built target tf2_msgs_generate_messages_lisp
[17.851s] [  0%] Built target autoware_system_msgs_generate_messages_eus
[17.862s] [  0%] Built target tf2_msgs_generate_messages_py
[17.862s] [  0%] Built target actionlib_generate_messages_py
[17.867s] [  0%] Built target tf2_msgs_generate_messages_nodejs
[17.912s] [100%] Built target pure_pursuit
[17.948s] [36mInstall the project...[0m
[17.963s] -- Install configuration: "Release"
[17.963s] -- Up-to-date: /home/kimna/Desktop/autoware.ai/src/autoware/core_planning/pure_pursuit/install/pure_pursuit/lib/pkgconfig/pure_pursuit.pc
[17.964s] -- Up-to-date: /home/kimna/Desktop/autoware.ai/src/autoware/core_planning/pure_pursuit/install/pure_pursuit/share/pure_pursuit/cmake/pure_pursuitConfig.cmake
[17.964s] -- Up-to-date: /home/kimna/Desktop/autoware.ai/src/autoware/core_planning/pure_pursuit/install/pure_pursuit/share/pure_pursuit/cmake/pure_pursuitConfig-version.cmake
[17.964s] -- Up-to-date: /home/kimna/Desktop/autoware.ai/src/autoware/core_planning/pure_pursuit/install/pure_pursuit/share/pure_pursuit/package.xml
[17.964s] -- Installing: /home/kimna/Desktop/autoware.ai/src/autoware/core_planning/pure_pursuit/install/pure_pursuit/lib/pure_pursuit/pure_pursuit
[17.969s] -- Set runtime path of "/home/kimna/Desktop/autoware.ai/src/autoware/core_planning/pure_pursuit/install/pure_pursuit/lib/pure_pursuit/pure_pursuit" to ""
[17.969s] -- Up-to-date: /home/kimna/Desktop/autoware.ai/src/autoware/core_planning/pure_pursuit/install/pure_pursuit/share/pure_pursuit/launch
[17.969s] -- Up-to-date: /home/kimna/Desktop/autoware.ai/src/autoware/core_planning/pure_pursuit/install/pure_pursuit/share/pure_pursuit/launch/pure_pursuit.launch
[17.973s] Invoked command in '/home/kimna/Desktop/autoware.ai/src/autoware/core_planning/pure_pursuit/build/pure_pursuit' returned '0': CONDA_PROMPT_MODIFIER=(base) /usr/bin/cmake --build /home/kimna/Desktop/autoware.ai/src/autoware/core_planning/pure_pursuit/build/pure_pursuit --target install -- -j8 -l8
