[0.120s] [  0%] Built target jsk_recognition_msgs_generate_messages_eus
[0.120s] [  0%] Built target pcl_msgs_generate_messages_eus
[0.120s] [  0%] Built target actionlib_generate_messages_cpp
[0.120s] [  0%] Built target geometry_msgs_generate_messages_py
[0.121s] [  0%] Built target jsk_recognition_msgs_generate_messages_lisp
[0.121s] [  0%] Built target autoware_system_msgs_generate_messages_lisp
[0.122s] [  0%] Built target autoware_config_msgs_generate_messages_lisp
[0.122s] [  0%] Built target rosgraph_msgs_generate_messages_eus
[0.171s] [  0%] Built target _catkin_empty_exported_target
[0.172s] [  0%] Built target tf2_msgs_generate_messages_cpp
[0.173s] [  0%] Built target sensor_msgs_generate_messages_cpp
[0.175s] [  0%] Built target autoware_msgs_generate_messages_cpp
[0.175s] [  0%] Built target sensor_msgs_generate_messages_eus
[0.176s] [  0%] Built target sensor_msgs_generate_messages_nodejs
[0.185s] [  0%] Built target autoware_system_msgs_generate_messages_py
[0.189s] [  0%] Built target roscpp_generate_messages_cpp
[0.220s] [  0%] Built target autoware_msgs_generate_messages_py
[0.220s] [  0%] Built target std_msgs_generate_messages_nodejs
[0.221s] [  0%] Built target std_msgs_generate_messages_py
[0.226s] [  0%] Built target pcl_msgs_generate_messages_nodejs
[0.226s] [  0%] Built target rosgraph_msgs_generate_messages_cpp
[0.228s] [  0%] Built target jsk_recognition_msgs_generate_messages_py
[0.240s] [  0%] Built target sensor_msgs_generate_messages_py
[0.240s] [  0%] Built target sensor_msgs_generate_messages_lisp
[0.270s] [  0%] Built target tf_generate_messages_py
[0.272s] [  0%] Built target std_msgs_generate_messages_cpp
[0.272s] [  0%] Built target jsk_footstep_msgs_generate_messages_py
[0.281s] [  0%] Built target actionlib_msgs_generate_messages_nodejs
[0.282s] [  0%] Built target geometry_msgs_generate_messages_eus
[0.294s] [  0%] Built target std_msgs_generate_messages_lisp
[0.299s] [  0%] Built target roscpp_generate_messages_nodejs
[0.299s] [  0%] Built target autoware_system_msgs_generate_messages_cpp
[0.316s] [  0%] Built target geometry_msgs_generate_messages_lisp
[0.323s] [  0%] Built target pcl_msgs_generate_messages_cpp
[0.333s] [  0%] Built target geometry_msgs_generate_messages_nodejs
[0.339s] [  0%] Built target jsk_recognition_msgs_generate_messages_cpp
[0.347s] [  0%] Built target autoware_msgs_generate_messages_lisp
[0.348s] [  0%] Built target autoware_msgs_generate_messages_eus
[0.354s] [  0%] Built target autoware_msgs_generate_messages_nodejs
[0.361s] [  0%] Built target std_msgs_generate_messages_eus
[0.374s] [  0%] Built target jsk_footstep_msgs_generate_messages_eus
[0.381s] [  0%] Built target actionlib_msgs_generate_messages_py
[0.385s] [  0%] Built target jsk_footstep_msgs_generate_messages_lisp
[0.392s] [  0%] Built target autoware_config_msgs_generate_messages_eus
[0.398s] [  0%] Built target autoware_system_msgs_generate_messages_nodejs
[0.398s] [  0%] Built target jsk_footstep_msgs_generate_messages_nodejs
[0.405s] [  0%] Built target jsk_footstep_msgs_generate_messages_cpp
[0.406s] [  0%] Built target actionlib_msgs_generate_messages_lisp
[0.421s] [  0%] Built target actionlib_msgs_generate_messages_cpp
[0.429s] [  0%] Built target tf_generate_messages_eus
[0.444s] [  0%] Built target tf_generate_messages_lisp
[0.444s] [  0%] Built target autoware_config_msgs_generate_messages_nodejs
[0.447s] [  0%] Built target tf_generate_messages_nodejs
[0.451s] [  0%] Built target jsk_recognition_msgs_generate_messages_nodejs
[0.454s] [  0%] Built target roscpp_generate_messages_lisp
[0.467s] [  0%] Built target roscpp_generate_messages_py
[0.477s] [  0%] Built target rosgraph_msgs_generate_messages_lisp
[0.482s] [  0%] Built target autoware_config_msgs_generate_messages_cpp
[0.497s] [  0%] Built target rosgraph_msgs_generate_messages_nodejs
[0.497s] [  0%] Built target actionlib_msgs_generate_messages_eus
[0.498s] [  0%] Built target roscpp_generate_messages_eus
[0.504s] [  0%] Built target rosgraph_msgs_generate_messages_py
[0.510s] [  0%] Built target autoware_config_msgs_generate_messages_py
[0.518s] [  0%] Built target pcl_msgs_generate_messages_py
[0.524s] [  0%] Built target actionlib_generate_messages_eus
[0.533s] [  0%] Built target geometry_msgs_generate_messages_cpp
[0.546s] [  0%] Built target actionlib_generate_messages_lisp
[0.546s] [  0%] Built target tf_generate_messages_cpp
[0.547s] [  0%] Built target pcl_msgs_generate_messages_lisp
[0.556s] [  0%] Built target actionlib_generate_messages_nodejs
[0.560s] [  0%] Built target autoware_system_msgs_generate_messages_eus
[0.568s] [  0%] Built target tf2_msgs_generate_messages_eus
[0.568s] [  0%] Built target tf2_msgs_generate_messages_lisp
[0.581s] [  0%] Built target actionlib_generate_messages_py
[0.583s] [  0%] Built target tf2_msgs_generate_messages_nodejs
[0.584s] [  0%] Built target tf2_msgs_generate_messages_py
[0.602s] [35m[1mScanning dependencies of target pure_pursuit[0m
[0.632s] [ 20%] [32mBuilding CXX object CMakeFiles/pure_pursuit.dir/src/pure_pursuit_core.cpp.o[0m
[3.645s] CMakeFiles/pure_pursuit.dir/build.make:110: recipe for target 'CMakeFiles/pure_pursuit.dir/src/pure_pursuit_core.cpp.o' failed
[3.645s] CMakeFiles/Makefile2:444: recipe for target 'CMakeFiles/pure_pursuit.dir/all' failed
[3.645s] Makefile:140: recipe for target 'all' failed
