[0.118s] [  0%] Built target jsk_recognition_msgs_generate_messages_lisp
[0.118s] [  0%] Built target autoware_config_msgs_generate_messages_lisp
[0.118s] [  0%] Built target actionlib_generate_messages_cpp
[0.119s] [  0%] Built target rosgraph_msgs_generate_messages_eus
[0.119s] [  0%] Built target autoware_system_msgs_generate_messages_lisp
[0.119s] [  0%] Built target jsk_recognition_msgs_generate_messages_eus
[0.120s] [  0%] Built target pcl_msgs_generate_messages_eus
[0.122s] [  0%] Built target geometry_msgs_generate_messages_py
[0.171s] [  0%] Built target autoware_system_msgs_generate_messages_py
[0.174s] [  0%] Built target sensor_msgs_generate_messages_eus
[0.175s] [  0%] Built target sensor_msgs_generate_messages_nodejs
[0.175s] [  0%] Built target autoware_msgs_generate_messages_cpp
[0.175s] [  0%] Built target _catkin_empty_exported_target
[0.176s] [  0%] Built target roscpp_generate_messages_cpp
[0.177s] [  0%] Built target sensor_msgs_generate_messages_cpp
[0.191s] [  0%] Built target tf2_msgs_generate_messages_cpp
[0.220s] [  0%] Built target rosgraph_msgs_generate_messages_cpp
[0.222s] [  0%] Built target std_msgs_generate_messages_py
[0.222s] [  0%] Built target std_msgs_generate_messages_nodejs
[0.222s] [  0%] Built target autoware_msgs_generate_messages_py
[0.223s] [  0%] Built target jsk_recognition_msgs_generate_messages_py
[0.224s] [  0%] Built target pcl_msgs_generate_messages_nodejs
[0.234s] [  0%] Built target sensor_msgs_generate_messages_lisp
[0.241s] [  0%] Built target sensor_msgs_generate_messages_py
[0.272s] [  0%] Built target jsk_footstep_msgs_generate_messages_py
[0.272s] [  0%] Built target tf_generate_messages_py
[0.273s] [  0%] Built target actionlib_msgs_generate_messages_nodejs
[0.276s] [  0%] Built target geometry_msgs_generate_messages_eus
[0.276s] [  0%] Built target std_msgs_generate_messages_cpp
[0.278s] [  0%] Built target std_msgs_generate_messages_lisp
[0.281s] [  0%] Built target roscpp_generate_messages_nodejs
[0.296s] [  0%] Built target autoware_system_msgs_generate_messages_cpp
[0.319s] [  0%] Built target pcl_msgs_generate_messages_cpp
[0.323s] [  0%] Built target geometry_msgs_generate_messages_nodejs
[0.327s] [  0%] Built target jsk_recognition_msgs_generate_messages_cpp
[0.328s] [  0%] Built target geometry_msgs_generate_messages_lisp
[0.328s] [  0%] Built target autoware_msgs_generate_messages_eus
[0.332s] [  0%] Built target std_msgs_generate_messages_eus
[0.336s] [  0%] Built target autoware_msgs_generate_messages_lisp
[0.347s] [  0%] Built target autoware_msgs_generate_messages_nodejs
[0.378s] [  0%] Built target actionlib_msgs_generate_messages_py
[0.378s] [  0%] Built target jsk_footstep_msgs_generate_messages_eus
[0.383s] [  0%] Built target autoware_config_msgs_generate_messages_eus
[0.384s] [  0%] Built target jsk_footstep_msgs_generate_messages_nodejs
[0.385s] [  0%] Built target jsk_footstep_msgs_generate_messages_lisp
[0.386s] [  0%] Built target autoware_system_msgs_generate_messages_nodejs
[0.393s] [  0%] Built target actionlib_msgs_generate_messages_lisp
[0.400s] [  0%] Built target jsk_footstep_msgs_generate_messages_cpp
[0.423s] [  0%] Built target actionlib_msgs_generate_messages_cpp
[0.433s] [  0%] Built target tf_generate_messages_eus
[0.433s] [  0%] Built target tf_generate_messages_lisp
[0.433s] [  0%] Built target tf_generate_messages_nodejs
[0.437s] [  0%] Built target autoware_config_msgs_generate_messages_nodejs
[0.440s] [  0%] Built target roscpp_generate_messages_lisp
[0.443s] [  0%] Built target jsk_recognition_msgs_generate_messages_nodejs
[0.450s] [  0%] Built target roscpp_generate_messages_py
[0.479s] [  0%] Built target rosgraph_msgs_generate_messages_lisp
[0.483s] [  0%] Built target autoware_config_msgs_generate_messages_cpp
[0.487s] [  0%] Built target actionlib_msgs_generate_messages_eus
[0.491s] [  0%] Built target roscpp_generate_messages_eus
[0.491s] [  0%] Built target rosgraph_msgs_generate_messages_nodejs
[0.498s] [  0%] Built target autoware_config_msgs_generate_messages_py
[0.498s] [  0%] Built target rosgraph_msgs_generate_messages_py
[0.505s] [  0%] Built target pcl_msgs_generate_messages_py
[0.529s] [  0%] Built target actionlib_generate_messages_eus
[0.538s] [  0%] Built target actionlib_generate_messages_lisp
[0.539s] [  0%] Built target geometry_msgs_generate_messages_cpp
[0.540s] [  0%] Built target tf_generate_messages_cpp
[0.541s] [  0%] Built target pcl_msgs_generate_messages_lisp
[0.547s] [  0%] Built target actionlib_generate_messages_nodejs
[0.551s] [  0%] Built target autoware_system_msgs_generate_messages_eus
[0.555s] [  0%] Built target tf2_msgs_generate_messages_eus
[0.573s] [  0%] Built target tf2_msgs_generate_messages_lisp
[0.577s] [  0%] Built target tf2_msgs_generate_messages_nodejs
[0.582s] [  0%] Built target actionlib_generate_messages_py
[0.582s] [  0%] Built target tf2_msgs_generate_messages_py
[0.600s] [35m[1mScanning dependencies of target pure_pursuit[0m
[0.631s] [ 40%] [32mBuilding CXX object CMakeFiles/pure_pursuit.dir/src/pure_pursuit_node.cpp.o[0m
[0.631s] [ 40%] [32mBuilding CXX object CMakeFiles/pure_pursuit.dir/src/pure_pursuit_core.cpp.o[0m
[3.108s] CMakeFiles/pure_pursuit.dir/build.make:62: recipe for target 'CMakeFiles/pure_pursuit.dir/src/pure_pursuit_node.cpp.o' failed
[3.517s] CMakeFiles/pure_pursuit.dir/build.make:110: recipe for target 'CMakeFiles/pure_pursuit.dir/src/pure_pursuit_core.cpp.o' failed
[3.518s] CMakeFiles/Makefile2:444: recipe for target 'CMakeFiles/pure_pursuit.dir/all' failed
[3.518s] Makefile:140: recipe for target 'all' failed
