[0.022s] Invoking command in '/home/kimna/Desktop/autoware.ai/src/autoware/core_planning/pure_pursuit/build/pure_pursuit': CONDA_PROMPT_MODIFIER=(base) /usr/bin/cmake --build /home/kimna/Desktop/autoware.ai/src/autoware/core_planning/pure_pursuit/build/pure_pursuit -- -j8 -l8
[0.118s] [  0%] Built target jsk_recognition_msgs_generate_messages_lisp
[0.118s] [  0%] Built target autoware_config_msgs_generate_messages_lisp
[0.118s] [  0%] Built target actionlib_generate_messages_cpp
[0.119s] [  0%] Built target rosgraph_msgs_generate_messages_eus
[0.119s] [  0%] Built target autoware_system_msgs_generate_messages_lisp
[0.119s] [  0%] Built target jsk_recognition_msgs_generate_messages_eus
[0.120s] [  0%] Built target pcl_msgs_generate_messages_eus
[0.122s] [  0%] Built target geometry_msgs_generate_messages_py
[0.171s] [  0%] Built target autoware_system_msgs_generate_messages_py
[0.174s] [  0%] Built target sensor_msgs_generate_messages_eus
[0.175s] [  0%] Built target sensor_msgs_generate_messages_nodejs
[0.175s] [  0%] Built target autoware_msgs_generate_messages_cpp
[0.175s] [  0%] Built target _catkin_empty_exported_target
[0.176s] [  0%] Built target roscpp_generate_messages_cpp
[0.177s] [  0%] Built target sensor_msgs_generate_messages_cpp
[0.191s] [  0%] Built target tf2_msgs_generate_messages_cpp
[0.220s] [  0%] Built target rosgraph_msgs_generate_messages_cpp
[0.222s] [  0%] Built target std_msgs_generate_messages_py
[0.222s] [  0%] Built target std_msgs_generate_messages_nodejs
[0.222s] [  0%] Built target autoware_msgs_generate_messages_py
[0.223s] [  0%] Built target jsk_recognition_msgs_generate_messages_py
[0.224s] [  0%] Built target pcl_msgs_generate_messages_nodejs
[0.234s] [  0%] Built target sensor_msgs_generate_messages_lisp
[0.241s] [  0%] Built target sensor_msgs_generate_messages_py
[0.272s] [  0%] Built target jsk_footstep_msgs_generate_messages_py
[0.272s] [  0%] Built target tf_generate_messages_py
[0.273s] [  0%] Built target actionlib_msgs_generate_messages_nodejs
[0.276s] [  0%] Built target geometry_msgs_generate_messages_eus
[0.276s] [  0%] Built target std_msgs_generate_messages_cpp
[0.278s] [  0%] Built target std_msgs_generate_messages_lisp
[0.281s] [  0%] Built target roscpp_generate_messages_nodejs
[0.296s] [  0%] Built target autoware_system_msgs_generate_messages_cpp
[0.319s] [  0%] Built target pcl_msgs_generate_messages_cpp
[0.323s] [  0%] Built target geometry_msgs_generate_messages_nodejs
[0.327s] [  0%] Built target jsk_recognition_msgs_generate_messages_cpp
[0.328s] [  0%] Built target geometry_msgs_generate_messages_lisp
[0.328s] [  0%] Built target autoware_msgs_generate_messages_eus
[0.332s] [  0%] Built target std_msgs_generate_messages_eus
[0.336s] [  0%] Built target autoware_msgs_generate_messages_lisp
[0.347s] [  0%] Built target autoware_msgs_generate_messages_nodejs
[0.378s] [  0%] Built target actionlib_msgs_generate_messages_py
[0.378s] [  0%] Built target jsk_footstep_msgs_generate_messages_eus
[0.383s] [  0%] Built target autoware_config_msgs_generate_messages_eus
[0.384s] [  0%] Built target jsk_footstep_msgs_generate_messages_nodejs
[0.385s] [  0%] Built target jsk_footstep_msgs_generate_messages_lisp
[0.386s] [  0%] Built target autoware_system_msgs_generate_messages_nodejs
[0.393s] [  0%] Built target actionlib_msgs_generate_messages_lisp
[0.400s] [  0%] Built target jsk_footstep_msgs_generate_messages_cpp
[0.423s] [  0%] Built target actionlib_msgs_generate_messages_cpp
[0.433s] [  0%] Built target tf_generate_messages_eus
[0.433s] [  0%] Built target tf_generate_messages_lisp
[0.433s] [  0%] Built target tf_generate_messages_nodejs
[0.437s] [  0%] Built target autoware_config_msgs_generate_messages_nodejs
[0.440s] [  0%] Built target roscpp_generate_messages_lisp
[0.443s] [  0%] Built target jsk_recognition_msgs_generate_messages_nodejs
[0.450s] [  0%] Built target roscpp_generate_messages_py
[0.479s] [  0%] Built target rosgraph_msgs_generate_messages_lisp
[0.483s] [  0%] Built target autoware_config_msgs_generate_messages_cpp
[0.487s] [  0%] Built target actionlib_msgs_generate_messages_eus
[0.491s] [  0%] Built target roscpp_generate_messages_eus
[0.491s] [  0%] Built target rosgraph_msgs_generate_messages_nodejs
[0.498s] [  0%] Built target autoware_config_msgs_generate_messages_py
[0.498s] [  0%] Built target rosgraph_msgs_generate_messages_py
[0.505s] [  0%] Built target pcl_msgs_generate_messages_py
[0.529s] [  0%] Built target actionlib_generate_messages_eus
[0.538s] [  0%] Built target actionlib_generate_messages_lisp
[0.539s] [  0%] Built target geometry_msgs_generate_messages_cpp
[0.540s] [  0%] Built target tf_generate_messages_cpp
[0.541s] [  0%] Built target pcl_msgs_generate_messages_lisp
[0.547s] [  0%] Built target actionlib_generate_messages_nodejs
[0.551s] [  0%] Built target autoware_system_msgs_generate_messages_eus
[0.555s] [  0%] Built target tf2_msgs_generate_messages_eus
[0.573s] [  0%] Built target tf2_msgs_generate_messages_lisp
[0.577s] [  0%] Built target tf2_msgs_generate_messages_nodejs
[0.582s] [  0%] Built target actionlib_generate_messages_py
[0.582s] [  0%] Built target tf2_msgs_generate_messages_py
[0.600s] [35m[1mScanning dependencies of target pure_pursuit[0m
[0.631s] [ 40%] [32mBuilding CXX object CMakeFiles/pure_pursuit.dir/src/pure_pursuit_node.cpp.o[0m
[0.631s] [ 40%] [32mBuilding CXX object CMakeFiles/pure_pursuit.dir/src/pure_pursuit_core.cpp.o[0m
[1.975s] In file included from [01m[K/home/kimna/Desktop/autoware.ai/src/autoware/core_planning/pure_pursuit/include/pure_pursuit/pure_pursuit_core.h:28:0[m[K,
[1.975s]                  from [01m[K/home/kimna/Desktop/autoware.ai/src/autoware/core_planning/pure_pursuit/src/pure_pursuit_core.cpp:18[m[K:
[1.975s] [01m[K/home/kimna/Desktop/autoware.ai/install/autoware_config_msgs/include/autoware_config_msgs/ConfigWaypointFollower.h:77:24:[m[K [01;31m[Kerror: [m[Kredeclaration of ‘[01m[Kautoware_config_msgs::ConfigWaypointFollower_<ContainerAllocator>::_stanley_factor_type autoware_config_msgs::ConfigWaypointFollower_<ContainerAllocator>::relative_angle_threshold[m[K’
[1.975s]    _stanley_factor_type [01;31m[Krelative_angle_threshold[m[K;
[1.976s]                         [01;31m[K^~~~~~~~~~~~~~~~~~~~~~~~[m[K
[1.976s] [01m[K/home/kimna/Desktop/autoware.ai/install/autoware_config_msgs/include/autoware_config_msgs/ConfigWaypointFollower.h:73:34:[m[K [01;36m[Knote: [m[Kprevious declaration ‘[01m[Kautoware_config_msgs::ConfigWaypointFollower_<ContainerAllocator>::_relative_angle_threshold_type autoware_config_msgs::ConfigWaypointFollower_<ContainerAllocator>::relative_angle_threshold[m[K’
[1.976s]    _relative_angle_threshold_type [01;36m[Krelative_angle_threshold[m[K;
[1.976s]                                   [01;36m[K^~~~~~~~~~~~~~~~~~~~~~~~[m[K
[1.981s] In file included from [01m[K/home/kimna/Desktop/autoware.ai/src/autoware/core_planning/pure_pursuit/include/pure_pursuit/pure_pursuit_core.h:28:0[m[K,
[1.981s]                  from [01m[K/home/kimna/Desktop/autoware.ai/src/autoware/core_planning/pure_pursuit/src/pure_pursuit_node.cpp:21[m[K:
[1.981s] [01m[K/home/kimna/Desktop/autoware.ai/install/autoware_config_msgs/include/autoware_config_msgs/ConfigWaypointFollower.h:77:24:[m[K [01;31m[Kerror: [m[Kredeclaration of ‘[01m[Kautoware_config_msgs::ConfigWaypointFollower_<ContainerAllocator>::_stanley_factor_type autoware_config_msgs::ConfigWaypointFollower_<ContainerAllocator>::relative_angle_threshold[m[K’
[1.981s]    _stanley_factor_type [01;31m[Krelative_angle_threshold[m[K;
[1.981s]                         [01;31m[K^~~~~~~~~~~~~~~~~~~~~~~~[m[K
[1.981s] [01m[K/home/kimna/Desktop/autoware.ai/install/autoware_config_msgs/include/autoware_config_msgs/ConfigWaypointFollower.h:73:34:[m[K [01;36m[Knote: [m[Kprevious declaration ‘[01m[Kautoware_config_msgs::ConfigWaypointFollower_<ContainerAllocator>::_relative_angle_threshold_type autoware_config_msgs::ConfigWaypointFollower_<ContainerAllocator>::relative_angle_threshold[m[K’
[1.981s]    _relative_angle_threshold_type [01;36m[Krelative_angle_threshold[m[K;
[1.981s]                                   [01;36m[K^~~~~~~~~~~~~~~~~~~~~~~~[m[K
[2.668s] [01m[K/home/kimna/Desktop/autoware.ai/src/autoware/core_planning/pure_pursuit/src/pure_pursuit_core.cpp:[m[K In member function ‘[01m[Kvoid waypoint_follower::PurePursuitNode::initForROS()[m[K’:
[2.668s] [01m[K/home/kimna/Desktop/autoware.ai/src/autoware/core_planning/pure_pursuit/src/pure_pursuit_core.cpp:72:23:[m[K [01;31m[Kerror: [m[K‘[01m[Kstanley_factor_[m[K’ was not declared in this scope
[2.668s]      "stanley_factor", [01;31m[Kstanley_factor_[m[K, 0.0);
[2.668s]                        [01;31m[K^~~~~~~~~~~~~~~[m[K
[2.676s] [01m[K/home/kimna/Desktop/autoware.ai/src/autoware/core_planning/pure_pursuit/src/pure_pursuit_core.cpp:77:3:[m[K [01;31m[Kerror: [m[Kexpected ‘[01m[K;[m[K’ before ‘[01m[Ksub1_[m[K’
[2.676s]    [01;31m[Ksub1_[m[K = nh_.subscribe("final_waypoints", 10,
[2.676s]    [01;31m[K^~~~~[m[K
[2.679s] In file included from [01m[K/opt/ros/melodic/include/ros/ros.h:40:0[m[K,
[2.679s]                  from [01m[K/home/kimna/Desktop/autoware.ai/src/autoware/core_planning/pure_pursuit/include/pure_pursuit/pure_pursuit_core.h:23[m[K,
[2.679s]                  from [01m[K/home/kimna/Desktop/autoware.ai/src/autoware/core_planning/pure_pursuit/src/pure_pursuit_core.cpp:18[m[K:
[2.679s] [01m[K/home/kimna/Desktop/autoware.ai/src/autoware/core_planning/pure_pursuit/src/pure_pursuit_core.cpp:[m[K In member function ‘[01m[Kvoid waypoint_follower::PurePursuitNode::run()[m[K’:
[2.679s] [01m[K/home/kimna/Desktop/autoware.ai/src/autoware/core_planning/pure_pursuit/src/pure_pursuit_core.cpp:210:32:[m[K [01;31m[Kerror: [m[K‘[01m[Kstanley_factor_[m[K’ was not declared in this scope
[2.679s]        ROS_WARN_STREAM("cfg "<< [01;31m[Ks[m[Ktanley_factor_ << std::endl);
[2.679s]                                 [01;31m[K^[m[K
[2.679s] [01m[K/opt/ros/melodic/include/ros/console.h:358:64:[m[K [01;36m[Knote: [m[Kin definition of macro ‘[01m[KROSCONSOLE_PRINT_STREAM_AT_LOCATION_WITH_FILTER[m[K’
[2.679s]      __rosconsole_print_stream_at_location_with_filter__ss__ << [01;36m[Kargs[m[K; \
[2.679s]                                                                 [01;36m[K^~~~[m[K
[2.679s] [01m[K/opt/ros/melodic/include/ros/console.h:406:7:[m[K [01;36m[Knote: [m[Kin expansion of macro ‘[01m[KROSCONSOLE_PRINT_STREAM_AT_LOCATION[m[K’
[2.679s]        [01;36m[KROSCONSOLE_PRINT_STREAM_AT_LOCATION[m[K(args); \
[2.679s]        [01;36m[K^~~~~~~~~~~~~~~~~~~~~~~~~~~~~~~~~~~[m[K
[2.679s] [01m[K/opt/ros/melodic/include/ros/console.h:579:43:[m[K [01;36m[Knote: [m[Kin expansion of macro ‘[01m[KROS_LOG_STREAM_COND[m[K’
[2.679s]  #define ROS_LOG_STREAM(level, name, args) [01;36m[KROS_LOG_STREAM_COND[m[K(true, level, name, args)
[2.680s]                                            [01;36m[K^~~~~~~~~~~~~~~~~~~[m[K
[2.680s] [01m[K/opt/ros/melodic/include/rosconsole/macros_generated.h:163:31:[m[K [01;36m[Knote: [m[Kin expansion of macro ‘[01m[KROS_LOG_STREAM[m[K’
[2.680s]  #define ROS_WARN_STREAM(args) [01;36m[KROS_LOG_STREAM[m[K(::ros::console::levels::Warn, ROSCONSOLE_DEFAULT_NAME, args)
[2.680s]                                [01;36m[K^~~~~~~~~~~~~~[m[K
[2.680s] [01m[K/home/kimna/Desktop/autoware.ai/src/autoware/core_planning/pure_pursuit/src/pure_pursuit_core.cpp:210:7:[m[K [01;36m[Knote: [m[Kin expansion of macro ‘[01m[KROS_WARN_STREAM[m[K’
[2.680s]        [01;36m[KR[m[KOS_WARN_STREAM("cfg "<< stanley_factor_ << std::endl);
[2.680s]        [01;36m[K^[m[K
[2.694s] [01m[K/home/kimna/Desktop/autoware.ai/src/autoware/core_planning/pure_pursuit/src/pure_pursuit_core.cpp:[m[K In member function ‘[01m[Kdouble waypoint_follower::PurePursuitNode::computeCommandAccel() const[m[K’:
[2.694s] [01m[K/home/kimna/Desktop/autoware.ai/src/autoware/core_planning/pure_pursuit/src/pure_pursuit_core.cpp:344:57:[m[K [01;31m[Kerror: [m[Kexpected ‘[01m[K,[m[K’ or ‘[01m[K;[m[K’ before ‘[01m[K)[m[K’ token
[2.694s]          current_pose.position.y - target_pose.position.y[01;31m[K)[m[K;
[2.694s]                                                          [01;31m[K^[m[K
[2.695s] [01m[K/home/kimna/Desktop/autoware.ai/src/autoware/core_planning/pure_pursuit/src/pure_pursuit_core.cpp:[m[K At global scope:
[2.695s] [01m[K/home/kimna/Desktop/autoware.ai/src/autoware/core_planning/pure_pursuit/src/pure_pursuit_core.cpp:351:17:[m[K [01;31m[Kerror: [m[Kexpected constructor, destructor, or type conversion before ‘[01m[K([m[K’ token
[2.695s]        std::hypot[01;31m[K([m[Kcurrent_pose.position.x - target_pose.position.x,
[2.695s]                  [01;31m[K^[m[K
[2.695s] [01m[K/home/kimna/Desktop/autoware.ai/src/autoware/core_planning/pure_pursuit/src/pure_pursuit_core.cpp:[m[K In member function ‘[01m[Kvoid waypoint_follower::PurePursuitNode::callbackFromConfig(const ConfigWaypointFollowerConstPtr&)[m[K’:
[2.695s] [01m[K/home/kimna/Desktop/autoware.ai/src/autoware/core_planning/pure_pursuit/src/pure_pursuit_core.cpp:367:3:[m[K [01;31m[Kerror: [m[K‘[01m[Kstanley_factor_[m[K’ was not declared in this scope
[2.695s]    [01;31m[Kstanley_factor_[m[K = config->stanley_factor;
[2.695s]    [01;31m[K^~~~~~~~~~~~~~~[m[K
[2.703s] [01m[K/home/kimna/Desktop/autoware.ai/src/autoware/core_planning/pure_pursuit/src/pure_pursuit_core.cpp:367:29:[m[K [01;31m[Kerror: [m[K‘[01m[Kconst struct autoware_config_msgs::ConfigWaypointFollower_<std::allocator<void> >[m[K’ has no member named ‘[01m[Kstanley_factor[m[K’; did you mean ‘[01m[K_stanley_factor_type[m[K’?
[2.703s]    stanley_factor_ = config->[01;31m[Kstanley_factor[m[K;
[2.703s]                              [01;31m[K^~~~~~~~~~~~~~[m[K
[2.703s]                              [32m[K_stanley_factor_type[m[K
[3.108s] CMakeFiles/pure_pursuit.dir/build.make:62: recipe for target 'CMakeFiles/pure_pursuit.dir/src/pure_pursuit_node.cpp.o' failed
[3.109s] make[2]: *** [CMakeFiles/pure_pursuit.dir/src/pure_pursuit_node.cpp.o] Error 1
[3.109s] make[2]: *** Waiting for unfinished jobs....
[3.169s] In file included from [01m[K/home/kimna/Desktop/autoware.ai/src/autoware/core_planning/pure_pursuit/include/pure_pursuit/pure_pursuit_core.h:28:0[m[K,
[3.169s]                  from [01m[K/home/kimna/Desktop/autoware.ai/src/autoware/core_planning/pure_pursuit/src/pure_pursuit_core.cpp:18[m[K:
[3.169s] /home/kimna/Desktop/autoware.ai/install/autoware_config_msgs/include/autoware_config_msgs/ConfigWaypointFollower.h: In instantiation of ‘[01m[Kstatic void ros::serialization::Serializer<autoware_config_msgs::ConfigWaypointFollower_<ContainerAllocator> >::allInOne(Stream&, T) [with Stream = ros::serialization::IStream; T = autoware_config_msgs::ConfigWaypointFollower_<std::allocator<void> >&; ContainerAllocator = std::allocator<void>][m[K’:
[3.169s] [01m[K/home/kimna/Desktop/autoware.ai/install/autoware_config_msgs/include/autoware_config_msgs/ConfigWaypointFollower.h:249:5:[m[K   required from ‘[01m[Kstatic void ros::serialization::Serializer<autoware_config_msgs::ConfigWaypointFollower_<ContainerAllocator> >::read(Stream&, T&) [with Stream = ros::serialization::IStream; T = autoware_config_msgs::ConfigWaypointFollower_<std::allocator<void> >; ContainerAllocator = std::allocator<void>][m[K’
[3.169s] [01m[K/opt/ros/melodic/include/ros/serialization.h:163:22:[m[K   required from ‘[01m[Kvoid ros::serialization::deserialize(Stream&, T&) [with T = autoware_config_msgs::ConfigWaypointFollower_<std::allocator<void> >; Stream = ros::serialization::IStream][m[K’
[3.169s] [01m[K/opt/ros/melodic/include/ros/subscription_callback_helper.h:136:21:[m[K   required from ‘[01m[Kros::VoidConstPtr ros::SubscriptionCallbackHelperT<P, Enabled>::deserialize(const ros::SubscriptionCallbackHelperDeserializeParams&) [with P = const boost::shared_ptr<const autoware_config_msgs::ConfigWaypointFollower_<std::allocator<void> > >&; Enabled = void; ros::VoidConstPtr = boost::shared_ptr<const void>][m[K’
[3.169s] [01m[K/home/kimna/Desktop/autoware.ai/src/autoware/core_planning/pure_pursuit/src/pure_pursuit_core.cpp:460:1:[m[K   required from here
[3.169s] [01m[K/home/kimna/Desktop/autoware.ai/install/autoware_config_msgs/include/autoware_config_msgs/ConfigWaypointFollower.h:246:21:[m[K [01;31m[Kerror: [m[K‘[01m[Kstruct autoware_config_msgs::ConfigWaypointFollower_<std::allocator<void> >[m[K’ has no member named ‘[01m[Kstanley_factor[m[K’; did you mean ‘[01m[K_stanley_factor_type[m[K’?
[3.169s]        stream.next([01;31m[Km.stanley_factor[m[K);
[3.170s]                    [01;31m[K~~^~~~~~~~~~~~~~[m[K
[3.170s]                    [32m[K_stanley_factor_type[m[K
[3.517s] CMakeFiles/pure_pursuit.dir/build.make:110: recipe for target 'CMakeFiles/pure_pursuit.dir/src/pure_pursuit_core.cpp.o' failed
[3.518s] make[2]: *** [CMakeFiles/pure_pursuit.dir/src/pure_pursuit_core.cpp.o] Error 1
[3.518s] make[1]: *** [CMakeFiles/pure_pursuit.dir/all] Error 2
[3.518s] make: *** [all] Error 2
[3.518s] CMakeFiles/Makefile2:444: recipe for target 'CMakeFiles/pure_pursuit.dir/all' failed
[3.518s] Makefile:140: recipe for target 'all' failed
[3.520s] Invoked command in '/home/kimna/Desktop/autoware.ai/src/autoware/core_planning/pure_pursuit/build/pure_pursuit' returned '2': CONDA_PROMPT_MODIFIER=(base) /usr/bin/cmake --build /home/kimna/Desktop/autoware.ai/src/autoware/core_planning/pure_pursuit/build/pure_pursuit -- -j8 -l8
