[0.119s] [  0%] Built target actionlib_generate_messages_cpp
[0.121s] [  0%] Built target rosgraph_msgs_generate_messages_eus
[0.121s] [  0%] Built target jsk_recognition_msgs_generate_messages_eus
[0.121s] [  0%] Built target autoware_config_msgs_generate_messages_lisp
[0.122s] [  0%] Built target autoware_system_msgs_generate_messages_lisp
[0.125s] [  0%] Built target jsk_recognition_msgs_generate_messages_lisp
[0.127s] [  0%] Built target pcl_msgs_generate_messages_eus
[0.127s] [  0%] Built target geometry_msgs_generate_messages_py
[0.174s] [  0%] Built target sensor_msgs_generate_messages_nodejs
[0.176s] [  0%] Built target roscpp_generate_messages_cpp
[0.177s] [  0%] Built target _catkin_empty_exported_target
[0.180s] [  0%] Built target autoware_system_msgs_generate_messages_py
[0.180s] [  0%] Built target sensor_msgs_generate_messages_eus
[0.182s] [  0%] Built target autoware_msgs_generate_messages_cpp
[0.182s] [  0%] Built target sensor_msgs_generate_messages_cpp
[0.182s] [  0%] Built target tf2_msgs_generate_messages_cpp
[0.222s] [  0%] Built target pcl_msgs_generate_messages_nodejs
[0.224s] [  0%] Built target std_msgs_generate_messages_py
[0.225s] [  0%] Built target autoware_msgs_generate_messages_py
[0.226s] [  0%] Built target std_msgs_generate_messages_nodejs
[0.233s] [  0%] Built target rosgraph_msgs_generate_messages_cpp
[0.235s] [  0%] Built target jsk_recognition_msgs_generate_messages_py
[0.235s] [  0%] Built target sensor_msgs_generate_messages_lisp
[0.239s] [  0%] Built target sensor_msgs_generate_messages_py
[0.275s] [  0%] Built target std_msgs_generate_messages_cpp
[0.276s] [  0%] Built target jsk_footstep_msgs_generate_messages_py
[0.277s] [  0%] Built target tf_generate_messages_py
[0.283s] [  0%] Built target actionlib_msgs_generate_messages_nodejs
[0.287s] [  0%] Built target geometry_msgs_generate_messages_eus
[0.290s] [  0%] Built target std_msgs_generate_messages_lisp
[0.295s] [  0%] Built target autoware_system_msgs_generate_messages_cpp
[0.296s] [  0%] Built target roscpp_generate_messages_nodejs
[0.324s] [  0%] Built target geometry_msgs_generate_messages_nodejs
[0.332s] [  0%] Built target pcl_msgs_generate_messages_cpp
[0.335s] [  0%] Built target geometry_msgs_generate_messages_lisp
[0.341s] [  0%] Built target jsk_recognition_msgs_generate_messages_cpp
[0.341s] [  0%] Built target autoware_msgs_generate_messages_eus
[0.342s] [  0%] Built target autoware_msgs_generate_messages_lisp
[0.351s] [  0%] Built target std_msgs_generate_messages_eus
[0.358s] [  0%] Built target autoware_msgs_generate_messages_nodejs
[0.378s] [  0%] Built target jsk_footstep_msgs_generate_messages_eus
[0.388s] [  0%] Built target autoware_config_msgs_generate_messages_eus
[0.389s] [  0%] Built target actionlib_msgs_generate_messages_py
[0.395s] [  0%] Built target jsk_footstep_msgs_generate_messages_nodejs
[0.395s] [  0%] Built target autoware_system_msgs_generate_messages_nodejs
[0.396s] [  0%] Built target jsk_footstep_msgs_generate_messages_lisp
[0.406s] [  0%] Built target jsk_footstep_msgs_generate_messages_cpp
[0.409s] [  0%] Built target actionlib_msgs_generate_messages_lisp
[0.428s] [  0%] Built target actionlib_msgs_generate_messages_cpp
[0.439s] [  0%] Built target tf_generate_messages_lisp
[0.442s] [  0%] Built target tf_generate_messages_eus
[0.444s] [  0%] Built target autoware_config_msgs_generate_messages_nodejs
[0.450s] [  0%] Built target tf_generate_messages_nodejs
[0.451s] [  0%] Built target jsk_recognition_msgs_generate_messages_nodejs
[0.461s] [  0%] Built target roscpp_generate_messages_lisp
[0.462s] [  0%] Built target roscpp_generate_messages_py
[0.479s] [  0%] Built target rosgraph_msgs_generate_messages_lisp
[0.496s] [  0%] Built target roscpp_generate_messages_eus
[0.497s] [  0%] Built target autoware_config_msgs_generate_messages_cpp
[0.498s] [  0%] Built target actionlib_msgs_generate_messages_eus
[0.506s] [  0%] Built target rosgraph_msgs_generate_messages_nodejs
[0.514s] [  0%] Built target rosgraph_msgs_generate_messages_py
[0.515s] [  0%] Built target autoware_config_msgs_generate_messages_py
[0.515s] [  0%] Built target pcl_msgs_generate_messages_py
[0.537s] [  0%] Built target actionlib_generate_messages_eus
[0.546s] [  0%] Built target pcl_msgs_generate_messages_lisp
[0.547s] [  0%] Built target geometry_msgs_generate_messages_cpp
[0.547s] [  0%] Built target actionlib_generate_messages_lisp
[0.563s] [  0%] Built target tf_generate_messages_cpp
[0.563s] [  0%] Built target tf2_msgs_generate_messages_eus
[0.563s] [  0%] Built target autoware_system_msgs_generate_messages_eus
[0.566s] [  0%] Built target actionlib_generate_messages_nodejs
[0.583s] [  0%] Built target tf2_msgs_generate_messages_lisp
[0.590s] [  0%] Built target actionlib_generate_messages_py
[0.590s] [  0%] Built target tf2_msgs_generate_messages_nodejs
[0.592s] [  0%] Built target tf2_msgs_generate_messages_py
[0.613s] [35m[1mScanning dependencies of target pure_pursuit[0m
[0.645s] [ 40%] [32mBuilding CXX object CMakeFiles/pure_pursuit.dir/src/pure_pursuit_node.cpp.o[0m
[0.645s] [ 40%] [32mBuilding CXX object CMakeFiles/pure_pursuit.dir/src/pure_pursuit_core.cpp.o[0m
[3.638s] CMakeFiles/pure_pursuit.dir/build.make:62: recipe for target 'CMakeFiles/pure_pursuit.dir/src/pure_pursuit_node.cpp.o' failed
[4.120s] CMakeFiles/pure_pursuit.dir/build.make:110: recipe for target 'CMakeFiles/pure_pursuit.dir/src/pure_pursuit_core.cpp.o' failed
[4.120s] CMakeFiles/Makefile2:444: recipe for target 'CMakeFiles/pure_pursuit.dir/all' failed
[4.120s] Makefile:140: recipe for target 'all' failed
