[0.124s] [  0%] Built target rosgraph_msgs_generate_messages_eus
[0.125s] [  0%] Built target jsk_recognition_msgs_generate_messages_eus
[0.125s] [  0%] Built target geometry_msgs_generate_messages_py
[0.126s] [  0%] Built target actionlib_generate_messages_cpp
[0.126s] [  0%] Built target pcl_msgs_generate_messages_eus
[0.127s] [  0%] Built target jsk_recognition_msgs_generate_messages_lisp
[0.128s] [  0%] Built target autoware_config_msgs_generate_messages_lisp
[0.133s] [  0%] Built target autoware_system_msgs_generate_messages_lisp
[0.177s] [  0%] Built target sensor_msgs_generate_messages_eus
[0.178s] [  0%] Built target sensor_msgs_generate_messages_nodejs
[0.178s] [  0%] Built target _catkin_empty_exported_target
[0.180s] [  0%] Built target sensor_msgs_generate_messages_cpp
[0.180s] [  0%] Built target autoware_msgs_generate_messages_cpp
[0.189s] [  0%] Built target tf2_msgs_generate_messages_cpp
[0.191s] [  0%] Built target roscpp_generate_messages_cpp
[0.195s] [  0%] Built target autoware_system_msgs_generate_messages_py
[0.224s] [  0%] Built target autoware_msgs_generate_messages_py
[0.227s] [  0%] Built target std_msgs_generate_messages_py
[0.228s] [  0%] Built target std_msgs_generate_messages_nodejs
[0.231s] [  0%] Built target pcl_msgs_generate_messages_nodejs
[0.231s] [  0%] Built target rosgraph_msgs_generate_messages_cpp
[0.237s] [  0%] Built target jsk_recognition_msgs_generate_messages_py
[0.240s] [  0%] Built target sensor_msgs_generate_messages_lisp
[0.245s] [  0%] Built target sensor_msgs_generate_messages_py
[0.274s] [  0%] Built target tf_generate_messages_py
[0.278s] [  0%] Built target std_msgs_generate_messages_cpp
[0.280s] [  0%] Built target jsk_footstep_msgs_generate_messages_py
[0.288s] [  0%] Built target geometry_msgs_generate_messages_eus
[0.289s] [  0%] Built target actionlib_msgs_generate_messages_nodejs
[0.291s] [  0%] Built target std_msgs_generate_messages_lisp
[0.301s] [  0%] Built target autoware_system_msgs_generate_messages_cpp
[0.301s] [  0%] Built target roscpp_generate_messages_nodejs
[0.327s] [  0%] Built target geometry_msgs_generate_messages_lisp
[0.332s] [  0%] Built target geometry_msgs_generate_messages_nodejs
[0.332s] [  0%] Built target pcl_msgs_generate_messages_cpp
[0.337s] [  0%] Built target jsk_recognition_msgs_generate_messages_cpp
[0.338s] [  0%] Built target autoware_msgs_generate_messages_lisp
[0.340s] [  0%] Built target autoware_msgs_generate_messages_eus
[0.352s] [  0%] Built target autoware_msgs_generate_messages_nodejs
[0.358s] [  0%] Built target std_msgs_generate_messages_eus
[0.379s] [  0%] Built target actionlib_msgs_generate_messages_py
[0.382s] [  0%] Built target autoware_config_msgs_generate_messages_eus
[0.384s] [  0%] Built target jsk_footstep_msgs_generate_messages_eus
[0.389s] [  0%] Built target jsk_footstep_msgs_generate_messages_nodejs
[0.392s] [  0%] Built target jsk_footstep_msgs_generate_messages_lisp
[0.396s] [  0%] Built target autoware_system_msgs_generate_messages_nodejs
[0.407s] [  0%] Built target actionlib_msgs_generate_messages_lisp
[0.412s] [  0%] Built target jsk_footstep_msgs_generate_messages_cpp
[0.431s] [  0%] Built target tf_generate_messages_eus
[0.434s] [  0%] Built target tf_generate_messages_lisp
[0.435s] [  0%] Built target actionlib_msgs_generate_messages_cpp
[0.440s] [  0%] Built target autoware_config_msgs_generate_messages_nodejs
[0.449s] [  0%] Built target tf_generate_messages_nodejs
[0.451s] [  0%] Built target jsk_recognition_msgs_generate_messages_nodejs
[0.456s] [  0%] Built target roscpp_generate_messages_lisp
[0.462s] [  0%] Built target roscpp_generate_messages_py
[0.483s] [  0%] Built target rosgraph_msgs_generate_messages_lisp
[0.487s] [  0%] Built target autoware_config_msgs_generate_messages_cpp
[0.500s] [  0%] Built target rosgraph_msgs_generate_messages_nodejs
[0.501s] [  0%] Built target roscpp_generate_messages_eus
[0.505s] [  0%] Built target rosgraph_msgs_generate_messages_py
[0.505s] [  0%] Built target actionlib_msgs_generate_messages_eus
[0.508s] [  0%] Built target autoware_config_msgs_generate_messages_py
[0.512s] [  0%] Built target pcl_msgs_generate_messages_py
[0.531s] [  0%] Built target actionlib_generate_messages_eus
[0.537s] [  0%] Built target geometry_msgs_generate_messages_cpp
[0.550s] [  0%] Built target pcl_msgs_generate_messages_lisp
[0.550s] [  0%] Built target actionlib_generate_messages_lisp
[0.555s] [  0%] Built target tf_generate_messages_cpp
[0.560s] [  0%] Built target actionlib_generate_messages_nodejs
[0.568s] [  0%] Built target autoware_system_msgs_generate_messages_eus
[0.570s] [  0%] Built target tf2_msgs_generate_messages_eus
[0.574s] [  0%] Built target tf2_msgs_generate_messages_lisp
[0.579s] [  0%] Built target actionlib_generate_messages_py
[0.591s] [  0%] Built target tf2_msgs_generate_messages_py
[0.593s] [  0%] Built target tf2_msgs_generate_messages_nodejs
[0.611s] [35m[1mScanning dependencies of target pure_pursuit[0m
[0.643s] [ 40%] [32mBuilding CXX object CMakeFiles/pure_pursuit.dir/src/pure_pursuit_core.cpp.o[0m
[0.643s] [ 40%] [32mBuilding CXX object CMakeFiles/pure_pursuit.dir/src/pure_pursuit_node.cpp.o[0m
[3.536s] CMakeFiles/pure_pursuit.dir/build.make:110: recipe for target 'CMakeFiles/pure_pursuit.dir/src/pure_pursuit_core.cpp.o' failed
[4.508s] CMakeFiles/Makefile2:444: recipe for target 'CMakeFiles/pure_pursuit.dir/all' failed
[4.508s] Makefile:140: recipe for target 'all' failed
