[0.119s] [  0%] Built target geometry_msgs_generate_messages_py
[0.119s] [  0%] Built target jsk_recognition_msgs_generate_messages_lisp
[0.119s] [  0%] Built target actionlib_generate_messages_cpp
[0.119s] [  0%] Built target pcl_msgs_generate_messages_eus
[0.120s] [  0%] Built target autoware_system_msgs_generate_messages_lisp
[0.120s] [  0%] Built target jsk_recognition_msgs_generate_messages_eus
[0.120s] [  0%] Built target rosgraph_msgs_generate_messages_eus
[0.121s] [  0%] Built target autoware_config_msgs_generate_messages_lisp
[0.170s] [  0%] Built target sensor_msgs_generate_messages_cpp
[0.173s] [  0%] Built target autoware_system_msgs_generate_messages_py
[0.173s] [  0%] Built target sensor_msgs_generate_messages_nodejs
[0.179s] [  0%] Built target autoware_msgs_generate_messages_cpp
[0.179s] [  0%] Built target _catkin_empty_exported_target
[0.180s] [  0%] Built target sensor_msgs_generate_messages_eus
[0.186s] [  0%] Built target tf2_msgs_generate_messages_cpp
[0.190s] [  0%] Built target roscpp_generate_messages_cpp
[0.216s] [  0%] Built target std_msgs_generate_messages_py
[0.227s] [  0%] Built target std_msgs_generate_messages_nodejs
[0.227s] [  0%] Built target rosgraph_msgs_generate_messages_cpp
[0.230s] [  0%] Built target pcl_msgs_generate_messages_nodejs
[0.230s] [  0%] Built target jsk_recognition_msgs_generate_messages_py
[0.231s] [  0%] Built target autoware_msgs_generate_messages_py
[0.238s] [  0%] Built target sensor_msgs_generate_messages_lisp
[0.250s] [  0%] Built target sensor_msgs_generate_messages_py
[0.276s] [  0%] Built target tf_generate_messages_py
[0.279s] [  0%] Built target jsk_footstep_msgs_generate_messages_py
[0.281s] [  0%] Built target actionlib_msgs_generate_messages_nodejs
[0.284s] [  0%] Built target std_msgs_generate_messages_cpp
[0.287s] [  0%] Built target std_msgs_generate_messages_lisp
[0.292s] [  0%] Built target geometry_msgs_generate_messages_eus
[0.294s] [  0%] Built target roscpp_generate_messages_nodejs
[0.302s] [  0%] Built target autoware_system_msgs_generate_messages_cpp
[0.328s] [  0%] Built target geometry_msgs_generate_messages_nodejs
[0.330s] [  0%] Built target geometry_msgs_generate_messages_lisp
[0.332s] [  0%] Built target pcl_msgs_generate_messages_cpp
[0.333s] [  0%] Built target jsk_recognition_msgs_generate_messages_cpp
[0.339s] [  0%] Built target autoware_msgs_generate_messages_eus
[0.343s] [  0%] Built target std_msgs_generate_messages_eus
[0.347s] [  0%] Built target autoware_msgs_generate_messages_nodejs
[0.350s] [  0%] Built target autoware_msgs_generate_messages_lisp
[0.381s] [  0%] Built target jsk_footstep_msgs_generate_messages_eus
[0.382s] [  0%] Built target actionlib_msgs_generate_messages_py
[0.388s] [  0%] Built target autoware_config_msgs_generate_messages_eus
[0.391s] [  0%] Built target jsk_footstep_msgs_generate_messages_lisp
[0.395s] [  0%] Built target jsk_footstep_msgs_generate_messages_nodejs
[0.399s] [  0%] Built target actionlib_msgs_generate_messages_lisp
[0.400s] [  0%] Built target autoware_system_msgs_generate_messages_nodejs
[0.400s] [  0%] Built target jsk_footstep_msgs_generate_messages_cpp
[0.435s] [  0%] Built target autoware_config_msgs_generate_messages_nodejs
[0.436s] [  0%] Built target actionlib_msgs_generate_messages_cpp
[0.438s] [  0%] Built target tf_generate_messages_lisp
[0.441s] [  0%] Built target tf_generate_messages_eus
[0.446s] [  0%] Built target tf_generate_messages_nodejs
[0.448s] [  0%] Built target jsk_recognition_msgs_generate_messages_nodejs
[0.448s] [  0%] Built target roscpp_generate_messages_py
[0.452s] [  0%] Built target roscpp_generate_messages_lisp
[0.484s] [  0%] Built target rosgraph_msgs_generate_messages_lisp
[0.493s] [  0%] Built target roscpp_generate_messages_eus
[0.494s] [  0%] Built target rosgraph_msgs_generate_messages_nodejs
[0.497s] [  0%] Built target autoware_config_msgs_generate_messages_cpp
[0.499s] [  0%] Built target autoware_config_msgs_generate_messages_py
[0.500s] [  0%] Built target actionlib_msgs_generate_messages_eus
[0.505s] [  0%] Built target rosgraph_msgs_generate_messages_py
[0.511s] [  0%] Built target pcl_msgs_generate_messages_py
[0.536s] [  0%] Built target actionlib_generate_messages_eus
[0.538s] [  0%] Built target actionlib_generate_messages_lisp
[0.547s] [  0%] Built target pcl_msgs_generate_messages_lisp
[0.551s] [  0%] Built target tf_generate_messages_cpp
[0.554s] [  0%] Built target geometry_msgs_generate_messages_cpp
[0.555s] [  0%] Built target actionlib_generate_messages_nodejs
[0.556s] [  0%] Built target autoware_system_msgs_generate_messages_eus
[0.564s] [  0%] Built target tf2_msgs_generate_messages_eus
[0.580s] [  0%] Built target tf2_msgs_generate_messages_lisp
[0.585s] [  0%] Built target tf2_msgs_generate_messages_py
[0.586s] [  0%] Built target actionlib_generate_messages_py
[0.592s] [  0%] Built target tf2_msgs_generate_messages_nodejs
[0.612s] [35m[1mScanning dependencies of target pure_pursuit[0m
[0.644s] [ 20%] [32mBuilding CXX object CMakeFiles/pure_pursuit.dir/src/pure_pursuit_core.cpp.o[0m
[6.623s] [ 40%] [32m[1mLinking CXX executable devel/lib/pure_pursuit/pure_pursuit[0m
[6.851s] [100%] Built target pure_pursuit
[7.184s] [  0%] Built target actionlib_generate_messages_cpp
[7.184s] [  0%] Built target pcl_msgs_generate_messages_eus
[7.186s] [  0%] Built target geometry_msgs_generate_messages_py
[7.186s] [  0%] Built target jsk_recognition_msgs_generate_messages_lisp
[7.186s] [  0%] Built target rosgraph_msgs_generate_messages_eus
[7.188s] [  0%] Built target jsk_recognition_msgs_generate_messages_eus
[7.189s] [ 28%] Built target gtest
[7.191s] [ 28%] Built target autoware_system_msgs_generate_messages_lisp
[7.231s] [ 28%] Built target roscpp_generate_messages_cpp
[7.232s] [ 28%] Built target sensor_msgs_generate_messages_nodejs
[7.233s] [ 28%] Built target autoware_system_msgs_generate_messages_py
[7.233s] [ 28%] Built target sensor_msgs_generate_messages_eus
[7.236s] [ 28%] Built target autoware_msgs_generate_messages_cpp
[7.239s] [ 28%] Built target _catkin_empty_exported_target
[7.239s] [ 28%] Built target tf2_msgs_generate_messages_cpp
[7.247s] [ 28%] Built target sensor_msgs_generate_messages_cpp
[7.283s] [ 28%] Built target std_msgs_generate_messages_nodejs
[7.285s] [ 28%] Built target rosgraph_msgs_generate_messages_cpp
[7.286s] [ 28%] Built target std_msgs_generate_messages_py
[7.287s] [ 28%] Built target autoware_msgs_generate_messages_py
[7.288s] [ 28%] Built target jsk_recognition_msgs_generate_messages_py
[7.293s] [ 28%] Built target pcl_msgs_generate_messages_nodejs
[7.297s] [ 28%] Built target sensor_msgs_generate_messages_lisp
[7.302s] [ 28%] Built target sensor_msgs_generate_messages_py
[7.332s] [ 28%] Built target std_msgs_generate_messages_cpp
[7.333s] [ 28%] Built target jsk_footstep_msgs_generate_messages_py
[7.334s] [ 28%] Built target tf_generate_messages_py
[7.337s] [ 28%] Built target geometry_msgs_generate_messages_eus
[7.340s] [ 28%] Built target actionlib_msgs_generate_messages_nodejs
[7.342s] [ 28%] Built target std_msgs_generate_messages_lisp
[7.344s] [ 28%] Built target roscpp_generate_messages_nodejs
[7.357s] [ 28%] Built target autoware_system_msgs_generate_messages_cpp
[7.382s] [ 28%] Built target geometry_msgs_generate_messages_nodejs
[7.384s] [ 28%] Built target pcl_msgs_generate_messages_cpp
[7.390s] [ 28%] Built target jsk_recognition_msgs_generate_messages_cpp
[7.391s] [ 28%] Built target geometry_msgs_generate_messages_lisp
[7.392s] [ 28%] Built target autoware_msgs_generate_messages_lisp
[7.393s] [ 28%] Built target autoware_msgs_generate_messages_eus
[7.397s] [ 28%] Built target std_msgs_generate_messages_eus
[7.407s] [ 28%] Built target autoware_msgs_generate_messages_nodejs
[7.431s] [ 28%] Built target jsk_footstep_msgs_generate_messages_eus
[7.434s] [ 28%] Built target jsk_footstep_msgs_generate_messages_nodejs
[7.436s] [ 28%] Built target actionlib_msgs_generate_messages_py
[7.441s] [ 28%] Built target autoware_system_msgs_generate_messages_nodejs
[7.441s] [ 28%] Built target jsk_footstep_msgs_generate_messages_lisp
[7.445s] [ 28%] Built target autoware_config_msgs_generate_messages_eus
[7.454s] [ 28%] Built target actionlib_msgs_generate_messages_lisp
[7.461s] [ 28%] Built target jsk_footstep_msgs_generate_messages_cpp
[7.482s] [ 28%] Built target tf_generate_messages_lisp
[7.484s] [ 28%] Built target actionlib_msgs_generate_messages_cpp
[7.486s] [ 28%] Built target tf_generate_messages_eus
[7.494s] [ 28%] Built target autoware_config_msgs_generate_messages_nodejs
[7.499s] [ 28%] Built target jsk_recognition_msgs_generate_messages_nodejs
[7.500s] [ 28%] Built target tf_generate_messages_nodejs
[7.509s] [ 28%] Built target roscpp_generate_messages_py
[7.509s] [ 28%] Built target roscpp_generate_messages_lisp
[7.532s] [ 28%] Built target rosgraph_msgs_generate_messages_nodejs
[7.533s] [ 28%] Built target rosgraph_msgs_generate_messages_lisp
[7.543s] [ 28%] Built target autoware_config_msgs_generate_messages_cpp
[7.545s] [ 28%] Built target roscpp_generate_messages_eus
[7.546s] [ 28%] Built target actionlib_msgs_generate_messages_eus
[7.552s] [ 28%] Built target rosgraph_msgs_generate_messages_py
[7.559s] [ 28%] Built target autoware_config_msgs_generate_messages_py
[7.564s] [ 28%] Built target pcl_msgs_generate_messages_py
[7.584s] [ 28%] Built target geometry_msgs_generate_messages_cpp
[7.591s] [ 28%] Built target actionlib_generate_messages_eus
[7.595s] [ 28%] Built target actionlib_generate_messages_lisp
[7.597s] [ 28%] Built target tf_generate_messages_cpp
[7.598s] [ 28%] Built target pcl_msgs_generate_messages_lisp
[7.607s] [ 28%] Built target actionlib_generate_messages_nodejs
[7.611s] [ 28%] Built target tf2_msgs_generate_messages_eus
[7.611s] [ 28%] Built target autoware_system_msgs_generate_messages_eus
[7.625s] [ 28%] Built target tf2_msgs_generate_messages_lisp
[7.637s] [ 28%] Built target autoware_config_msgs_generate_messages_lisp
[7.637s] [ 28%] Built target tf2_msgs_generate_messages_nodejs
[7.639s] [ 28%] Built target tf2_msgs_generate_messages_py
[7.640s] [ 28%] Built target actionlib_generate_messages_py
[7.660s] [35m[1mScanning dependencies of target test-pure_pursuit[0m
[7.696s] [ 57%] [32mBuilding CXX object CMakeFiles/test-pure_pursuit.dir/test/src/test_pure_pursuit.cpp.o[0m
[7.696s] [ 57%] [32mBuilding CXX object CMakeFiles/test-pure_pursuit.dir/src/pure_pursuit_core.cpp.o[0m
[13.568s] [ 71%] [32m[1mLinking CXX executable devel/lib/pure_pursuit/test-pure_pursuit[0m
[13.767s] [100%] Built target test-pure_pursuit
[13.799s] [100%] Built target tests
[14.110s] [  0%] Built target pcl_msgs_generate_messages_eus
[14.110s] [  0%] Built target jsk_recognition_msgs_generate_messages_lisp
[14.110s] [  0%] Built target autoware_system_msgs_generate_messages_lisp
[14.111s] [  0%] Built target autoware_config_msgs_generate_messages_lisp
[14.111s] [  0%] Built target actionlib_generate_messages_cpp
[14.112s] [  0%] Built target jsk_recognition_msgs_generate_messages_eus
[14.114s] [  0%] Built target geometry_msgs_generate_messages_py
[14.119s] [  0%] Built target rosgraph_msgs_generate_messages_eus
[14.158s] [  0%] Built target roscpp_generate_messages_cpp
[14.158s] [  0%] Built target _catkin_empty_exported_target
[14.159s] [  0%] Built target sensor_msgs_generate_messages_nodejs
[14.159s] [  0%] Built target autoware_system_msgs_generate_messages_py
[14.159s] [  0%] Built target sensor_msgs_generate_messages_cpp
[14.160s] [  0%] Built target sensor_msgs_generate_messages_eus
[14.162s] [  0%] Built target autoware_msgs_generate_messages_cpp
[14.169s] [  0%] Built target tf2_msgs_generate_messages_cpp
[14.206s] [  0%] Built target autoware_msgs_generate_messages_py
[14.208s] [  0%] Built target std_msgs_generate_messages_py
[14.210s] [  0%] Built target std_msgs_generate_messages_nodejs
[14.213s] [  0%] Built target rosgraph_msgs_generate_messages_cpp
[14.216s] [  0%] Built target sensor_msgs_generate_messages_lisp
[14.217s] [  0%] Built target jsk_recognition_msgs_generate_messages_py
[14.219s] [  0%] Built target pcl_msgs_generate_messages_nodejs
[14.225s] [  0%] Built target sensor_msgs_generate_messages_py
[14.256s] [  0%] Built target tf_generate_messages_py
[14.260s] [  0%] Built target jsk_footstep_msgs_generate_messages_py
[14.262s] [  0%] Built target std_msgs_generate_messages_cpp
[14.265s] [  0%] Built target geometry_msgs_generate_messages_eus
[14.265s] [  0%] Built target actionlib_msgs_generate_messages_nodejs
[14.267s] [  0%] Built target std_msgs_generate_messages_lisp
[14.268s] [  0%] Built target roscpp_generate_messages_nodejs
[14.279s] [  0%] Built target autoware_system_msgs_generate_messages_cpp
[14.307s] [  0%] Built target geometry_msgs_generate_messages_nodejs
[14.310s] [  0%] Built target geometry_msgs_generate_messages_lisp
[14.311s] [  0%] Built target pcl_msgs_generate_messages_cpp
[14.317s] [  0%] Built target std_msgs_generate_messages_eus
[14.319s] [  0%] Built target autoware_msgs_generate_messages_eus
[14.319s] [  0%] Built target autoware_msgs_generate_messages_lisp
[14.322s] [  0%] Built target jsk_recognition_msgs_generate_messages_cpp
[14.336s] [  0%] Built target autoware_msgs_generate_messages_nodejs
[14.357s] [  0%] Built target jsk_footstep_msgs_generate_messages_eus
[14.358s] [  0%] Built target autoware_config_msgs_generate_messages_eus
[14.363s] [  0%] Built target actionlib_msgs_generate_messages_py
[14.368s] [  0%] Built target jsk_footstep_msgs_generate_messages_nodejs
[14.372s] [  0%] Built target jsk_footstep_msgs_generate_messages_lisp
[14.373s] [  0%] Built target autoware_system_msgs_generate_messages_nodejs
[14.377s] [  0%] Built target actionlib_msgs_generate_messages_lisp
[14.384s] [  0%] Built target jsk_footstep_msgs_generate_messages_cpp
[14.415s] [  0%] Built target actionlib_msgs_generate_messages_cpp
[14.415s] [  0%] Built target tf_generate_messages_eus
[14.419s] [  0%] Built target tf_generate_messages_lisp
[14.420s] [  0%] Built target autoware_config_msgs_generate_messages_nodejs
[14.420s] [  0%] Built target tf_generate_messages_nodejs
[14.428s] [  0%] Built target jsk_recognition_msgs_generate_messages_nodejs
[14.428s] [  0%] Built target roscpp_generate_messages_lisp
[14.434s] [  0%] Built target roscpp_generate_messages_py
[14.465s] [  0%] Built target autoware_config_msgs_generate_messages_cpp
[14.465s] [  0%] Built target roscpp_generate_messages_eus
[14.466s] [  0%] Built target rosgraph_msgs_generate_messages_lisp
[14.466s] [  0%] Built target actionlib_msgs_generate_messages_eus
[14.471s] [  0%] Built target rosgraph_msgs_generate_messages_nodejs
[14.479s] [  0%] Built target autoware_config_msgs_generate_messages_py
[14.482s] [  0%] Built target pcl_msgs_generate_messages_py
[14.486s] [  0%] Built target rosgraph_msgs_generate_messages_py
[14.516s] [  0%] Built target actionlib_generate_messages_lisp
[14.519s] [  0%] Built target pcl_msgs_generate_messages_lisp
[14.519s] [  0%] Built target actionlib_generate_messages_eus
[14.523s] [  0%] Built target geometry_msgs_generate_messages_cpp
[14.525s] [  0%] Built target tf_generate_messages_cpp
[14.530s] [  0%] Built target autoware_system_msgs_generate_messages_eus
[14.534s] [  0%] Built target actionlib_generate_messages_nodejs
[14.535s] [  0%] Built target tf2_msgs_generate_messages_eus
[14.557s] [  0%] Built target actionlib_generate_messages_py
[14.557s] [  0%] Built target tf2_msgs_generate_messages_lisp
[14.557s] [  0%] Built target tf2_msgs_generate_messages_py
[14.564s] [  0%] Built target tf2_msgs_generate_messages_nodejs
[14.606s] [100%] Built target pure_pursuit
[14.635s] [36mInstall the project...[0m
[14.648s] -- Install configuration: "Release"
[14.648s] -- Up-to-date: /home/kimna/Desktop/autoware.ai/src/autoware/core_planning/pure_pursuit/install/pure_pursuit/lib/pkgconfig/pure_pursuit.pc
[14.648s] -- Up-to-date: /home/kimna/Desktop/autoware.ai/src/autoware/core_planning/pure_pursuit/install/pure_pursuit/share/pure_pursuit/cmake/pure_pursuitConfig.cmake
[14.648s] -- Up-to-date: /home/kimna/Desktop/autoware.ai/src/autoware/core_planning/pure_pursuit/install/pure_pursuit/share/pure_pursuit/cmake/pure_pursuitConfig-version.cmake
[14.648s] -- Up-to-date: /home/kimna/Desktop/autoware.ai/src/autoware/core_planning/pure_pursuit/install/pure_pursuit/share/pure_pursuit/package.xml
[14.650s] -- Installing: /home/kimna/Desktop/autoware.ai/src/autoware/core_planning/pure_pursuit/install/pure_pursuit/lib/pure_pursuit/pure_pursuit
[14.654s] -- Set runtime path of "/home/kimna/Desktop/autoware.ai/src/autoware/core_planning/pure_pursuit/install/pure_pursuit/lib/pure_pursuit/pure_pursuit" to ""
[14.654s] -- Up-to-date: /home/kimna/Desktop/autoware.ai/src/autoware/core_planning/pure_pursuit/install/pure_pursuit/share/pure_pursuit/launch
[14.654s] -- Up-to-date: /home/kimna/Desktop/autoware.ai/src/autoware/core_planning/pure_pursuit/install/pure_pursuit/share/pure_pursuit/launch/pure_pursuit.launch
