[0.158s] [  0%] Built target rosgraph_msgs_generate_messages_eus
[0.162s] [  0%] Built target pcl_msgs_generate_messages_eus
[0.162s] [  0%] Built target jsk_recognition_msgs_generate_messages_eus
[0.163s] [  0%] Built target actionlib_generate_messages_cpp
[0.167s] [  0%] Built target jsk_recognition_msgs_generate_messages_lisp
[0.175s] [  0%] Built target geometry_msgs_generate_messages_py
[0.179s] [  0%] Built target autoware_config_msgs_generate_messages_lisp
[0.200s] [  0%] Built target autoware_system_msgs_generate_messages_lisp
[0.234s] [  0%] Built target sensor_msgs_generate_messages_nodejs
[0.238s] [  0%] Built target autoware_system_msgs_generate_messages_py
[0.249s] [  0%] Built target autoware_msgs_generate_messages_cpp
[0.257s] [  0%] Built target roscpp_generate_messages_cpp
[0.269s] [  0%] Built target tf2_msgs_generate_messages_cpp
[0.270s] [  0%] Built target sensor_msgs_generate_messages_eus
[0.278s] [  0%] Built target _catkin_empty_exported_target
[0.283s] [  0%] Built target sensor_msgs_generate_messages_cpp
[0.301s] [  0%] Built target std_msgs_generate_messages_py
[0.322s] [  0%] Built target autoware_msgs_generate_messages_py
[0.334s] [  0%] Built target std_msgs_generate_messages_nodejs
[0.338s] [  0%] Built target rosgraph_msgs_generate_messages_cpp
[0.338s] [  0%] Built target pcl_msgs_generate_messages_nodejs
[0.348s] [  0%] Built target sensor_msgs_generate_messages_lisp
[0.363s] [  0%] Built target jsk_recognition_msgs_generate_messages_py
[0.376s] [  0%] Built target sensor_msgs_generate_messages_py
[0.390s] [  0%] Built target tf_generate_messages_py
[0.406s] [  0%] Built target std_msgs_generate_messages_cpp
[0.421s] [  0%] Built target geometry_msgs_generate_messages_eus
[0.431s] [  0%] Built target actionlib_msgs_generate_messages_nodejs
[0.438s] [  0%] Built target jsk_footstep_msgs_generate_messages_py
[0.450s] [  0%] Built target std_msgs_generate_messages_lisp
[0.454s] [  0%] Built target roscpp_generate_messages_nodejs
[0.462s] [  0%] Built target autoware_system_msgs_generate_messages_cpp
[0.478s] [  0%] Built target geometry_msgs_generate_messages_lisp
[0.502s] [  0%] Built target geometry_msgs_generate_messages_nodejs
[0.516s] [  0%] Built target pcl_msgs_generate_messages_cpp
[0.525s] [  0%] Built target jsk_recognition_msgs_generate_messages_cpp
[0.525s] [  0%] Built target autoware_msgs_generate_messages_eus
[0.535s] [  0%] Built target autoware_msgs_generate_messages_nodejs
[0.539s] [  0%] Built target autoware_msgs_generate_messages_lisp
[0.551s] [  0%] Built target std_msgs_generate_messages_eus
[0.556s] [  0%] Built target jsk_footstep_msgs_generate_messages_eus
[0.591s] [  0%] Built target autoware_config_msgs_generate_messages_eus
[0.597s] [  0%] Built target actionlib_msgs_generate_messages_py
[0.604s] [  0%] Built target actionlib_msgs_generate_messages_lisp
[0.609s] [  0%] Built target autoware_system_msgs_generate_messages_nodejs
[0.623s] [  0%] Built target jsk_footstep_msgs_generate_messages_lisp
[0.625s] [  0%] Built target jsk_footstep_msgs_generate_messages_nodejs
[0.630s] [  0%] Built target jsk_footstep_msgs_generate_messages_cpp
[0.665s] [  0%] Built target actionlib_msgs_generate_messages_cpp
[0.669s] [  0%] Built target autoware_config_msgs_generate_messages_nodejs
[0.678s] [  0%] Built target tf_generate_messages_lisp
[0.682s] [  0%] Built target tf_generate_messages_eus
[0.694s] [  0%] Built target tf_generate_messages_nodejs
[0.703s] [  0%] Built target roscpp_generate_messages_lisp
[0.703s] [  0%] Built target roscpp_generate_messages_py
[0.715s] [  0%] Built target jsk_recognition_msgs_generate_messages_nodejs
[0.753s] [  0%] Built target autoware_config_msgs_generate_messages_cpp
[0.763s] [  0%] Built target rosgraph_msgs_generate_messages_lisp
[0.768s] [  0%] Built target roscpp_generate_messages_eus
[0.777s] [  0%] Built target actionlib_msgs_generate_messages_eus
[0.777s] [  0%] Built target rosgraph_msgs_generate_messages_nodejs
[0.777s] [  0%] Built target autoware_config_msgs_generate_messages_py
[0.782s] [  0%] Built target pcl_msgs_generate_messages_py
[0.785s] [  0%] Built target rosgraph_msgs_generate_messages_py
[0.835s] [  0%] Built target actionlib_generate_messages_lisp
[0.841s] [  0%] Built target geometry_msgs_generate_messages_cpp
[0.844s] [  0%] Built target actionlib_generate_messages_eus
[0.850s] [  0%] Built target autoware_system_msgs_generate_messages_eus
[0.855s] [  0%] Built target pcl_msgs_generate_messages_lisp
[0.861s] [  0%] Built target actionlib_generate_messages_nodejs
[0.868s] [  0%] Built target tf_generate_messages_cpp
[0.878s] [  0%] Built target tf2_msgs_generate_messages_eus
[0.901s] [  0%] Built target tf2_msgs_generate_messages_py
[0.905s] [  0%] Built target actionlib_generate_messages_py
[0.906s] [  0%] Built target tf2_msgs_generate_messages_lisp
[0.909s] [  0%] Built target tf2_msgs_generate_messages_nodejs
[0.933s] [35m[1mScanning dependencies of target pure_pursuit[0m
[0.967s] [ 20%] [32mBuilding CXX object CMakeFiles/pure_pursuit.dir/src/pure_pursuit_core.cpp.o[0m
[1.850s] In file included from [01m[K/home/kimna/Desktop/autoware.ai/src/autoware/core_planning/pure_pursuit/src/pure_pursuit_core.cpp:19:0[m[K:
[1.850s] [01m[K/home/kimna/Desktop/autoware.ai/src/autoware/core_planning/pure_pursuit/include/pure_pursuit/stanley.h:9:10:[m[K [01;31m[Kfatal error: [m[Kcmath.h: No such file or directory
[1.850s]  #include [01;31m[K<cmath.h>[m[K
[1.850s]           [01;31m[K^~~~~~~~~[m[K
[1.850s] compilation terminated.
[1.858s] CMakeFiles/pure_pursuit.dir/build.make:110: recipe for target 'CMakeFiles/pure_pursuit.dir/src/pure_pursuit_core.cpp.o' failed
[1.858s] make[2]: *** [CMakeFiles/pure_pursuit.dir/src/pure_pursuit_core.cpp.o] Error 1
[1.858s] make[1]: *** [CMakeFiles/pure_pursuit.dir/all] Error 2
[1.858s] CMakeFiles/Makefile2:444: recipe for target 'CMakeFiles/pure_pursuit.dir/all' failed
[1.858s] make: *** [all] Error 2
[1.858s] Makefile:140: recipe for target 'all' failed
