Determining if the pthread_create exist failed with the following output:
Change Dir: /home/kimna/Desktop/autoware.ai/src/autoware/core_planning/build/lattice_planner/CMakeFiles/CMakeTmp

Run Build Command:"/usr/bin/make" "cmTC_89cac/fast"
/usr/bin/make -f CMakeFiles/cmTC_89cac.dir/build.make CMakeFiles/cmTC_89cac.dir/build
make[1]: Entering directory '/home/kimna/Desktop/autoware.ai/src/autoware/core_planning/build/lattice_planner/CMakeFiles/CMakeTmp'
Building C object CMakeFiles/cmTC_89cac.dir/CheckSymbolExists.c.o
/usr/bin/cc    -o CMakeFiles/cmTC_89cac.dir/CheckSymbolExists.c.o   -c /home/kimna/Desktop/autoware.ai/src/autoware/core_planning/build/lattice_planner/CMakeFiles/CMakeTmp/CheckSymbolExists.c
Linking C executable cmTC_89cac
/usr/bin/cmake -E cmake_link_script CMakeFiles/cmTC_89cac.dir/link.txt --verbose=1
/usr/bin/cc      -rdynamic CMakeFiles/cmTC_89cac.dir/CheckSymbolExists.c.o  -o cmTC_89cac 
CMakeFiles/cmTC_89cac.dir/CheckSymbolExists.c.o: In function `main':
CheckSymbolExists.c:(.text+0x1b): undefined reference to `pthread_create'
collect2: error: ld returned 1 exit status
CMakeFiles/cmTC_89cac.dir/build.make:97: recipe for target 'cmTC_89cac' failed
make[1]: *** [cmTC_89cac] Error 1
make[1]: Leaving directory '/home/kimna/Desktop/autoware.ai/src/autoware/core_planning/build/lattice_planner/CMakeFiles/CMakeTmp'
Makefile:126: recipe for target 'cmTC_89cac/fast' failed
make: *** [cmTC_89cac/fast] Error 2

File /home/kimna/Desktop/autoware.ai/src/autoware/core_planning/build/lattice_planner/CMakeFiles/CMakeTmp/CheckSymbolExists.c:
/* */
#include <pthread.h>

int main(int argc, char** argv)
{
  (void)argv;
#ifndef pthread_create
  return ((int*)(&pthread_create))[argc];
#else
  (void)argc;
  return 0;
#endif
}

Determining if the function pthread_create exists in the pthreads failed with the following output:
Change Dir: /home/kimna/Desktop/autoware.ai/src/autoware/core_planning/build/lattice_planner/CMakeFiles/CMakeTmp

Run Build Command:"/usr/bin/make" "cmTC_604b1/fast"
/usr/bin/make -f CMakeFiles/cmTC_604b1.dir/build.make CMakeFiles/cmTC_604b1.dir/build
make[1]: Entering directory '/home/kimna/Desktop/autoware.ai/src/autoware/core_planning/build/lattice_planner/CMakeFiles/CMakeTmp'
Building C object CMakeFiles/cmTC_604b1.dir/CheckFunctionExists.c.o
/usr/bin/cc   -DCHECK_FUNCTION_EXISTS=pthread_create   -o CMakeFiles/cmTC_604b1.dir/CheckFunctionExists.c.o   -c /usr/share/cmake-3.10/Modules/CheckFunctionExists.c
Linking C executable cmTC_604b1
/usr/bin/cmake -E cmake_link_script CMakeFiles/cmTC_604b1.dir/link.txt --verbose=1
/usr/bin/cc  -DCHECK_FUNCTION_EXISTS=pthread_create    -rdynamic CMakeFiles/cmTC_604b1.dir/CheckFunctionExists.c.o  -o cmTC_604b1 -lpthreads 
/usr/bin/ld: cannot find -lpthreads
collect2: error: ld returned 1 exit status
CMakeFiles/cmTC_604b1.dir/build.make:97: recipe for target 'cmTC_604b1' failed
make[1]: *** [cmTC_604b1] Error 1
make[1]: Leaving directory '/home/kimna/Desktop/autoware.ai/src/autoware/core_planning/build/lattice_planner/CMakeFiles/CMakeTmp'
Makefile:126: recipe for target 'cmTC_604b1/fast' failed
make: *** [cmTC_604b1/fast] Error 2


