[0.025s] Invoking command in '/home/kimna/Desktop/autoware.ai/src/autoware/core_planning/pure_pursuit/build/pure_pursuit': CONDA_PROMPT_MODIFIER=(base) /usr/bin/cmake --build /home/kimna/Desktop/autoware.ai/src/autoware/core_planning/pure_pursuit/build/pure_pursuit -- -j8 -l8
[0.140s] [  0%] Built target rosgraph_msgs_generate_messages_eus
[0.155s] [  0%] Built target autoware_config_msgs_generate_messages_lisp
[0.164s] [  0%] Built target jsk_recognition_msgs_generate_messages_lisp
[0.165s] [  0%] Built target actionlib_generate_messages_cpp
[0.165s] [  0%] Built target jsk_recognition_msgs_generate_messages_eus
[0.182s] [  0%] Built target pcl_msgs_generate_messages_eus
[0.188s] [  0%] Built target geometry_msgs_generate_messages_py
[0.202s] [  0%] Built target autoware_system_msgs_generate_messages_lisp
[0.226s] [  0%] Built target autoware_system_msgs_generate_messages_py
[0.236s] [  0%] Built target _catkin_empty_exported_target
[0.242s] [  0%] Built target sensor_msgs_generate_messages_nodejs
[0.259s] [  0%] Built target roscpp_generate_messages_cpp
[0.276s] [  0%] Built target tf2_msgs_generate_messages_cpp
[0.281s] [  0%] Built target sensor_msgs_generate_messages_eus
[0.282s] [  0%] Built target sensor_msgs_generate_messages_cpp
[0.305s] [  0%] Built target autoware_msgs_generate_messages_cpp
[0.308s] [  0%] Built target autoware_msgs_generate_messages_py
[0.310s] [  0%] Built target std_msgs_generate_messages_nodejs
[0.322s] [  0%] Built target std_msgs_generate_messages_py
[0.342s] [  0%] Built target rosgraph_msgs_generate_messages_cpp
[0.358s] [  0%] Built target sensor_msgs_generate_messages_lisp
[0.359s] [  0%] Built target jsk_recognition_msgs_generate_messages_py
[0.369s] [  0%] Built target pcl_msgs_generate_messages_nodejs
[0.381s] [  0%] Built target sensor_msgs_generate_messages_py
[0.382s] [  0%] Built target std_msgs_generate_messages_cpp
[0.390s] [  0%] Built target tf_generate_messages_py
[0.392s] [  0%] Built target jsk_footstep_msgs_generate_messages_py
[0.414s] [  0%] Built target geometry_msgs_generate_messages_eus
[0.440s] [  0%] Built target roscpp_generate_messages_nodejs
[0.450s] [  0%] Built target std_msgs_generate_messages_lisp
[0.462s] [  0%] Built target autoware_system_msgs_generate_messages_cpp
[0.466s] [  0%] Built target actionlib_msgs_generate_messages_nodejs
[0.474s] [  0%] Built target jsk_recognition_msgs_generate_messages_cpp
[0.478s] [  0%] Built target pcl_msgs_generate_messages_cpp
[0.482s] [  0%] Built target geometry_msgs_generate_messages_nodejs
[0.483s] [  0%] Built target geometry_msgs_generate_messages_lisp
[0.526s] [  0%] Built target autoware_msgs_generate_messages_eus
[0.527s] [  0%] Built target std_msgs_generate_messages_eus
[0.547s] [  0%] Built target autoware_msgs_generate_messages_nodejs
[0.547s] [  0%] Built target autoware_config_msgs_generate_messages_eus
[0.552s] [  0%] Built target jsk_footstep_msgs_generate_messages_lisp
[0.554s] [  0%] Built target actionlib_msgs_generate_messages_py
[0.555s] [  0%] Built target jsk_footstep_msgs_generate_messages_eus
[0.564s] [  0%] Built target autoware_msgs_generate_messages_lisp
[0.618s] [  0%] Built target autoware_system_msgs_generate_messages_nodejs
[0.627s] [  0%] Built target tf_generate_messages_lisp
[0.637s] [  0%] Built target actionlib_msgs_generate_messages_cpp
[0.637s] [  0%] Built target autoware_config_msgs_generate_messages_nodejs
[0.641s] [  0%] Built target jsk_footstep_msgs_generate_messages_nodejs
[0.642s] [  0%] Built target actionlib_msgs_generate_messages_lisp
[0.651s] [  0%] Built target jsk_footstep_msgs_generate_messages_cpp
[0.652s] [  0%] Built target tf_generate_messages_eus
[0.695s] [  0%] Built target jsk_recognition_msgs_generate_messages_nodejs
[0.701s] [  0%] Built target roscpp_generate_messages_lisp
[0.703s] [  0%] Built target autoware_config_msgs_generate_messages_cpp
[0.703s] [  0%] Built target tf_generate_messages_nodejs
[0.713s] [  0%] Built target rosgraph_msgs_generate_messages_lisp
[0.718s] [  0%] Built target roscpp_generate_messages_py
[0.727s] [  0%] Built target rosgraph_msgs_generate_messages_nodejs
[0.740s] [  0%] Built target roscpp_generate_messages_eus
[0.772s] [  0%] Built target autoware_config_msgs_generate_messages_py
[0.789s] [  0%] Built target pcl_msgs_generate_messages_py
[0.798s] [  0%] Built target rosgraph_msgs_generate_messages_py
[0.800s] [  0%] Built target actionlib_msgs_generate_messages_eus
[0.807s] [  0%] Built target actionlib_generate_messages_eus
[0.816s] [  0%] Built target actionlib_generate_messages_lisp
[0.819s] [  0%] Built target geometry_msgs_generate_messages_cpp
[0.844s] [  0%] Built target tf_generate_messages_cpp
[0.844s] [  0%] Built target pcl_msgs_generate_messages_lisp
[0.862s] [  0%] Built target autoware_system_msgs_generate_messages_eus
[0.875s] [  0%] Built target actionlib_generate_messages_nodejs
[0.882s] [  0%] Built target tf2_msgs_generate_messages_eus
[0.883s] [  0%] Built target actionlib_generate_messages_py
[0.891s] [  0%] Built target tf2_msgs_generate_messages_lisp
[0.898s] [  0%] Built target tf2_msgs_generate_messages_py
[0.905s] [  0%] Built target tf2_msgs_generate_messages_nodejs
[0.925s] [35m[1mScanning dependencies of target pure_pursuit[0m
[0.968s] [ 20%] [32mBuilding CXX object CMakeFiles/pure_pursuit.dir/src/pure_pursuit_core.cpp.o[0m
[8.322s] [ 40%] [32m[1mLinking CXX executable devel/lib/pure_pursuit/pure_pursuit[0m
[8.610s] [100%] Built target pure_pursuit
[8.626s] Invoked command in '/home/kimna/Desktop/autoware.ai/src/autoware/core_planning/pure_pursuit/build/pure_pursuit' returned '0': CONDA_PROMPT_MODIFIER=(base) /usr/bin/cmake --build /home/kimna/Desktop/autoware.ai/src/autoware/core_planning/pure_pursuit/build/pure_pursuit -- -j8 -l8
[8.870s] Invoking command in '/home/kimna/Desktop/autoware.ai/src/autoware/core_planning/pure_pursuit/build/pure_pursuit': CONDA_PROMPT_MODIFIER=(base) /usr/bin/cmake --build /home/kimna/Desktop/autoware.ai/src/autoware/core_planning/pure_pursuit/build/pure_pursuit --target tests -- -j8 -l8
[9.013s] [  0%] Built target jsk_recognition_msgs_generate_messages_lisp
[9.014s] [  0%] Built target actionlib_generate_messages_cpp
[9.018s] [ 28%] Built target gtest
[9.020s] [ 28%] Built target jsk_recognition_msgs_generate_messages_eus
[9.028s] [ 28%] Built target pcl_msgs_generate_messages_eus
[9.037s] [ 28%] Built target rosgraph_msgs_generate_messages_eus
[9.056s] [ 28%] Built target autoware_system_msgs_generate_messages_lisp
[9.058s] [ 28%] Built target geometry_msgs_generate_messages_py
[9.085s] [ 28%] Built target autoware_system_msgs_generate_messages_py
[9.099s] [ 28%] Built target sensor_msgs_generate_messages_eus
[9.104s] [ 28%] Built target sensor_msgs_generate_messages_nodejs
[9.118s] [ 28%] Built target tf2_msgs_generate_messages_cpp
[9.119s] [ 28%] Built target _catkin_empty_exported_target
[9.128s] [ 28%] Built target roscpp_generate_messages_cpp
[9.131s] [ 28%] Built target sensor_msgs_generate_messages_cpp
[9.145s] [ 28%] Built target autoware_msgs_generate_messages_cpp
[9.166s] [ 28%] Built target autoware_msgs_generate_messages_py
[9.168s] [ 28%] Built target std_msgs_generate_messages_py
[9.182s] [ 28%] Built target std_msgs_generate_messages_nodejs
[9.197s] [ 28%] Built target rosgraph_msgs_generate_messages_cpp
[9.201s] [ 28%] Built target pcl_msgs_generate_messages_nodejs
[9.208s] [ 28%] Built target jsk_recognition_msgs_generate_messages_py
[9.211s] [ 28%] Built target sensor_msgs_generate_messages_lisp
[9.236s] [ 28%] Built target std_msgs_generate_messages_cpp
[9.241s] [ 28%] Built target sensor_msgs_generate_messages_py
[9.244s] [ 28%] Built target tf_generate_messages_py
[9.268s] [ 28%] Built target actionlib_msgs_generate_messages_nodejs
[9.269s] [ 28%] Built target geometry_msgs_generate_messages_eus
[9.270s] [ 28%] Built target jsk_footstep_msgs_generate_messages_py
[9.272s] [ 28%] Built target std_msgs_generate_messages_lisp
[9.302s] [ 28%] Built target roscpp_generate_messages_nodejs
[9.326s] [ 28%] Built target geometry_msgs_generate_messages_nodejs
[9.328s] [ 28%] Built target autoware_system_msgs_generate_messages_cpp
[9.338s] [ 28%] Built target pcl_msgs_generate_messages_cpp
[9.339s] [ 28%] Built target autoware_msgs_generate_messages_eus
[9.350s] [ 28%] Built target autoware_msgs_generate_messages_lisp
[9.350s] [ 28%] Built target geometry_msgs_generate_messages_lisp
[9.367s] [ 28%] Built target jsk_recognition_msgs_generate_messages_cpp
[9.398s] [ 28%] Built target autoware_config_msgs_generate_messages_eus
[9.399s] [ 28%] Built target autoware_msgs_generate_messages_nodejs
[9.408s] [ 28%] Built target std_msgs_generate_messages_eus
[9.416s] [ 28%] Built target jsk_footstep_msgs_generate_messages_lisp
[9.416s] [ 28%] Built target actionlib_msgs_generate_messages_py
[9.428s] [ 28%] Built target jsk_footstep_msgs_generate_messages_nodejs
[9.435s] [ 28%] Built target jsk_footstep_msgs_generate_messages_eus
[9.456s] [ 28%] Built target autoware_system_msgs_generate_messages_nodejs
[9.460s] [ 28%] Built target actionlib_msgs_generate_messages_cpp
[9.482s] [ 28%] Built target actionlib_msgs_generate_messages_lisp
[9.488s] [ 28%] Built target tf_generate_messages_lisp
[9.492s] [ 28%] Built target jsk_footstep_msgs_generate_messages_cpp
[9.517s] [ 28%] Built target autoware_config_msgs_generate_messages_nodejs
[9.521s] [ 28%] Built target tf_generate_messages_eus
[9.534s] [ 28%] Built target tf_generate_messages_nodejs
[9.538s] [ 28%] Built target roscpp_generate_messages_lisp
[9.546s] [ 28%] Built target jsk_recognition_msgs_generate_messages_nodejs
[9.555s] [ 28%] Built target autoware_config_msgs_generate_messages_cpp
[9.555s] [ 28%] Built target roscpp_generate_messages_py
[9.564s] [ 28%] Built target rosgraph_msgs_generate_messages_lisp
[9.586s] [ 28%] Built target rosgraph_msgs_generate_messages_nodejs
[9.612s] [ 28%] Built target actionlib_msgs_generate_messages_eus
[9.612s] [ 28%] Built target autoware_config_msgs_generate_messages_py
[9.617s] [ 28%] Built target roscpp_generate_messages_eus
[9.625s] [ 28%] Built target rosgraph_msgs_generate_messages_py
[9.651s] [ 28%] Built target geometry_msgs_generate_messages_cpp
[9.651s] [ 28%] Built target actionlib_generate_messages_eus
[9.659s] [ 28%] Built target pcl_msgs_generate_messages_py
[9.681s] [ 28%] Built target pcl_msgs_generate_messages_lisp
[9.684s] [ 28%] Built target actionlib_generate_messages_lisp
[9.693s] [ 28%] Built target actionlib_generate_messages_nodejs
[9.716s] [ 28%] Built target tf_generate_messages_cpp
[9.731s] [ 28%] Built target tf2_msgs_generate_messages_eus
[9.740s] [ 28%] Built target actionlib_generate_messages_py
[9.748s] [ 28%] Built target tf2_msgs_generate_messages_lisp
[9.751s] [ 28%] Built target tf2_msgs_generate_messages_nodejs
[9.758s] [ 28%] Built target autoware_system_msgs_generate_messages_eus
[9.761s] [ 28%] Built target tf2_msgs_generate_messages_py
[9.763s] [ 28%] Built target autoware_config_msgs_generate_messages_lisp
[9.789s] [35m[1mScanning dependencies of target test-pure_pursuit[0m
[9.834s] [ 42%] [32mBuilding CXX object CMakeFiles/test-pure_pursuit.dir/src/pure_pursuit_core.cpp.o[0m
[17.217s] [ 57%] [32m[1mLinking CXX executable devel/lib/pure_pursuit/test-pure_pursuit[0m
[17.521s] [100%] Built target test-pure_pursuit
[17.562s] [100%] Built target tests
[17.582s] Invoked command in '/home/kimna/Desktop/autoware.ai/src/autoware/core_planning/pure_pursuit/build/pure_pursuit' returned '0': CONDA_PROMPT_MODIFIER=(base) /usr/bin/cmake --build /home/kimna/Desktop/autoware.ai/src/autoware/core_planning/pure_pursuit/build/pure_pursuit --target tests -- -j8 -l8
[17.856s] Invoking command in '/home/kimna/Desktop/autoware.ai/src/autoware/core_planning/pure_pursuit/build/pure_pursuit': CONDA_PROMPT_MODIFIER=(base) /usr/bin/cmake --build /home/kimna/Desktop/autoware.ai/src/autoware/core_planning/pure_pursuit/build/pure_pursuit --target install -- -j8 -l8
[17.977s] [  0%] Built target jsk_recognition_msgs_generate_messages_lisp
[17.992s] [  0%] Built target autoware_system_msgs_generate_messages_lisp
[17.992s] [  0%] Built target actionlib_generate_messages_cpp
[17.998s] [  0%] Built target autoware_config_msgs_generate_messages_lisp
[17.999s] [  0%] Built target jsk_recognition_msgs_generate_messages_eus
[18.000s] [  0%] Built target pcl_msgs_generate_messages_eus
[18.002s] [  0%] Built target rosgraph_msgs_generate_messages_eus
[18.011s] [  0%] Built target geometry_msgs_generate_messages_py
[18.072s] [  0%] Built target roscpp_generate_messages_cpp
[18.077s] [  0%] Built target _catkin_empty_exported_target
[18.078s] [  0%] Built target sensor_msgs_generate_messages_eus
[18.083s] [  0%] Built target sensor_msgs_generate_messages_nodejs
[18.087s] [  0%] Built target tf2_msgs_generate_messages_cpp
[18.089s] [  0%] Built target autoware_system_msgs_generate_messages_py
[18.113s] [  0%] Built target autoware_msgs_generate_messages_cpp
[18.114s] [  0%] Built target sensor_msgs_generate_messages_cpp
[18.156s] [  0%] Built target rosgraph_msgs_generate_messages_cpp
[18.159s] [  0%] Built target pcl_msgs_generate_messages_nodejs
[18.162s] [  0%] Built target std_msgs_generate_messages_py
[18.164s] [  0%] Built target jsk_recognition_msgs_generate_messages_py
[18.173s] [  0%] Built target autoware_msgs_generate_messages_py
[18.189s] [  0%] Built target std_msgs_generate_messages_nodejs
[18.208s] [  0%] Built target sensor_msgs_generate_messages_lisp
[18.208s] [  0%] Built target sensor_msgs_generate_messages_py
[18.230s] [  0%] Built target jsk_footstep_msgs_generate_messages_py
[18.230s] [  0%] Built target tf_generate_messages_py
[18.235s] [  0%] Built target geometry_msgs_generate_messages_eus
[18.244s] [  0%] Built target actionlib_msgs_generate_messages_nodejs
[18.252s] [  0%] Built target std_msgs_generate_messages_cpp
[18.269s] [  0%] Built target roscpp_generate_messages_nodejs
[18.269s] [  0%] Built target std_msgs_generate_messages_lisp
[18.308s] [  0%] Built target autoware_system_msgs_generate_messages_cpp
[18.316s] [  0%] Built target pcl_msgs_generate_messages_cpp
[18.317s] [  0%] Built target geometry_msgs_generate_messages_nodejs
[18.330s] [  0%] Built target autoware_msgs_generate_messages_eus
[18.342s] [  0%] Built target autoware_msgs_generate_messages_lisp
[18.345s] [  0%] Built target jsk_recognition_msgs_generate_messages_cpp
[18.348s] [  0%] Built target geometry_msgs_generate_messages_lisp
[18.388s] [  0%] Built target std_msgs_generate_messages_eus
[18.406s] [  0%] Built target autoware_msgs_generate_messages_nodejs
[18.409s] [  0%] Built target actionlib_msgs_generate_messages_py
[18.414s] [  0%] Built target jsk_footstep_msgs_generate_messages_eus
[18.418s] [  0%] Built target jsk_footstep_msgs_generate_messages_nodejs
[18.428s] [  0%] Built target autoware_system_msgs_generate_messages_nodejs
[18.433s] [  0%] Built target jsk_footstep_msgs_generate_messages_lisp
[18.453s] [  0%] Built target autoware_config_msgs_generate_messages_eus
[18.468s] [  0%] Built target jsk_footstep_msgs_generate_messages_cpp
[18.489s] [  0%] Built target actionlib_msgs_generate_messages_lisp
[18.491s] [  0%] Built target tf_generate_messages_eus
[18.493s] [  0%] Built target actionlib_msgs_generate_messages_cpp
[18.493s] [  0%] Built target tf_generate_messages_lisp
[18.517s] [  0%] Built target autoware_config_msgs_generate_messages_nodejs
[18.546s] [  0%] Built target jsk_recognition_msgs_generate_messages_nodejs
[18.547s] [  0%] Built target roscpp_generate_messages_lisp
[18.549s] [  0%] Built target tf_generate_messages_nodejs
[18.549s] [  0%] Built target rosgraph_msgs_generate_messages_lisp
[18.557s] [  0%] Built target autoware_config_msgs_generate_messages_cpp
[18.572s] [  0%] Built target rosgraph_msgs_generate_messages_nodejs
[18.580s] [  0%] Built target roscpp_generate_messages_py
[18.588s] [  0%] Built target roscpp_generate_messages_eus
[18.614s] [  0%] Built target actionlib_msgs_generate_messages_eus
[18.632s] [  0%] Built target actionlib_generate_messages_eus
[18.633s] [  0%] Built target pcl_msgs_generate_messages_py
[18.642s] [  0%] Built target autoware_config_msgs_generate_messages_py
[18.647s] [  0%] Built target rosgraph_msgs_generate_messages_py
[18.653s] [  0%] Built target pcl_msgs_generate_messages_lisp
[18.654s] [  0%] Built target actionlib_generate_messages_lisp
[18.662s] [  0%] Built target geometry_msgs_generate_messages_cpp
[18.713s] [  0%] Built target tf_generate_messages_cpp
[18.717s] [  0%] Built target actionlib_generate_messages_nodejs
[18.717s] [  0%] Built target tf2_msgs_generate_messages_eus
[18.721s] [  0%] Built target autoware_system_msgs_generate_messages_eus
[18.731s] [  0%] Built target actionlib_generate_messages_py
[18.734s] [  0%] Built target tf2_msgs_generate_messages_py
[18.739s] [  0%] Built target tf2_msgs_generate_messages_nodejs
[18.744s] [  0%] Built target tf2_msgs_generate_messages_lisp
[18.792s] [100%] Built target pure_pursuit
[18.829s] [36mInstall the project...[0m
[18.845s] -- Install configuration: "Release"
[18.845s] -- Up-to-date: /home/kimna/Desktop/autoware.ai/src/autoware/core_planning/pure_pursuit/install/pure_pursuit/lib/pkgconfig/pure_pursuit.pc
[18.845s] -- Up-to-date: /home/kimna/Desktop/autoware.ai/src/autoware/core_planning/pure_pursuit/install/pure_pursuit/share/pure_pursuit/cmake/pure_pursuitConfig.cmake
[18.845s] -- Up-to-date: /home/kimna/Desktop/autoware.ai/src/autoware/core_planning/pure_pursuit/install/pure_pursuit/share/pure_pursuit/cmake/pure_pursuitConfig-version.cmake
[18.845s] -- Up-to-date: /home/kimna/Desktop/autoware.ai/src/autoware/core_planning/pure_pursuit/install/pure_pursuit/share/pure_pursuit/package.xml
[18.845s] -- Installing: /home/kimna/Desktop/autoware.ai/src/autoware/core_planning/pure_pursuit/install/pure_pursuit/lib/pure_pursuit/pure_pursuit
[18.850s] -- Set runtime path of "/home/kimna/Desktop/autoware.ai/src/autoware/core_planning/pure_pursuit/install/pure_pursuit/lib/pure_pursuit/pure_pursuit" to ""
[18.850s] -- Up-to-date: /home/kimna/Desktop/autoware.ai/src/autoware/core_planning/pure_pursuit/install/pure_pursuit/share/pure_pursuit/launch
[18.850s] -- Up-to-date: /home/kimna/Desktop/autoware.ai/src/autoware/core_planning/pure_pursuit/install/pure_pursuit/share/pure_pursuit/launch/pure_pursuit.launch
[18.853s] Invoked command in '/home/kimna/Desktop/autoware.ai/src/autoware/core_planning/pure_pursuit/build/pure_pursuit' returned '0': CONDA_PROMPT_MODIFIER=(base) /usr/bin/cmake --build /home/kimna/Desktop/autoware.ai/src/autoware/core_planning/pure_pursuit/build/pure_pursuit --target install -- -j8 -l8
