[0.132s] [  0%] Built target jsk_recognition_msgs_generate_messages_lisp
[0.141s] [  0%] Built target autoware_config_msgs_generate_messages_lisp
[0.147s] [  0%] Built target rosgraph_msgs_generate_messages_eus
[0.149s] [  0%] Built target pcl_msgs_generate_messages_eus
[0.153s] [  0%] Built target actionlib_generate_messages_cpp
[0.161s] [  0%] Built target jsk_recognition_msgs_generate_messages_eus
[0.171s] [  0%] Built target autoware_system_msgs_generate_messages_lisp
[0.172s] [  0%] Built target geometry_msgs_generate_messages_py
[0.200s] [  0%] Built target autoware_system_msgs_generate_messages_py
[0.230s] [  0%] Built target sensor_msgs_generate_messages_nodejs
[0.230s] [  0%] Built target _catkin_empty_exported_target
[0.237s] [  0%] Built target sensor_msgs_generate_messages_eus
[0.241s] [  0%] Built target sensor_msgs_generate_messages_cpp
[0.242s] [  0%] Built target roscpp_generate_messages_cpp
[0.251s] [  0%] Built target tf2_msgs_generate_messages_cpp
[0.267s] [  0%] Built target autoware_msgs_generate_messages_cpp
[0.267s] [  0%] Built target std_msgs_generate_messages_py
[0.301s] [  0%] Built target autoware_msgs_generate_messages_py
[0.313s] [  0%] Built target pcl_msgs_generate_messages_nodejs
[0.319s] [  0%] Built target sensor_msgs_generate_messages_lisp
[0.320s] [  0%] Built target jsk_recognition_msgs_generate_messages_py
[0.320s] [  0%] Built target std_msgs_generate_messages_nodejs
[0.337s] [  0%] Built target sensor_msgs_generate_messages_py
[0.343s] [  0%] Built target rosgraph_msgs_generate_messages_cpp
[0.343s] [  0%] Built target tf_generate_messages_py
[0.377s] [  0%] Built target std_msgs_generate_messages_cpp
[0.383s] [  0%] Built target actionlib_msgs_generate_messages_nodejs
[0.387s] [  0%] Built target std_msgs_generate_messages_lisp
[0.402s] [  0%] Built target autoware_system_msgs_generate_messages_cpp
[0.412s] [  0%] Built target jsk_footstep_msgs_generate_messages_py
[0.414s] [  0%] Built target roscpp_generate_messages_nodejs
[0.422s] [  0%] Built target geometry_msgs_generate_messages_eus
[0.432s] [  0%] Built target geometry_msgs_generate_messages_nodejs
[0.440s] [  0%] Built target geometry_msgs_generate_messages_lisp
[0.462s] [  0%] Built target jsk_recognition_msgs_generate_messages_cpp
[0.465s] [  0%] Built target pcl_msgs_generate_messages_cpp
[0.486s] [  0%] Built target autoware_msgs_generate_messages_lisp
[0.487s] [  0%] Built target autoware_msgs_generate_messages_eus
[0.489s] [  0%] Built target jsk_footstep_msgs_generate_messages_eus
[0.489s] [  0%] Built target std_msgs_generate_messages_eus
[0.509s] [  0%] Built target autoware_msgs_generate_messages_nodejs
[0.521s] [  0%] Built target actionlib_msgs_generate_messages_py
[0.547s] [  0%] Built target jsk_footstep_msgs_generate_messages_lisp
[0.562s] [  0%] Built target autoware_config_msgs_generate_messages_eus
[0.564s] [  0%] Built target autoware_system_msgs_generate_messages_nodejs
[0.564s] [  0%] Built target jsk_footstep_msgs_generate_messages_cpp
[0.575s] [  0%] Built target jsk_footstep_msgs_generate_messages_nodejs
[0.581s] [  0%] Built target actionlib_msgs_generate_messages_lisp
[0.586s] [  0%] Built target actionlib_msgs_generate_messages_cpp
[0.586s] [  0%] Built target tf_generate_messages_eus
[0.619s] [  0%] Built target tf_generate_messages_lisp
[0.645s] [  0%] Built target rosgraph_msgs_generate_messages_lisp
[0.651s] [  0%] Built target autoware_config_msgs_generate_messages_nodejs
[0.654s] [  0%] Built target autoware_config_msgs_generate_messages_cpp
[0.655s] [  0%] Built target jsk_recognition_msgs_generate_messages_nodejs
[0.660s] [  0%] Built target roscpp_generate_messages_py
[0.662s] [  0%] Built target roscpp_generate_messages_lisp
[0.665s] [  0%] Built target tf_generate_messages_nodejs
[0.673s] [  0%] Built target rosgraph_msgs_generate_messages_nodejs
[0.714s] [  0%] Built target roscpp_generate_messages_eus
[0.719s] [  0%] Built target actionlib_msgs_generate_messages_eus
[0.726s] [  0%] Built target rosgraph_msgs_generate_messages_py
[0.733s] [  0%] Built target pcl_msgs_generate_messages_py
[0.739s] [  0%] Built target autoware_config_msgs_generate_messages_py
[0.742s] [  0%] Built target geometry_msgs_generate_messages_cpp
[0.749s] [  0%] Built target actionlib_generate_messages_lisp
[0.759s] [  0%] Built target actionlib_generate_messages_eus
[0.787s] [  0%] Built target tf_generate_messages_cpp
[0.792s] [  0%] Built target actionlib_generate_messages_nodejs
[0.793s] [  0%] Built target pcl_msgs_generate_messages_lisp
[0.795s] [  0%] Built target tf2_msgs_generate_messages_eus
[0.816s] [  0%] Built target autoware_system_msgs_generate_messages_eus
[0.816s] [  0%] Built target tf2_msgs_generate_messages_lisp
[0.835s] [  0%] Built target actionlib_generate_messages_py
[0.844s] [  0%] Built target tf2_msgs_generate_messages_nodejs
[0.844s] [  0%] Built target tf2_msgs_generate_messages_py
[0.865s] [35m[1mScanning dependencies of target pure_pursuit[0m
[0.900s] [ 20%] [32mBuilding CXX object CMakeFiles/pure_pursuit.dir/src/pure_pursuit_core.cpp.o[0m
[4.235s] CMakeFiles/pure_pursuit.dir/build.make:110: recipe for target 'CMakeFiles/pure_pursuit.dir/src/pure_pursuit_core.cpp.o' failed
[4.235s] CMakeFiles/Makefile2:444: recipe for target 'CMakeFiles/pure_pursuit.dir/all' failed
[4.235s] Makefile:140: recipe for target 'all' failed
