Determining if the pthread_create exist failed with the following output:
Change Dir: /home/kimna/Desktop/autoware.ai/src/autoware/core_planning/build/waypoint_planner/CMakeFiles/CMakeTmp

Run Build Command:"/usr/bin/make" "cmTC_fd85f/fast"
/usr/bin/make -f CMakeFiles/cmTC_fd85f.dir/build.make CMakeFiles/cmTC_fd85f.dir/build
make[1]: Entering directory '/home/kimna/Desktop/autoware.ai/src/autoware/core_planning/build/waypoint_planner/CMakeFiles/CMakeTmp'
Building C object CMakeFiles/cmTC_fd85f.dir/CheckSymbolExists.c.o
/usr/bin/cc    -o CMakeFiles/cmTC_fd85f.dir/CheckSymbolExists.c.o   -c /home/kimna/Desktop/autoware.ai/src/autoware/core_planning/build/waypoint_planner/CMakeFiles/CMakeTmp/CheckSymbolExists.c
Linking C executable cmTC_fd85f
/usr/bin/cmake -E cmake_link_script CMakeFiles/cmTC_fd85f.dir/link.txt --verbose=1
/usr/bin/cc      -rdynamic CMakeFiles/cmTC_fd85f.dir/CheckSymbolExists.c.o  -o cmTC_fd85f 
CMakeFiles/cmTC_fd85f.dir/CheckSymbolExists.c.o: In function `main':
CheckSymbolExists.c:(.text+0x1b): undefined reference to `pthread_create'
collect2: error: ld returned 1 exit status
CMakeFiles/cmTC_fd85f.dir/build.make:97: recipe for target 'cmTC_fd85f' failed
make[1]: *** [cmTC_fd85f] Error 1
make[1]: Leaving directory '/home/kimna/Desktop/autoware.ai/src/autoware/core_planning/build/waypoint_planner/CMakeFiles/CMakeTmp'
Makefile:126: recipe for target 'cmTC_fd85f/fast' failed
make: *** [cmTC_fd85f/fast] Error 2

File /home/kimna/Desktop/autoware.ai/src/autoware/core_planning/build/waypoint_planner/CMakeFiles/CMakeTmp/CheckSymbolExists.c:
/* */
#include <pthread.h>

int main(int argc, char** argv)
{
  (void)argv;
#ifndef pthread_create
  return ((int*)(&pthread_create))[argc];
#else
  (void)argc;
  return 0;
#endif
}

Determining if the function pthread_create exists in the pthreads failed with the following output:
Change Dir: /home/kimna/Desktop/autoware.ai/src/autoware/core_planning/build/waypoint_planner/CMakeFiles/CMakeTmp

Run Build Command:"/usr/bin/make" "cmTC_cf359/fast"
/usr/bin/make -f CMakeFiles/cmTC_cf359.dir/build.make CMakeFiles/cmTC_cf359.dir/build
make[1]: Entering directory '/home/kimna/Desktop/autoware.ai/src/autoware/core_planning/build/waypoint_planner/CMakeFiles/CMakeTmp'
Building C object CMakeFiles/cmTC_cf359.dir/CheckFunctionExists.c.o
/usr/bin/cc   -DCHECK_FUNCTION_EXISTS=pthread_create   -o CMakeFiles/cmTC_cf359.dir/CheckFunctionExists.c.o   -c /usr/share/cmake-3.10/Modules/CheckFunctionExists.c
Linking C executable cmTC_cf359
/usr/bin/cmake -E cmake_link_script CMakeFiles/cmTC_cf359.dir/link.txt --verbose=1
/usr/bin/cc  -DCHECK_FUNCTION_EXISTS=pthread_create    -rdynamic CMakeFiles/cmTC_cf359.dir/CheckFunctionExists.c.o  -o cmTC_cf359 -lpthreads 
/usr/bin/ld: cannot find -lpthreads
collect2: error: ld returned 1 exit status
CMakeFiles/cmTC_cf359.dir/build.make:97: recipe for target 'cmTC_cf359' failed
make[1]: *** [cmTC_cf359] Error 1
make[1]: Leaving directory '/home/kimna/Desktop/autoware.ai/src/autoware/core_planning/build/waypoint_planner/CMakeFiles/CMakeTmp'
Makefile:126: recipe for target 'cmTC_cf359/fast' failed
make: *** [cmTC_cf359/fast] Error 2


