[0.041s] Invoking command in '/home/kimna/Desktop/autoware.ai/src/autoware/core_planning/pure_pursuit/build/pure_pursuit': CONDA_PROMPT_MODIFIER=(base) /usr/bin/cmake --build /home/kimna/Desktop/autoware.ai/src/autoware/core_planning/pure_pursuit/build/pure_pursuit -- -j8 -l8
[0.213s] [  0%] Built target autoware_config_msgs_generate_messages_lisp
[0.282s] [  0%] Built target geometry_msgs_generate_messages_py
[0.334s] [  0%] Built target autoware_system_msgs_generate_messages_py
[0.390s] [  0%] Built target sensor_msgs_generate_messages_nodejs
[0.451s] [  0%] Built target roscpp_generate_messages_cpp
[0.531s] [  0%] Built target sensor_msgs_generate_messages_eus
[0.612s] [  0%] Built target _catkin_empty_exported_target
[0.675s] [  0%] Built target sensor_msgs_generate_messages_cpp
[0.729s] [  0%] Built target autoware_msgs_generate_messages_cpp
[0.792s] [  0%] Built target tf2_msgs_generate_messages_cpp
[0.873s] [  0%] Built target std_msgs_generate_messages_py
[0.951s] [  0%] Built target autoware_msgs_generate_messages_py
[1.014s] [  0%] Built target std_msgs_generate_messages_nodejs
[1.078s] [  0%] Built target rosgraph_msgs_generate_messages_cpp
[1.155s] [  0%] Built target pcl_msgs_generate_messages_nodejs
[1.237s] [  0%] Built target jsk_recognition_msgs_generate_messages_py
[1.294s] [  0%] Built target sensor_msgs_generate_messages_lisp
[1.349s] [  0%] Built target sensor_msgs_generate_messages_py
[1.456s] [  0%] Built target tf_generate_messages_py
[1.524s] [  0%] Built target std_msgs_generate_messages_cpp
[1.598s] [  0%] Built target jsk_footstep_msgs_generate_messages_py
[1.664s] [  0%] Built target actionlib_msgs_generate_messages_nodejs
[1.730s] [  0%] Built target geometry_msgs_generate_messages_eus
[1.783s] [  0%] Built target std_msgs_generate_messages_lisp
[1.864s] [  0%] Built target roscpp_generate_messages_nodejs
[1.936s] [  0%] Built target autoware_system_msgs_generate_messages_cpp
[2.003s] [  0%] Built target geometry_msgs_generate_messages_nodejs
[2.080s] [  0%] Built target geometry_msgs_generate_messages_lisp
[2.151s] [  0%] Built target pcl_msgs_generate_messages_cpp
[2.210s] [  0%] Built target jsk_recognition_msgs_generate_messages_cpp
[2.285s] [  0%] Built target autoware_msgs_generate_messages_eus
[2.359s] [  0%] Built target autoware_msgs_generate_messages_lisp
[2.421s] [  0%] Built target std_msgs_generate_messages_eus
[2.484s] [  0%] Built target autoware_msgs_generate_messages_nodejs
[2.555s] [  0%] Built target jsk_footstep_msgs_generate_messages_eus
[2.621s] [  0%] Built target actionlib_msgs_generate_messages_py
[2.681s] [  0%] Built target autoware_config_msgs_generate_messages_eus
[2.749s] [  0%] Built target jsk_footstep_msgs_generate_messages_lisp
[2.813s] [  0%] Built target jsk_footstep_msgs_generate_messages_nodejs
[2.880s] [  0%] Built target autoware_system_msgs_generate_messages_nodejs
[2.952s] [  0%] Built target actionlib_msgs_generate_messages_lisp
[3.003s] [  0%] Built target jsk_footstep_msgs_generate_messages_cpp
[3.071s] [  0%] Built target actionlib_msgs_generate_messages_cpp
[3.134s] [  0%] Built target tf_generate_messages_eus
[3.214s] [  0%] Built target tf_generate_messages_lisp
[3.289s] [  0%] Built target autoware_config_msgs_generate_messages_nodejs
[3.353s] [  0%] Built target tf_generate_messages_nodejs
[3.439s] [  0%] Built target jsk_recognition_msgs_generate_messages_nodejs
[3.495s] [  0%] Built target roscpp_generate_messages_lisp
[3.557s] [  0%] Built target roscpp_generate_messages_py
[3.612s] [  0%] Built target rosgraph_msgs_generate_messages_lisp
[3.685s] [  0%] Built target autoware_config_msgs_generate_messages_cpp
[3.746s] [  0%] Built target rosgraph_msgs_generate_messages_nodejs
[3.800s] [  0%] Built target roscpp_generate_messages_eus
[3.856s] [  0%] Built target actionlib_msgs_generate_messages_eus
[3.913s] [  0%] Built target rosgraph_msgs_generate_messages_py
[3.985s] [  0%] Built target autoware_config_msgs_generate_messages_py
[4.082s] [  0%] Built target pcl_msgs_generate_messages_py
[4.158s] [  0%] Built target actionlib_generate_messages_eus
[4.251s] [  0%] Built target geometry_msgs_generate_messages_cpp
[4.352s] [  0%] Built target actionlib_generate_messages_lisp
[4.423s] [  0%] Built target pcl_msgs_generate_messages_lisp
[4.515s] [  0%] Built target tf_generate_messages_cpp
[4.571s] [  0%] Built target actionlib_generate_messages_nodejs
[4.641s] [  0%] Built target autoware_system_msgs_generate_messages_eus
[4.724s] [  0%] Built target tf2_msgs_generate_messages_eus
[4.812s] [  0%] Built target tf2_msgs_generate_messages_lisp
[4.891s] [  0%] Built target actionlib_generate_messages_py
[4.987s] [  0%] Built target tf2_msgs_generate_messages_py
[5.062s] [  0%] Built target tf2_msgs_generate_messages_nodejs
[5.114s] [  0%] Built target autoware_system_msgs_generate_messages_lisp
[5.194s] [  0%] Built target jsk_recognition_msgs_generate_messages_eus
[5.283s] [  0%] Built target jsk_recognition_msgs_generate_messages_lisp
[5.356s] [  0%] Built target rosgraph_msgs_generate_messages_eus
[5.428s] [  0%] Built target pcl_msgs_generate_messages_eus
[5.507s] [  0%] Built target actionlib_generate_messages_cpp
[5.538s] [35m[1mScanning dependencies of target pure_pursuit[0m
[5.587s] [ 20%] [32mBuilding CXX object CMakeFiles/pure_pursuit.dir/src/pure_pursuit_core.cpp.o[0m
[15.542s] [ 40%] [32m[1mLinking CXX executable devel/lib/pure_pursuit/pure_pursuit[0m
[15.942s] [100%] Built target pure_pursuit
[15.978s] Invoked command in '/home/kimna/Desktop/autoware.ai/src/autoware/core_planning/pure_pursuit/build/pure_pursuit' returned '0': CONDA_PROMPT_MODIFIER=(base) /usr/bin/cmake --build /home/kimna/Desktop/autoware.ai/src/autoware/core_planning/pure_pursuit/build/pure_pursuit -- -j8 -l8
[16.566s] Invoking command in '/home/kimna/Desktop/autoware.ai/src/autoware/core_planning/pure_pursuit/build/pure_pursuit': CONDA_PROMPT_MODIFIER=(base) /usr/bin/cmake --build /home/kimna/Desktop/autoware.ai/src/autoware/core_planning/pure_pursuit/build/pure_pursuit --target tests -- -j8 -l8
[16.743s] [ 28%] Built target gtest
[16.810s] [ 28%] Built target geometry_msgs_generate_messages_py
[16.877s] [ 28%] Built target autoware_system_msgs_generate_messages_py
[16.952s] [ 28%] Built target sensor_msgs_generate_messages_nodejs
[17.006s] [ 28%] Built target roscpp_generate_messages_cpp
[17.078s] [ 28%] Built target sensor_msgs_generate_messages_eus
[17.133s] [ 28%] Built target _catkin_empty_exported_target
[17.193s] [ 28%] Built target sensor_msgs_generate_messages_cpp
[17.254s] [ 28%] Built target autoware_msgs_generate_messages_cpp
[17.307s] [ 28%] Built target tf2_msgs_generate_messages_cpp
[17.373s] [ 28%] Built target std_msgs_generate_messages_py
[17.436s] [ 28%] Built target autoware_msgs_generate_messages_py
[17.505s] [ 28%] Built target std_msgs_generate_messages_nodejs
[17.576s] [ 28%] Built target rosgraph_msgs_generate_messages_cpp
[17.645s] [ 28%] Built target pcl_msgs_generate_messages_nodejs
[17.706s] [ 28%] Built target jsk_recognition_msgs_generate_messages_py
[17.778s] [ 28%] Built target sensor_msgs_generate_messages_lisp
[17.836s] [ 28%] Built target sensor_msgs_generate_messages_py
[17.900s] [ 28%] Built target tf_generate_messages_py
[17.959s] [ 28%] Built target std_msgs_generate_messages_cpp
[18.020s] [ 28%] Built target jsk_footstep_msgs_generate_messages_py
[18.083s] [ 28%] Built target actionlib_msgs_generate_messages_nodejs
[18.145s] [ 28%] Built target geometry_msgs_generate_messages_eus
[18.201s] [ 28%] Built target std_msgs_generate_messages_lisp
[18.283s] [ 28%] Built target roscpp_generate_messages_nodejs
[18.348s] [ 28%] Built target autoware_system_msgs_generate_messages_cpp
[18.456s] [ 28%] Built target geometry_msgs_generate_messages_nodejs
[18.533s] [ 28%] Built target geometry_msgs_generate_messages_lisp
[18.591s] [ 28%] Built target pcl_msgs_generate_messages_cpp
[18.650s] [ 28%] Built target jsk_recognition_msgs_generate_messages_cpp
[18.714s] [ 28%] Built target autoware_msgs_generate_messages_eus
[18.781s] [ 28%] Built target autoware_msgs_generate_messages_lisp
[18.851s] [ 28%] Built target std_msgs_generate_messages_eus
[18.938s] [ 28%] Built target autoware_msgs_generate_messages_nodejs
[19.018s] [ 28%] Built target jsk_footstep_msgs_generate_messages_eus
[19.106s] [ 28%] Built target actionlib_msgs_generate_messages_py
[19.185s] [ 28%] Built target autoware_config_msgs_generate_messages_eus
[19.239s] [ 28%] Built target jsk_footstep_msgs_generate_messages_lisp
[19.327s] [ 28%] Built target jsk_footstep_msgs_generate_messages_nodejs
[19.398s] [ 28%] Built target autoware_system_msgs_generate_messages_nodejs
[19.467s] [ 28%] Built target actionlib_msgs_generate_messages_lisp
[19.530s] [ 28%] Built target jsk_footstep_msgs_generate_messages_cpp
[19.608s] [ 28%] Built target actionlib_msgs_generate_messages_cpp
[19.669s] [ 28%] Built target tf_generate_messages_eus
[19.775s] [ 28%] Built target tf_generate_messages_lisp
[19.850s] [ 28%] Built target autoware_config_msgs_generate_messages_nodejs
[19.907s] [ 28%] Built target tf_generate_messages_nodejs
[19.987s] [ 28%] Built target jsk_recognition_msgs_generate_messages_nodejs
[20.049s] [ 28%] Built target roscpp_generate_messages_lisp
[20.120s] [ 28%] Built target roscpp_generate_messages_py
[20.199s] [ 28%] Built target rosgraph_msgs_generate_messages_lisp
[20.304s] [ 28%] Built target autoware_config_msgs_generate_messages_cpp
[20.362s] [ 28%] Built target rosgraph_msgs_generate_messages_nodejs
[20.444s] [ 28%] Built target roscpp_generate_messages_eus
[20.517s] [ 28%] Built target actionlib_msgs_generate_messages_eus
[20.604s] [ 28%] Built target rosgraph_msgs_generate_messages_py
[20.662s] [ 28%] Built target autoware_config_msgs_generate_messages_py
[20.728s] [ 28%] Built target pcl_msgs_generate_messages_py
[20.805s] [ 28%] Built target actionlib_generate_messages_eus
[20.872s] [ 28%] Built target geometry_msgs_generate_messages_cpp
[20.936s] [ 28%] Built target actionlib_generate_messages_lisp
[20.986s] [ 28%] Built target pcl_msgs_generate_messages_lisp
[21.062s] [ 28%] Built target tf_generate_messages_cpp
[21.114s] [ 28%] Built target actionlib_generate_messages_nodejs
[21.169s] [ 28%] Built target autoware_system_msgs_generate_messages_eus
[21.229s] [ 28%] Built target tf2_msgs_generate_messages_eus
[21.298s] [ 28%] Built target tf2_msgs_generate_messages_lisp
[21.352s] [ 28%] Built target actionlib_generate_messages_py
[21.407s] [ 28%] Built target tf2_msgs_generate_messages_py
[21.462s] [ 28%] Built target tf2_msgs_generate_messages_nodejs
[21.529s] [ 28%] Built target autoware_config_msgs_generate_messages_lisp
[21.613s] [ 28%] Built target autoware_system_msgs_generate_messages_lisp
[21.681s] [ 28%] Built target jsk_recognition_msgs_generate_messages_eus
[21.743s] [ 28%] Built target jsk_recognition_msgs_generate_messages_lisp
[21.808s] [ 28%] Built target rosgraph_msgs_generate_messages_eus
[21.893s] [ 28%] Built target pcl_msgs_generate_messages_eus
[21.971s] [ 28%] Built target actionlib_generate_messages_cpp
[22.012s] [35m[1mScanning dependencies of target test-pure_pursuit[0m
[22.068s] [ 42%] [32mBuilding CXX object CMakeFiles/test-pure_pursuit.dir/src/pure_pursuit_core.cpp.o[0m
[31.942s] [ 57%] [32m[1mLinking CXX executable devel/lib/pure_pursuit/test-pure_pursuit[0m
[32.385s] [100%] Built target test-pure_pursuit
[32.450s] [100%] Built target tests
[32.481s] Invoked command in '/home/kimna/Desktop/autoware.ai/src/autoware/core_planning/pure_pursuit/build/pure_pursuit' returned '0': CONDA_PROMPT_MODIFIER=(base) /usr/bin/cmake --build /home/kimna/Desktop/autoware.ai/src/autoware/core_planning/pure_pursuit/build/pure_pursuit --target tests -- -j8 -l8
[33.098s] Invoking command in '/home/kimna/Desktop/autoware.ai/src/autoware/core_planning/pure_pursuit/build/pure_pursuit': CONDA_PROMPT_MODIFIER=(base) /usr/bin/cmake --build /home/kimna/Desktop/autoware.ai/src/autoware/core_planning/pure_pursuit/build/pure_pursuit --target install -- -j8 -l8
[33.257s] [  0%] Built target autoware_config_msgs_generate_messages_lisp
[33.310s] [  0%] Built target geometry_msgs_generate_messages_py
[33.390s] [  0%] Built target autoware_system_msgs_generate_messages_py
[33.446s] [  0%] Built target sensor_msgs_generate_messages_nodejs
[33.505s] [  0%] Built target roscpp_generate_messages_cpp
[33.559s] [  0%] Built target sensor_msgs_generate_messages_eus
[33.611s] [  0%] Built target _catkin_empty_exported_target
[33.679s] [  0%] Built target sensor_msgs_generate_messages_cpp
[33.751s] [  0%] Built target autoware_msgs_generate_messages_cpp
[33.824s] [  0%] Built target tf2_msgs_generate_messages_cpp
[33.910s] [  0%] Built target std_msgs_generate_messages_py
[33.975s] [  0%] Built target autoware_msgs_generate_messages_py
[34.041s] [  0%] Built target std_msgs_generate_messages_nodejs
[34.097s] [  0%] Built target rosgraph_msgs_generate_messages_cpp
[34.161s] [  0%] Built target pcl_msgs_generate_messages_nodejs
[34.224s] [  0%] Built target jsk_recognition_msgs_generate_messages_py
[34.297s] [  0%] Built target sensor_msgs_generate_messages_lisp
[34.355s] [  0%] Built target sensor_msgs_generate_messages_py
[34.421s] [  0%] Built target tf_generate_messages_py
[34.486s] [  0%] Built target std_msgs_generate_messages_cpp
[34.550s] [  0%] Built target jsk_footstep_msgs_generate_messages_py
[34.609s] [  0%] Built target actionlib_msgs_generate_messages_nodejs
[34.686s] [  0%] Built target geometry_msgs_generate_messages_eus
[34.745s] [  0%] Built target std_msgs_generate_messages_lisp
[34.807s] [  0%] Built target roscpp_generate_messages_nodejs
[34.859s] [  0%] Built target autoware_system_msgs_generate_messages_cpp
[34.944s] [  0%] Built target geometry_msgs_generate_messages_nodejs
[35.019s] [  0%] Built target geometry_msgs_generate_messages_lisp
[35.098s] [  0%] Built target pcl_msgs_generate_messages_cpp
[35.163s] [  0%] Built target jsk_recognition_msgs_generate_messages_cpp
[35.219s] [  0%] Built target autoware_msgs_generate_messages_eus
[35.277s] [  0%] Built target autoware_msgs_generate_messages_lisp
[35.365s] [  0%] Built target std_msgs_generate_messages_eus
[35.444s] [  0%] Built target autoware_msgs_generate_messages_nodejs
[35.514s] [  0%] Built target jsk_footstep_msgs_generate_messages_eus
[35.575s] [  0%] Built target actionlib_msgs_generate_messages_py
[35.663s] [  0%] Built target autoware_config_msgs_generate_messages_eus
[35.734s] [  0%] Built target jsk_footstep_msgs_generate_messages_lisp
[35.804s] [  0%] Built target jsk_footstep_msgs_generate_messages_nodejs
[35.876s] [  0%] Built target autoware_system_msgs_generate_messages_nodejs
[35.976s] [  0%] Built target actionlib_msgs_generate_messages_lisp
[36.052s] [  0%] Built target jsk_footstep_msgs_generate_messages_cpp
[36.144s] [  0%] Built target actionlib_msgs_generate_messages_cpp
[36.198s] [  0%] Built target tf_generate_messages_eus
[36.294s] [  0%] Built target tf_generate_messages_lisp
[36.361s] [  0%] Built target autoware_config_msgs_generate_messages_nodejs
[36.441s] [  0%] Built target tf_generate_messages_nodejs
[36.544s] [  0%] Built target jsk_recognition_msgs_generate_messages_nodejs
[36.600s] [  0%] Built target roscpp_generate_messages_lisp
[36.666s] [  0%] Built target roscpp_generate_messages_py
[36.730s] [  0%] Built target rosgraph_msgs_generate_messages_lisp
[36.795s] [  0%] Built target autoware_config_msgs_generate_messages_cpp
[36.857s] [  0%] Built target rosgraph_msgs_generate_messages_nodejs
[36.921s] [  0%] Built target roscpp_generate_messages_eus
[36.981s] [  0%] Built target actionlib_msgs_generate_messages_eus
[37.056s] [  0%] Built target rosgraph_msgs_generate_messages_py
[37.148s] [  0%] Built target autoware_config_msgs_generate_messages_py
[37.210s] [  0%] Built target pcl_msgs_generate_messages_py
[37.265s] [  0%] Built target actionlib_generate_messages_eus
[37.334s] [  0%] Built target geometry_msgs_generate_messages_cpp
[37.390s] [  0%] Built target actionlib_generate_messages_lisp
[37.455s] [  0%] Built target pcl_msgs_generate_messages_lisp
[37.533s] [  0%] Built target tf_generate_messages_cpp
[37.618s] [  0%] Built target actionlib_generate_messages_nodejs
[37.687s] [  0%] Built target autoware_system_msgs_generate_messages_eus
[37.750s] [  0%] Built target tf2_msgs_generate_messages_eus
[37.811s] [  0%] Built target tf2_msgs_generate_messages_lisp
[37.879s] [  0%] Built target actionlib_generate_messages_py
[37.934s] [  0%] Built target tf2_msgs_generate_messages_py
[38.002s] [  0%] Built target tf2_msgs_generate_messages_nodejs
[38.071s] [  0%] Built target autoware_system_msgs_generate_messages_lisp
[38.128s] [  0%] Built target jsk_recognition_msgs_generate_messages_eus
[38.197s] [  0%] Built target jsk_recognition_msgs_generate_messages_lisp
[38.257s] [  0%] Built target rosgraph_msgs_generate_messages_eus
[38.350s] [  0%] Built target pcl_msgs_generate_messages_eus
[38.411s] [  0%] Built target actionlib_generate_messages_cpp
[38.487s] [100%] Built target pure_pursuit
[38.542s] [36mInstall the project...[0m
[38.567s] -- Install configuration: "Release"
[38.567s] -- Up-to-date: /home/kimna/Desktop/autoware.ai/src/autoware/core_planning/pure_pursuit/install/pure_pursuit/lib/pkgconfig/pure_pursuit.pc
[38.567s] -- Up-to-date: /home/kimna/Desktop/autoware.ai/src/autoware/core_planning/pure_pursuit/install/pure_pursuit/share/pure_pursuit/cmake/pure_pursuitConfig.cmake
[38.568s] -- Up-to-date: /home/kimna/Desktop/autoware.ai/src/autoware/core_planning/pure_pursuit/install/pure_pursuit/share/pure_pursuit/cmake/pure_pursuitConfig-version.cmake
[38.568s] -- Up-to-date: /home/kimna/Desktop/autoware.ai/src/autoware/core_planning/pure_pursuit/install/pure_pursuit/share/pure_pursuit/package.xml
[38.568s] -- Installing: /home/kimna/Desktop/autoware.ai/src/autoware/core_planning/pure_pursuit/install/pure_pursuit/lib/pure_pursuit/pure_pursuit
[38.576s] -- Set runtime path of "/home/kimna/Desktop/autoware.ai/src/autoware/core_planning/pure_pursuit/install/pure_pursuit/lib/pure_pursuit/pure_pursuit" to ""
[38.577s] -- Up-to-date: /home/kimna/Desktop/autoware.ai/src/autoware/core_planning/pure_pursuit/install/pure_pursuit/share/pure_pursuit/launch
[38.577s] -- Up-to-date: /home/kimna/Desktop/autoware.ai/src/autoware/core_planning/pure_pursuit/install/pure_pursuit/share/pure_pursuit/launch/pure_pursuit.launch
[38.588s] Invoked command in '/home/kimna/Desktop/autoware.ai/src/autoware/core_planning/pure_pursuit/build/pure_pursuit' returned '0': CONDA_PROMPT_MODIFIER=(base) /usr/bin/cmake --build /home/kimna/Desktop/autoware.ai/src/autoware/core_planning/pure_pursuit/build/pure_pursuit --target install -- -j8 -l8
