Determining if the pthread_create exist failed with the following output:
Change Dir: /home/kimna/Desktop/autoware.ai/src/autoware/core_planning/build/way_planner/CMakeFiles/CMakeTmp

Run Build Command:"/usr/bin/make" "cmTC_d12df/fast"
/usr/bin/make -f CMakeFiles/cmTC_d12df.dir/build.make CMakeFiles/cmTC_d12df.dir/build
make[1]: Entering directory '/home/kimna/Desktop/autoware.ai/src/autoware/core_planning/build/way_planner/CMakeFiles/CMakeTmp'
Building C object CMakeFiles/cmTC_d12df.dir/CheckSymbolExists.c.o
/usr/bin/cc    -o CMakeFiles/cmTC_d12df.dir/CheckSymbolExists.c.o   -c /home/kimna/Desktop/autoware.ai/src/autoware/core_planning/build/way_planner/CMakeFiles/CMakeTmp/CheckSymbolExists.c
Linking C executable cmTC_d12df
/usr/bin/cmake -E cmake_link_script CMakeFiles/cmTC_d12df.dir/link.txt --verbose=1
/usr/bin/cc      -rdynamic CMakeFiles/cmTC_d12df.dir/CheckSymbolExists.c.o  -o cmTC_d12df 
CMakeFiles/cmTC_d12df.dir/CheckSymbolExists.c.o: In function `main':
CheckSymbolExists.c:(.text+0x1b): undefined reference to `pthread_create'
collect2: error: ld returned 1 exit status
CMakeFiles/cmTC_d12df.dir/build.make:97: recipe for target 'cmTC_d12df' failed
make[1]: *** [cmTC_d12df] Error 1
make[1]: Leaving directory '/home/kimna/Desktop/autoware.ai/src/autoware/core_planning/build/way_planner/CMakeFiles/CMakeTmp'
Makefile:126: recipe for target 'cmTC_d12df/fast' failed
make: *** [cmTC_d12df/fast] Error 2

File /home/kimna/Desktop/autoware.ai/src/autoware/core_planning/build/way_planner/CMakeFiles/CMakeTmp/CheckSymbolExists.c:
/* */
#include <pthread.h>

int main(int argc, char** argv)
{
  (void)argv;
#ifndef pthread_create
  return ((int*)(&pthread_create))[argc];
#else
  (void)argc;
  return 0;
#endif
}

Determining if the function pthread_create exists in the pthreads failed with the following output:
Change Dir: /home/kimna/Desktop/autoware.ai/src/autoware/core_planning/build/way_planner/CMakeFiles/CMakeTmp

Run Build Command:"/usr/bin/make" "cmTC_1d71a/fast"
/usr/bin/make -f CMakeFiles/cmTC_1d71a.dir/build.make CMakeFiles/cmTC_1d71a.dir/build
make[1]: Entering directory '/home/kimna/Desktop/autoware.ai/src/autoware/core_planning/build/way_planner/CMakeFiles/CMakeTmp'
Building C object CMakeFiles/cmTC_1d71a.dir/CheckFunctionExists.c.o
/usr/bin/cc   -DCHECK_FUNCTION_EXISTS=pthread_create   -o CMakeFiles/cmTC_1d71a.dir/CheckFunctionExists.c.o   -c /usr/share/cmake-3.10/Modules/CheckFunctionExists.c
Linking C executable cmTC_1d71a
/usr/bin/cmake -E cmake_link_script CMakeFiles/cmTC_1d71a.dir/link.txt --verbose=1
/usr/bin/cc  -DCHECK_FUNCTION_EXISTS=pthread_create    -rdynamic CMakeFiles/cmTC_1d71a.dir/CheckFunctionExists.c.o  -o cmTC_1d71a -lpthreads 
/usr/bin/ld: cannot find -lpthreads
collect2: error: ld returned 1 exit status
CMakeFiles/cmTC_1d71a.dir/build.make:97: recipe for target 'cmTC_1d71a' failed
make[1]: *** [cmTC_1d71a] Error 1
make[1]: Leaving directory '/home/kimna/Desktop/autoware.ai/src/autoware/core_planning/build/way_planner/CMakeFiles/CMakeTmp'
Makefile:126: recipe for target 'cmTC_1d71a/fast' failed
make: *** [cmTC_1d71a/fast] Error 2


