[0.118s] [  0%] Built target rosgraph_msgs_generate_messages_eus
[0.120s] [  0%] Built target pcl_msgs_generate_messages_eus
[0.121s] [  0%] Built target autoware_config_msgs_generate_messages_lisp
[0.121s] [  0%] Built target autoware_system_msgs_generate_messages_lisp
[0.124s] [  0%] Built target actionlib_generate_messages_cpp
[0.128s] [  0%] Built target jsk_recognition_msgs_generate_messages_eus
[0.131s] [  0%] Built target geometry_msgs_generate_messages_py
[0.152s] [  0%] Built target jsk_recognition_msgs_generate_messages_lisp
[0.171s] [  0%] Built target sensor_msgs_generate_messages_eus
[0.177s] [  0%] Built target sensor_msgs_generate_messages_nodejs
[0.178s] [  0%] Built target roscpp_generate_messages_cpp
[0.178s] [  0%] Built target autoware_system_msgs_generate_messages_py
[0.192s] [  0%] Built target _catkin_empty_exported_target
[0.198s] [  0%] Built target sensor_msgs_generate_messages_cpp
[0.201s] [  0%] Built target autoware_msgs_generate_messages_cpp
[0.213s] [  0%] Built target tf2_msgs_generate_messages_cpp
[0.226s] [  0%] Built target rosgraph_msgs_generate_messages_cpp
[0.226s] [  0%] Built target std_msgs_generate_messages_py
[0.232s] [  0%] Built target autoware_msgs_generate_messages_py
[0.246s] [  0%] Built target pcl_msgs_generate_messages_nodejs
[0.249s] [  0%] Built target std_msgs_generate_messages_nodejs
[0.262s] [  0%] Built target jsk_recognition_msgs_generate_messages_py
[0.271s] [  0%] Built target sensor_msgs_generate_messages_lisp
[0.275s] [  0%] Built target sensor_msgs_generate_messages_py
[0.279s] [  0%] Built target tf_generate_messages_py
[0.284s] [  0%] Built target std_msgs_generate_messages_cpp
[0.289s] [  0%] Built target jsk_footstep_msgs_generate_messages_py
[0.301s] [  0%] Built target actionlib_msgs_generate_messages_nodejs
[0.313s] [  0%] Built target geometry_msgs_generate_messages_eus
[0.325s] [  0%] Built target roscpp_generate_messages_nodejs
[0.334s] [  0%] Built target std_msgs_generate_messages_lisp
[0.335s] [  0%] Built target geometry_msgs_generate_messages_nodejs
[0.341s] [  0%] Built target autoware_system_msgs_generate_messages_cpp
[0.349s] [  0%] Built target geometry_msgs_generate_messages_lisp
[0.350s] [  0%] Built target pcl_msgs_generate_messages_cpp
[0.356s] [  0%] Built target jsk_recognition_msgs_generate_messages_cpp
[0.375s] [  0%] Built target autoware_msgs_generate_messages_eus
[0.380s] [  0%] Built target autoware_msgs_generate_messages_lisp
[0.396s] [  0%] Built target std_msgs_generate_messages_eus
[0.397s] [  0%] Built target autoware_msgs_generate_messages_nodejs
[0.398s] [  0%] Built target jsk_footstep_msgs_generate_messages_eus
[0.402s] [  0%] Built target actionlib_msgs_generate_messages_py
[0.412s] [  0%] Built target jsk_footstep_msgs_generate_messages_lisp
[0.416s] [  0%] Built target autoware_config_msgs_generate_messages_eus
[0.429s] [  0%] Built target jsk_footstep_msgs_generate_messages_nodejs
[0.450s] [  0%] Built target jsk_footstep_msgs_generate_messages_cpp
[0.450s] [  0%] Built target autoware_system_msgs_generate_messages_nodejs
[0.454s] [  0%] Built target actionlib_msgs_generate_messages_cpp
[0.455s] [  0%] Built target actionlib_msgs_generate_messages_lisp
[0.466s] [  0%] Built target tf_generate_messages_eus
[0.469s] [  0%] Built target tf_generate_messages_lisp
[0.475s] [  0%] Built target autoware_config_msgs_generate_messages_nodejs
[0.488s] [  0%] Built target tf_generate_messages_nodejs
[0.500s] [  0%] Built target jsk_recognition_msgs_generate_messages_nodejs
[0.506s] [  0%] Built target roscpp_generate_messages_lisp
[0.508s] [  0%] Built target rosgraph_msgs_generate_messages_lisp
[0.519s] [  0%] Built target roscpp_generate_messages_py
[0.519s] [  0%] Built target rosgraph_msgs_generate_messages_nodejs
[0.519s] [  0%] Built target autoware_config_msgs_generate_messages_cpp
[0.523s] [  0%] Built target roscpp_generate_messages_eus
[0.542s] [  0%] Built target actionlib_msgs_generate_messages_eus
[0.553s] [  0%] Built target rosgraph_msgs_generate_messages_py
[0.554s] [  0%] Built target autoware_config_msgs_generate_messages_py
[0.558s] [  0%] Built target pcl_msgs_generate_messages_py
[0.566s] [  0%] Built target geometry_msgs_generate_messages_cpp
[0.566s] [  0%] Built target actionlib_generate_messages_eus
[0.573s] [  0%] Built target actionlib_generate_messages_lisp
[0.574s] [  0%] Built target pcl_msgs_generate_messages_lisp
[0.590s] [  0%] Built target tf_generate_messages_cpp
[0.607s] [  0%] Built target autoware_system_msgs_generate_messages_eus
[0.608s] [  0%] Built target actionlib_generate_messages_nodejs
[0.609s] [  0%] Built target tf2_msgs_generate_messages_eus
[0.614s] [  0%] Built target tf2_msgs_generate_messages_lisp
[0.617s] [  0%] Built target actionlib_generate_messages_py
[0.620s] [  0%] Built target tf2_msgs_generate_messages_py
[0.625s] [  0%] Built target tf2_msgs_generate_messages_nodejs
[0.645s] [35m[1mScanning dependencies of target pure_pursuit[0m
[0.676s] [ 40%] [32mBuilding CXX object CMakeFiles/pure_pursuit.dir/src/pure_pursuit_core.cpp.o[0m
[0.676s] [ 40%] [32mBuilding CXX object CMakeFiles/pure_pursuit.dir/src/pure_pursuit_node.cpp.o[0m
[3.054s] CMakeFiles/pure_pursuit.dir/build.make:62: recipe for target 'CMakeFiles/pure_pursuit.dir/src/pure_pursuit_node.cpp.o' failed
[3.496s] CMakeFiles/pure_pursuit.dir/build.make:110: recipe for target 'CMakeFiles/pure_pursuit.dir/src/pure_pursuit_core.cpp.o' failed
[3.496s] CMakeFiles/Makefile2:444: recipe for target 'CMakeFiles/pure_pursuit.dir/all' failed
[3.496s] Makefile:140: recipe for target 'all' failed
