[0.118s] [  0%] Built target rosgraph_msgs_generate_messages_eus
[0.120s] [  0%] Built target pcl_msgs_generate_messages_eus
[0.121s] [  0%] Built target autoware_config_msgs_generate_messages_lisp
[0.121s] [  0%] Built target autoware_system_msgs_generate_messages_lisp
[0.124s] [  0%] Built target actionlib_generate_messages_cpp
[0.128s] [  0%] Built target jsk_recognition_msgs_generate_messages_eus
[0.131s] [  0%] Built target geometry_msgs_generate_messages_py
[0.152s] [  0%] Built target jsk_recognition_msgs_generate_messages_lisp
[0.171s] [  0%] Built target sensor_msgs_generate_messages_eus
[0.177s] [  0%] Built target sensor_msgs_generate_messages_nodejs
[0.178s] [  0%] Built target roscpp_generate_messages_cpp
[0.178s] [  0%] Built target autoware_system_msgs_generate_messages_py
[0.192s] [  0%] Built target _catkin_empty_exported_target
[0.198s] [  0%] Built target sensor_msgs_generate_messages_cpp
[0.201s] [  0%] Built target autoware_msgs_generate_messages_cpp
[0.213s] [  0%] Built target tf2_msgs_generate_messages_cpp
[0.226s] [  0%] Built target rosgraph_msgs_generate_messages_cpp
[0.226s] [  0%] Built target std_msgs_generate_messages_py
[0.232s] [  0%] Built target autoware_msgs_generate_messages_py
[0.246s] [  0%] Built target pcl_msgs_generate_messages_nodejs
[0.249s] [  0%] Built target std_msgs_generate_messages_nodejs
[0.262s] [  0%] Built target jsk_recognition_msgs_generate_messages_py
[0.271s] [  0%] Built target sensor_msgs_generate_messages_lisp
[0.275s] [  0%] Built target sensor_msgs_generate_messages_py
[0.279s] [  0%] Built target tf_generate_messages_py
[0.284s] [  0%] Built target std_msgs_generate_messages_cpp
[0.289s] [  0%] Built target jsk_footstep_msgs_generate_messages_py
[0.301s] [  0%] Built target actionlib_msgs_generate_messages_nodejs
[0.313s] [  0%] Built target geometry_msgs_generate_messages_eus
[0.325s] [  0%] Built target roscpp_generate_messages_nodejs
[0.334s] [  0%] Built target std_msgs_generate_messages_lisp
[0.335s] [  0%] Built target geometry_msgs_generate_messages_nodejs
[0.341s] [  0%] Built target autoware_system_msgs_generate_messages_cpp
[0.349s] [  0%] Built target geometry_msgs_generate_messages_lisp
[0.350s] [  0%] Built target pcl_msgs_generate_messages_cpp
[0.356s] [  0%] Built target jsk_recognition_msgs_generate_messages_cpp
[0.375s] [  0%] Built target autoware_msgs_generate_messages_eus
[0.380s] [  0%] Built target autoware_msgs_generate_messages_lisp
[0.396s] [  0%] Built target std_msgs_generate_messages_eus
[0.397s] [  0%] Built target autoware_msgs_generate_messages_nodejs
[0.398s] [  0%] Built target jsk_footstep_msgs_generate_messages_eus
[0.402s] [  0%] Built target actionlib_msgs_generate_messages_py
[0.412s] [  0%] Built target jsk_footstep_msgs_generate_messages_lisp
[0.416s] [  0%] Built target autoware_config_msgs_generate_messages_eus
[0.429s] [  0%] Built target jsk_footstep_msgs_generate_messages_nodejs
[0.450s] [  0%] Built target jsk_footstep_msgs_generate_messages_cpp
[0.450s] [  0%] Built target autoware_system_msgs_generate_messages_nodejs
[0.454s] [  0%] Built target actionlib_msgs_generate_messages_cpp
[0.455s] [  0%] Built target actionlib_msgs_generate_messages_lisp
[0.466s] [  0%] Built target tf_generate_messages_eus
[0.469s] [  0%] Built target tf_generate_messages_lisp
[0.475s] [  0%] Built target autoware_config_msgs_generate_messages_nodejs
[0.488s] [  0%] Built target tf_generate_messages_nodejs
[0.500s] [  0%] Built target jsk_recognition_msgs_generate_messages_nodejs
[0.506s] [  0%] Built target roscpp_generate_messages_lisp
[0.508s] [  0%] Built target rosgraph_msgs_generate_messages_lisp
[0.519s] [  0%] Built target roscpp_generate_messages_py
[0.519s] [  0%] Built target rosgraph_msgs_generate_messages_nodejs
[0.519s] [  0%] Built target autoware_config_msgs_generate_messages_cpp
[0.523s] [  0%] Built target roscpp_generate_messages_eus
[0.542s] [  0%] Built target actionlib_msgs_generate_messages_eus
[0.553s] [  0%] Built target rosgraph_msgs_generate_messages_py
[0.554s] [  0%] Built target autoware_config_msgs_generate_messages_py
[0.558s] [  0%] Built target pcl_msgs_generate_messages_py
[0.566s] [  0%] Built target geometry_msgs_generate_messages_cpp
[0.566s] [  0%] Built target actionlib_generate_messages_eus
[0.573s] [  0%] Built target actionlib_generate_messages_lisp
[0.574s] [  0%] Built target pcl_msgs_generate_messages_lisp
[0.590s] [  0%] Built target tf_generate_messages_cpp
[0.607s] [  0%] Built target autoware_system_msgs_generate_messages_eus
[0.608s] [  0%] Built target actionlib_generate_messages_nodejs
[0.609s] [  0%] Built target tf2_msgs_generate_messages_eus
[0.614s] [  0%] Built target tf2_msgs_generate_messages_lisp
[0.617s] [  0%] Built target actionlib_generate_messages_py
[0.620s] [  0%] Built target tf2_msgs_generate_messages_py
[0.625s] [  0%] Built target tf2_msgs_generate_messages_nodejs
[0.645s] [35m[1mScanning dependencies of target pure_pursuit[0m
[0.676s] [ 40%] [32mBuilding CXX object CMakeFiles/pure_pursuit.dir/src/pure_pursuit_core.cpp.o[0m
[0.676s] [ 40%] [32mBuilding CXX object CMakeFiles/pure_pursuit.dir/src/pure_pursuit_node.cpp.o[0m
[1.997s] In file included from [01m[K/home/kimna/Desktop/autoware.ai/src/autoware/core_planning/pure_pursuit/include/pure_pursuit/pure_pursuit_core.h:28:0[m[K,
[1.998s]                  from [01m[K/home/kimna/Desktop/autoware.ai/src/autoware/core_planning/pure_pursuit/src/pure_pursuit_node.cpp:21[m[K:
[1.998s] [01m[K/home/kimna/Desktop/autoware.ai/install/autoware_config_msgs/include/autoware_config_msgs/ConfigWaypointFollower.h:77:24:[m[K [01;31m[Kerror: [m[Kredeclaration of ‘[01m[Kautoware_config_msgs::ConfigWaypointFollower_<ContainerAllocator>::_stanley_factor_type autoware_config_msgs::ConfigWaypointFollower_<ContainerAllocator>::relative_angle_threshold[m[K’
[1.998s]    _stanley_factor_type [01;31m[Krelative_angle_threshold[m[K;
[1.998s]                         [01;31m[K^~~~~~~~~~~~~~~~~~~~~~~~[m[K
[1.998s] [01m[K/home/kimna/Desktop/autoware.ai/install/autoware_config_msgs/include/autoware_config_msgs/ConfigWaypointFollower.h:73:34:[m[K [01;36m[Knote: [m[Kprevious declaration ‘[01m[Kautoware_config_msgs::ConfigWaypointFollower_<ContainerAllocator>::_relative_angle_threshold_type autoware_config_msgs::ConfigWaypointFollower_<ContainerAllocator>::relative_angle_threshold[m[K’
[1.998s]    _relative_angle_threshold_type [01;36m[Krelative_angle_threshold[m[K;
[1.998s]                                   [01;36m[K^~~~~~~~~~~~~~~~~~~~~~~~[m[K
[2.000s] In file included from [01m[K/home/kimna/Desktop/autoware.ai/src/autoware/core_planning/pure_pursuit/include/pure_pursuit/pure_pursuit_core.h:28:0[m[K,
[2.000s]                  from [01m[K/home/kimna/Desktop/autoware.ai/src/autoware/core_planning/pure_pursuit/src/pure_pursuit_core.cpp:18[m[K:
[2.000s] [01m[K/home/kimna/Desktop/autoware.ai/install/autoware_config_msgs/include/autoware_config_msgs/ConfigWaypointFollower.h:77:24:[m[K [01;31m[Kerror: [m[Kredeclaration of ‘[01m[Kautoware_config_msgs::ConfigWaypointFollower_<ContainerAllocator>::_stanley_factor_type autoware_config_msgs::ConfigWaypointFollower_<ContainerAllocator>::relative_angle_threshold[m[K’
[2.000s]    _stanley_factor_type [01;31m[Krelative_angle_threshold[m[K;
[2.000s]                         [01;31m[K^~~~~~~~~~~~~~~~~~~~~~~~[m[K
[2.001s] [01m[K/home/kimna/Desktop/autoware.ai/install/autoware_config_msgs/include/autoware_config_msgs/ConfigWaypointFollower.h:73:34:[m[K [01;36m[Knote: [m[Kprevious declaration ‘[01m[Kautoware_config_msgs::ConfigWaypointFollower_<ContainerAllocator>::_relative_angle_threshold_type autoware_config_msgs::ConfigWaypointFollower_<ContainerAllocator>::relative_angle_threshold[m[K’
[2.001s]    _relative_angle_threshold_type [01;36m[Krelative_angle_threshold[m[K;
[2.001s]                                   [01;36m[K^~~~~~~~~~~~~~~~~~~~~~~~[m[K
[2.628s] [01m[K/home/kimna/Desktop/autoware.ai/src/autoware/core_planning/pure_pursuit/src/pure_pursuit_core.cpp:[m[K In member function ‘[01m[Kvoid waypoint_follower::PurePursuitNode::initForROS()[m[K’:
[2.628s] [01m[K/home/kimna/Desktop/autoware.ai/src/autoware/core_planning/pure_pursuit/src/pure_pursuit_core.cpp:72:23:[m[K [01;31m[Kerror: [m[K‘[01m[Kstanley_factor_[m[K’ was not declared in this scope
[2.628s]      "stanley_factor", [01;31m[Kstanley_factor_[m[K, 0.0);
[2.628s]                        [01;31m[K^~~~~~~~~~~~~~~[m[K
[2.635s] [01m[K/home/kimna/Desktop/autoware.ai/src/autoware/core_planning/pure_pursuit/src/pure_pursuit_core.cpp:77:3:[m[K [01;31m[Kerror: [m[Kexpected ‘[01m[K;[m[K’ before ‘[01m[Ksub1_[m[K’
[2.635s]    [01;31m[Ksub1_[m[K = nh_.subscribe("final_waypoints", 10,
[2.636s]    [01;31m[K^~~~~[m[K
[2.638s] In file included from [01m[K/opt/ros/melodic/include/ros/ros.h:40:0[m[K,
[2.638s]                  from [01m[K/home/kimna/Desktop/autoware.ai/src/autoware/core_planning/pure_pursuit/include/pure_pursuit/pure_pursuit_core.h:23[m[K,
[2.638s]                  from [01m[K/home/kimna/Desktop/autoware.ai/src/autoware/core_planning/pure_pursuit/src/pure_pursuit_core.cpp:18[m[K:
[2.638s] [01m[K/home/kimna/Desktop/autoware.ai/src/autoware/core_planning/pure_pursuit/src/pure_pursuit_core.cpp:[m[K In member function ‘[01m[Kvoid waypoint_follower::PurePursuitNode::run()[m[K’:
[2.638s] [01m[K/home/kimna/Desktop/autoware.ai/src/autoware/core_planning/pure_pursuit/src/pure_pursuit_core.cpp:210:32:[m[K [01;31m[Kerror: [m[K‘[01m[Kstanley_factor_[m[K’ was not declared in this scope
[2.638s]        ROS_WARN_STREAM("cfg "<< [01;31m[Ks[m[Ktanley_factor_ << std::endl);
[2.639s]                                 [01;31m[K^[m[K
[2.639s] [01m[K/opt/ros/melodic/include/ros/console.h:358:64:[m[K [01;36m[Knote: [m[Kin definition of macro ‘[01m[KROSCONSOLE_PRINT_STREAM_AT_LOCATION_WITH_FILTER[m[K’
[2.639s]      __rosconsole_print_stream_at_location_with_filter__ss__ << [01;36m[Kargs[m[K; \
[2.639s]                                                                 [01;36m[K^~~~[m[K
[2.639s] [01m[K/opt/ros/melodic/include/ros/console.h:406:7:[m[K [01;36m[Knote: [m[Kin expansion of macro ‘[01m[KROSCONSOLE_PRINT_STREAM_AT_LOCATION[m[K’
[2.639s]        [01;36m[KROSCONSOLE_PRINT_STREAM_AT_LOCATION[m[K(args); \
[2.639s]        [01;36m[K^~~~~~~~~~~~~~~~~~~~~~~~~~~~~~~~~~~[m[K
[2.639s] [01m[K/opt/ros/melodic/include/ros/console.h:579:43:[m[K [01;36m[Knote: [m[Kin expansion of macro ‘[01m[KROS_LOG_STREAM_COND[m[K’
[2.639s]  #define ROS_LOG_STREAM(level, name, args) [01;36m[KROS_LOG_STREAM_COND[m[K(true, level, name, args)
[2.639s]                                            [01;36m[K^~~~~~~~~~~~~~~~~~~[m[K
[2.639s] [01m[K/opt/ros/melodic/include/rosconsole/macros_generated.h:163:31:[m[K [01;36m[Knote: [m[Kin expansion of macro ‘[01m[KROS_LOG_STREAM[m[K’
[2.639s]  #define ROS_WARN_STREAM(args) [01;36m[KROS_LOG_STREAM[m[K(::ros::console::levels::Warn, ROSCONSOLE_DEFAULT_NAME, args)
[2.639s]                                [01;36m[K^~~~~~~~~~~~~~[m[K
[2.639s] [01m[K/home/kimna/Desktop/autoware.ai/src/autoware/core_planning/pure_pursuit/src/pure_pursuit_core.cpp:210:7:[m[K [01;36m[Knote: [m[Kin expansion of macro ‘[01m[KROS_WARN_STREAM[m[K’
[2.639s]        [01;36m[KR[m[KOS_WARN_STREAM("cfg "<< stanley_factor_ << std::endl);
[2.639s]        [01;36m[K^[m[K
[2.652s] [01m[K/home/kimna/Desktop/autoware.ai/src/autoware/core_planning/pure_pursuit/src/pure_pursuit_core.cpp:[m[K In member function ‘[01m[Kvoid waypoint_follower::PurePursuitNode::callbackFromConfig(const ConfigWaypointFollowerConstPtr&)[m[K’:
[2.652s] [01m[K/home/kimna/Desktop/autoware.ai/src/autoware/core_planning/pure_pursuit/src/pure_pursuit_core.cpp:367:3:[m[K [01;31m[Kerror: [m[K‘[01m[Kstanley_factor_[m[K’ was not declared in this scope
[2.652s]    [01;31m[Kstanley_factor_[m[K = config->stanley_factor;
[2.652s]    [01;31m[K^~~~~~~~~~~~~~~[m[K
[2.660s] [01m[K/home/kimna/Desktop/autoware.ai/src/autoware/core_planning/pure_pursuit/src/pure_pursuit_core.cpp:367:29:[m[K [01;31m[Kerror: [m[K‘[01m[Kconst struct autoware_config_msgs::ConfigWaypointFollower_<std::allocator<void> >[m[K’ has no member named ‘[01m[Kstanley_factor[m[K’; did you mean ‘[01m[K_stanley_factor_type[m[K’?
[2.660s]    stanley_factor_ = config->[01;31m[Kstanley_factor[m[K;
[2.660s]                              [01;31m[K^~~~~~~~~~~~~~[m[K
[2.660s]                              [32m[K_stanley_factor_type[m[K
[3.054s] CMakeFiles/pure_pursuit.dir/build.make:62: recipe for target 'CMakeFiles/pure_pursuit.dir/src/pure_pursuit_node.cpp.o' failed
[3.054s] make[2]: *** [CMakeFiles/pure_pursuit.dir/src/pure_pursuit_node.cpp.o] Error 1
[3.054s] make[2]: *** Waiting for unfinished jobs....
[3.496s] CMakeFiles/pure_pursuit.dir/build.make:110: recipe for target 'CMakeFiles/pure_pursuit.dir/src/pure_pursuit_core.cpp.o' failed
[3.496s] make[2]: *** [CMakeFiles/pure_pursuit.dir/src/pure_pursuit_core.cpp.o] Error 1
[3.496s] make[1]: *** [CMakeFiles/pure_pursuit.dir/all] Error 2
[3.496s] CMakeFiles/Makefile2:444: recipe for target 'CMakeFiles/pure_pursuit.dir/all' failed
[3.496s] Makefile:140: recipe for target 'all' failed
[3.496s] make: *** [all] Error 2
