[0.150s] [  0%] Built target autoware_config_msgs_generate_messages_lisp
[0.155s] [  0%] Built target actionlib_generate_messages_cpp
[0.165s] [  0%] Built target jsk_recognition_msgs_generate_messages_lisp
[0.167s] [  0%] Built target pcl_msgs_generate_messages_eus
[0.172s] [  0%] Built target geometry_msgs_generate_messages_py
[0.175s] [  0%] Built target rosgraph_msgs_generate_messages_eus
[0.193s] [  0%] Built target autoware_system_msgs_generate_messages_lisp
[0.194s] [  0%] Built target jsk_recognition_msgs_generate_messages_eus
[0.233s] [  0%] Built target autoware_system_msgs_generate_messages_py
[0.252s] [  0%] Built target sensor_msgs_generate_messages_nodejs
[0.257s] [  0%] Built target roscpp_generate_messages_cpp
[0.265s] [  0%] Built target autoware_msgs_generate_messages_cpp
[0.269s] [  0%] Built target sensor_msgs_generate_messages_cpp
[0.281s] [  0%] Built target sensor_msgs_generate_messages_eus
[0.283s] [  0%] Built target tf2_msgs_generate_messages_cpp
[0.292s] [  0%] Built target _catkin_empty_exported_target
[0.338s] [  0%] Built target autoware_msgs_generate_messages_py
[0.346s] [  0%] Built target pcl_msgs_generate_messages_nodejs
[0.359s] [  0%] Built target std_msgs_generate_messages_py
[0.360s] [  0%] Built target std_msgs_generate_messages_nodejs
[0.362s] [  0%] Built target rosgraph_msgs_generate_messages_cpp
[0.365s] [  0%] Built target sensor_msgs_generate_messages_lisp
[0.371s] [  0%] Built target jsk_recognition_msgs_generate_messages_py
[0.377s] [  0%] Built target sensor_msgs_generate_messages_py
[0.422s] [  0%] Built target std_msgs_generate_messages_cpp
[0.423s] [  0%] Built target actionlib_msgs_generate_messages_nodejs
[0.434s] [  0%] Built target tf_generate_messages_py
[0.435s] [  0%] Built target roscpp_generate_messages_nodejs
[0.435s] [  0%] Built target geometry_msgs_generate_messages_eus
[0.440s] [  0%] Built target jsk_footstep_msgs_generate_messages_py
[0.456s] [  0%] Built target std_msgs_generate_messages_lisp
[0.463s] [  0%] Built target autoware_system_msgs_generate_messages_cpp
[0.523s] [  0%] Built target jsk_recognition_msgs_generate_messages_cpp
[0.527s] [  0%] Built target autoware_msgs_generate_messages_nodejs
[0.529s] [  0%] Built target autoware_msgs_generate_messages_lisp
[0.533s] [  0%] Built target pcl_msgs_generate_messages_cpp
[0.536s] [  0%] Built target geometry_msgs_generate_messages_nodejs
[0.536s] [  0%] Built target geometry_msgs_generate_messages_lisp
[0.544s] [  0%] Built target autoware_msgs_generate_messages_eus
[0.555s] [  0%] Built target std_msgs_generate_messages_eus
[0.587s] [  0%] Built target jsk_footstep_msgs_generate_messages_eus
[0.591s] [  0%] Built target autoware_config_msgs_generate_messages_eus
[0.614s] [  0%] Built target actionlib_msgs_generate_messages_py
[0.632s] [  0%] Built target actionlib_msgs_generate_messages_lisp
[0.632s] [  0%] Built target autoware_system_msgs_generate_messages_nodejs
[0.633s] [  0%] Built target jsk_footstep_msgs_generate_messages_lisp
[0.636s] [  0%] Built target jsk_footstep_msgs_generate_messages_nodejs
[0.657s] [  0%] Built target jsk_footstep_msgs_generate_messages_cpp
[0.666s] [  0%] Built target actionlib_msgs_generate_messages_cpp
[0.673s] [  0%] Built target tf_generate_messages_eus
[0.723s] [  0%] Built target tf_generate_messages_nodejs
[0.724s] [  0%] Built target jsk_recognition_msgs_generate_messages_nodejs
[0.730s] [  0%] Built target autoware_config_msgs_generate_messages_nodejs
[0.737s] [  0%] Built target tf_generate_messages_lisp
[0.749s] [  0%] Built target roscpp_generate_messages_lisp
[0.754s] [  0%] Built target rosgraph_msgs_generate_messages_lisp
[0.758s] [  0%] Built target roscpp_generate_messages_py
[0.791s] [  0%] Built target autoware_config_msgs_generate_messages_cpp
[0.819s] [  0%] Built target roscpp_generate_messages_eus
[0.828s] [  0%] Built target actionlib_msgs_generate_messages_eus
[0.830s] [  0%] Built target rosgraph_msgs_generate_messages_py
[0.838s] [  0%] Built target pcl_msgs_generate_messages_py
[0.845s] [  0%] Built target rosgraph_msgs_generate_messages_nodejs
[0.849s] [  0%] Built target autoware_config_msgs_generate_messages_py
[0.854s] [  0%] Built target actionlib_generate_messages_eus
[0.892s] [  0%] Built target geometry_msgs_generate_messages_cpp
[0.906s] [  0%] Built target tf_generate_messages_cpp
[0.914s] [  0%] Built target pcl_msgs_generate_messages_lisp
[0.918s] [  0%] Built target autoware_system_msgs_generate_messages_eus
[0.925s] [  0%] Built target actionlib_generate_messages_lisp
[0.931s] [  0%] Built target actionlib_generate_messages_nodejs
[0.940s] [  0%] Built target tf2_msgs_generate_messages_eus
[0.952s] [  0%] Built target actionlib_generate_messages_py
[0.965s] [  0%] Built target tf2_msgs_generate_messages_nodejs
[0.967s] [  0%] Built target tf2_msgs_generate_messages_lisp
[0.973s] [  0%] Built target tf2_msgs_generate_messages_py
[0.999s] [35m[1mScanning dependencies of target pure_pursuit[0m
[1.038s] [ 20%] [32mBuilding CXX object CMakeFiles/pure_pursuit.dir/src/pure_pursuit_core.cpp.o[0m
[4.902s] CMakeFiles/pure_pursuit.dir/build.make:110: recipe for target 'CMakeFiles/pure_pursuit.dir/src/pure_pursuit_core.cpp.o' failed
[4.902s] CMakeFiles/Makefile2:444: recipe for target 'CMakeFiles/pure_pursuit.dir/all' failed
[4.902s] Makefile:140: recipe for target 'all' failed
