[0.252s] [  0%] Built target actionlib_generate_messages_cpp
[0.258s] [  0%] Built target rosgraph_msgs_generate_messages_eus
[0.272s] [  0%] Built target geometry_msgs_generate_messages_py
[0.272s] [  0%] Built target pcl_msgs_generate_messages_eus
[0.276s] [  0%] Built target jsk_recognition_msgs_generate_messages_lisp
[0.279s] [  0%] Built target autoware_system_msgs_generate_messages_lisp
[0.289s] [  0%] Built target jsk_recognition_msgs_generate_messages_eus
[0.291s] [  0%] Built target autoware_config_msgs_generate_messages_lisp
[0.379s] [  0%] Built target sensor_msgs_generate_messages_eus
[0.387s] [  0%] Built target sensor_msgs_generate_messages_nodejs
[0.392s] [  0%] Built target _catkin_empty_exported_target
[0.413s] [  0%] Built target autoware_system_msgs_generate_messages_py
[0.413s] [  0%] Built target roscpp_generate_messages_cpp
[0.416s] [  0%] Built target tf2_msgs_generate_messages_cpp
[0.419s] [  0%] Built target sensor_msgs_generate_messages_cpp
[0.420s] [  0%] Built target autoware_msgs_generate_messages_cpp
[0.490s] [  0%] Built target std_msgs_generate_messages_py
[0.501s] [  0%] Built target sensor_msgs_generate_messages_lisp
[0.530s] [  0%] Built target std_msgs_generate_messages_nodejs
[0.537s] [  0%] Built target pcl_msgs_generate_messages_nodejs
[0.539s] [  0%] Built target autoware_msgs_generate_messages_py
[0.551s] [  0%] Built target rosgraph_msgs_generate_messages_cpp
[0.569s] [  0%] Built target jsk_recognition_msgs_generate_messages_py
[0.593s] [  0%] Built target sensor_msgs_generate_messages_py
[0.607s] [  0%] Built target tf_generate_messages_py
[0.643s] [  0%] Built target std_msgs_generate_messages_cpp
[0.643s] [  0%] Built target jsk_footstep_msgs_generate_messages_py
[0.645s] [  0%] Built target geometry_msgs_generate_messages_eus
[0.670s] [  0%] Built target actionlib_msgs_generate_messages_nodejs
[0.677s] [  0%] Built target roscpp_generate_messages_nodejs
[0.692s] [  0%] Built target std_msgs_generate_messages_lisp
[0.722s] [  0%] Built target pcl_msgs_generate_messages_cpp
[0.729s] [  0%] Built target autoware_system_msgs_generate_messages_cpp
[0.735s] [  0%] Built target geometry_msgs_generate_messages_nodejs
[0.754s] [  0%] Built target autoware_msgs_generate_messages_eus
[0.781s] [  0%] Built target geometry_msgs_generate_messages_lisp
[0.781s] [  0%] Built target jsk_recognition_msgs_generate_messages_cpp
[0.823s] [  0%] Built target actionlib_msgs_generate_messages_py
[0.827s] [  0%] Built target autoware_msgs_generate_messages_lisp
[0.836s] [  0%] Built target std_msgs_generate_messages_eus
[0.836s] [  0%] Built target autoware_msgs_generate_messages_nodejs
[0.863s] [  0%] Built target jsk_footstep_msgs_generate_messages_lisp
[0.875s] [  0%] Built target jsk_footstep_msgs_generate_messages_eus
[0.879s] [  0%] Built target jsk_footstep_msgs_generate_messages_nodejs
[0.918s] [  0%] Built target autoware_config_msgs_generate_messages_eus
[0.919s] [  0%] Built target actionlib_msgs_generate_messages_lisp
[0.947s] [  0%] Built target jsk_footstep_msgs_generate_messages_cpp
[0.947s] [  0%] Built target autoware_system_msgs_generate_messages_nodejs
[0.965s] [  0%] Built target tf_generate_messages_lisp
[0.969s] [  0%] Built target actionlib_msgs_generate_messages_cpp
[0.995s] [  0%] Built target tf_generate_messages_eus
[1.008s] [  0%] Built target tf_generate_messages_nodejs
[1.008s] [  0%] Built target jsk_recognition_msgs_generate_messages_nodejs
[1.010s] [  0%] Built target autoware_config_msgs_generate_messages_nodejs
[1.023s] [  0%] Built target roscpp_generate_messages_py
[1.038s] [  0%] Built target roscpp_generate_messages_lisp
[1.046s] [  0%] Built target rosgraph_msgs_generate_messages_lisp
[1.052s] [  0%] Built target autoware_config_msgs_generate_messages_cpp
[1.067s] [  0%] Built target actionlib_msgs_generate_messages_eus
[1.073s] [  0%] Built target rosgraph_msgs_generate_messages_nodejs
[1.081s] [  0%] Built target rosgraph_msgs_generate_messages_py
[1.088s] [  0%] Built target roscpp_generate_messages_eus
[1.113s] [  0%] Built target pcl_msgs_generate_messages_py
[1.120s] [  0%] Built target actionlib_generate_messages_eus
[1.123s] [  0%] Built target autoware_config_msgs_generate_messages_py
[1.125s] [  0%] Built target actionlib_generate_messages_lisp
[1.136s] [  0%] Built target geometry_msgs_generate_messages_cpp
[1.148s] [  0%] Built target pcl_msgs_generate_messages_lisp
[1.151s] [  0%] Built target tf_generate_messages_cpp
[1.172s] [  0%] Built target actionlib_generate_messages_nodejs
[1.188s] [  0%] Built target tf2_msgs_generate_messages_eus
[1.189s] [  0%] Built target actionlib_generate_messages_py
[1.195s] [  0%] Built target autoware_system_msgs_generate_messages_eus
[1.195s] [  0%] Built target tf2_msgs_generate_messages_lisp
[1.203s] [  0%] Built target tf2_msgs_generate_messages_py
[1.207s] [  0%] Built target tf2_msgs_generate_messages_nodejs
[1.250s] [ 20%] [32mBuilding CXX object CMakeFiles/pure_pursuit.dir/src/pure_pursuit_core.cpp.o[0m
[8.065s] [ 40%] [32m[1mLinking CXX executable devel/lib/pure_pursuit/pure_pursuit[0m
[8.313s] [100%] Built target pure_pursuit
[8.695s] [  0%] Built target rosgraph_msgs_generate_messages_eus
[8.703s] [  0%] Built target autoware_system_msgs_generate_messages_lisp
[8.703s] [ 28%] Built target gtest
[8.705s] [ 28%] Built target actionlib_generate_messages_cpp
[8.707s] [ 28%] Built target jsk_recognition_msgs_generate_messages_eus
[8.711s] [ 28%] Built target jsk_recognition_msgs_generate_messages_lisp
[8.715s] [ 28%] Built target pcl_msgs_generate_messages_eus
[8.725s] [ 28%] Built target geometry_msgs_generate_messages_py
[8.755s] [ 28%] Built target autoware_system_msgs_generate_messages_py
[8.770s] [ 28%] Built target _catkin_empty_exported_target
[8.775s] [ 28%] Built target sensor_msgs_generate_messages_nodejs
[8.776s] [ 28%] Built target sensor_msgs_generate_messages_eus
[8.781s] [ 28%] Built target sensor_msgs_generate_messages_cpp
[8.783s] [ 28%] Built target tf2_msgs_generate_messages_cpp
[8.790s] [ 28%] Built target roscpp_generate_messages_cpp
[8.800s] [ 28%] Built target autoware_msgs_generate_messages_cpp
[8.830s] [ 28%] Built target std_msgs_generate_messages_py
[8.837s] [ 28%] Built target rosgraph_msgs_generate_messages_cpp
[8.843s] [ 28%] Built target autoware_msgs_generate_messages_py
[8.851s] [ 28%] Built target pcl_msgs_generate_messages_nodejs
[8.855s] [ 28%] Built target jsk_recognition_msgs_generate_messages_py
[8.858s] [ 28%] Built target std_msgs_generate_messages_nodejs
[8.865s] [ 28%] Built target sensor_msgs_generate_messages_lisp
[8.866s] [ 28%] Built target sensor_msgs_generate_messages_py
[8.904s] [ 28%] Built target jsk_footstep_msgs_generate_messages_py
[8.913s] [ 28%] Built target tf_generate_messages_py
[8.919s] [ 28%] Built target actionlib_msgs_generate_messages_nodejs
[8.922s] [ 28%] Built target std_msgs_generate_messages_cpp
[8.925s] [ 28%] Built target roscpp_generate_messages_nodejs
[8.928s] [ 28%] Built target std_msgs_generate_messages_lisp
[8.931s] [ 28%] Built target geometry_msgs_generate_messages_eus
[8.951s] [ 28%] Built target autoware_system_msgs_generate_messages_cpp
[8.963s] [ 28%] Built target geometry_msgs_generate_messages_nodejs
[8.988s] [ 28%] Built target jsk_recognition_msgs_generate_messages_cpp
[9.002s] [ 28%] Built target autoware_msgs_generate_messages_eus
[9.002s] [ 28%] Built target std_msgs_generate_messages_eus
[9.003s] [ 28%] Built target autoware_msgs_generate_messages_lisp
[9.008s] [ 28%] Built target pcl_msgs_generate_messages_cpp
[9.019s] [ 28%] Built target geometry_msgs_generate_messages_lisp
[9.021s] [ 28%] Built target autoware_msgs_generate_messages_nodejs
[9.032s] [ 28%] Built target jsk_footstep_msgs_generate_messages_eus
[9.071s] [ 28%] Built target autoware_config_msgs_generate_messages_eus
[9.077s] [ 28%] Built target autoware_system_msgs_generate_messages_nodejs
[9.077s] [ 28%] Built target jsk_footstep_msgs_generate_messages_nodejs
[9.080s] [ 28%] Built target jsk_footstep_msgs_generate_messages_lisp
[9.084s] [ 28%] Built target jsk_footstep_msgs_generate_messages_cpp
[9.085s] [ 28%] Built target actionlib_msgs_generate_messages_py
[9.087s] [ 28%] Built target actionlib_msgs_generate_messages_cpp
[9.088s] [ 28%] Built target actionlib_msgs_generate_messages_lisp
[9.138s] [ 28%] Built target tf_generate_messages_nodejs
[9.142s] [ 28%] Built target tf_generate_messages_eus
[9.146s] [ 28%] Built target roscpp_generate_messages_py
[9.158s] [ 28%] Built target tf_generate_messages_lisp
[9.164s] [ 28%] Built target rosgraph_msgs_generate_messages_lisp
[9.168s] [ 28%] Built target autoware_config_msgs_generate_messages_nodejs
[9.182s] [ 28%] Built target roscpp_generate_messages_lisp
[9.184s] [ 28%] Built target jsk_recognition_msgs_generate_messages_nodejs
[9.207s] [ 28%] Built target autoware_config_msgs_generate_messages_cpp
[9.217s] [ 28%] Built target roscpp_generate_messages_eus
[9.232s] [ 28%] Built target actionlib_msgs_generate_messages_eus
[9.234s] [ 28%] Built target rosgraph_msgs_generate_messages_nodejs
[9.242s] [ 28%] Built target autoware_config_msgs_generate_messages_py
[9.245s] [ 28%] Built target rosgraph_msgs_generate_messages_py
[9.251s] [ 28%] Built target pcl_msgs_generate_messages_py
[9.262s] [ 28%] Built target geometry_msgs_generate_messages_cpp
[9.278s] [ 28%] Built target actionlib_generate_messages_eus
[9.295s] [ 28%] Built target tf_generate_messages_cpp
[9.304s] [ 28%] Built target actionlib_generate_messages_nodejs
[9.309s] [ 28%] Built target pcl_msgs_generate_messages_lisp
[9.319s] [ 28%] Built target actionlib_generate_messages_lisp
[9.320s] [ 28%] Built target autoware_system_msgs_generate_messages_eus
[9.331s] [ 28%] Built target tf2_msgs_generate_messages_eus
[9.346s] [ 28%] Built target tf2_msgs_generate_messages_lisp
[9.351s] [ 28%] Built target tf2_msgs_generate_messages_py
[9.362s] [ 28%] Built target actionlib_generate_messages_py
[9.377s] [ 28%] Built target autoware_config_msgs_generate_messages_lisp
[9.382s] [ 28%] Built target tf2_msgs_generate_messages_nodejs
[9.403s] [35m[1mScanning dependencies of target test-pure_pursuit[0m
[9.440s] [ 42%] [32mBuilding CXX object CMakeFiles/test-pure_pursuit.dir/src/pure_pursuit_core.cpp.o[0m
[16.243s] [ 57%] [32m[1mLinking CXX executable devel/lib/pure_pursuit/test-pure_pursuit[0m
[16.538s] [100%] Built target test-pure_pursuit
[16.580s] [100%] Built target tests
[16.958s] [  0%] Built target jsk_recognition_msgs_generate_messages_eus
[16.959s] [  0%] Built target rosgraph_msgs_generate_messages_eus
[16.963s] [  0%] Built target actionlib_generate_messages_cpp
[16.964s] [  0%] Built target jsk_recognition_msgs_generate_messages_lisp
[16.966s] [  0%] Built target autoware_config_msgs_generate_messages_lisp
[16.972s] [  0%] Built target autoware_system_msgs_generate_messages_lisp
[16.978s] [  0%] Built target pcl_msgs_generate_messages_eus
[16.979s] [  0%] Built target geometry_msgs_generate_messages_py
[17.029s] [  0%] Built target sensor_msgs_generate_messages_nodejs
[17.029s] [  0%] Built target roscpp_generate_messages_cpp
[17.037s] [  0%] Built target sensor_msgs_generate_messages_eus
[17.037s] [  0%] Built target autoware_msgs_generate_messages_cpp
[17.039s] [  0%] Built target _catkin_empty_exported_target
[17.045s] [  0%] Built target sensor_msgs_generate_messages_cpp
[17.046s] [  0%] Built target autoware_system_msgs_generate_messages_py
[17.060s] [  0%] Built target tf2_msgs_generate_messages_cpp
[17.098s] [  0%] Built target std_msgs_generate_messages_py
[17.104s] [  0%] Built target autoware_msgs_generate_messages_py
[17.110s] [  0%] Built target std_msgs_generate_messages_nodejs
[17.112s] [  0%] Built target rosgraph_msgs_generate_messages_cpp
[17.119s] [  0%] Built target jsk_recognition_msgs_generate_messages_py
[17.130s] [  0%] Built target pcl_msgs_generate_messages_nodejs
[17.138s] [  0%] Built target sensor_msgs_generate_messages_py
[17.143s] [  0%] Built target sensor_msgs_generate_messages_lisp
[17.176s] [  0%] Built target tf_generate_messages_py
[17.185s] [  0%] Built target std_msgs_generate_messages_cpp
[17.186s] [  0%] Built target jsk_footstep_msgs_generate_messages_py
[17.190s] [  0%] Built target actionlib_msgs_generate_messages_nodejs
[17.191s] [  0%] Built target std_msgs_generate_messages_lisp
[17.207s] [  0%] Built target geometry_msgs_generate_messages_eus
[17.214s] [  0%] Built target autoware_system_msgs_generate_messages_cpp
[17.220s] [  0%] Built target roscpp_generate_messages_nodejs
[17.239s] [  0%] Built target geometry_msgs_generate_messages_nodejs
[17.256s] [  0%] Built target geometry_msgs_generate_messages_lisp
[17.259s] [  0%] Built target pcl_msgs_generate_messages_cpp
[17.267s] [  0%] Built target autoware_msgs_generate_messages_eus
[17.275s] [  0%] Built target jsk_recognition_msgs_generate_messages_cpp
[17.290s] [  0%] Built target autoware_msgs_generate_messages_lisp
[17.296s] [  0%] Built target std_msgs_generate_messages_eus
[17.302s] [  0%] Built target autoware_msgs_generate_messages_nodejs
[17.319s] [  0%] Built target actionlib_msgs_generate_messages_py
[17.319s] [  0%] Built target autoware_config_msgs_generate_messages_eus
[17.323s] [  0%] Built target jsk_footstep_msgs_generate_messages_eus
[17.335s] [  0%] Built target jsk_footstep_msgs_generate_messages_nodejs
[17.368s] [  0%] Built target jsk_footstep_msgs_generate_messages_lisp
[17.371s] [  0%] Built target jsk_footstep_msgs_generate_messages_cpp
[17.377s] [  0%] Built target actionlib_msgs_generate_messages_lisp
[17.380s] [  0%] Built target actionlib_msgs_generate_messages_cpp
[17.388s] [  0%] Built target autoware_system_msgs_generate_messages_nodejs
[17.402s] [  0%] Built target tf_generate_messages_eus
[17.412s] [  0%] Built target tf_generate_messages_lisp
[17.414s] [  0%] Built target autoware_config_msgs_generate_messages_nodejs
[17.440s] [  0%] Built target tf_generate_messages_nodejs
[17.447s] [  0%] Built target jsk_recognition_msgs_generate_messages_nodejs
[17.456s] [  0%] Built target roscpp_generate_messages_lisp
[17.465s] [  0%] Built target roscpp_generate_messages_py
[17.469s] [  0%] Built target autoware_config_msgs_generate_messages_cpp
[17.475s] [  0%] Built target rosgraph_msgs_generate_messages_lisp
[17.491s] [  0%] Built target rosgraph_msgs_generate_messages_nodejs
[17.499s] [  0%] Built target roscpp_generate_messages_eus
[17.510s] [  0%] Built target actionlib_msgs_generate_messages_eus
[17.522s] [  0%] Built target autoware_config_msgs_generate_messages_py
[17.525s] [  0%] Built target rosgraph_msgs_generate_messages_py
[17.528s] [  0%] Built target actionlib_generate_messages_eus
[17.539s] [  0%] Built target pcl_msgs_generate_messages_py
[17.546s] [  0%] Built target geometry_msgs_generate_messages_cpp
[17.560s] [  0%] Built target pcl_msgs_generate_messages_lisp
[17.569s] [  0%] Built target actionlib_generate_messages_lisp
[17.583s] [  0%] Built target tf_generate_messages_cpp
[17.596s] [  0%] Built target tf2_msgs_generate_messages_eus
[17.600s] [  0%] Built target autoware_system_msgs_generate_messages_eus
[17.605s] [  0%] Built target tf2_msgs_generate_messages_lisp
[17.611s] [  0%] Built target actionlib_generate_messages_nodejs
[17.616s] [  0%] Built target tf2_msgs_generate_messages_py
[17.619s] [  0%] Built target actionlib_generate_messages_py
[17.634s] [  0%] Built target tf2_msgs_generate_messages_nodejs
[17.681s] [100%] Built target pure_pursuit
[17.717s] [36mInstall the project...[0m
[17.733s] -- Install configuration: "Release"
[17.733s] -- Up-to-date: /home/kimna/Desktop/autoware.ai/src/autoware/core_planning/pure_pursuit/install/pure_pursuit/lib/pkgconfig/pure_pursuit.pc
[17.733s] -- Up-to-date: /home/kimna/Desktop/autoware.ai/src/autoware/core_planning/pure_pursuit/install/pure_pursuit/share/pure_pursuit/cmake/pure_pursuitConfig.cmake
[17.733s] -- Up-to-date: /home/kimna/Desktop/autoware.ai/src/autoware/core_planning/pure_pursuit/install/pure_pursuit/share/pure_pursuit/cmake/pure_pursuitConfig-version.cmake
[17.733s] -- Up-to-date: /home/kimna/Desktop/autoware.ai/src/autoware/core_planning/pure_pursuit/install/pure_pursuit/share/pure_pursuit/package.xml
[17.734s] -- Installing: /home/kimna/Desktop/autoware.ai/src/autoware/core_planning/pure_pursuit/install/pure_pursuit/lib/pure_pursuit/pure_pursuit
[17.739s] -- Set runtime path of "/home/kimna/Desktop/autoware.ai/src/autoware/core_planning/pure_pursuit/install/pure_pursuit/lib/pure_pursuit/pure_pursuit" to ""
[17.739s] -- Up-to-date: /home/kimna/Desktop/autoware.ai/src/autoware/core_planning/pure_pursuit/install/pure_pursuit/share/pure_pursuit/launch
[17.739s] -- Up-to-date: /home/kimna/Desktop/autoware.ai/src/autoware/core_planning/pure_pursuit/install/pure_pursuit/share/pure_pursuit/launch/pure_pursuit.launch
