[0.144s] [  0%] Built target autoware_config_msgs_generate_messages_lisp
[0.151s] [  0%] Built target pcl_msgs_generate_messages_eus
[0.156s] [  0%] Built target jsk_recognition_msgs_generate_messages_lisp
[0.156s] [  0%] Built target autoware_system_msgs_generate_messages_lisp
[0.163s] [  0%] Built target jsk_recognition_msgs_generate_messages_eus
[0.167s] [  0%] Built target rosgraph_msgs_generate_messages_eus
[0.177s] [  0%] Built target actionlib_generate_messages_cpp
[0.177s] [  0%] Built target geometry_msgs_generate_messages_py
[0.213s] [  0%] Built target autoware_system_msgs_generate_messages_py
[0.230s] [  0%] Built target sensor_msgs_generate_messages_eus
[0.238s] [  0%] Built target sensor_msgs_generate_messages_nodejs
[0.238s] [  0%] Built target roscpp_generate_messages_cpp
[0.245s] [  0%] Built target _catkin_empty_exported_target
[0.257s] [  0%] Built target tf2_msgs_generate_messages_cpp
[0.267s] [  0%] Built target autoware_msgs_generate_messages_cpp
[0.277s] [  0%] Built target sensor_msgs_generate_messages_cpp
[0.291s] [  0%] Built target autoware_msgs_generate_messages_py
[0.300s] [  0%] Built target std_msgs_generate_messages_py
[0.313s] [  0%] Built target std_msgs_generate_messages_nodejs
[0.324s] [  0%] Built target pcl_msgs_generate_messages_nodejs
[0.336s] [  0%] Built target sensor_msgs_generate_messages_lisp
[0.336s] [  0%] Built target jsk_recognition_msgs_generate_messages_py
[0.340s] [  0%] Built target sensor_msgs_generate_messages_py
[0.340s] [  0%] Built target rosgraph_msgs_generate_messages_cpp
[0.362s] [  0%] Built target tf_generate_messages_py
[0.371s] [  0%] Built target std_msgs_generate_messages_cpp
[0.397s] [  0%] Built target geometry_msgs_generate_messages_eus
[0.400s] [  0%] Built target jsk_footstep_msgs_generate_messages_py
[0.407s] [  0%] Built target std_msgs_generate_messages_lisp
[0.415s] [  0%] Built target roscpp_generate_messages_nodejs
[0.421s] [  0%] Built target geometry_msgs_generate_messages_nodejs
[0.421s] [  0%] Built target autoware_system_msgs_generate_messages_cpp
[0.424s] [  0%] Built target actionlib_msgs_generate_messages_nodejs
[0.449s] [  0%] Built target geometry_msgs_generate_messages_lisp
[0.485s] [  0%] Built target pcl_msgs_generate_messages_cpp
[0.487s] [  0%] Built target autoware_msgs_generate_messages_lisp
[0.500s] [  0%] Built target jsk_recognition_msgs_generate_messages_cpp
[0.504s] [  0%] Built target jsk_footstep_msgs_generate_messages_eus
[0.509s] [  0%] Built target autoware_msgs_generate_messages_eus
[0.509s] [  0%] Built target autoware_msgs_generate_messages_nodejs
[0.520s] [  0%] Built target actionlib_msgs_generate_messages_py
[0.526s] [  0%] Built target std_msgs_generate_messages_eus
[0.558s] [  0%] Built target autoware_config_msgs_generate_messages_eus
[0.576s] [  0%] Built target jsk_footstep_msgs_generate_messages_lisp
[0.578s] [  0%] Built target actionlib_msgs_generate_messages_lisp
[0.587s] [  0%] Built target jsk_footstep_msgs_generate_messages_nodejs
[0.591s] [  0%] Built target autoware_system_msgs_generate_messages_nodejs
[0.603s] [  0%] Built target actionlib_msgs_generate_messages_cpp
[0.610s] [  0%] Built target tf_generate_messages_eus
[0.636s] [  0%] Built target jsk_footstep_msgs_generate_messages_cpp
[0.640s] [  0%] Built target autoware_config_msgs_generate_messages_nodejs
[0.645s] [  0%] Built target jsk_recognition_msgs_generate_messages_nodejs
[0.660s] [  0%] Built target tf_generate_messages_nodejs
[0.661s] [  0%] Built target tf_generate_messages_lisp
[0.676s] [  0%] Built target roscpp_generate_messages_py
[0.688s] [  0%] Built target roscpp_generate_messages_lisp
[0.702s] [  0%] Built target rosgraph_msgs_generate_messages_lisp
[0.724s] [  0%] Built target roscpp_generate_messages_eus
[0.730s] [  0%] Built target autoware_config_msgs_generate_messages_cpp
[0.752s] [  0%] Built target actionlib_msgs_generate_messages_eus
[0.755s] [  0%] Built target rosgraph_msgs_generate_messages_py
[0.757s] [  0%] Built target pcl_msgs_generate_messages_py
[0.758s] [  0%] Built target autoware_config_msgs_generate_messages_py
[0.765s] [  0%] Built target rosgraph_msgs_generate_messages_nodejs
[0.783s] [  0%] Built target geometry_msgs_generate_messages_cpp
[0.792s] [  0%] Built target actionlib_generate_messages_eus
[0.826s] [  0%] Built target actionlib_generate_messages_lisp
[0.838s] [  0%] Built target tf2_msgs_generate_messages_eus
[0.841s] [  0%] Built target tf_generate_messages_cpp
[0.843s] [  0%] Built target actionlib_generate_messages_nodejs
[0.844s] [  0%] Built target pcl_msgs_generate_messages_lisp
[0.855s] [  0%] Built target tf2_msgs_generate_messages_lisp
[0.855s] [  0%] Built target autoware_system_msgs_generate_messages_eus
[0.873s] [  0%] Built target actionlib_generate_messages_py
[0.876s] [  0%] Built target tf2_msgs_generate_messages_py
[0.886s] [  0%] Built target tf2_msgs_generate_messages_nodejs
[0.905s] [35m[1mScanning dependencies of target pure_pursuit[0m
[0.942s] [ 20%] [32mBuilding CXX object CMakeFiles/pure_pursuit.dir/src/pure_pursuit_core.cpp.o[0m
[4.316s] CMakeFiles/pure_pursuit.dir/build.make:110: recipe for target 'CMakeFiles/pure_pursuit.dir/src/pure_pursuit_core.cpp.o' failed
[4.316s] CMakeFiles/Makefile2:444: recipe for target 'CMakeFiles/pure_pursuit.dir/all' failed
[4.317s] Makefile:140: recipe for target 'all' failed
