[0.028s] Invoking command in '/home/kimna/Desktop/autoware.ai/src/autoware/core_planning/pure_pursuit/build/pure_pursuit': CONDA_PROMPT_MODIFIER=(base) /usr/bin/cmake --build /home/kimna/Desktop/autoware.ai/src/autoware/core_planning/pure_pursuit/build/pure_pursuit -- -j8 -l8
[0.144s] [  0%] Built target autoware_config_msgs_generate_messages_lisp
[0.151s] [  0%] Built target pcl_msgs_generate_messages_eus
[0.156s] [  0%] Built target jsk_recognition_msgs_generate_messages_lisp
[0.156s] [  0%] Built target autoware_system_msgs_generate_messages_lisp
[0.163s] [  0%] Built target jsk_recognition_msgs_generate_messages_eus
[0.167s] [  0%] Built target rosgraph_msgs_generate_messages_eus
[0.177s] [  0%] Built target actionlib_generate_messages_cpp
[0.177s] [  0%] Built target geometry_msgs_generate_messages_py
[0.213s] [  0%] Built target autoware_system_msgs_generate_messages_py
[0.230s] [  0%] Built target sensor_msgs_generate_messages_eus
[0.238s] [  0%] Built target sensor_msgs_generate_messages_nodejs
[0.238s] [  0%] Built target roscpp_generate_messages_cpp
[0.245s] [  0%] Built target _catkin_empty_exported_target
[0.257s] [  0%] Built target tf2_msgs_generate_messages_cpp
[0.267s] [  0%] Built target autoware_msgs_generate_messages_cpp
[0.277s] [  0%] Built target sensor_msgs_generate_messages_cpp
[0.291s] [  0%] Built target autoware_msgs_generate_messages_py
[0.300s] [  0%] Built target std_msgs_generate_messages_py
[0.313s] [  0%] Built target std_msgs_generate_messages_nodejs
[0.324s] [  0%] Built target pcl_msgs_generate_messages_nodejs
[0.336s] [  0%] Built target sensor_msgs_generate_messages_lisp
[0.336s] [  0%] Built target jsk_recognition_msgs_generate_messages_py
[0.340s] [  0%] Built target sensor_msgs_generate_messages_py
[0.340s] [  0%] Built target rosgraph_msgs_generate_messages_cpp
[0.362s] [  0%] Built target tf_generate_messages_py
[0.371s] [  0%] Built target std_msgs_generate_messages_cpp
[0.397s] [  0%] Built target geometry_msgs_generate_messages_eus
[0.400s] [  0%] Built target jsk_footstep_msgs_generate_messages_py
[0.407s] [  0%] Built target std_msgs_generate_messages_lisp
[0.415s] [  0%] Built target roscpp_generate_messages_nodejs
[0.421s] [  0%] Built target geometry_msgs_generate_messages_nodejs
[0.421s] [  0%] Built target autoware_system_msgs_generate_messages_cpp
[0.424s] [  0%] Built target actionlib_msgs_generate_messages_nodejs
[0.449s] [  0%] Built target geometry_msgs_generate_messages_lisp
[0.485s] [  0%] Built target pcl_msgs_generate_messages_cpp
[0.487s] [  0%] Built target autoware_msgs_generate_messages_lisp
[0.500s] [  0%] Built target jsk_recognition_msgs_generate_messages_cpp
[0.504s] [  0%] Built target jsk_footstep_msgs_generate_messages_eus
[0.509s] [  0%] Built target autoware_msgs_generate_messages_eus
[0.509s] [  0%] Built target autoware_msgs_generate_messages_nodejs
[0.520s] [  0%] Built target actionlib_msgs_generate_messages_py
[0.526s] [  0%] Built target std_msgs_generate_messages_eus
[0.558s] [  0%] Built target autoware_config_msgs_generate_messages_eus
[0.576s] [  0%] Built target jsk_footstep_msgs_generate_messages_lisp
[0.578s] [  0%] Built target actionlib_msgs_generate_messages_lisp
[0.587s] [  0%] Built target jsk_footstep_msgs_generate_messages_nodejs
[0.591s] [  0%] Built target autoware_system_msgs_generate_messages_nodejs
[0.603s] [  0%] Built target actionlib_msgs_generate_messages_cpp
[0.610s] [  0%] Built target tf_generate_messages_eus
[0.636s] [  0%] Built target jsk_footstep_msgs_generate_messages_cpp
[0.640s] [  0%] Built target autoware_config_msgs_generate_messages_nodejs
[0.645s] [  0%] Built target jsk_recognition_msgs_generate_messages_nodejs
[0.660s] [  0%] Built target tf_generate_messages_nodejs
[0.661s] [  0%] Built target tf_generate_messages_lisp
[0.676s] [  0%] Built target roscpp_generate_messages_py
[0.688s] [  0%] Built target roscpp_generate_messages_lisp
[0.702s] [  0%] Built target rosgraph_msgs_generate_messages_lisp
[0.724s] [  0%] Built target roscpp_generate_messages_eus
[0.730s] [  0%] Built target autoware_config_msgs_generate_messages_cpp
[0.752s] [  0%] Built target actionlib_msgs_generate_messages_eus
[0.755s] [  0%] Built target rosgraph_msgs_generate_messages_py
[0.757s] [  0%] Built target pcl_msgs_generate_messages_py
[0.758s] [  0%] Built target autoware_config_msgs_generate_messages_py
[0.765s] [  0%] Built target rosgraph_msgs_generate_messages_nodejs
[0.783s] [  0%] Built target geometry_msgs_generate_messages_cpp
[0.792s] [  0%] Built target actionlib_generate_messages_eus
[0.826s] [  0%] Built target actionlib_generate_messages_lisp
[0.838s] [  0%] Built target tf2_msgs_generate_messages_eus
[0.841s] [  0%] Built target tf_generate_messages_cpp
[0.843s] [  0%] Built target actionlib_generate_messages_nodejs
[0.844s] [  0%] Built target pcl_msgs_generate_messages_lisp
[0.855s] [  0%] Built target tf2_msgs_generate_messages_lisp
[0.855s] [  0%] Built target autoware_system_msgs_generate_messages_eus
[0.873s] [  0%] Built target actionlib_generate_messages_py
[0.876s] [  0%] Built target tf2_msgs_generate_messages_py
[0.886s] [  0%] Built target tf2_msgs_generate_messages_nodejs
[0.905s] [35m[1mScanning dependencies of target pure_pursuit[0m
[0.942s] [ 20%] [32mBuilding CXX object CMakeFiles/pure_pursuit.dir/src/pure_pursuit_core.cpp.o[0m
[3.270s] In file included from [01m[K/home/kimna/Desktop/autoware.ai/src/autoware/core_planning/pure_pursuit/src/pure_pursuit_core.cpp:19:0[m[K:
[3.270s] [01m[K/home/kimna/Desktop/autoware.ai/src/autoware/core_planning/pure_pursuit/include/pure_pursuit/stanley.h:111:29:[m[K [01;31m[Kerror: [m[K‘[01m[Kx[m[K’ has not been declared
[3.270s]    double calculate_steering([01;31m[Kx[m[K, y, yaw, waypoints, v) {
[3.270s]                              [01;31m[K^[m[K
[3.270s] [01m[K/home/kimna/Desktop/autoware.ai/src/autoware/core_planning/pure_pursuit/include/pure_pursuit/stanley.h:111:32:[m[K [01;31m[Kerror: [m[K‘[01m[Ky[m[K’ has not been declared
[3.270s]    double calculate_steering(x, [01;31m[Ky[m[K, yaw, waypoints, v) {
[3.270s]                                 [01;31m[K^[m[K
[3.270s] [01m[K/home/kimna/Desktop/autoware.ai/src/autoware/core_planning/pure_pursuit/include/pure_pursuit/stanley.h:111:35:[m[K [01;31m[Kerror: [m[K‘[01m[Kyaw[m[K’ has not been declared
[3.270s]    double calculate_steering(x, y, [01;31m[Kyaw[m[K, waypoints, v) {
[3.270s]                                    [01;31m[K^~~[m[K
[3.270s] [01m[K/home/kimna/Desktop/autoware.ai/src/autoware/core_planning/pure_pursuit/include/pure_pursuit/stanley.h:111:40:[m[K [01;31m[Kerror: [m[K‘[01m[Kwaypoints[m[K’ has not been declared
[3.270s]    double calculate_steering(x, y, yaw, [01;31m[Kwaypoints[m[K, v) {
[3.270s]                                         [01;31m[K^~~~~~~~~[m[K
[3.270s] [01m[K/home/kimna/Desktop/autoware.ai/src/autoware/core_planning/pure_pursuit/include/pure_pursuit/stanley.h:111:51:[m[K [01;31m[Kerror: [m[K‘[01m[Kv[m[K’ has not been declared
[3.270s]    double calculate_steering(x, y, yaw, waypoints, [01;31m[Kv[m[K) {
[3.271s]                                                    [01;31m[K^[m[K
[3.271s] [01m[K/home/kimna/Desktop/autoware.ai/src/autoware/core_planning/pure_pursuit/include/pure_pursuit/stanley.h:128:2:[m[K [01;31m[Kerror: [m[Kexpected ‘[01m[K;[m[K’ after class definition
[3.271s]  }
[3.271s]   [01;31m[K^[m[K
[3.271s]   [32m[K;[m[K
[3.271s] [01m[K/home/kimna/Desktop/autoware.ai/src/autoware/core_planning/pure_pursuit/include/pure_pursuit/stanley.h:[m[K In member function ‘[01m[Kdouble Stanley::get_heading_error(geometry_msgs::Point, double)[m[K’:
[3.271s] [01m[K/home/kimna/Desktop/autoware.ai/src/autoware/core_planning/pure_pursuit/include/pure_pursuit/stanley.h:73:34:[m[K [01;31m[Kerror: [m[K‘[01m[Kgeometry_msgs::Point {aka struct geometry_msgs::Point_<std::allocator<void> >}[m[K’ has no member named ‘[01m[Kat[m[K’
[3.271s]      waypoint_delta_x = waypoints.[01;31m[Kat[m[K(1).pose.pose.position.x - waypoints.at(0).pose.pose.position.x;
[3.271s]                                   [01;31m[K^~[m[K
[3.271s] [01m[K/home/kimna/Desktop/autoware.ai/src/autoware/core_planning/pure_pursuit/include/pure_pursuit/stanley.h:73:73:[m[K [01;31m[Kerror: [m[K‘[01m[Kgeometry_msgs::Point {aka struct geometry_msgs::Point_<std::allocator<void> >}[m[K’ has no member named ‘[01m[Kat[m[K’
[3.271s]  waypoint_delta_x = waypoints.at(1).pose.pose.position.x - waypoints.[01;31m[Kat[m[K(0).pose.pose.position.x;
[3.271s]                                                                      [01;31m[K^~[m[K
[3.271s] [01m[K/home/kimna/Desktop/autoware.ai/src/autoware/core_planning/pure_pursuit/include/pure_pursuit/stanley.h:74:34:[m[K [01;31m[Kerror: [m[K‘[01m[Kgeometry_msgs::Point {aka struct geometry_msgs::Point_<std::allocator<void> >}[m[K’ has no member named ‘[01m[Kat[m[K’
[3.272s]      waypoint_delta_y = waypoints.[01;31m[Kat[m[K(1).pose.pose.position.y - waypoints.at(0).pose.pose.position.y;
[3.272s]                                   [01;31m[K^~[m[K
[3.272s] [01m[K/home/kimna/Desktop/autoware.ai/src/autoware/core_planning/pure_pursuit/include/pure_pursuit/stanley.h:74:73:[m[K [01;31m[Kerror: [m[K‘[01m[Kgeometry_msgs::Point {aka struct geometry_msgs::Point_<std::allocator<void> >}[m[K’ has no member named ‘[01m[Kat[m[K’
[3.272s]  waypoint_delta_y = waypoints.at(1).pose.pose.position.y - waypoints.[01;31m[Kat[m[K(0).pose.pose.position.y;
[3.272s]                                                                      [01;31m[K^~[m[K
[3.272s] [01m[K/home/kimna/Desktop/autoware.ai/src/autoware/core_planning/pure_pursuit/include/pure_pursuit/stanley.h:79:29:[m[K [01;31m[Kerror: [m[K‘[01m[KM_[m[K’ was not declared in this scope
[3.272s]      if (heading_error_mod > [01;31m[KM_[m[K PI/2 && heading_error_mod < M_PI) {
[3.272s]                              [01;31m[K^~[m[K
[3.272s] [01m[K/home/kimna/Desktop/autoware.ai/src/autoware/core_planning/pure_pursuit/include/pure_pursuit/stanley.h:79:29:[m[K [01;36m[Knote: [m[Ksuggested alternative: ‘[01m[KM_E[m[K’
[3.272s]      if (heading_error_mod > [01;36m[KM_[m[K PI/2 && heading_error_mod < M_PI) {
[3.272s]                              [01;36m[K^~[m[K
[3.273s]                              [32m[KM_E[m[K
[3.273s] [01m[K/home/kimna/Desktop/autoware.ai/src/autoware/core_planning/pure_pursuit/include/pure_pursuit/stanley.h:79:32:[m[K [01;31m[Kerror: [m[Kexpected ‘[01m[K)[m[K’ before ‘[01m[KPI[m[K’
[3.273s]      if (heading_error_mod > M_ [01;31m[KPI[m[K/2 && heading_error_mod < M_PI) {
[3.273s]                                 [01;31m[K^~[m[K
[3.273s] [01m[K/home/kimna/Desktop/autoware.ai/src/autoware/core_planning/pure_pursuit/include/pure_pursuit/stanley.h:[m[K In member function ‘[01m[Kint Stanley::get_steering_direction(float*, float*)[m[K’:
[3.273s] [01m[K/home/kimna/Desktop/autoware.ai/src/autoware/core_planning/pure_pursuit/include/pure_pursuit/stanley.h:89:8:[m[K [01;31m[Kerror: [m[Kexpected ‘[01m[K([m[K’ before ‘[01m[Kcorss_prod[m[K’
[3.273s]      if [01;31m[Kcorss_prod[m[K >= 0 {
[3.273s]         [01;31m[K^~~~~~~~~~[m[K
[3.273s] [01m[K/home/kimna/Desktop/autoware.ai/src/autoware/core_planning/pure_pursuit/include/pure_pursuit/stanley.h:87:11:[m[K [01;35m[Kwarning: [m[Kunused variable ‘[01m[Kcorss_prod[m[K’ [[01;35m[K-Wunused-variable[m[K]
[3.273s]      float [01;35m[Kcorss_prod[m[K = v1[0]*v2[1] - v1[1]*v2[0];
[3.273s]            [01;35m[K^~~~~~~~~~[m[K
[3.273s] [01m[K/home/kimna/Desktop/autoware.ai/src/autoware/core_planning/pure_pursuit/include/pure_pursuit/stanley.h:[m[K In member function ‘[01m[Kdouble Stanley::get_cte_heading_error(float)[m[K’:
[3.273s] [01m[K/home/kimna/Desktop/autoware.ai/src/autoware/core_planning/pure_pursuit/include/pure_pursuit/stanley.h:105:8:[m[K [01;31m[Kerror: [m[Kexpected ‘[01m[K([m[K’ before ‘[01m[Kcte_heading_error_mod[m[K’
[3.273s]      if [01;31m[Kcte_heading_error_mod[m[K > M_PI/2 and cte_heading_error_mod < M_PI:
[3.273s]         [01;31m[K^~~~~~~~~~~~~~~~~~~~~[m[K
[3.274s] [01m[K/home/kimna/Desktop/autoware.ai/src/autoware/core_planning/pure_pursuit/include/pure_pursuit/stanley.h:108:3:[m[K [01;35m[Kwarning: [m[Kno return statement in function returning non-void [[01;35m[K-Wreturn-type[m[K]
[3.274s]    [01;35m[K}[m[K
[3.274s]    [01;35m[K^[m[K
[3.274s] [01m[K/home/kimna/Desktop/autoware.ai/src/autoware/core_planning/pure_pursuit/include/pure_pursuit/stanley.h:[m[K In member function ‘[01m[Kdouble Stanley::calculate_steering(int, int, int, int, int)[m[K’:
[3.274s] [01m[K/home/kimna/Desktop/autoware.ai/src/autoware/core_planning/pure_pursuit/include/pure_pursuit/stanley.h:112:20:[m[K [01;31m[Kerror: [m[K‘[01m[Kwaypoints[m[K’ was not declared in this scope
[3.274s]      float v1[2] = {[01;31m[Kwaypoints[m[K.at(0).pose.pose.position.x - x, waypoints.at(0).pose.pose.position.y - y};
[3.274s]                     [01;31m[K^~~~~~~~~[m[K
[3.274s] [01m[K/home/kimna/Desktop/autoware.ai/src/autoware/core_planning/pure_pursuit/include/pure_pursuit/stanley.h:112:20:[m[K [01;36m[Knote: [m[Ksuggested alternative: ‘[01m[KWayPoints[m[K’
[3.274s]      float v1[2] = {[01;36m[Kwaypoints[m[K.at(0).pose.pose.position.x - x, waypoints.at(0).pose.pose.position.y - y};
[3.274s]                     [01;36m[K^~~~~~~~~[m[K
[3.274s]                     [32m[KWayPoints[m[K
[3.274s] [01m[K/home/kimna/Desktop/autoware.ai/src/autoware/core_planning/pure_pursuit/include/pure_pursuit/stanley.h:112:59:[m[K [01;31m[Kerror: [m[K‘[01m[Kx[m[K’ was not declared in this scope
[3.274s]      float v1[2] = {waypoints.at(0).pose.pose.position.x - [01;31m[Kx[m[K, waypoints.at(0).pose.pose.position.y - y};
[3.274s]                                                            [01;31m[K^[m[K
[3.274s] [01m[K/home/kimna/Desktop/autoware.ai/src/autoware/core_planning/pure_pursuit/include/pure_pursuit/stanley.h:112:101:[m[K [01;31m[Kerror: [m[K‘[01m[Ky[m[K’ was not declared in this scope
[3.274s]  ints.at(0).pose.pose.position.x - x, waypoints.at(0).pose.pose.position.y - [01;31m[Ky[m[K};
[3.274s]                                                                              [01;31m[K^[m[K
[3.275s] [01m[K/home/kimna/Desktop/autoware.ai/src/autoware/core_planning/pure_pursuit/include/pure_pursuit/stanley.h:112:101:[m[K [01;36m[Knote: [m[Ksuggested alternative: ‘[01m[Kyn[m[K’
[3.275s]  ints.at(0).pose.pose.position.x - x, waypoints.at(0).pose.pose.position.y - [01;36m[Ky[m[K};
[3.275s]                                                                              [01;36m[K^[m[K
[3.275s]                                                                                                      [32m[Kyn[m[K
[3.275s] [01m[K/home/kimna/Desktop/autoware.ai/src/autoware/core_planning/pure_pursuit/include/pure_pursuit/stanley.h:113:24:[m[K [01;31m[Kerror: [m[K‘[01m[Kyaw[m[K’ was not declared in this scope
[3.275s]      float v2[2] = {cos([01;31m[Kyaw[m[K), sin(yaw)};
[3.275s]                         [01;31m[K^~~[m[K
[3.276s] [01m[K/home/kimna/Desktop/autoware.ai/src/autoware/core_planning/pure_pursuit/include/pure_pursuit/stanley.h:120:72:[m[K [01;31m[Kerror: [m[K‘[01m[Kv[m[K’ was not declared in this scope
[3.276s]      cte_error = get_steering_direction(v1, v2) * get_cte_heading_error([01;31m[Kv[m[K);
[3.276s]                                                                         [01;31m[K^[m[K
[3.277s] [01m[K/home/kimna/Desktop/autoware.ai/src/autoware/core_planning/pure_pursuit/include/pure_pursuit/stanley.h:120:72:[m[K [01;36m[Knote: [m[Ksuggested alternative: ‘[01m[Kv2[m[K’
[3.277s]      cte_error = get_steering_direction(v1, v2) * get_cte_heading_error([01;36m[Kv[m[K);
[3.277s]                                                                         [01;36m[K^[m[K
[3.277s]                                                                         [32m[Kv2[m[K
[4.316s] make[2]: *** [CMakeFiles/pure_pursuit.dir/src/pure_pursuit_core.cpp.o] Error 1
[4.316s] CMakeFiles/pure_pursuit.dir/build.make:110: recipe for target 'CMakeFiles/pure_pursuit.dir/src/pure_pursuit_core.cpp.o' failed
[4.316s] CMakeFiles/Makefile2:444: recipe for target 'CMakeFiles/pure_pursuit.dir/all' failed
[4.316s] make[1]: *** [CMakeFiles/pure_pursuit.dir/all] Error 2
[4.317s] Makefile:140: recipe for target 'all' failed
[4.317s] make: *** [all] Error 2
[4.325s] Invoked command in '/home/kimna/Desktop/autoware.ai/src/autoware/core_planning/pure_pursuit/build/pure_pursuit' returned '2': CONDA_PROMPT_MODIFIER=(base) /usr/bin/cmake --build /home/kimna/Desktop/autoware.ai/src/autoware/core_planning/pure_pursuit/build/pure_pursuit -- -j8 -l8
