[0.117s] [  0%] Built target actionlib_generate_messages_cpp
[0.117s] [  0%] Built target jsk_recognition_msgs_generate_messages_eus
[0.117s] [  0%] Built target autoware_system_msgs_generate_messages_lisp
[0.118s] [  0%] Built target rosgraph_msgs_generate_messages_eus
[0.120s] [  0%] Built target autoware_config_msgs_generate_messages_lisp
[0.120s] [  0%] Built target jsk_recognition_msgs_generate_messages_lisp
[0.127s] [  0%] Built target geometry_msgs_generate_messages_py
[0.128s] [  0%] Built target pcl_msgs_generate_messages_eus
[0.170s] [  0%] Built target roscpp_generate_messages_cpp
[0.171s] [  0%] Built target sensor_msgs_generate_messages_eus
[0.172s] [  0%] Built target sensor_msgs_generate_messages_nodejs
[0.173s] [  0%] Built target autoware_system_msgs_generate_messages_py
[0.179s] [  0%] Built target _catkin_empty_exported_target
[0.180s] [  0%] Built target sensor_msgs_generate_messages_cpp
[0.184s] [  0%] Built target tf2_msgs_generate_messages_cpp
[0.188s] [  0%] Built target autoware_msgs_generate_messages_cpp
[0.220s] [  0%] Built target autoware_msgs_generate_messages_py
[0.221s] [  0%] Built target std_msgs_generate_messages_py
[0.224s] [  0%] Built target rosgraph_msgs_generate_messages_cpp
[0.227s] [  0%] Built target std_msgs_generate_messages_nodejs
[0.229s] [  0%] Built target pcl_msgs_generate_messages_nodejs
[0.230s] [  0%] Built target jsk_recognition_msgs_generate_messages_py
[0.235s] [  0%] Built target sensor_msgs_generate_messages_lisp
[0.243s] [  0%] Built target sensor_msgs_generate_messages_py
[0.274s] [  0%] Built target tf_generate_messages_py
[0.276s] [  0%] Built target std_msgs_generate_messages_cpp
[0.282s] [  0%] Built target actionlib_msgs_generate_messages_nodejs
[0.288s] [  0%] Built target jsk_footstep_msgs_generate_messages_py
[0.289s] [  0%] Built target std_msgs_generate_messages_lisp
[0.299s] [  0%] Built target geometry_msgs_generate_messages_eus
[0.305s] [  0%] Built target roscpp_generate_messages_nodejs
[0.324s] [  0%] Built target autoware_system_msgs_generate_messages_cpp
[0.334s] [  0%] Built target geometry_msgs_generate_messages_nodejs
[0.338s] [  0%] Built target jsk_recognition_msgs_generate_messages_cpp
[0.338s] [  0%] Built target geometry_msgs_generate_messages_lisp
[0.353s] [  0%] Built target pcl_msgs_generate_messages_cpp
[0.355s] [  0%] Built target autoware_msgs_generate_messages_eus
[0.358s] [  0%] Built target std_msgs_generate_messages_eus
[0.358s] [  0%] Built target autoware_msgs_generate_messages_lisp
[0.379s] [  0%] Built target autoware_msgs_generate_messages_nodejs
[0.401s] [  0%] Built target autoware_config_msgs_generate_messages_eus
[0.401s] [  0%] Built target actionlib_msgs_generate_messages_py
[0.403s] [  0%] Built target jsk_footstep_msgs_generate_messages_lisp
[0.406s] [  0%] Built target jsk_footstep_msgs_generate_messages_eus
[0.408s] [  0%] Built target jsk_footstep_msgs_generate_messages_nodejs
[0.416s] [  0%] Built target actionlib_msgs_generate_messages_lisp
[0.423s] [  0%] Built target autoware_system_msgs_generate_messages_nodejs
[0.432s] [  0%] Built target jsk_footstep_msgs_generate_messages_cpp
[0.453s] [  0%] Built target actionlib_msgs_generate_messages_cpp
[0.455s] [  0%] Built target tf_generate_messages_eus
[0.458s] [  0%] Built target tf_generate_messages_lisp
[0.460s] [  0%] Built target autoware_config_msgs_generate_messages_nodejs
[0.464s] [  0%] Built target tf_generate_messages_nodejs
[0.476s] [  0%] Built target roscpp_generate_messages_lisp
[0.478s] [  0%] Built target jsk_recognition_msgs_generate_messages_nodejs
[0.490s] [  0%] Built target roscpp_generate_messages_py
[0.502s] [  0%] Built target rosgraph_msgs_generate_messages_lisp
[0.503s] [  0%] Built target autoware_config_msgs_generate_messages_cpp
[0.509s] [  0%] Built target roscpp_generate_messages_eus
[0.510s] [  0%] Built target rosgraph_msgs_generate_messages_nodejs
[0.514s] [  0%] Built target actionlib_msgs_generate_messages_eus
[0.525s] [  0%] Built target autoware_config_msgs_generate_messages_py
[0.526s] [  0%] Built target rosgraph_msgs_generate_messages_py
[0.539s] [  0%] Built target pcl_msgs_generate_messages_py
[0.549s] [  0%] Built target actionlib_generate_messages_eus
[0.553s] [  0%] Built target geometry_msgs_generate_messages_cpp
[0.561s] [  0%] Built target pcl_msgs_generate_messages_lisp
[0.567s] [  0%] Built target actionlib_generate_messages_lisp
[0.575s] [  0%] Built target tf_generate_messages_cpp
[0.578s] [  0%] Built target actionlib_generate_messages_nodejs
[0.579s] [  0%] Built target autoware_system_msgs_generate_messages_eus
[0.589s] [  0%] Built target tf2_msgs_generate_messages_eus
[0.594s] [  0%] Built target actionlib_generate_messages_py
[0.597s] [  0%] Built target tf2_msgs_generate_messages_lisp
[0.601s] [  0%] Built target tf2_msgs_generate_messages_py
[0.603s] [  0%] Built target tf2_msgs_generate_messages_nodejs
[0.645s] [ 40%] [32mBuilding CXX object CMakeFiles/pure_pursuit.dir/src/pure_pursuit_core.cpp.o[0m
[0.646s] [ 40%] [32mBuilding CXX object CMakeFiles/pure_pursuit.dir/src/pure_pursuit_node.cpp.o[0m
[3.009s] CMakeFiles/pure_pursuit.dir/build.make:62: recipe for target 'CMakeFiles/pure_pursuit.dir/src/pure_pursuit_node.cpp.o' failed
[3.410s] CMakeFiles/pure_pursuit.dir/build.make:110: recipe for target 'CMakeFiles/pure_pursuit.dir/src/pure_pursuit_core.cpp.o' failed
[3.411s] CMakeFiles/Makefile2:444: recipe for target 'CMakeFiles/pure_pursuit.dir/all' failed
[3.411s] Makefile:140: recipe for target 'all' failed
