[0.120s] [  0%] Built target pcl_msgs_generate_messages_eus
[0.120s] [  0%] Built target geometry_msgs_generate_messages_py
[0.121s] [  0%] Built target actionlib_generate_messages_cpp
[0.121s] [  0%] Built target autoware_system_msgs_generate_messages_lisp
[0.121s] [  0%] Built target jsk_recognition_msgs_generate_messages_eus
[0.122s] [  0%] Built target jsk_recognition_msgs_generate_messages_lisp
[0.128s] [  0%] Built target rosgraph_msgs_generate_messages_eus
[0.137s] [  0%] Built target autoware_config_msgs_generate_messages_lisp
[0.173s] [  0%] Built target autoware_system_msgs_generate_messages_py
[0.174s] [  0%] Built target sensor_msgs_generate_messages_eus
[0.178s] [  0%] Built target sensor_msgs_generate_messages_nodejs
[0.178s] [  0%] Built target roscpp_generate_messages_cpp
[0.182s] [  0%] Built target sensor_msgs_generate_messages_cpp
[0.184s] [  0%] Built target _catkin_empty_exported_target
[0.190s] [  0%] Built target autoware_msgs_generate_messages_cpp
[0.195s] [  0%] Built target tf2_msgs_generate_messages_cpp
[0.227s] [  0%] Built target std_msgs_generate_messages_py
[0.239s] [  0%] Built target std_msgs_generate_messages_nodejs
[0.240s] [  0%] Built target rosgraph_msgs_generate_messages_cpp
[0.244s] [  0%] Built target autoware_msgs_generate_messages_py
[0.250s] [  0%] Built target jsk_recognition_msgs_generate_messages_py
[0.254s] [  0%] Built target sensor_msgs_generate_messages_lisp
[0.258s] [  0%] Built target sensor_msgs_generate_messages_py
[0.259s] [  0%] Built target pcl_msgs_generate_messages_nodejs
[0.292s] [  0%] Built target tf_generate_messages_py
[0.299s] [  0%] Built target actionlib_msgs_generate_messages_nodejs
[0.300s] [  0%] Built target std_msgs_generate_messages_cpp
[0.306s] [  0%] Built target jsk_footstep_msgs_generate_messages_py
[0.310s] [  0%] Built target geometry_msgs_generate_messages_eus
[0.318s] [  0%] Built target std_msgs_generate_messages_lisp
[0.319s] [  0%] Built target roscpp_generate_messages_nodejs
[0.327s] [  0%] Built target autoware_system_msgs_generate_messages_cpp
[0.364s] [  0%] Built target geometry_msgs_generate_messages_nodejs
[0.366s] [  0%] Built target jsk_recognition_msgs_generate_messages_cpp
[0.368s] [  0%] Built target pcl_msgs_generate_messages_cpp
[0.369s] [  0%] Built target geometry_msgs_generate_messages_lisp
[0.381s] [  0%] Built target std_msgs_generate_messages_eus
[0.382s] [  0%] Built target autoware_msgs_generate_messages_lisp
[0.390s] [  0%] Built target autoware_msgs_generate_messages_eus
[0.395s] [  0%] Built target autoware_msgs_generate_messages_nodejs
[0.424s] [  0%] Built target autoware_config_msgs_generate_messages_eus
[0.436s] [  0%] Built target jsk_footstep_msgs_generate_messages_eus
[0.444s] [  0%] Built target jsk_footstep_msgs_generate_messages_lisp
[0.448s] [  0%] Built target autoware_system_msgs_generate_messages_nodejs
[0.448s] [  0%] Built target actionlib_msgs_generate_messages_lisp
[0.448s] [  0%] Built target actionlib_msgs_generate_messages_py
[0.454s] [  0%] Built target jsk_footstep_msgs_generate_messages_nodejs
[0.463s] [  0%] Built target jsk_footstep_msgs_generate_messages_cpp
[0.495s] [  0%] Built target actionlib_msgs_generate_messages_cpp
[0.495s] [  0%] Built target tf_generate_messages_eus
[0.511s] [  0%] Built target tf_generate_messages_nodejs
[0.513s] [  0%] Built target autoware_config_msgs_generate_messages_nodejs
[0.516s] [  0%] Built target tf_generate_messages_lisp
[0.518s] [  0%] Built target jsk_recognition_msgs_generate_messages_nodejs
[0.519s] [  0%] Built target roscpp_generate_messages_py
[0.523s] [  0%] Built target roscpp_generate_messages_lisp
[0.565s] [  0%] Built target rosgraph_msgs_generate_messages_lisp
[0.574s] [  0%] Built target roscpp_generate_messages_eus
[0.579s] [  0%] Built target autoware_config_msgs_generate_messages_py
[0.583s] [  0%] Built target rosgraph_msgs_generate_messages_nodejs
[0.590s] [  0%] Built target autoware_config_msgs_generate_messages_cpp
[0.596s] [  0%] Built target actionlib_msgs_generate_messages_eus
[0.598s] [  0%] Built target rosgraph_msgs_generate_messages_py
[0.622s] [  0%] Built target pcl_msgs_generate_messages_py
[0.637s] [  0%] Built target actionlib_generate_messages_eus
[0.642s] [  0%] Built target actionlib_generate_messages_lisp
[0.650s] [  0%] Built target geometry_msgs_generate_messages_cpp
[0.651s] [  0%] Built target pcl_msgs_generate_messages_lisp
[0.661s] [  0%] Built target actionlib_generate_messages_nodejs
[0.668s] [  0%] Built target tf_generate_messages_cpp
[0.668s] [  0%] Built target autoware_system_msgs_generate_messages_eus
[0.688s] [  0%] Built target tf2_msgs_generate_messages_eus
[0.693s] [  0%] Built target tf2_msgs_generate_messages_lisp
[0.698s] [  0%] Built target actionlib_generate_messages_py
[0.702s] [  0%] Built target tf2_msgs_generate_messages_py
[0.709s] [  0%] Built target tf2_msgs_generate_messages_nodejs
[0.733s] [35m[1mScanning dependencies of target pure_pursuit[0m
[0.771s] [ 20%] [32mBuilding CXX object CMakeFiles/pure_pursuit.dir/src/pure_pursuit_core.cpp.o[0m
[3.668s] CMakeFiles/pure_pursuit.dir/build.make:110: recipe for target 'CMakeFiles/pure_pursuit.dir/src/pure_pursuit_core.cpp.o' failed
[3.669s] CMakeFiles/Makefile2:444: recipe for target 'CMakeFiles/pure_pursuit.dir/all' failed
[3.669s] Makefile:140: recipe for target 'all' failed
