[0.021s] Invoking command in '/home/kimna/Desktop/autoware.ai/src/autoware/core_planning/pure_pursuit/build/pure_pursuit': CONDA_PROMPT_MODIFIER=(base) /usr/bin/cmake --build /home/kimna/Desktop/autoware.ai/src/autoware/core_planning/pure_pursuit/build/pure_pursuit -- -j8 -l8
[0.120s] [  0%] Built target pcl_msgs_generate_messages_eus
[0.120s] [  0%] Built target geometry_msgs_generate_messages_py
[0.121s] [  0%] Built target actionlib_generate_messages_cpp
[0.121s] [  0%] Built target autoware_system_msgs_generate_messages_lisp
[0.121s] [  0%] Built target jsk_recognition_msgs_generate_messages_eus
[0.122s] [  0%] Built target jsk_recognition_msgs_generate_messages_lisp
[0.128s] [  0%] Built target rosgraph_msgs_generate_messages_eus
[0.137s] [  0%] Built target autoware_config_msgs_generate_messages_lisp
[0.173s] [  0%] Built target autoware_system_msgs_generate_messages_py
[0.174s] [  0%] Built target sensor_msgs_generate_messages_eus
[0.178s] [  0%] Built target sensor_msgs_generate_messages_nodejs
[0.178s] [  0%] Built target roscpp_generate_messages_cpp
[0.182s] [  0%] Built target sensor_msgs_generate_messages_cpp
[0.184s] [  0%] Built target _catkin_empty_exported_target
[0.190s] [  0%] Built target autoware_msgs_generate_messages_cpp
[0.195s] [  0%] Built target tf2_msgs_generate_messages_cpp
[0.227s] [  0%] Built target std_msgs_generate_messages_py
[0.239s] [  0%] Built target std_msgs_generate_messages_nodejs
[0.240s] [  0%] Built target rosgraph_msgs_generate_messages_cpp
[0.244s] [  0%] Built target autoware_msgs_generate_messages_py
[0.250s] [  0%] Built target jsk_recognition_msgs_generate_messages_py
[0.254s] [  0%] Built target sensor_msgs_generate_messages_lisp
[0.258s] [  0%] Built target sensor_msgs_generate_messages_py
[0.259s] [  0%] Built target pcl_msgs_generate_messages_nodejs
[0.292s] [  0%] Built target tf_generate_messages_py
[0.299s] [  0%] Built target actionlib_msgs_generate_messages_nodejs
[0.300s] [  0%] Built target std_msgs_generate_messages_cpp
[0.306s] [  0%] Built target jsk_footstep_msgs_generate_messages_py
[0.310s] [  0%] Built target geometry_msgs_generate_messages_eus
[0.318s] [  0%] Built target std_msgs_generate_messages_lisp
[0.319s] [  0%] Built target roscpp_generate_messages_nodejs
[0.327s] [  0%] Built target autoware_system_msgs_generate_messages_cpp
[0.364s] [  0%] Built target geometry_msgs_generate_messages_nodejs
[0.366s] [  0%] Built target jsk_recognition_msgs_generate_messages_cpp
[0.368s] [  0%] Built target pcl_msgs_generate_messages_cpp
[0.369s] [  0%] Built target geometry_msgs_generate_messages_lisp
[0.381s] [  0%] Built target std_msgs_generate_messages_eus
[0.382s] [  0%] Built target autoware_msgs_generate_messages_lisp
[0.390s] [  0%] Built target autoware_msgs_generate_messages_eus
[0.395s] [  0%] Built target autoware_msgs_generate_messages_nodejs
[0.424s] [  0%] Built target autoware_config_msgs_generate_messages_eus
[0.436s] [  0%] Built target jsk_footstep_msgs_generate_messages_eus
[0.444s] [  0%] Built target jsk_footstep_msgs_generate_messages_lisp
[0.448s] [  0%] Built target autoware_system_msgs_generate_messages_nodejs
[0.448s] [  0%] Built target actionlib_msgs_generate_messages_lisp
[0.448s] [  0%] Built target actionlib_msgs_generate_messages_py
[0.454s] [  0%] Built target jsk_footstep_msgs_generate_messages_nodejs
[0.463s] [  0%] Built target jsk_footstep_msgs_generate_messages_cpp
[0.495s] [  0%] Built target actionlib_msgs_generate_messages_cpp
[0.495s] [  0%] Built target tf_generate_messages_eus
[0.511s] [  0%] Built target tf_generate_messages_nodejs
[0.513s] [  0%] Built target autoware_config_msgs_generate_messages_nodejs
[0.516s] [  0%] Built target tf_generate_messages_lisp
[0.518s] [  0%] Built target jsk_recognition_msgs_generate_messages_nodejs
[0.519s] [  0%] Built target roscpp_generate_messages_py
[0.523s] [  0%] Built target roscpp_generate_messages_lisp
[0.565s] [  0%] Built target rosgraph_msgs_generate_messages_lisp
[0.574s] [  0%] Built target roscpp_generate_messages_eus
[0.579s] [  0%] Built target autoware_config_msgs_generate_messages_py
[0.583s] [  0%] Built target rosgraph_msgs_generate_messages_nodejs
[0.590s] [  0%] Built target autoware_config_msgs_generate_messages_cpp
[0.596s] [  0%] Built target actionlib_msgs_generate_messages_eus
[0.598s] [  0%] Built target rosgraph_msgs_generate_messages_py
[0.622s] [  0%] Built target pcl_msgs_generate_messages_py
[0.637s] [  0%] Built target actionlib_generate_messages_eus
[0.642s] [  0%] Built target actionlib_generate_messages_lisp
[0.650s] [  0%] Built target geometry_msgs_generate_messages_cpp
[0.651s] [  0%] Built target pcl_msgs_generate_messages_lisp
[0.661s] [  0%] Built target actionlib_generate_messages_nodejs
[0.668s] [  0%] Built target tf_generate_messages_cpp
[0.668s] [  0%] Built target autoware_system_msgs_generate_messages_eus
[0.688s] [  0%] Built target tf2_msgs_generate_messages_eus
[0.693s] [  0%] Built target tf2_msgs_generate_messages_lisp
[0.698s] [  0%] Built target actionlib_generate_messages_py
[0.702s] [  0%] Built target tf2_msgs_generate_messages_py
[0.709s] [  0%] Built target tf2_msgs_generate_messages_nodejs
[0.733s] [35m[1mScanning dependencies of target pure_pursuit[0m
[0.771s] [ 20%] [32mBuilding CXX object CMakeFiles/pure_pursuit.dir/src/pure_pursuit_core.cpp.o[0m
[2.811s] [01m[K/home/kimna/Desktop/autoware.ai/src/autoware/core_planning/pure_pursuit/src/pure_pursuit_core.cpp:[m[K In member function ‘[01m[Kvoid waypoint_follower::PurePursuitNode::initForROS()[m[K’:
[2.811s] [01m[K/home/kimna/Desktop/autoware.ai/src/autoware/core_planning/pure_pursuit/src/pure_pursuit_core.cpp:72:23:[m[K [01;31m[Kerror: [m[K‘[01m[Kstanley_factor_[m[K’ was not declared in this scope
[2.811s]      "stanley_factor", [01;31m[Kstanley_factor_[m[K, 0.0);
[2.812s]                        [01;31m[K^~~~~~~~~~~~~~~[m[K
[2.822s] In file included from [01m[K/opt/ros/melodic/include/ros/ros.h:40:0[m[K,
[2.823s]                  from [01m[K/home/kimna/Desktop/autoware.ai/src/autoware/core_planning/pure_pursuit/include/pure_pursuit/pure_pursuit_core.h:23[m[K,
[2.823s]                  from [01m[K/home/kimna/Desktop/autoware.ai/src/autoware/core_planning/pure_pursuit/src/pure_pursuit_core.cpp:18[m[K:
[2.823s] [01m[K/home/kimna/Desktop/autoware.ai/src/autoware/core_planning/pure_pursuit/src/pure_pursuit_core.cpp:[m[K In member function ‘[01m[Kvoid waypoint_follower::PurePursuitNode::run()[m[K’:
[2.823s] [01m[K/home/kimna/Desktop/autoware.ai/src/autoware/core_planning/pure_pursuit/src/pure_pursuit_core.cpp:208:32:[m[K [01;31m[Kerror: [m[K‘[01m[Kstanley_factor_[m[K’ was not declared in this scope
[2.823s]        ROS_WARN_STREAM("cfg "<< [01;31m[Ks[m[Ktanley_factor_ << std::endl);
[2.823s]                                 [01;31m[K^[m[K
[2.823s] [01m[K/opt/ros/melodic/include/ros/console.h:358:64:[m[K [01;36m[Knote: [m[Kin definition of macro ‘[01m[KROSCONSOLE_PRINT_STREAM_AT_LOCATION_WITH_FILTER[m[K’
[2.823s]      __rosconsole_print_stream_at_location_with_filter__ss__ << [01;36m[Kargs[m[K; \
[2.823s]                                                                 [01;36m[K^~~~[m[K
[2.823s] [01m[K/opt/ros/melodic/include/ros/console.h:406:7:[m[K [01;36m[Knote: [m[Kin expansion of macro ‘[01m[KROSCONSOLE_PRINT_STREAM_AT_LOCATION[m[K’
[2.823s]        [01;36m[KROSCONSOLE_PRINT_STREAM_AT_LOCATION[m[K(args); \
[2.823s]        [01;36m[K^~~~~~~~~~~~~~~~~~~~~~~~~~~~~~~~~~~[m[K
[2.823s] [01m[K/opt/ros/melodic/include/ros/console.h:579:43:[m[K [01;36m[Knote: [m[Kin expansion of macro ‘[01m[KROS_LOG_STREAM_COND[m[K’
[2.824s]  #define ROS_LOG_STREAM(level, name, args) [01;36m[KROS_LOG_STREAM_COND[m[K(true, level, name, args)
[2.824s]                                            [01;36m[K^~~~~~~~~~~~~~~~~~~[m[K
[2.824s] [01m[K/opt/ros/melodic/include/rosconsole/macros_generated.h:163:31:[m[K [01;36m[Knote: [m[Kin expansion of macro ‘[01m[KROS_LOG_STREAM[m[K’
[2.824s]  #define ROS_WARN_STREAM(args) [01;36m[KROS_LOG_STREAM[m[K(::ros::console::levels::Warn, ROSCONSOLE_DEFAULT_NAME, args)
[2.824s]                                [01;36m[K^~~~~~~~~~~~~~[m[K
[2.824s] [01m[K/home/kimna/Desktop/autoware.ai/src/autoware/core_planning/pure_pursuit/src/pure_pursuit_core.cpp:208:7:[m[K [01;36m[Knote: [m[Kin expansion of macro ‘[01m[KROS_WARN_STREAM[m[K’
[2.824s]        [01;36m[KR[m[KOS_WARN_STREAM("cfg "<< stanley_factor_ << std::endl);
[2.824s]        [01;36m[K^[m[K
[2.836s] [01m[K/home/kimna/Desktop/autoware.ai/src/autoware/core_planning/pure_pursuit/src/pure_pursuit_core.cpp:[m[K In member function ‘[01m[Kdouble waypoint_follower::PurePursuitNode::computeCommandAccel() const[m[K’:
[2.836s] [01m[K/home/kimna/Desktop/autoware.ai/src/autoware/core_planning/pure_pursuit/src/pure_pursuit_core.cpp:342:57:[m[K [01;31m[Kerror: [m[Kexpected ‘[01m[K,[m[K’ or ‘[01m[K;[m[K’ before ‘[01m[K)[m[K’ token
[2.836s]          current_pose.position.y - target_pose.position.y[01;31m[K)[m[K;
[2.836s]                                                          [01;31m[K^[m[K
[2.836s] [01m[K/home/kimna/Desktop/autoware.ai/src/autoware/core_planning/pure_pursuit/src/pure_pursuit_core.cpp:[m[K At global scope:
[2.836s] [01m[K/home/kimna/Desktop/autoware.ai/src/autoware/core_planning/pure_pursuit/src/pure_pursuit_core.cpp:349:17:[m[K [01;31m[Kerror: [m[Kexpected constructor, destructor, or type conversion before ‘[01m[K([m[K’ token
[2.836s]        std::hypot[01;31m[K([m[Kcurrent_pose.position.x - target_pose.position.x,
[2.836s]                  [01;31m[K^[m[K
[2.837s] [01m[K/home/kimna/Desktop/autoware.ai/src/autoware/core_planning/pure_pursuit/src/pure_pursuit_core.cpp:[m[K In member function ‘[01m[Kvoid waypoint_follower::PurePursuitNode::callbackFromConfig(const ConfigWaypointFollowerConstPtr&)[m[K’:
[2.837s] [01m[K/home/kimna/Desktop/autoware.ai/src/autoware/core_planning/pure_pursuit/src/pure_pursuit_core.cpp:365:3:[m[K [01;31m[Kerror: [m[K‘[01m[Kstanley_factor_[m[K’ was not declared in this scope
[2.837s]    [01;31m[Kstanley_factor_[m[K = config->stanley_factor;
[2.837s]    [01;31m[K^~~~~~~~~~~~~~~[m[K
[3.668s] CMakeFiles/pure_pursuit.dir/build.make:110: recipe for target 'CMakeFiles/pure_pursuit.dir/src/pure_pursuit_core.cpp.o' failed
[3.669s] make[2]: *** [CMakeFiles/pure_pursuit.dir/src/pure_pursuit_core.cpp.o] Error 1
[3.669s] CMakeFiles/Makefile2:444: recipe for target 'CMakeFiles/pure_pursuit.dir/all' failed
[3.669s] make[1]: *** [CMakeFiles/pure_pursuit.dir/all] Error 2
[3.669s] make: *** [all] Error 2
[3.669s] Makefile:140: recipe for target 'all' failed
[3.672s] Invoked command in '/home/kimna/Desktop/autoware.ai/src/autoware/core_planning/pure_pursuit/build/pure_pursuit' returned '2': CONDA_PROMPT_MODIFIER=(base) /usr/bin/cmake --build /home/kimna/Desktop/autoware.ai/src/autoware/core_planning/pure_pursuit/build/pure_pursuit -- -j8 -l8
