[0.160s] [  0%] Built target jsk_recognition_msgs_generate_messages_lisp
[0.179s] [  0%] Built target actionlib_generate_messages_cpp
[0.183s] [  0%] Built target jsk_recognition_msgs_generate_messages_eus
[0.188s] [  0%] Built target rosgraph_msgs_generate_messages_eus
[0.191s] [  0%] Built target autoware_config_msgs_generate_messages_lisp
[0.191s] [  0%] Built target pcl_msgs_generate_messages_eus
[0.192s] [  0%] Built target geometry_msgs_generate_messages_py
[0.214s] [  0%] Built target autoware_system_msgs_generate_messages_lisp
[0.228s] [  0%] Built target autoware_system_msgs_generate_messages_py
[0.244s] [  0%] Built target sensor_msgs_generate_messages_nodejs
[0.248s] [  0%] Built target sensor_msgs_generate_messages_eus
[0.274s] [  0%] Built target roscpp_generate_messages_cpp
[0.274s] [  0%] Built target autoware_msgs_generate_messages_cpp
[0.286s] [  0%] Built target sensor_msgs_generate_messages_cpp
[0.292s] [  0%] Built target _catkin_empty_exported_target
[0.305s] [  0%] Built target tf2_msgs_generate_messages_cpp
[0.317s] [  0%] Built target std_msgs_generate_messages_py
[0.318s] [  0%] Built target std_msgs_generate_messages_nodejs
[0.328s] [  0%] Built target autoware_msgs_generate_messages_py
[0.352s] [  0%] Built target pcl_msgs_generate_messages_nodejs
[0.357s] [  0%] Built target rosgraph_msgs_generate_messages_cpp
[0.367s] [  0%] Built target sensor_msgs_generate_messages_lisp
[0.371s] [  0%] Built target jsk_recognition_msgs_generate_messages_py
[0.384s] [  0%] Built target sensor_msgs_generate_messages_py
[0.389s] [  0%] Built target std_msgs_generate_messages_cpp
[0.396s] [  0%] Built target tf_generate_messages_py
[0.416s] [  0%] Built target actionlib_msgs_generate_messages_nodejs
[0.419s] [  0%] Built target jsk_footstep_msgs_generate_messages_py
[0.430s] [  0%] Built target geometry_msgs_generate_messages_eus
[0.442s] [  0%] Built target autoware_system_msgs_generate_messages_cpp
[0.453s] [  0%] Built target geometry_msgs_generate_messages_nodejs
[0.454s] [  0%] Built target std_msgs_generate_messages_lisp
[0.455s] [  0%] Built target roscpp_generate_messages_nodejs
[0.494s] [  0%] Built target geometry_msgs_generate_messages_lisp
[0.501s] [  0%] Built target jsk_recognition_msgs_generate_messages_cpp
[0.514s] [  0%] Built target autoware_msgs_generate_messages_lisp
[0.515s] [  0%] Built target pcl_msgs_generate_messages_cpp
[0.520s] [  0%] Built target autoware_msgs_generate_messages_eus
[0.527s] [  0%] Built target autoware_msgs_generate_messages_nodejs
[0.528s] [  0%] Built target std_msgs_generate_messages_eus
[0.553s] [  0%] Built target actionlib_msgs_generate_messages_py
[0.560s] [  0%] Built target jsk_footstep_msgs_generate_messages_eus
[0.584s] [  0%] Built target autoware_config_msgs_generate_messages_eus
[0.593s] [  0%] Built target jsk_footstep_msgs_generate_messages_nodejs
[0.603s] [  0%] Built target jsk_footstep_msgs_generate_messages_cpp
[0.614s] [  0%] Built target autoware_system_msgs_generate_messages_nodejs
[0.619s] [  0%] Built target jsk_footstep_msgs_generate_messages_lisp
[0.630s] [  0%] Built target actionlib_msgs_generate_messages_lisp
[0.634s] [  0%] Built target tf_generate_messages_eus
[0.645s] [  0%] Built target actionlib_msgs_generate_messages_cpp
[0.680s] [  0%] Built target autoware_config_msgs_generate_messages_nodejs
[0.687s] [  0%] Built target jsk_recognition_msgs_generate_messages_nodejs
[0.697s] [  0%] Built target rosgraph_msgs_generate_messages_lisp
[0.701s] [  0%] Built target tf_generate_messages_nodejs
[0.703s] [  0%] Built target roscpp_generate_messages_lisp
[0.705s] [  0%] Built target tf_generate_messages_lisp
[0.723s] [  0%] Built target autoware_config_msgs_generate_messages_cpp
[0.733s] [  0%] Built target roscpp_generate_messages_py
[0.770s] [  0%] Built target autoware_config_msgs_generate_messages_py
[0.773s] [  0%] Built target actionlib_msgs_generate_messages_eus
[0.773s] [  0%] Built target rosgraph_msgs_generate_messages_nodejs
[0.781s] [  0%] Built target pcl_msgs_generate_messages_py
[0.782s] [  0%] Built target rosgraph_msgs_generate_messages_py
[0.788s] [  0%] Built target roscpp_generate_messages_eus
[0.807s] [  0%] Built target actionlib_generate_messages_eus
[0.813s] [  0%] Built target geometry_msgs_generate_messages_cpp
[0.841s] [  0%] Built target pcl_msgs_generate_messages_lisp
[0.856s] [  0%] Built target actionlib_generate_messages_nodejs
[0.861s] [  0%] Built target autoware_system_msgs_generate_messages_eus
[0.861s] [  0%] Built target actionlib_generate_messages_lisp
[0.877s] [  0%] Built target tf2_msgs_generate_messages_eus
[0.882s] [  0%] Built target tf2_msgs_generate_messages_lisp
[0.882s] [  0%] Built target tf_generate_messages_cpp
[0.896s] [  0%] Built target actionlib_generate_messages_py
[0.906s] [  0%] Built target tf2_msgs_generate_messages_nodejs
[0.906s] [  0%] Built target tf2_msgs_generate_messages_py
[0.930s] [35m[1mScanning dependencies of target pure_pursuit[0m
[0.965s] [ 20%] [32mBuilding CXX object CMakeFiles/pure_pursuit.dir/src/pure_pursuit_core.cpp.o[0m
[8.348s] [ 40%] [32m[1mLinking CXX executable devel/lib/pure_pursuit/pure_pursuit[0m
[8.686s] [100%] Built target pure_pursuit
[9.097s] [  0%] Built target pcl_msgs_generate_messages_eus
[9.104s] [  0%] Built target jsk_recognition_msgs_generate_messages_eus
[9.104s] [  0%] Built target autoware_system_msgs_generate_messages_lisp
[9.106s] [  0%] Built target rosgraph_msgs_generate_messages_eus
[9.119s] [ 28%] Built target gtest
[9.119s] [ 28%] Built target actionlib_generate_messages_cpp
[9.128s] [ 28%] Built target jsk_recognition_msgs_generate_messages_lisp
[9.133s] [ 28%] Built target geometry_msgs_generate_messages_py
[9.191s] [ 28%] Built target sensor_msgs_generate_messages_nodejs
[9.193s] [ 28%] Built target sensor_msgs_generate_messages_eus
[9.196s] [ 28%] Built target autoware_system_msgs_generate_messages_py
[9.202s] [ 28%] Built target sensor_msgs_generate_messages_cpp
[9.208s] [ 28%] Built target roscpp_generate_messages_cpp
[9.220s] [ 28%] Built target autoware_msgs_generate_messages_cpp
[9.222s] [ 28%] Built target tf2_msgs_generate_messages_cpp
[9.226s] [ 28%] Built target _catkin_empty_exported_target
[9.270s] [ 28%] Built target autoware_msgs_generate_messages_py
[9.278s] [ 28%] Built target pcl_msgs_generate_messages_nodejs
[9.287s] [ 28%] Built target std_msgs_generate_messages_py
[9.290s] [ 28%] Built target std_msgs_generate_messages_nodejs
[9.291s] [ 28%] Built target rosgraph_msgs_generate_messages_cpp
[9.292s] [ 28%] Built target sensor_msgs_generate_messages_lisp
[9.318s] [ 28%] Built target jsk_recognition_msgs_generate_messages_py
[9.321s] [ 28%] Built target sensor_msgs_generate_messages_py
[9.349s] [ 28%] Built target std_msgs_generate_messages_cpp
[9.351s] [ 28%] Built target tf_generate_messages_py
[9.357s] [ 28%] Built target jsk_footstep_msgs_generate_messages_py
[9.362s] [ 28%] Built target actionlib_msgs_generate_messages_nodejs
[9.371s] [ 28%] Built target std_msgs_generate_messages_lisp
[9.389s] [ 28%] Built target geometry_msgs_generate_messages_eus
[9.404s] [ 28%] Built target roscpp_generate_messages_nodejs
[9.416s] [ 28%] Built target geometry_msgs_generate_messages_nodejs
[9.416s] [ 28%] Built target autoware_system_msgs_generate_messages_cpp
[9.440s] [ 28%] Built target geometry_msgs_generate_messages_lisp
[9.441s] [ 28%] Built target jsk_recognition_msgs_generate_messages_cpp
[9.456s] [ 28%] Built target pcl_msgs_generate_messages_cpp
[9.461s] [ 28%] Built target autoware_msgs_generate_messages_lisp
[9.470s] [ 28%] Built target autoware_msgs_generate_messages_eus
[9.495s] [ 28%] Built target std_msgs_generate_messages_eus
[9.498s] [ 28%] Built target jsk_footstep_msgs_generate_messages_eus
[9.511s] [ 28%] Built target autoware_msgs_generate_messages_nodejs
[9.523s] [ 28%] Built target actionlib_msgs_generate_messages_py
[9.523s] [ 28%] Built target autoware_config_msgs_generate_messages_eus
[9.528s] [ 28%] Built target autoware_system_msgs_generate_messages_nodejs
[9.530s] [ 28%] Built target jsk_footstep_msgs_generate_messages_lisp
[9.559s] [ 28%] Built target jsk_footstep_msgs_generate_messages_nodejs
[9.570s] [ 28%] Built target actionlib_msgs_generate_messages_lisp
[9.591s] [ 28%] Built target jsk_footstep_msgs_generate_messages_cpp
[9.598s] [ 28%] Built target actionlib_msgs_generate_messages_cpp
[9.601s] [ 28%] Built target tf_generate_messages_eus
[9.601s] [ 28%] Built target autoware_config_msgs_generate_messages_nodejs
[9.615s] [ 28%] Built target tf_generate_messages_nodejs
[9.634s] [ 28%] Built target jsk_recognition_msgs_generate_messages_nodejs
[9.639s] [ 28%] Built target tf_generate_messages_lisp
[9.671s] [ 28%] Built target roscpp_generate_messages_py
[9.672s] [ 28%] Built target rosgraph_msgs_generate_messages_lisp
[9.672s] [ 28%] Built target roscpp_generate_messages_lisp
[9.687s] [ 28%] Built target rosgraph_msgs_generate_messages_nodejs
[9.697s] [ 28%] Built target rosgraph_msgs_generate_messages_py
[9.698s] [ 28%] Built target roscpp_generate_messages_eus
[9.716s] [ 28%] Built target autoware_config_msgs_generate_messages_cpp
[9.730s] [ 28%] Built target actionlib_msgs_generate_messages_eus
[9.749s] [ 28%] Built target pcl_msgs_generate_messages_py
[9.763s] [ 28%] Built target actionlib_generate_messages_eus
[9.765s] [ 28%] Built target autoware_config_msgs_generate_messages_py
[9.789s] [ 28%] Built target pcl_msgs_generate_messages_lisp
[9.790s] [ 28%] Built target geometry_msgs_generate_messages_cpp
[9.807s] [ 28%] Built target tf_generate_messages_cpp
[9.807s] [ 28%] Built target actionlib_generate_messages_lisp
[9.816s] [ 28%] Built target actionlib_generate_messages_nodejs
[9.839s] [ 28%] Built target autoware_system_msgs_generate_messages_eus
[9.848s] [ 28%] Built target tf2_msgs_generate_messages_lisp
[9.852s] [ 28%] Built target tf2_msgs_generate_messages_eus
[9.859s] [ 28%] Built target actionlib_generate_messages_py
[9.864s] [ 28%] Built target tf2_msgs_generate_messages_py
[9.870s] [ 28%] Built target autoware_config_msgs_generate_messages_lisp
[9.871s] [ 28%] Built target tf2_msgs_generate_messages_nodejs
[9.895s] [35m[1mScanning dependencies of target test-pure_pursuit[0m
[9.932s] [ 42%] [32mBuilding CXX object CMakeFiles/test-pure_pursuit.dir/src/pure_pursuit_core.cpp.o[0m
[17.385s] [ 57%] [32m[1mLinking CXX executable devel/lib/pure_pursuit/test-pure_pursuit[0m
[17.694s] [100%] Built target test-pure_pursuit
[17.736s] [100%] Built target tests
[18.155s] [  0%] Built target actionlib_generate_messages_cpp
[18.165s] [  0%] Built target geometry_msgs_generate_messages_py
[18.168s] [  0%] Built target jsk_recognition_msgs_generate_messages_lisp
[18.172s] [  0%] Built target pcl_msgs_generate_messages_eus
[18.177s] [  0%] Built target jsk_recognition_msgs_generate_messages_eus
[18.182s] [  0%] Built target rosgraph_msgs_generate_messages_eus
[18.183s] [  0%] Built target autoware_config_msgs_generate_messages_lisp
[18.220s] [  0%] Built target autoware_system_msgs_generate_messages_lisp
[18.247s] [  0%] Built target _catkin_empty_exported_target
[18.248s] [  0%] Built target roscpp_generate_messages_cpp
[18.251s] [  0%] Built target autoware_msgs_generate_messages_cpp
[18.253s] [  0%] Built target sensor_msgs_generate_messages_nodejs
[18.255s] [  0%] Built target sensor_msgs_generate_messages_eus
[18.256s] [  0%] Built target autoware_system_msgs_generate_messages_py
[18.281s] [  0%] Built target sensor_msgs_generate_messages_cpp
[18.311s] [  0%] Built target tf2_msgs_generate_messages_cpp
[18.319s] [  0%] Built target std_msgs_generate_messages_nodejs
[18.325s] [  0%] Built target autoware_msgs_generate_messages_py
[18.333s] [  0%] Built target std_msgs_generate_messages_py
[18.333s] [  0%] Built target rosgraph_msgs_generate_messages_cpp
[18.342s] [  0%] Built target jsk_recognition_msgs_generate_messages_py
[18.343s] [  0%] Built target pcl_msgs_generate_messages_nodejs
[18.370s] [  0%] Built target sensor_msgs_generate_messages_lisp
[18.393s] [  0%] Built target sensor_msgs_generate_messages_py
[18.396s] [  0%] Built target tf_generate_messages_py
[18.402s] [  0%] Built target jsk_footstep_msgs_generate_messages_py
[18.407s] [  0%] Built target std_msgs_generate_messages_cpp
[18.410s] [  0%] Built target actionlib_msgs_generate_messages_nodejs
[18.437s] [  0%] Built target geometry_msgs_generate_messages_eus
[18.447s] [  0%] Built target std_msgs_generate_messages_lisp
[18.473s] [  0%] Built target geometry_msgs_generate_messages_lisp
[18.475s] [  0%] Built target roscpp_generate_messages_nodejs
[18.487s] [  0%] Built target geometry_msgs_generate_messages_nodejs
[18.513s] [  0%] Built target pcl_msgs_generate_messages_cpp
[18.513s] [  0%] Built target autoware_system_msgs_generate_messages_cpp
[18.524s] [  0%] Built target autoware_msgs_generate_messages_eus
[18.533s] [  0%] Built target jsk_recognition_msgs_generate_messages_cpp
[18.557s] [  0%] Built target autoware_msgs_generate_messages_lisp
[18.570s] [  0%] Built target autoware_msgs_generate_messages_nodejs
[18.586s] [  0%] Built target jsk_footstep_msgs_generate_messages_eus
[18.586s] [  0%] Built target autoware_config_msgs_generate_messages_eus
[18.591s] [  0%] Built target jsk_footstep_msgs_generate_messages_lisp
[18.594s] [  0%] Built target std_msgs_generate_messages_eus
[18.602s] [  0%] Built target actionlib_msgs_generate_messages_py
[18.613s] [  0%] Built target jsk_footstep_msgs_generate_messages_nodejs
[18.638s] [  0%] Built target autoware_system_msgs_generate_messages_nodejs
[18.655s] [  0%] Built target actionlib_msgs_generate_messages_cpp
[18.663s] [  0%] Built target actionlib_msgs_generate_messages_lisp
[18.663s] [  0%] Built target jsk_footstep_msgs_generate_messages_cpp
[18.669s] [  0%] Built target tf_generate_messages_eus
[18.692s] [  0%] Built target autoware_config_msgs_generate_messages_nodejs
[18.710s] [  0%] Built target tf_generate_messages_lisp
[18.721s] [  0%] Built target tf_generate_messages_nodejs
[18.731s] [  0%] Built target roscpp_generate_messages_lisp
[18.739s] [  0%] Built target autoware_config_msgs_generate_messages_cpp
[18.745s] [  0%] Built target roscpp_generate_messages_py
[18.768s] [  0%] Built target jsk_recognition_msgs_generate_messages_nodejs
[18.769s] [  0%] Built target rosgraph_msgs_generate_messages_lisp
[18.797s] [  0%] Built target roscpp_generate_messages_eus
[18.804s] [  0%] Built target actionlib_msgs_generate_messages_eus
[18.812s] [  0%] Built target rosgraph_msgs_generate_messages_nodejs
[18.829s] [  0%] Built target autoware_config_msgs_generate_messages_py
[18.836s] [  0%] Built target pcl_msgs_generate_messages_py
[18.848s] [  0%] Built target rosgraph_msgs_generate_messages_py
[18.851s] [  0%] Built target geometry_msgs_generate_messages_cpp
[18.876s] [  0%] Built target actionlib_generate_messages_lisp
[18.883s] [  0%] Built target actionlib_generate_messages_eus
[18.887s] [  0%] Built target pcl_msgs_generate_messages_lisp
[18.896s] [  0%] Built target tf_generate_messages_cpp
[18.916s] [  0%] Built target autoware_system_msgs_generate_messages_eus
[18.926s] [  0%] Built target actionlib_generate_messages_nodejs
[18.942s] [  0%] Built target tf2_msgs_generate_messages_eus
[18.945s] [  0%] Built target actionlib_generate_messages_py
[18.955s] [  0%] Built target tf2_msgs_generate_messages_py
[18.955s] [  0%] Built target tf2_msgs_generate_messages_lisp
[18.964s] [  0%] Built target tf2_msgs_generate_messages_nodejs
[18.989s] [35m[1mScanning dependencies of target pure_pursuit[0m
[19.030s] [ 20%] [32mBuilding CXX object CMakeFiles/pure_pursuit.dir/src/pure_pursuit_core.cpp.o[0m
[26.530s] [ 40%] [32m[1mLinking CXX executable devel/lib/pure_pursuit/pure_pursuit[0m
[26.788s] [100%] Built target pure_pursuit
[26.824s] [36mInstall the project...[0m
[26.845s] -- Install configuration: "Release"
[26.845s] -- Up-to-date: /home/kimna/Desktop/autoware.ai/src/autoware/core_planning/pure_pursuit/install/pure_pursuit/lib/pkgconfig/pure_pursuit.pc
[26.846s] -- Up-to-date: /home/kimna/Desktop/autoware.ai/src/autoware/core_planning/pure_pursuit/install/pure_pursuit/share/pure_pursuit/cmake/pure_pursuitConfig.cmake
[26.846s] -- Up-to-date: /home/kimna/Desktop/autoware.ai/src/autoware/core_planning/pure_pursuit/install/pure_pursuit/share/pure_pursuit/cmake/pure_pursuitConfig-version.cmake
[26.846s] -- Up-to-date: /home/kimna/Desktop/autoware.ai/src/autoware/core_planning/pure_pursuit/install/pure_pursuit/share/pure_pursuit/package.xml
[26.846s] -- Installing: /home/kimna/Desktop/autoware.ai/src/autoware/core_planning/pure_pursuit/install/pure_pursuit/lib/pure_pursuit/pure_pursuit
[26.852s] -- Set runtime path of "/home/kimna/Desktop/autoware.ai/src/autoware/core_planning/pure_pursuit/install/pure_pursuit/lib/pure_pursuit/pure_pursuit" to ""
[26.852s] -- Up-to-date: /home/kimna/Desktop/autoware.ai/src/autoware/core_planning/pure_pursuit/install/pure_pursuit/share/pure_pursuit/launch
[26.852s] -- Up-to-date: /home/kimna/Desktop/autoware.ai/src/autoware/core_planning/pure_pursuit/install/pure_pursuit/share/pure_pursuit/launch/pure_pursuit.launch
