[4.596s] [01m[K/home/kimna/Desktop/autoware.ai/src/autoware/core_planning/pure_pursuit/src/pure_pursuit_core.cpp:[m[K In member function ‘[01m[Kvoid waypoint_follower::PurePursuitNode::run()[m[K’:
[4.596s] [01m[K/home/kimna/Desktop/autoware.ai/src/autoware/core_planning/pure_pursuit/src/pure_pursuit_core.cpp:187:20:[m[K [01;31m[Kerror: [m[K‘[01m[KgetCurrentPose[m[K’ was not declared in this scope
[4.596s]      double cur_q = [01;31m[KgetCurrentPose[m[K().orientation;
[4.596s]                     [01;31m[K^~~~~~~~~~~~~~[m[K
[4.607s] [01m[K/home/kimna/Desktop/autoware.ai/src/autoware/core_planning/pure_pursuit/src/pure_pursuit_core.cpp:187:20:[m[K [01;36m[Knote: [m[Ksuggested alternative: ‘[01m[Kgetentropy[m[K’
[4.607s]      double cur_q = [01;36m[KgetCurrentPose[m[K().orientation;
[4.607s]                     [01;36m[K^~~~~~~~~~~~~~[m[K
[4.607s]                     [32m[Kgetentropy[m[K
[4.607s] [01m[K/home/kimna/Desktop/autoware.ai/src/autoware/core_planning/pure_pursuit/src/pure_pursuit_core.cpp:189:35:[m[K [01;31m[Kerror: [m[Krequest for member ‘[01m[Kw[m[K’ in ‘[01m[Kcur_q[m[K’, which is of non-class type ‘[01m[Kdouble[m[K’
[4.607s]      double siny_cosp = 2 * (cur_q.[01;31m[Kw[m[K * cur_q.z + cur_q.x * cur_q.y);
[4.607s]                                    [01;31m[K^[m[K
[4.607s] [01m[K/home/kimna/Desktop/autoware.ai/src/autoware/core_planning/pure_pursuit/src/pure_pursuit_core.cpp:189:45:[m[K [01;31m[Kerror: [m[Krequest for member ‘[01m[Kz[m[K’ in ‘[01m[Kcur_q[m[K’, which is of non-class type ‘[01m[Kdouble[m[K’
[4.607s]      double siny_cosp = 2 * (cur_q.w * cur_q.[01;31m[Kz[m[K + cur_q.x * cur_q.y);
[4.607s]                                              [01;31m[K^[m[K
[4.608s] [01m[K/home/kimna/Desktop/autoware.ai/src/autoware/core_planning/pure_pursuit/src/pure_pursuit_core.cpp:189:55:[m[K [01;31m[Kerror: [m[Krequest for member ‘[01m[Kx[m[K’ in ‘[01m[Kcur_q[m[K’, which is of non-class type ‘[01m[Kdouble[m[K’
[4.608s]      double siny_cosp = 2 * (cur_q.w * cur_q.z + cur_q.[01;31m[Kx[m[K * cur_q.y);
[4.608s]                                                        [01;31m[K^[m[K
[4.608s] [01m[K/home/kimna/Desktop/autoware.ai/src/autoware/core_planning/pure_pursuit/src/pure_pursuit_core.cpp:189:65:[m[K [01;31m[Kerror: [m[Krequest for member ‘[01m[Ky[m[K’ in ‘[01m[Kcur_q[m[K’, which is of non-class type ‘[01m[Kdouble[m[K’
[4.608s]      double siny_cosp = 2 * (cur_q.w * cur_q.z + cur_q.x * cur_q.[01;31m[Ky[m[K);
[4.608s]                                                                  [01;31m[K^[m[K
[4.608s] [01m[K/home/kimna/Desktop/autoware.ai/src/autoware/core_planning/pure_pursuit/src/pure_pursuit_core.cpp:190:39:[m[K [01;31m[Kerror: [m[Krequest for member ‘[01m[Ky[m[K’ in ‘[01m[Kcur_q[m[K’, which is of non-class type ‘[01m[Kdouble[m[K’
[4.608s]      double cosy_cosp = 1 - 2 * (cur_q.[01;31m[Ky[m[K * cur_q.y + cur_q.z * cur_q.z);
[4.608s]                                        [01;31m[K^[m[K
[4.608s] [01m[K/home/kimna/Desktop/autoware.ai/src/autoware/core_planning/pure_pursuit/src/pure_pursuit_core.cpp:190:49:[m[K [01;31m[Kerror: [m[Krequest for member ‘[01m[Ky[m[K’ in ‘[01m[Kcur_q[m[K’, which is of non-class type ‘[01m[Kdouble[m[K’
[4.608s]      double cosy_cosp = 1 - 2 * (cur_q.y * cur_q.[01;31m[Ky[m[K + cur_q.z * cur_q.z);
[4.608s]                                                  [01;31m[K^[m[K
[4.608s] [01m[K/home/kimna/Desktop/autoware.ai/src/autoware/core_planning/pure_pursuit/src/pure_pursuit_core.cpp:190:59:[m[K [01;31m[Kerror: [m[Krequest for member ‘[01m[Kz[m[K’ in ‘[01m[Kcur_q[m[K’, which is of non-class type ‘[01m[Kdouble[m[K’
[4.608s]      double cosy_cosp = 1 - 2 * (cur_q.y * cur_q.y + cur_q.[01;31m[Kz[m[K * cur_q.z);
[4.608s]                                                            [01;31m[K^[m[K
[4.608s] [01m[K/home/kimna/Desktop/autoware.ai/src/autoware/core_planning/pure_pursuit/src/pure_pursuit_core.cpp:190:69:[m[K [01;31m[Kerror: [m[Krequest for member ‘[01m[Kz[m[K’ in ‘[01m[Kcur_q[m[K’, which is of non-class type ‘[01m[Kdouble[m[K’
[4.609s]      double cosy_cosp = 1 - 2 * (cur_q.y * cur_q.y + cur_q.z * cur_q.[01;31m[Kz[m[K);
[4.609s]                                                                      [01;31m[K^[m[K
[4.609s] [01m[K/home/kimna/Desktop/autoware.ai/src/autoware/core_planning/pure_pursuit/src/pure_pursuit_core.cpp:191:23:[m[K [01;31m[Kerror: [m[Kexpected primary-expression before ‘[01m[K=[m[K’ token
[4.609s]      double cur_yaw =  [01;31m[K=[m[K std::atan2(siny_cosp, cosy_cosp);
[4.609s]                        [01;31m[K^[m[K
[5.857s] make[2]: *** [CMakeFiles/pure_pursuit.dir/src/pure_pursuit_core.cpp.o] Error 1
[5.857s] make[1]: *** [CMakeFiles/pure_pursuit.dir/all] Error 2
[5.858s] make: *** [all] Error 2
