[0.357s] [  0%] Built target autoware_config_msgs_generate_messages_lisp
[0.384s] [  0%] Built target autoware_system_msgs_generate_messages_lisp
[0.386s] [  0%] Built target pcl_msgs_generate_messages_eus
[0.387s] [  0%] Built target rosgraph_msgs_generate_messages_eus
[0.388s] [  0%] Built target jsk_recognition_msgs_generate_messages_eus
[0.396s] [  0%] Built target actionlib_generate_messages_cpp
[0.402s] [  0%] Built target geometry_msgs_generate_messages_py
[0.415s] [  0%] Built target jsk_recognition_msgs_generate_messages_lisp
[0.449s] [  0%] Built target autoware_system_msgs_generate_messages_py
[0.455s] [  0%] Built target _catkin_empty_exported_target
[0.479s] [  0%] Built target autoware_msgs_generate_messages_cpp
[0.480s] [  0%] Built target sensor_msgs_generate_messages_cpp
[0.482s] [  0%] Built target roscpp_generate_messages_cpp
[0.504s] [  0%] Built target tf2_msgs_generate_messages_cpp
[0.508s] [  0%] Built target sensor_msgs_generate_messages_nodejs
[0.516s] [  0%] Built target sensor_msgs_generate_messages_eus
[0.539s] [  0%] Built target autoware_msgs_generate_messages_py
[0.555s] [  0%] Built target std_msgs_generate_messages_py
[0.566s] [  0%] Built target rosgraph_msgs_generate_messages_cpp
[0.585s] [  0%] Built target std_msgs_generate_messages_nodejs
[0.585s] [  0%] Built target pcl_msgs_generate_messages_nodejs
[0.605s] [  0%] Built target jsk_recognition_msgs_generate_messages_py
[0.618s] [  0%] Built target sensor_msgs_generate_messages_lisp
[0.624s] [  0%] Built target tf_generate_messages_py
[0.637s] [  0%] Built target sensor_msgs_generate_messages_py
[0.658s] [  0%] Built target jsk_footstep_msgs_generate_messages_py
[0.660s] [  0%] Built target std_msgs_generate_messages_cpp
[0.703s] [  0%] Built target geometry_msgs_generate_messages_eus
[0.706s] [  0%] Built target std_msgs_generate_messages_lisp
[0.713s] [  0%] Built target actionlib_msgs_generate_messages_nodejs
[0.713s] [  0%] Built target roscpp_generate_messages_nodejs
[0.716s] [  0%] Built target autoware_system_msgs_generate_messages_cpp
[0.753s] [  0%] Built target geometry_msgs_generate_messages_lisp
[0.755s] [  0%] Built target geometry_msgs_generate_messages_nodejs
[0.783s] [  0%] Built target pcl_msgs_generate_messages_cpp
[0.787s] [  0%] Built target autoware_msgs_generate_messages_eus
[0.820s] [  0%] Built target std_msgs_generate_messages_eus
[0.828s] [  0%] Built target autoware_msgs_generate_messages_lisp
[0.833s] [  0%] Built target jsk_recognition_msgs_generate_messages_cpp
[0.836s] [  0%] Built target jsk_footstep_msgs_generate_messages_eus
[0.841s] [  0%] Built target autoware_msgs_generate_messages_nodejs
[0.884s] [  0%] Built target autoware_config_msgs_generate_messages_eus
[0.885s] [  0%] Built target actionlib_msgs_generate_messages_py
[0.926s] [  0%] Built target autoware_system_msgs_generate_messages_nodejs
[0.926s] [  0%] Built target jsk_footstep_msgs_generate_messages_lisp
[0.933s] [  0%] Built target actionlib_msgs_generate_messages_lisp
[0.938s] [  0%] Built target jsk_footstep_msgs_generate_messages_nodejs
[0.946s] [  0%] Built target actionlib_msgs_generate_messages_cpp
[0.960s] [  0%] Built target jsk_footstep_msgs_generate_messages_cpp
[0.961s] [  0%] Built target tf_generate_messages_eus
[1.023s] [  0%] Built target tf_generate_messages_lisp
[1.027s] [  0%] Built target roscpp_generate_messages_py
[1.033s] [  0%] Built target tf_generate_messages_nodejs
[1.038s] [  0%] Built target jsk_recognition_msgs_generate_messages_nodejs
[1.049s] [  0%] Built target roscpp_generate_messages_lisp
[1.053s] [  0%] Built target autoware_config_msgs_generate_messages_nodejs
[1.069s] [  0%] Built target rosgraph_msgs_generate_messages_lisp
[1.077s] [  0%] Built target autoware_config_msgs_generate_messages_cpp
[1.112s] [  0%] Built target rosgraph_msgs_generate_messages_nodejs
[1.114s] [  0%] Built target roscpp_generate_messages_eus
[1.142s] [  0%] Built target rosgraph_msgs_generate_messages_py
[1.147s] [  0%] Built target actionlib_msgs_generate_messages_eus
[1.147s] [  0%] Built target autoware_config_msgs_generate_messages_py
[1.158s] [  0%] Built target pcl_msgs_generate_messages_py
[1.172s] [  0%] Built target actionlib_generate_messages_eus
[1.175s] [  0%] Built target geometry_msgs_generate_messages_cpp
[1.214s] [  0%] Built target actionlib_generate_messages_lisp
[1.225s] [  0%] Built target pcl_msgs_generate_messages_lisp
[1.227s] [  0%] Built target tf_generate_messages_cpp
[1.252s] [  0%] Built target actionlib_generate_messages_nodejs
[1.259s] [  0%] Built target tf2_msgs_generate_messages_lisp
[1.269s] [  0%] Built target tf2_msgs_generate_messages_eus
[1.275s] [  0%] Built target tf2_msgs_generate_messages_py
[1.289s] [  0%] Built target actionlib_generate_messages_py
[1.290s] [  0%] Built target autoware_system_msgs_generate_messages_eus
[1.302s] [  0%] Built target tf2_msgs_generate_messages_nodejs
[1.336s] [35m[1mScanning dependencies of target pure_pursuit[0m
[1.379s] [ 20%] [32mBuilding CXX object CMakeFiles/pure_pursuit.dir/src/pure_pursuit_core.cpp.o[0m
[5.857s] CMakeFiles/pure_pursuit.dir/build.make:110: recipe for target 'CMakeFiles/pure_pursuit.dir/src/pure_pursuit_core.cpp.o' failed
[5.857s] CMakeFiles/Makefile2:444: recipe for target 'CMakeFiles/pure_pursuit.dir/all' failed
[5.858s] Makefile:140: recipe for target 'all' failed
