[0.051s] Invoking command in '/home/kimna/Desktop/autoware.ai/src/autoware/core_planning/pure_pursuit/build/pure_pursuit': CONDA_PROMPT_MODIFIER=(base) /usr/bin/cmake --build /home/kimna/Desktop/autoware.ai/src/autoware/core_planning/pure_pursuit/build/pure_pursuit -- -j8 -l8
[0.266s] [  0%] Built target pcl_msgs_generate_messages_eus
[0.277s] [  0%] Built target jsk_recognition_msgs_generate_messages_eus
[0.288s] [  0%] Built target autoware_config_msgs_generate_messages_lisp
[0.304s] [  0%] Built target actionlib_generate_messages_cpp
[0.312s] [  0%] Built target jsk_recognition_msgs_generate_messages_lisp
[0.314s] [  0%] Built target rosgraph_msgs_generate_messages_eus
[0.315s] [  0%] Built target autoware_system_msgs_generate_messages_lisp
[0.337s] [  0%] Built target geometry_msgs_generate_messages_py
[0.398s] [  0%] Built target roscpp_generate_messages_cpp
[0.408s] [  0%] Built target autoware_system_msgs_generate_messages_py
[0.416s] [  0%] Built target sensor_msgs_generate_messages_nodejs
[0.427s] [  0%] Built target _catkin_empty_exported_target
[0.449s] [  0%] Built target autoware_msgs_generate_messages_cpp
[0.458s] [  0%] Built target sensor_msgs_generate_messages_eus
[0.469s] [  0%] Built target sensor_msgs_generate_messages_cpp
[0.491s] [  0%] Built target autoware_msgs_generate_messages_py
[0.499s] [  0%] Built target tf2_msgs_generate_messages_cpp
[0.523s] [  0%] Built target std_msgs_generate_messages_py
[0.561s] [  0%] Built target rosgraph_msgs_generate_messages_cpp
[0.568s] [  0%] Built target std_msgs_generate_messages_nodejs
[0.594s] [  0%] Built target sensor_msgs_generate_messages_lisp
[0.600s] [  0%] Built target jsk_recognition_msgs_generate_messages_py
[0.602s] [  0%] Built target sensor_msgs_generate_messages_py
[0.608s] [  0%] Built target pcl_msgs_generate_messages_nodejs
[0.618s] [  0%] Built target tf_generate_messages_py
[0.685s] [  0%] Built target std_msgs_generate_messages_lisp
[0.688s] [  0%] Built target jsk_footstep_msgs_generate_messages_py
[0.695s] [  0%] Built target std_msgs_generate_messages_cpp
[0.695s] [  0%] Built target roscpp_generate_messages_nodejs
[0.706s] [  0%] Built target actionlib_msgs_generate_messages_nodejs
[0.716s] [  0%] Built target geometry_msgs_generate_messages_eus
[0.724s] [  0%] Built target autoware_system_msgs_generate_messages_cpp
[0.740s] [  0%] Built target geometry_msgs_generate_messages_nodejs
[0.774s] [  0%] Built target jsk_recognition_msgs_generate_messages_cpp
[0.777s] [  0%] Built target geometry_msgs_generate_messages_lisp
[0.778s] [  0%] Built target autoware_msgs_generate_messages_lisp
[0.779s] [  0%] Built target autoware_msgs_generate_messages_eus
[0.783s] [  0%] Built target pcl_msgs_generate_messages_cpp
[0.809s] [  0%] Built target std_msgs_generate_messages_eus
[0.827s] [  0%] Built target autoware_msgs_generate_messages_nodejs
[0.852s] [  0%] Built target jsk_footstep_msgs_generate_messages_eus
[0.870s] [  0%] Built target jsk_footstep_msgs_generate_messages_nodejs
[0.883s] [  0%] Built target actionlib_msgs_generate_messages_py
[0.893s] [  0%] Built target jsk_footstep_msgs_generate_messages_lisp
[0.901s] [  0%] Built target autoware_system_msgs_generate_messages_nodejs
[0.910s] [  0%] Built target actionlib_msgs_generate_messages_lisp
[0.936s] [  0%] Built target autoware_config_msgs_generate_messages_eus
[0.957s] [  0%] Built target jsk_footstep_msgs_generate_messages_cpp
[0.977s] [  0%] Built target actionlib_msgs_generate_messages_cpp
[0.993s] [  0%] Built target tf_generate_messages_lisp
[0.994s] [  0%] Built target autoware_config_msgs_generate_messages_nodejs
[1.002s] [  0%] Built target tf_generate_messages_nodejs
[1.016s] [  0%] Built target tf_generate_messages_eus
[1.052s] [  0%] Built target jsk_recognition_msgs_generate_messages_nodejs
[1.087s] [  0%] Built target roscpp_generate_messages_py
[1.095s] [  0%] Built target rosgraph_msgs_generate_messages_nodejs
[1.098s] [  0%] Built target rosgraph_msgs_generate_messages_lisp
[1.106s] [  0%] Built target roscpp_generate_messages_lisp
[1.115s] [  0%] Built target autoware_config_msgs_generate_messages_cpp
[1.165s] [  0%] Built target actionlib_msgs_generate_messages_eus
[1.179s] [  0%] Built target roscpp_generate_messages_eus
[1.193s] [  0%] Built target rosgraph_msgs_generate_messages_py
[1.217s] [  0%] Built target geometry_msgs_generate_messages_cpp
[1.220s] [  0%] Built target autoware_config_msgs_generate_messages_py
[1.261s] [  0%] Built target actionlib_generate_messages_eus
[1.272s] [  0%] Built target actionlib_generate_messages_lisp
[1.300s] [  0%] Built target pcl_msgs_generate_messages_py
[1.316s] [  0%] Built target tf_generate_messages_cpp
[1.338s] [  0%] Built target pcl_msgs_generate_messages_lisp
[1.362s] [  0%] Built target autoware_system_msgs_generate_messages_eus
[1.370s] [  0%] Built target actionlib_generate_messages_nodejs
[1.383s] [  0%] Built target tf2_msgs_generate_messages_lisp
[1.403s] [  0%] Built target actionlib_generate_messages_py
[1.405s] [  0%] Built target tf2_msgs_generate_messages_eus
[1.412s] [  0%] Built target tf2_msgs_generate_messages_nodejs
[1.413s] [  0%] Built target tf2_msgs_generate_messages_py
[1.474s] [35m[1mScanning dependencies of target pure_pursuit[0m
[1.521s] [ 20%] [32mBuilding CXX object CMakeFiles/pure_pursuit.dir/src/pure_pursuit_core.cpp.o[0m
[10.183s] [ 40%] [32m[1mLinking CXX executable devel/lib/pure_pursuit/pure_pursuit[0m
[10.557s] [100%] Built target pure_pursuit
[10.576s] Invoked command in '/home/kimna/Desktop/autoware.ai/src/autoware/core_planning/pure_pursuit/build/pure_pursuit' returned '0': CONDA_PROMPT_MODIFIER=(base) /usr/bin/cmake --build /home/kimna/Desktop/autoware.ai/src/autoware/core_planning/pure_pursuit/build/pure_pursuit -- -j8 -l8
[10.907s] Invoking command in '/home/kimna/Desktop/autoware.ai/src/autoware/core_planning/pure_pursuit/build/pure_pursuit': CONDA_PROMPT_MODIFIER=(base) /usr/bin/cmake --build /home/kimna/Desktop/autoware.ai/src/autoware/core_planning/pure_pursuit/build/pure_pursuit --target tests -- -j8 -l8
[11.098s] [  0%] Built target actionlib_generate_messages_cpp
[11.112s] [  0%] Built target jsk_recognition_msgs_generate_messages_eus
[11.121s] [  0%] Built target pcl_msgs_generate_messages_eus
[11.127s] [  0%] Built target jsk_recognition_msgs_generate_messages_lisp
[11.130s] [  0%] Built target rosgraph_msgs_generate_messages_eus
[11.150s] [ 28%] Built target gtest
[11.226s] [ 28%] Built target geometry_msgs_generate_messages_py
[11.228s] [ 28%] Built target roscpp_generate_messages_cpp
[11.240s] [ 28%] Built target sensor_msgs_generate_messages_eus
[11.256s] [ 28%] Built target sensor_msgs_generate_messages_nodejs
[11.272s] [ 28%] Built target autoware_system_msgs_generate_messages_py
[11.279s] [ 28%] Built target _catkin_empty_exported_target
[11.319s] [ 28%] Built target sensor_msgs_generate_messages_cpp
[11.339s] [ 28%] Built target autoware_msgs_generate_messages_cpp
[11.351s] [ 28%] Built target tf2_msgs_generate_messages_cpp
[11.380s] [ 28%] Built target std_msgs_generate_messages_py
[11.388s] [ 28%] Built target autoware_msgs_generate_messages_py
[11.408s] [ 28%] Built target std_msgs_generate_messages_nodejs
[11.436s] [ 28%] Built target rosgraph_msgs_generate_messages_cpp
[11.459s] [ 28%] Built target pcl_msgs_generate_messages_nodejs
[11.471s] [ 28%] Built target jsk_recognition_msgs_generate_messages_py
[11.479s] [ 28%] Built target sensor_msgs_generate_messages_lisp
[11.527s] [ 28%] Built target tf_generate_messages_py
[11.528s] [ 28%] Built target std_msgs_generate_messages_cpp
[11.535s] [ 28%] Built target sensor_msgs_generate_messages_py
[11.561s] [ 28%] Built target jsk_footstep_msgs_generate_messages_py
[11.592s] [ 28%] Built target std_msgs_generate_messages_lisp
[11.592s] [ 28%] Built target geometry_msgs_generate_messages_eus
[11.602s] [ 28%] Built target autoware_system_msgs_generate_messages_lisp
[11.611s] [ 28%] Built target roscpp_generate_messages_nodejs
[11.611s] [ 28%] Built target actionlib_msgs_generate_messages_nodejs
[11.640s] [ 28%] Built target geometry_msgs_generate_messages_nodejs
[11.643s] [ 28%] Built target geometry_msgs_generate_messages_lisp
[11.647s] [ 28%] Built target autoware_system_msgs_generate_messages_cpp
[11.705s] [ 28%] Built target jsk_footstep_msgs_generate_messages_eus
[11.764s] [ 28%] Built target actionlib_msgs_generate_messages_py
[11.821s] [ 28%] Built target autoware_config_msgs_generate_messages_eus
[11.901s] [ 28%] Built target jsk_footstep_msgs_generate_messages_lisp
[11.975s] [ 28%] Built target jsk_footstep_msgs_generate_messages_nodejs
[12.029s] [ 28%] Built target autoware_system_msgs_generate_messages_nodejs
[12.068s] [ 28%] Built target actionlib_msgs_generate_messages_lisp
[12.102s] [ 28%] Built target jsk_footstep_msgs_generate_messages_cpp
[12.140s] [ 28%] Built target actionlib_msgs_generate_messages_cpp
[12.188s] [ 28%] Built target tf_generate_messages_eus
[12.230s] [ 28%] Built target tf_generate_messages_lisp
[12.272s] [ 28%] Built target autoware_config_msgs_generate_messages_nodejs
[12.367s] [ 28%] Built target tf_generate_messages_nodejs
[12.430s] [ 28%] Built target jsk_recognition_msgs_generate_messages_nodejs
[12.519s] [ 28%] Built target roscpp_generate_messages_lisp
[12.531s] [ 28%] Built target roscpp_generate_messages_py
[12.587s] [ 28%] Built target autoware_msgs_generate_messages_nodejs
[12.597s] [ 28%] Built target rosgraph_msgs_generate_messages_lisp
[12.671s] [ 28%] Built target autoware_config_msgs_generate_messages_cpp
[12.698s] [ 28%] Built target rosgraph_msgs_generate_messages_nodejs
[12.739s] [ 28%] Built target roscpp_generate_messages_eus
[12.740s] [ 28%] Built target actionlib_msgs_generate_messages_eus
[12.788s] [ 28%] Built target rosgraph_msgs_generate_messages_py
[12.790s] [ 28%] Built target autoware_config_msgs_generate_messages_py
[12.884s] [ 28%] Built target pcl_msgs_generate_messages_py
[12.887s] [ 28%] Built target actionlib_generate_messages_eus
[12.955s] [ 28%] Built target actionlib_generate_messages_lisp
[12.979s] [ 28%] Built target geometry_msgs_generate_messages_cpp
[13.049s] [ 28%] Built target pcl_msgs_generate_messages_lisp
[13.081s] [ 28%] Built target tf_generate_messages_cpp
[13.117s] [ 28%] Built target actionlib_generate_messages_nodejs
[13.171s] [ 28%] Built target autoware_system_msgs_generate_messages_eus
[13.179s] [ 28%] Built target tf2_msgs_generate_messages_eus
[13.261s] [ 28%] Built target actionlib_generate_messages_py
[13.268s] [ 28%] Built target tf2_msgs_generate_messages_lisp
[13.327s] [ 28%] Built target tf2_msgs_generate_messages_py
[13.327s] [ 28%] Built target tf2_msgs_generate_messages_nodejs
[13.388s] [ 28%] Built target autoware_config_msgs_generate_messages_lisp
[13.451s] [ 28%] Built target std_msgs_generate_messages_eus
[13.507s] [ 28%] Built target autoware_msgs_generate_messages_lisp
[13.561s] [ 28%] Built target autoware_msgs_generate_messages_eus
[13.563s] [ 28%] Built target jsk_recognition_msgs_generate_messages_cpp
[13.618s] [ 28%] Built target pcl_msgs_generate_messages_cpp
[13.649s] [35m[1mScanning dependencies of target test-pure_pursuit[0m
[13.705s] [ 42%] [32mBuilding CXX object CMakeFiles/test-pure_pursuit.dir/src/pure_pursuit_core.cpp.o[0m
[22.215s] [ 57%] [32m[1mLinking CXX executable devel/lib/pure_pursuit/test-pure_pursuit[0m
[22.609s] [100%] Built target test-pure_pursuit
[22.657s] [100%] Built target tests
[22.704s] Invoked command in '/home/kimna/Desktop/autoware.ai/src/autoware/core_planning/pure_pursuit/build/pure_pursuit' returned '0': CONDA_PROMPT_MODIFIER=(base) /usr/bin/cmake --build /home/kimna/Desktop/autoware.ai/src/autoware/core_planning/pure_pursuit/build/pure_pursuit --target tests -- -j8 -l8
[23.077s] Invoking command in '/home/kimna/Desktop/autoware.ai/src/autoware/core_planning/pure_pursuit/build/pure_pursuit': CONDA_PROMPT_MODIFIER=(base) /usr/bin/cmake --build /home/kimna/Desktop/autoware.ai/src/autoware/core_planning/pure_pursuit/build/pure_pursuit --target install -- -j8 -l8
[23.245s] [  0%] Built target autoware_config_msgs_generate_messages_lisp
[23.246s] [  0%] Built target actionlib_generate_messages_cpp
[23.259s] [  0%] Built target pcl_msgs_generate_messages_eus
[23.319s] [  0%] Built target geometry_msgs_generate_messages_py
[23.319s] [  0%] Built target autoware_system_msgs_generate_messages_py
[23.347s] [  0%] Built target sensor_msgs_generate_messages_nodejs
[23.405s] [  0%] Built target roscpp_generate_messages_cpp
[23.409s] [  0%] Built target autoware_system_msgs_generate_messages_lisp
[23.442s] [  0%] Built target _catkin_empty_exported_target
[23.454s] [  0%] Built target autoware_msgs_generate_messages_cpp
[23.465s] [  0%] Built target sensor_msgs_generate_messages_cpp
[23.497s] [  0%] Built target tf2_msgs_generate_messages_cpp
[23.521s] [  0%] Built target std_msgs_generate_messages_py
[23.529s] [  0%] Built target sensor_msgs_generate_messages_eus
[23.541s] [  0%] Built target autoware_msgs_generate_messages_py
[23.568s] [  0%] Built target std_msgs_generate_messages_nodejs
[23.589s] [  0%] Built target rosgraph_msgs_generate_messages_cpp
[23.590s] [  0%] Built target pcl_msgs_generate_messages_nodejs
[23.617s] [  0%] Built target jsk_recognition_msgs_generate_messages_py
[23.652s] [  0%] Built target sensor_msgs_generate_messages_lisp
[23.669s] [  0%] Built target jsk_recognition_msgs_generate_messages_eus
[23.693s] [  0%] Built target std_msgs_generate_messages_cpp
[23.693s] [  0%] Built target sensor_msgs_generate_messages_py
[23.714s] [  0%] Built target jsk_footstep_msgs_generate_messages_py
[23.757s] [  0%] Built target geometry_msgs_generate_messages_eus
[23.765s] [  0%] Built target actionlib_msgs_generate_messages_nodejs
[23.771s] [  0%] Built target std_msgs_generate_messages_lisp
[23.797s] [  0%] Built target roscpp_generate_messages_nodejs
[23.836s] [  0%] Built target geometry_msgs_generate_messages_nodejs
[23.842s] [  0%] Built target autoware_system_msgs_generate_messages_cpp
[23.870s] [  0%] Built target geometry_msgs_generate_messages_lisp
[23.880s] [  0%] Built target pcl_msgs_generate_messages_cpp
[23.916s] [  0%] Built target jsk_recognition_msgs_generate_messages_cpp
[23.923s] [  0%] Built target autoware_msgs_generate_messages_eus
[23.934s] [  0%] Built target autoware_msgs_generate_messages_lisp
[23.971s] [  0%] Built target std_msgs_generate_messages_eus
[23.994s] [  0%] Built target jsk_footstep_msgs_generate_messages_eus
[24.016s] [  0%] Built target autoware_msgs_generate_messages_nodejs
[24.031s] [  0%] Built target actionlib_msgs_generate_messages_py
[24.049s] [  0%] Built target autoware_config_msgs_generate_messages_eus
[24.078s] [  0%] Built target jsk_footstep_msgs_generate_messages_lisp
[24.116s] [  0%] Built target jsk_footstep_msgs_generate_messages_nodejs
[24.116s] [  0%] Built target autoware_system_msgs_generate_messages_nodejs
[24.120s] [  0%] Built target actionlib_msgs_generate_messages_lisp
[24.142s] [  0%] Built target jsk_footstep_msgs_generate_messages_cpp
[24.195s] [  0%] Built target tf_generate_messages_eus
[24.201s] [  0%] Built target actionlib_msgs_generate_messages_cpp
[24.210s] [  0%] Built target tf_generate_messages_lisp
[24.226s] [  0%] Built target autoware_config_msgs_generate_messages_nodejs
[24.264s] [  0%] Built target tf_generate_messages_nodejs
[24.269s] [  0%] Built target jsk_recognition_msgs_generate_messages_nodejs
[24.291s] [  0%] Built target roscpp_generate_messages_lisp
[24.295s] [  0%] Built target roscpp_generate_messages_py
[24.345s] [  0%] Built target rosgraph_msgs_generate_messages_nodejs
[24.369s] [  0%] Built target autoware_config_msgs_generate_messages_cpp
[24.391s] [  0%] Built target roscpp_generate_messages_eus
[24.394s] [  0%] Built target rosgraph_msgs_generate_messages_lisp
[24.429s] [  0%] Built target actionlib_msgs_generate_messages_eus
[24.456s] [  0%] Built target rosgraph_msgs_generate_messages_py
[24.497s] [  0%] Built target pcl_msgs_generate_messages_py
[24.503s] [  0%] Built target autoware_config_msgs_generate_messages_py
[24.526s] [  0%] Built target geometry_msgs_generate_messages_cpp
[24.537s] [  0%] Built target tf_generate_messages_py
[24.558s] [  0%] Built target actionlib_generate_messages_eus
[24.560s] [  0%] Built target actionlib_generate_messages_lisp
[24.602s] [  0%] Built target pcl_msgs_generate_messages_lisp
[24.602s] [  0%] Built target jsk_recognition_msgs_generate_messages_lisp
[24.624s] [  0%] Built target tf_generate_messages_cpp
[24.631s] [  0%] Built target actionlib_generate_messages_nodejs
[24.653s] [  0%] Built target tf2_msgs_generate_messages_eus
[24.656s] [  0%] Built target autoware_system_msgs_generate_messages_eus
[24.688s] [  0%] Built target actionlib_generate_messages_py
[24.697s] [  0%] Built target tf2_msgs_generate_messages_lisp
[24.710s] [  0%] Built target tf2_msgs_generate_messages_py
[24.721s] [  0%] Built target tf2_msgs_generate_messages_nodejs
[24.731s] [  0%] Built target rosgraph_msgs_generate_messages_eus
[24.787s] [100%] Built target pure_pursuit
[24.820s] [36mInstall the project...[0m
[24.846s] -- Install configuration: "Release"
[24.846s] -- Up-to-date: /home/kimna/Desktop/autoware.ai/src/autoware/core_planning/pure_pursuit/install/pure_pursuit/lib/pkgconfig/pure_pursuit.pc
[24.847s] -- Up-to-date: /home/kimna/Desktop/autoware.ai/src/autoware/core_planning/pure_pursuit/install/pure_pursuit/share/pure_pursuit/cmake/pure_pursuitConfig.cmake
[24.847s] -- Up-to-date: /home/kimna/Desktop/autoware.ai/src/autoware/core_planning/pure_pursuit/install/pure_pursuit/share/pure_pursuit/cmake/pure_pursuitConfig-version.cmake
[24.847s] -- Up-to-date: /home/kimna/Desktop/autoware.ai/src/autoware/core_planning/pure_pursuit/install/pure_pursuit/share/pure_pursuit/package.xml
[24.848s] -- Installing: /home/kimna/Desktop/autoware.ai/src/autoware/core_planning/pure_pursuit/install/pure_pursuit/lib/pure_pursuit/pure_pursuit
[24.856s] -- Set runtime path of "/home/kimna/Desktop/autoware.ai/src/autoware/core_planning/pure_pursuit/install/pure_pursuit/lib/pure_pursuit/pure_pursuit" to ""
[24.857s] -- Up-to-date: /home/kimna/Desktop/autoware.ai/src/autoware/core_planning/pure_pursuit/install/pure_pursuit/share/pure_pursuit/launch
[24.857s] -- Up-to-date: /home/kimna/Desktop/autoware.ai/src/autoware/core_planning/pure_pursuit/install/pure_pursuit/share/pure_pursuit/launch/pure_pursuit.launch
[24.862s] Invoked command in '/home/kimna/Desktop/autoware.ai/src/autoware/core_planning/pure_pursuit/build/pure_pursuit' returned '0': CONDA_PROMPT_MODIFIER=(base) /usr/bin/cmake --build /home/kimna/Desktop/autoware.ai/src/autoware/core_planning/pure_pursuit/build/pure_pursuit --target install -- -j8 -l8
