Determining if the pthread_create exist failed with the following output:
Change Dir: /home/kimna/Desktop/autoware.ai/src/autoware/core_planning/build/decision_maker/CMakeFiles/CMakeTmp

Run Build Command:"/usr/bin/make" "cmTC_231a7/fast"
/usr/bin/make -f CMakeFiles/cmTC_231a7.dir/build.make CMakeFiles/cmTC_231a7.dir/build
make[1]: Entering directory '/home/kimna/Desktop/autoware.ai/src/autoware/core_planning/build/decision_maker/CMakeFiles/CMakeTmp'
Building C object CMakeFiles/cmTC_231a7.dir/CheckSymbolExists.c.o
/usr/bin/cc    -o CMakeFiles/cmTC_231a7.dir/CheckSymbolExists.c.o   -c /home/kimna/Desktop/autoware.ai/src/autoware/core_planning/build/decision_maker/CMakeFiles/CMakeTmp/CheckSymbolExists.c
Linking C executable cmTC_231a7
/usr/bin/cmake -E cmake_link_script CMakeFiles/cmTC_231a7.dir/link.txt --verbose=1
/usr/bin/cc      -rdynamic CMakeFiles/cmTC_231a7.dir/CheckSymbolExists.c.o  -o cmTC_231a7 
CMakeFiles/cmTC_231a7.dir/CheckSymbolExists.c.o: In function `main':
CheckSymbolExists.c:(.text+0x1b): undefined reference to `pthread_create'
collect2: error: ld returned 1 exit status
CMakeFiles/cmTC_231a7.dir/build.make:97: recipe for target 'cmTC_231a7' failed
make[1]: *** [cmTC_231a7] Error 1
make[1]: Leaving directory '/home/kimna/Desktop/autoware.ai/src/autoware/core_planning/build/decision_maker/CMakeFiles/CMakeTmp'
Makefile:126: recipe for target 'cmTC_231a7/fast' failed
make: *** [cmTC_231a7/fast] Error 2

File /home/kimna/Desktop/autoware.ai/src/autoware/core_planning/build/decision_maker/CMakeFiles/CMakeTmp/CheckSymbolExists.c:
/* */
#include <pthread.h>

int main(int argc, char** argv)
{
  (void)argv;
#ifndef pthread_create
  return ((int*)(&pthread_create))[argc];
#else
  (void)argc;
  return 0;
#endif
}

Determining if the function pthread_create exists in the pthreads failed with the following output:
Change Dir: /home/kimna/Desktop/autoware.ai/src/autoware/core_planning/build/decision_maker/CMakeFiles/CMakeTmp

Run Build Command:"/usr/bin/make" "cmTC_792de/fast"
/usr/bin/make -f CMakeFiles/cmTC_792de.dir/build.make CMakeFiles/cmTC_792de.dir/build
make[1]: Entering directory '/home/kimna/Desktop/autoware.ai/src/autoware/core_planning/build/decision_maker/CMakeFiles/CMakeTmp'
Building C object CMakeFiles/cmTC_792de.dir/CheckFunctionExists.c.o
/usr/bin/cc   -DCHECK_FUNCTION_EXISTS=pthread_create   -o CMakeFiles/cmTC_792de.dir/CheckFunctionExists.c.o   -c /usr/share/cmake-3.10/Modules/CheckFunctionExists.c
Linking C executable cmTC_792de
/usr/bin/cmake -E cmake_link_script CMakeFiles/cmTC_792de.dir/link.txt --verbose=1
/usr/bin/cc  -DCHECK_FUNCTION_EXISTS=pthread_create    -rdynamic CMakeFiles/cmTC_792de.dir/CheckFunctionExists.c.o  -o cmTC_792de -lpthreads 
/usr/bin/ld: cannot find -lpthreads
collect2: error: ld returned 1 exit status
CMakeFiles/cmTC_792de.dir/build.make:97: recipe for target 'cmTC_792de' failed
make[1]: *** [cmTC_792de] Error 1
make[1]: Leaving directory '/home/kimna/Desktop/autoware.ai/src/autoware/core_planning/build/decision_maker/CMakeFiles/CMakeTmp'
Makefile:126: recipe for target 'cmTC_792de/fast' failed
make: *** [cmTC_792de/fast] Error 2


