Determining if the pthread_create exist failed with the following output:
Change Dir: /home/kimna/Desktop/autoware.ai/src/autoware/core_planning/build/twist_gate/CMakeFiles/CMakeTmp

Run Build Command:"/usr/bin/make" "cmTC_23fe2/fast"
/usr/bin/make -f CMakeFiles/cmTC_23fe2.dir/build.make CMakeFiles/cmTC_23fe2.dir/build
make[1]: Entering directory '/home/kimna/Desktop/autoware.ai/src/autoware/core_planning/build/twist_gate/CMakeFiles/CMakeTmp'
Building C object CMakeFiles/cmTC_23fe2.dir/CheckSymbolExists.c.o
/usr/bin/cc    -o CMakeFiles/cmTC_23fe2.dir/CheckSymbolExists.c.o   -c /home/kimna/Desktop/autoware.ai/src/autoware/core_planning/build/twist_gate/CMakeFiles/CMakeTmp/CheckSymbolExists.c
Linking C executable cmTC_23fe2
/usr/bin/cmake -E cmake_link_script CMakeFiles/cmTC_23fe2.dir/link.txt --verbose=1
/usr/bin/cc      -rdynamic CMakeFiles/cmTC_23fe2.dir/CheckSymbolExists.c.o  -o cmTC_23fe2 
CMakeFiles/cmTC_23fe2.dir/CheckSymbolExists.c.o: In function `main':
CheckSymbolExists.c:(.text+0x1b): undefined reference to `pthread_create'
collect2: error: ld returned 1 exit status
CMakeFiles/cmTC_23fe2.dir/build.make:97: recipe for target 'cmTC_23fe2' failed
make[1]: *** [cmTC_23fe2] Error 1
make[1]: Leaving directory '/home/kimna/Desktop/autoware.ai/src/autoware/core_planning/build/twist_gate/CMakeFiles/CMakeTmp'
Makefile:126: recipe for target 'cmTC_23fe2/fast' failed
make: *** [cmTC_23fe2/fast] Error 2

File /home/kimna/Desktop/autoware.ai/src/autoware/core_planning/build/twist_gate/CMakeFiles/CMakeTmp/CheckSymbolExists.c:
/* */
#include <pthread.h>

int main(int argc, char** argv)
{
  (void)argv;
#ifndef pthread_create
  return ((int*)(&pthread_create))[argc];
#else
  (void)argc;
  return 0;
#endif
}

Determining if the function pthread_create exists in the pthreads failed with the following output:
Change Dir: /home/kimna/Desktop/autoware.ai/src/autoware/core_planning/build/twist_gate/CMakeFiles/CMakeTmp

Run Build Command:"/usr/bin/make" "cmTC_7029a/fast"
/usr/bin/make -f CMakeFiles/cmTC_7029a.dir/build.make CMakeFiles/cmTC_7029a.dir/build
make[1]: Entering directory '/home/kimna/Desktop/autoware.ai/src/autoware/core_planning/build/twist_gate/CMakeFiles/CMakeTmp'
Building C object CMakeFiles/cmTC_7029a.dir/CheckFunctionExists.c.o
/usr/bin/cc   -DCHECK_FUNCTION_EXISTS=pthread_create   -o CMakeFiles/cmTC_7029a.dir/CheckFunctionExists.c.o   -c /usr/share/cmake-3.10/Modules/CheckFunctionExists.c
Linking C executable cmTC_7029a
/usr/bin/cmake -E cmake_link_script CMakeFiles/cmTC_7029a.dir/link.txt --verbose=1
/usr/bin/cc  -DCHECK_FUNCTION_EXISTS=pthread_create    -rdynamic CMakeFiles/cmTC_7029a.dir/CheckFunctionExists.c.o  -o cmTC_7029a -lpthreads 
/usr/bin/ld: cannot find -lpthreads
collect2: error: ld returned 1 exit status
CMakeFiles/cmTC_7029a.dir/build.make:97: recipe for target 'cmTC_7029a' failed
make[1]: *** [cmTC_7029a] Error 1
make[1]: Leaving directory '/home/kimna/Desktop/autoware.ai/src/autoware/core_planning/build/twist_gate/CMakeFiles/CMakeTmp'
Makefile:126: recipe for target 'cmTC_7029a/fast' failed
make: *** [cmTC_7029a/fast] Error 2


