[0.024s] Invoking command in '/home/kimna/Desktop/autoware.ai/src/autoware/core_planning/pure_pursuit/build/pure_pursuit': CONDA_PROMPT_MODIFIER=(base) /usr/bin/cmake --build /home/kimna/Desktop/autoware.ai/src/autoware/core_planning/pure_pursuit/build/pure_pursuit -- -j8 -l8
[0.135s] [  0%] Built target geometry_msgs_generate_messages_py
[0.137s] [  0%] Built target rosgraph_msgs_generate_messages_eus
[0.137s] [  0%] Built target jsk_recognition_msgs_generate_messages_lisp
[0.142s] [  0%] Built target jsk_recognition_msgs_generate_messages_eus
[0.142s] [  0%] Built target autoware_config_msgs_generate_messages_lisp
[0.146s] [  0%] Built target autoware_system_msgs_generate_messages_lisp
[0.161s] [  0%] Built target pcl_msgs_generate_messages_eus
[0.162s] [  0%] Built target actionlib_generate_messages_cpp
[0.200s] [  0%] Built target _catkin_empty_exported_target
[0.202s] [  0%] Built target autoware_system_msgs_generate_messages_py
[0.204s] [  0%] Built target roscpp_generate_messages_cpp
[0.223s] [  0%] Built target sensor_msgs_generate_messages_nodejs
[0.225s] [  0%] Built target autoware_msgs_generate_messages_cpp
[0.226s] [  0%] Built target sensor_msgs_generate_messages_eus
[0.227s] [  0%] Built target sensor_msgs_generate_messages_cpp
[0.257s] [  0%] Built target tf2_msgs_generate_messages_cpp
[0.257s] [  0%] Built target std_msgs_generate_messages_py
[0.268s] [  0%] Built target autoware_msgs_generate_messages_py
[0.283s] [  0%] Built target pcl_msgs_generate_messages_nodejs
[0.292s] [  0%] Built target jsk_recognition_msgs_generate_messages_py
[0.293s] [  0%] Built target rosgraph_msgs_generate_messages_cpp
[0.302s] [  0%] Built target std_msgs_generate_messages_nodejs
[0.307s] [  0%] Built target sensor_msgs_generate_messages_lisp
[0.325s] [  0%] Built target tf_generate_messages_py
[0.334s] [  0%] Built target sensor_msgs_generate_messages_py
[0.347s] [  0%] Built target jsk_footstep_msgs_generate_messages_py
[0.353s] [  0%] Built target std_msgs_generate_messages_cpp
[0.361s] [  0%] Built target geometry_msgs_generate_messages_eus
[0.362s] [  0%] Built target actionlib_msgs_generate_messages_nodejs
[0.397s] [  0%] Built target roscpp_generate_messages_nodejs
[0.398s] [  0%] Built target autoware_system_msgs_generate_messages_cpp
[0.403s] [  0%] Built target std_msgs_generate_messages_lisp
[0.406s] [  0%] Built target geometry_msgs_generate_messages_nodejs
[0.418s] [  0%] Built target geometry_msgs_generate_messages_lisp
[0.428s] [  0%] Built target jsk_recognition_msgs_generate_messages_cpp
[0.429s] [  0%] Built target pcl_msgs_generate_messages_cpp
[0.447s] [  0%] Built target autoware_msgs_generate_messages_eus
[0.465s] [  0%] Built target autoware_msgs_generate_messages_lisp
[0.472s] [  0%] Built target jsk_footstep_msgs_generate_messages_eus
[0.480s] [  0%] Built target std_msgs_generate_messages_eus
[0.494s] [  0%] Built target autoware_msgs_generate_messages_nodejs
[0.504s] [  0%] Built target actionlib_msgs_generate_messages_py
[0.506s] [  0%] Built target jsk_footstep_msgs_generate_messages_lisp
[0.516s] [  0%] Built target jsk_footstep_msgs_generate_messages_nodejs
[0.533s] [  0%] Built target autoware_config_msgs_generate_messages_eus
[0.537s] [  0%] Built target autoware_system_msgs_generate_messages_nodejs
[0.537s] [  0%] Built target actionlib_msgs_generate_messages_lisp
[0.557s] [  0%] Built target jsk_footstep_msgs_generate_messages_cpp
[0.569s] [  0%] Built target tf_generate_messages_eus
[0.586s] [  0%] Built target autoware_config_msgs_generate_messages_nodejs
[0.590s] [  0%] Built target actionlib_msgs_generate_messages_cpp
[0.593s] [  0%] Built target tf_generate_messages_lisp
[0.612s] [  0%] Built target roscpp_generate_messages_lisp
[0.629s] [  0%] Built target jsk_recognition_msgs_generate_messages_nodejs
[0.630s] [  0%] Built target tf_generate_messages_nodejs
[0.633s] [  0%] Built target roscpp_generate_messages_py
[0.643s] [  0%] Built target rosgraph_msgs_generate_messages_lisp
[0.654s] [  0%] Built target roscpp_generate_messages_eus
[0.658s] [  0%] Built target autoware_config_msgs_generate_messages_cpp
[0.679s] [  0%] Built target rosgraph_msgs_generate_messages_nodejs
[0.690s] [  0%] Built target rosgraph_msgs_generate_messages_py
[0.696s] [  0%] Built target actionlib_msgs_generate_messages_eus
[0.698s] [  0%] Built target autoware_config_msgs_generate_messages_py
[0.720s] [  0%] Built target actionlib_generate_messages_eus
[0.721s] [  0%] Built target geometry_msgs_generate_messages_cpp
[0.735s] [  0%] Built target pcl_msgs_generate_messages_py
[0.749s] [  0%] Built target tf_generate_messages_cpp
[0.759s] [  0%] Built target actionlib_generate_messages_lisp
[0.759s] [  0%] Built target pcl_msgs_generate_messages_lisp
[0.772s] [  0%] Built target actionlib_generate_messages_nodejs
[0.778s] [  0%] Built target autoware_system_msgs_generate_messages_eus
[0.784s] [  0%] Built target tf2_msgs_generate_messages_lisp
[0.793s] [  0%] Built target actionlib_generate_messages_py
[0.798s] [  0%] Built target tf2_msgs_generate_messages_eus
[0.804s] [  0%] Built target tf2_msgs_generate_messages_py
[0.816s] [  0%] Built target tf2_msgs_generate_messages_nodejs
[0.836s] [35m[1mScanning dependencies of target pure_pursuit[0m
[0.872s] [ 20%] [32mBuilding CXX object CMakeFiles/pure_pursuit.dir/src/pure_pursuit_core.cpp.o[0m
[7.684s] [ 40%] [32m[1mLinking CXX executable devel/lib/pure_pursuit/pure_pursuit[0m
[7.927s] [100%] Built target pure_pursuit
[7.945s] Invoked command in '/home/kimna/Desktop/autoware.ai/src/autoware/core_planning/pure_pursuit/build/pure_pursuit' returned '0': CONDA_PROMPT_MODIFIER=(base) /usr/bin/cmake --build /home/kimna/Desktop/autoware.ai/src/autoware/core_planning/pure_pursuit/build/pure_pursuit -- -j8 -l8
[8.166s] Invoking command in '/home/kimna/Desktop/autoware.ai/src/autoware/core_planning/pure_pursuit/build/pure_pursuit': CONDA_PROMPT_MODIFIER=(base) /usr/bin/cmake --build /home/kimna/Desktop/autoware.ai/src/autoware/core_planning/pure_pursuit/build/pure_pursuit --target tests -- -j8 -l8
[8.297s] [  0%] Built target geometry_msgs_generate_messages_py
[8.299s] [  0%] Built target rosgraph_msgs_generate_messages_eus
[8.304s] [  0%] Built target jsk_recognition_msgs_generate_messages_eus
[8.304s] [  0%] Built target actionlib_generate_messages_cpp
[8.306s] [  0%] Built target pcl_msgs_generate_messages_eus
[8.307s] [  0%] Built target autoware_system_msgs_generate_messages_lisp
[8.321s] [  0%] Built target jsk_recognition_msgs_generate_messages_lisp
[8.325s] [ 28%] Built target gtest
[8.366s] [ 28%] Built target sensor_msgs_generate_messages_nodejs
[8.376s] [ 28%] Built target autoware_system_msgs_generate_messages_py
[8.378s] [ 28%] Built target sensor_msgs_generate_messages_cpp
[8.386s] [ 28%] Built target sensor_msgs_generate_messages_eus
[8.390s] [ 28%] Built target roscpp_generate_messages_cpp
[8.396s] [ 28%] Built target tf2_msgs_generate_messages_cpp
[8.401s] [ 28%] Built target autoware_msgs_generate_messages_cpp
[8.404s] [ 28%] Built target _catkin_empty_exported_target
[8.449s] [ 28%] Built target autoware_msgs_generate_messages_py
[8.451s] [ 28%] Built target std_msgs_generate_messages_nodejs
[8.461s] [ 28%] Built target pcl_msgs_generate_messages_nodejs
[8.462s] [ 28%] Built target rosgraph_msgs_generate_messages_cpp
[8.466s] [ 28%] Built target std_msgs_generate_messages_py
[8.473s] [ 28%] Built target jsk_recognition_msgs_generate_messages_py
[8.483s] [ 28%] Built target sensor_msgs_generate_messages_py
[8.484s] [ 28%] Built target sensor_msgs_generate_messages_lisp
[8.504s] [ 28%] Built target tf_generate_messages_py
[8.514s] [ 28%] Built target std_msgs_generate_messages_cpp
[8.528s] [ 28%] Built target geometry_msgs_generate_messages_eus
[8.528s] [ 28%] Built target jsk_footstep_msgs_generate_messages_py
[8.542s] [ 28%] Built target actionlib_msgs_generate_messages_nodejs
[8.543s] [ 28%] Built target roscpp_generate_messages_nodejs
[8.544s] [ 28%] Built target std_msgs_generate_messages_lisp
[8.565s] [ 28%] Built target autoware_system_msgs_generate_messages_cpp
[8.579s] [ 28%] Built target geometry_msgs_generate_messages_nodejs
[8.598s] [ 28%] Built target pcl_msgs_generate_messages_cpp
[8.599s] [ 28%] Built target geometry_msgs_generate_messages_lisp
[8.605s] [ 28%] Built target jsk_recognition_msgs_generate_messages_cpp
[8.609s] [ 28%] Built target std_msgs_generate_messages_eus
[8.614s] [ 28%] Built target autoware_msgs_generate_messages_lisp
[8.630s] [ 28%] Built target autoware_msgs_generate_messages_nodejs
[8.630s] [ 28%] Built target autoware_msgs_generate_messages_eus
[8.662s] [ 28%] Built target jsk_footstep_msgs_generate_messages_eus
[8.667s] [ 28%] Built target actionlib_msgs_generate_messages_py
[8.678s] [ 28%] Built target autoware_config_msgs_generate_messages_eus
[8.691s] [ 28%] Built target autoware_system_msgs_generate_messages_nodejs
[8.691s] [ 28%] Built target jsk_footstep_msgs_generate_messages_lisp
[8.691s] [ 28%] Built target actionlib_msgs_generate_messages_lisp
[8.699s] [ 28%] Built target jsk_footstep_msgs_generate_messages_nodejs
[8.715s] [ 28%] Built target jsk_footstep_msgs_generate_messages_cpp
[8.731s] [ 28%] Built target tf_generate_messages_eus
[8.739s] [ 28%] Built target tf_generate_messages_lisp
[8.744s] [ 28%] Built target actionlib_msgs_generate_messages_cpp
[8.767s] [ 28%] Built target jsk_recognition_msgs_generate_messages_nodejs
[8.770s] [ 28%] Built target roscpp_generate_messages_lisp
[8.775s] [ 28%] Built target tf_generate_messages_nodejs
[8.780s] [ 28%] Built target autoware_config_msgs_generate_messages_nodejs
[8.790s] [ 28%] Built target roscpp_generate_messages_py
[8.808s] [ 28%] Built target rosgraph_msgs_generate_messages_lisp
[8.835s] [ 28%] Built target autoware_config_msgs_generate_messages_cpp
[8.835s] [ 28%] Built target rosgraph_msgs_generate_messages_nodejs
[8.845s] [ 28%] Built target autoware_config_msgs_generate_messages_py
[8.846s] [ 28%] Built target roscpp_generate_messages_eus
[8.856s] [ 28%] Built target pcl_msgs_generate_messages_py
[8.862s] [ 28%] Built target rosgraph_msgs_generate_messages_py
[8.862s] [ 28%] Built target actionlib_msgs_generate_messages_eus
[8.885s] [ 28%] Built target actionlib_generate_messages_eus
[8.907s] [ 28%] Built target geometry_msgs_generate_messages_cpp
[8.912s] [ 28%] Built target actionlib_generate_messages_lisp
[8.922s] [ 28%] Built target tf_generate_messages_cpp
[8.922s] [ 28%] Built target autoware_system_msgs_generate_messages_eus
[8.933s] [ 28%] Built target pcl_msgs_generate_messages_lisp
[8.933s] [ 28%] Built target actionlib_generate_messages_nodejs
[8.941s] [ 28%] Built target tf2_msgs_generate_messages_lisp
[8.964s] [ 28%] Built target tf2_msgs_generate_messages_eus
[8.964s] [ 28%] Built target actionlib_generate_messages_py
[8.966s] [ 28%] Built target tf2_msgs_generate_messages_py
[8.972s] [ 28%] Built target tf2_msgs_generate_messages_nodejs
[8.977s] [ 28%] Built target autoware_config_msgs_generate_messages_lisp
[8.999s] [35m[1mScanning dependencies of target test-pure_pursuit[0m
[9.038s] [ 42%] [32mBuilding CXX object CMakeFiles/test-pure_pursuit.dir/src/pure_pursuit_core.cpp.o[0m
[16.027s] [ 57%] [32m[1mLinking CXX executable devel/lib/pure_pursuit/test-pure_pursuit[0m
[16.290s] [100%] Built target test-pure_pursuit
[16.328s] [100%] Built target tests
[16.346s] Invoked command in '/home/kimna/Desktop/autoware.ai/src/autoware/core_planning/pure_pursuit/build/pure_pursuit' returned '0': CONDA_PROMPT_MODIFIER=(base) /usr/bin/cmake --build /home/kimna/Desktop/autoware.ai/src/autoware/core_planning/pure_pursuit/build/pure_pursuit --target tests -- -j8 -l8
[16.607s] Invoking command in '/home/kimna/Desktop/autoware.ai/src/autoware/core_planning/pure_pursuit/build/pure_pursuit': CONDA_PROMPT_MODIFIER=(base) /usr/bin/cmake --build /home/kimna/Desktop/autoware.ai/src/autoware/core_planning/pure_pursuit/build/pure_pursuit --target install -- -j8 -l8
[16.710s] [  0%] Built target geometry_msgs_generate_messages_py
[16.711s] [  0%] Built target autoware_config_msgs_generate_messages_lisp
[16.711s] [  0%] Built target pcl_msgs_generate_messages_eus
[16.723s] [  0%] Built target jsk_recognition_msgs_generate_messages_lisp
[16.723s] [  0%] Built target rosgraph_msgs_generate_messages_eus
[16.723s] [  0%] Built target actionlib_generate_messages_cpp
[16.732s] [  0%] Built target autoware_system_msgs_generate_messages_lisp
[16.734s] [  0%] Built target jsk_recognition_msgs_generate_messages_eus
[16.775s] [  0%] Built target sensor_msgs_generate_messages_nodejs
[16.776s] [  0%] Built target roscpp_generate_messages_cpp
[16.789s] [  0%] Built target tf2_msgs_generate_messages_cpp
[16.789s] [  0%] Built target autoware_system_msgs_generate_messages_py
[16.791s] [  0%] Built target autoware_msgs_generate_messages_cpp
[16.794s] [  0%] Built target sensor_msgs_generate_messages_cpp
[16.808s] [  0%] Built target sensor_msgs_generate_messages_eus
[16.816s] [  0%] Built target _catkin_empty_exported_target
[16.842s] [  0%] Built target std_msgs_generate_messages_py
[16.850s] [  0%] Built target autoware_msgs_generate_messages_py
[16.858s] [  0%] Built target rosgraph_msgs_generate_messages_cpp
[16.860s] [  0%] Built target std_msgs_generate_messages_nodejs
[16.860s] [  0%] Built target pcl_msgs_generate_messages_nodejs
[16.866s] [  0%] Built target jsk_recognition_msgs_generate_messages_py
[16.877s] [  0%] Built target sensor_msgs_generate_messages_lisp
[16.880s] [  0%] Built target sensor_msgs_generate_messages_py
[16.914s] [  0%] Built target std_msgs_generate_messages_cpp
[16.917s] [  0%] Built target tf_generate_messages_py
[16.930s] [  0%] Built target jsk_footstep_msgs_generate_messages_py
[16.950s] [  0%] Built target roscpp_generate_messages_nodejs
[16.950s] [  0%] Built target std_msgs_generate_messages_lisp
[16.951s] [  0%] Built target autoware_system_msgs_generate_messages_cpp
[16.955s] [  0%] Built target actionlib_msgs_generate_messages_nodejs
[16.966s] [  0%] Built target geometry_msgs_generate_messages_eus
[16.997s] [  0%] Built target pcl_msgs_generate_messages_cpp
[17.010s] [  0%] Built target geometry_msgs_generate_messages_lisp
[17.010s] [  0%] Built target geometry_msgs_generate_messages_nodejs
[17.017s] [  0%] Built target autoware_msgs_generate_messages_lisp
[17.017s] [  0%] Built target jsk_recognition_msgs_generate_messages_cpp
[17.021s] [  0%] Built target std_msgs_generate_messages_eus
[17.029s] [  0%] Built target autoware_msgs_generate_messages_eus
[17.034s] [  0%] Built target autoware_msgs_generate_messages_nodejs
[17.073s] [  0%] Built target autoware_config_msgs_generate_messages_eus
[17.075s] [  0%] Built target actionlib_msgs_generate_messages_py
[17.077s] [  0%] Built target jsk_footstep_msgs_generate_messages_nodejs
[17.082s] [  0%] Built target jsk_footstep_msgs_generate_messages_lisp
[17.093s] [  0%] Built target jsk_footstep_msgs_generate_messages_eus
[17.096s] [  0%] Built target autoware_system_msgs_generate_messages_nodejs
[17.115s] [  0%] Built target actionlib_msgs_generate_messages_lisp
[17.130s] [  0%] Built target jsk_footstep_msgs_generate_messages_cpp
[17.140s] [  0%] Built target tf_generate_messages_eus
[17.144s] [  0%] Built target autoware_config_msgs_generate_messages_nodejs
[17.146s] [  0%] Built target actionlib_msgs_generate_messages_cpp
[17.155s] [  0%] Built target jsk_recognition_msgs_generate_messages_nodejs
[17.162s] [  0%] Built target tf_generate_messages_lisp
[17.162s] [  0%] Built target tf_generate_messages_nodejs
[17.178s] [  0%] Built target roscpp_generate_messages_lisp
[17.196s] [  0%] Built target roscpp_generate_messages_py
[17.210s] [  0%] Built target rosgraph_msgs_generate_messages_lisp
[17.214s] [  0%] Built target autoware_config_msgs_generate_messages_cpp
[17.221s] [  0%] Built target actionlib_msgs_generate_messages_eus
[17.231s] [  0%] Built target rosgraph_msgs_generate_messages_py
[17.235s] [  0%] Built target roscpp_generate_messages_eus
[17.237s] [  0%] Built target rosgraph_msgs_generate_messages_nodejs
[17.240s] [  0%] Built target autoware_config_msgs_generate_messages_py
[17.249s] [  0%] Built target pcl_msgs_generate_messages_py
[17.290s] [  0%] Built target geometry_msgs_generate_messages_cpp
[17.293s] [  0%] Built target actionlib_generate_messages_eus
[17.302s] [  0%] Built target actionlib_generate_messages_lisp
[17.304s] [  0%] Built target pcl_msgs_generate_messages_lisp
[17.304s] [  0%] Built target autoware_system_msgs_generate_messages_eus
[17.312s] [  0%] Built target actionlib_generate_messages_nodejs
[17.322s] [  0%] Built target tf_generate_messages_cpp
[17.324s] [  0%] Built target tf2_msgs_generate_messages_eus
[17.343s] [  0%] Built target actionlib_generate_messages_py
[17.346s] [  0%] Built target tf2_msgs_generate_messages_lisp
[17.346s] [  0%] Built target tf2_msgs_generate_messages_py
[17.358s] [  0%] Built target tf2_msgs_generate_messages_nodejs
[17.401s] [100%] Built target pure_pursuit
[17.434s] [36mInstall the project...[0m
[17.448s] -- Install configuration: "Release"
[17.448s] -- Up-to-date: /home/kimna/Desktop/autoware.ai/src/autoware/core_planning/pure_pursuit/install/pure_pursuit/lib/pkgconfig/pure_pursuit.pc
[17.449s] -- Up-to-date: /home/kimna/Desktop/autoware.ai/src/autoware/core_planning/pure_pursuit/install/pure_pursuit/share/pure_pursuit/cmake/pure_pursuitConfig.cmake
[17.449s] -- Up-to-date: /home/kimna/Desktop/autoware.ai/src/autoware/core_planning/pure_pursuit/install/pure_pursuit/share/pure_pursuit/cmake/pure_pursuitConfig-version.cmake
[17.449s] -- Up-to-date: /home/kimna/Desktop/autoware.ai/src/autoware/core_planning/pure_pursuit/install/pure_pursuit/share/pure_pursuit/package.xml
[17.449s] -- Installing: /home/kimna/Desktop/autoware.ai/src/autoware/core_planning/pure_pursuit/install/pure_pursuit/lib/pure_pursuit/pure_pursuit
[17.456s] -- Set runtime path of "/home/kimna/Desktop/autoware.ai/src/autoware/core_planning/pure_pursuit/install/pure_pursuit/lib/pure_pursuit/pure_pursuit" to ""
[17.456s] -- Up-to-date: /home/kimna/Desktop/autoware.ai/src/autoware/core_planning/pure_pursuit/install/pure_pursuit/share/pure_pursuit/launch
[17.456s] -- Up-to-date: /home/kimna/Desktop/autoware.ai/src/autoware/core_planning/pure_pursuit/install/pure_pursuit/share/pure_pursuit/launch/pure_pursuit.launch
[17.461s] Invoked command in '/home/kimna/Desktop/autoware.ai/src/autoware/core_planning/pure_pursuit/build/pure_pursuit' returned '0': CONDA_PROMPT_MODIFIER=(base) /usr/bin/cmake --build /home/kimna/Desktop/autoware.ai/src/autoware/core_planning/pure_pursuit/build/pure_pursuit --target install -- -j8 -l8
