[0.155s] [  0%] Built target geometry_msgs_generate_messages_py
[0.155s] [  0%] Built target rosgraph_msgs_generate_messages_eus
[0.161s] [  0%] Built target autoware_config_msgs_generate_messages_lisp
[0.164s] [  0%] Built target jsk_recognition_msgs_generate_messages_lisp
[0.166s] [  0%] Built target autoware_system_msgs_generate_messages_lisp
[0.166s] [  0%] Built target jsk_recognition_msgs_generate_messages_eus
[0.179s] [  0%] Built target pcl_msgs_generate_messages_eus
[0.215s] [  0%] Built target actionlib_generate_messages_cpp
[0.251s] [  0%] Built target sensor_msgs_generate_messages_nodejs
[0.255s] [  0%] Built target sensor_msgs_generate_messages_cpp
[0.260s] [  0%] Built target roscpp_generate_messages_cpp
[0.265s] [  0%] Built target autoware_msgs_generate_messages_cpp
[0.266s] [  0%] Built target _catkin_empty_exported_target
[0.272s] [  0%] Built target autoware_system_msgs_generate_messages_py
[0.286s] [  0%] Built target sensor_msgs_generate_messages_eus
[0.317s] [  0%] Built target tf2_msgs_generate_messages_cpp
[0.332s] [  0%] Built target std_msgs_generate_messages_py
[0.339s] [  0%] Built target rosgraph_msgs_generate_messages_cpp
[0.361s] [  0%] Built target autoware_msgs_generate_messages_py
[0.387s] [  0%] Built target std_msgs_generate_messages_nodejs
[0.388s] [  0%] Built target jsk_recognition_msgs_generate_messages_py
[0.406s] [  0%] Built target tf_generate_messages_py
[0.429s] [  0%] Built target pcl_msgs_generate_messages_nodejs
[0.432s] [  0%] Built target sensor_msgs_generate_messages_py
[0.439s] [  0%] Built target sensor_msgs_generate_messages_lisp
[0.453s] [  0%] Built target jsk_footstep_msgs_generate_messages_py
[0.477s] [  0%] Built target std_msgs_generate_messages_cpp
[0.490s] [  0%] Built target geometry_msgs_generate_messages_eus
[0.513s] [  0%] Built target std_msgs_generate_messages_lisp
[0.520s] [  0%] Built target actionlib_msgs_generate_messages_nodejs
[0.532s] [  0%] Built target autoware_system_msgs_generate_messages_cpp
[0.538s] [  0%] Built target roscpp_generate_messages_nodejs
[0.558s] [  0%] Built target jsk_recognition_msgs_generate_messages_cpp
[0.560s] [  0%] Built target geometry_msgs_generate_messages_lisp
[0.564s] [  0%] Built target pcl_msgs_generate_messages_cpp
[0.569s] [  0%] Built target geometry_msgs_generate_messages_nodejs
[0.607s] [  0%] Built target autoware_msgs_generate_messages_eus
[0.650s] [  0%] Built target jsk_footstep_msgs_generate_messages_eus
[0.666s] [  0%] Built target autoware_msgs_generate_messages_nodejs
[0.673s] [  0%] Built target std_msgs_generate_messages_eus
[0.682s] [  0%] Built target jsk_footstep_msgs_generate_messages_lisp
[0.684s] [  0%] Built target autoware_msgs_generate_messages_lisp
[0.689s] [  0%] Built target autoware_config_msgs_generate_messages_eus
[0.694s] [  0%] Built target actionlib_msgs_generate_messages_py
[0.716s] [  0%] Built target autoware_system_msgs_generate_messages_nodejs
[0.718s] [  0%] Built target jsk_footstep_msgs_generate_messages_nodejs
[0.756s] [  0%] Built target tf_generate_messages_lisp
[0.760s] [  0%] Built target actionlib_msgs_generate_messages_cpp
[0.767s] [  0%] Built target jsk_footstep_msgs_generate_messages_cpp
[0.779s] [  0%] Built target tf_generate_messages_eus
[0.780s] [  0%] Built target actionlib_msgs_generate_messages_lisp
[0.800s] [  0%] Built target autoware_config_msgs_generate_messages_nodejs
[0.800s] [  0%] Built target jsk_recognition_msgs_generate_messages_nodejs
[0.808s] [  0%] Built target tf_generate_messages_nodejs
[0.846s] [  0%] Built target rosgraph_msgs_generate_messages_nodejs
[0.862s] [  0%] Built target roscpp_generate_messages_lisp
[0.880s] [  0%] Built target rosgraph_msgs_generate_messages_lisp
[0.887s] [  0%] Built target autoware_config_msgs_generate_messages_cpp
[0.887s] [  0%] Built target rosgraph_msgs_generate_messages_py
[0.890s] [  0%] Built target roscpp_generate_messages_py
[0.898s] [  0%] Built target actionlib_msgs_generate_messages_eus
[0.908s] [  0%] Built target roscpp_generate_messages_eus
[0.926s] [  0%] Built target autoware_config_msgs_generate_messages_py
[0.973s] [  0%] Built target actionlib_generate_messages_lisp
[0.987s] [  0%] Built target actionlib_generate_messages_eus
[0.993s] [  0%] Built target geometry_msgs_generate_messages_cpp
[0.997s] [  0%] Built target pcl_msgs_generate_messages_lisp
[1.004s] [  0%] Built target autoware_system_msgs_generate_messages_eus
[1.020s] [  0%] Built target tf_generate_messages_cpp
[1.024s] [  0%] Built target pcl_msgs_generate_messages_py
[1.030s] [  0%] Built target actionlib_generate_messages_nodejs
[1.045s] [  0%] Built target tf2_msgs_generate_messages_eus
[1.050s] [  0%] Built target actionlib_generate_messages_py
[1.070s] [  0%] Built target tf2_msgs_generate_messages_py
[1.071s] [  0%] Built target tf2_msgs_generate_messages_lisp
[1.073s] [  0%] Built target tf2_msgs_generate_messages_nodejs
[1.127s] [ 20%] [32mBuilding CXX object CMakeFiles/pure_pursuit.dir/src/pure_pursuit_core.cpp.o[0m
[5.117s] CMakeFiles/pure_pursuit.dir/build.make:110: recipe for target 'CMakeFiles/pure_pursuit.dir/src/pure_pursuit_core.cpp.o' failed
[5.118s] CMakeFiles/Makefile2:444: recipe for target 'CMakeFiles/pure_pursuit.dir/all' failed
[5.118s] Makefile:140: recipe for target 'all' failed
