[0.161s] DEBUG:colcon:Command line arguments: ['/usr/bin/colcon', 'build', '--cmake-args', '-DCMAKE_BUILD_TYPE=Release']
[0.161s] DEBUG:colcon:Parsed command line arguments: Namespace(ament_cmake_args=None, base_paths=['.'], build_base='build', catkin_cmake_args=None, catkin_skip_building_tests=False, cmake_args=['-DCMAKE_BUILD_TYPE=Release'], cmake_clean_cache=False, cmake_clean_first=False, cmake_force_configure=False, cmake_target=None, cmake_target_skip_unavailable=False, continue_on_error=False, event_handlers=None, executor='parallel', ignore_user_meta=False, install_base='install', log_base=None, log_level=None, main=<bound method BuildVerb.main of <colcon_core.verb.build.BuildVerb object at 0x7f14c9aaccc0>>, merge_install=False, metas=['./colcon.meta'], packages_above=None, packages_above_depth=None, packages_end=None, packages_ignore=None, packages_ignore_regex=None, packages_select=None, packages_select_build_failed=False, packages_select_by_dep=None, packages_select_regex=None, packages_select_test_failures=False, packages_skip=None, packages_skip_build_finished=False, packages_skip_by_dep=None, packages_skip_regex=None, packages_skip_test_passed=False, packages_skip_up_to=None, packages_start=None, packages_up_to=None, parallel_workers=8, paths=None, symlink_install=False, test_result_base=None, verb_extension=<colcon_core.verb.build.BuildVerb object at 0x7f14c9aaccc0>, verb_name='build', verb_parser=<colcon_defaults.argument_parser.defaults.DefaultArgumentsDecorator object at 0x7f14c9ab8080>)
[0.214s] Level 1:colcon.colcon_core.package_discovery:discover_packages(colcon_meta) check parameters
[0.214s] Level 1:colcon.colcon_core.package_discovery:discover_packages(recursive) check parameters
[0.214s] Level 1:colcon.colcon_core.package_discovery:discover_packages(ignore) check parameters
[0.214s] Level 1:colcon.colcon_core.package_discovery:discover_packages(path) check parameters
[0.214s] Level 1:colcon.colcon_core.package_discovery:discover_packages(colcon_meta) discover
[0.214s] Level 1:colcon.colcon_core.package_discovery:discover_packages(recursive) discover
[0.214s] INFO:colcon.colcon_core.package_discovery:Crawling recursively for packages in '/home/kimna/Desktop/autoware.ai/src/autoware/core_planning/pure_pursuit'
[0.215s] Level 1:colcon.colcon_core.package_identification:_identify(.) by extensions ['ignore', 'ignore_ament_install']
[0.215s] Level 1:colcon.colcon_core.package_identification:_identify(.) by extension 'ignore'
[0.215s] Level 1:colcon.colcon_core.package_identification:_identify(.) by extension 'ignore_ament_install'
[0.215s] Level 1:colcon.colcon_core.package_identification:_identify(.) by extensions ['colcon_pkg']
[0.215s] Level 1:colcon.colcon_core.package_identification:_identify(.) by extension 'colcon_pkg'
[0.215s] Level 1:colcon.colcon_core.package_identification:_identify(.) by extensions ['colcon_meta']
[0.215s] Level 1:colcon.colcon_core.package_identification:_identify(.) by extension 'colcon_meta'
[0.215s] Level 1:colcon.colcon_core.package_identification:_identify(.) by extensions ['ros']
[0.215s] Level 1:colcon.colcon_core.package_identification:_identify(.) by extension 'ros'
[0.229s] DEBUG:colcon.colcon_core.package_identification:Package '.' with type 'ros.catkin' and name 'pure_pursuit'
[0.229s] Level 1:colcon.colcon_core.package_discovery:discover_packages(recursive) using defaults
[0.229s] Level 1:colcon.colcon_core.package_discovery:discover_packages(ignore) discover
[0.230s] Level 1:colcon.colcon_core.package_discovery:discover_packages(ignore) using defaults
[0.230s] Level 1:colcon.colcon_core.package_discovery:discover_packages(path) discover
[0.230s] Level 1:colcon.colcon_core.package_discovery:discover_packages(path) using defaults
[0.234s] Level 5:colcon.colcon_core.verb:set package 'pure_pursuit' build argument 'cmake_args' from command line to '['-DCMAKE_BUILD_TYPE=Release']'
[0.234s] Level 5:colcon.colcon_core.verb:set package 'pure_pursuit' build argument 'cmake_target' from command line to 'None'
[0.234s] Level 5:colcon.colcon_core.verb:set package 'pure_pursuit' build argument 'cmake_target_skip_unavailable' from command line to 'False'
[0.234s] Level 5:colcon.colcon_core.verb:set package 'pure_pursuit' build argument 'cmake_clean_cache' from command line to 'False'
[0.234s] Level 5:colcon.colcon_core.verb:set package 'pure_pursuit' build argument 'cmake_clean_first' from command line to 'False'
[0.234s] Level 5:colcon.colcon_core.verb:set package 'pure_pursuit' build argument 'cmake_force_configure' from command line to 'False'
[0.234s] Level 5:colcon.colcon_core.verb:set package 'pure_pursuit' build argument 'ament_cmake_args' from command line to 'None'
[0.235s] Level 5:colcon.colcon_core.verb:set package 'pure_pursuit' build argument 'catkin_cmake_args' from command line to 'None'
[0.235s] Level 5:colcon.colcon_core.verb:set package 'pure_pursuit' build argument 'catkin_skip_building_tests' from command line to 'False'
[0.235s] DEBUG:colcon.colcon_core.verb:Building package 'pure_pursuit' with the following arguments: {'ament_cmake_args': None, 'build_base': '/home/kimna/Desktop/autoware.ai/src/autoware/core_planning/pure_pursuit/build/pure_pursuit', 'catkin_cmake_args': None, 'catkin_skip_building_tests': False, 'cmake_args': ['-DCMAKE_BUILD_TYPE=Release'], 'cmake_clean_cache': False, 'cmake_clean_first': False, 'cmake_force_configure': False, 'cmake_target': None, 'cmake_target_skip_unavailable': False, 'install_base': '/home/kimna/Desktop/autoware.ai/src/autoware/core_planning/pure_pursuit/install/pure_pursuit', 'merge_install': False, 'path': '/home/kimna/Desktop/autoware.ai/src/autoware/core_planning/pure_pursuit', 'symlink_install': False, 'test_result_base': None}
[0.235s] INFO:colcon.colcon_core.executor:Executing jobs using 'parallel' executor
[0.236s] DEBUG:colcon.colcon_parallel_executor.executor.parallel:run_until_complete
[0.237s] INFO:colcon.colcon_ros.task.catkin.build:Building ROS package in '/home/kimna/Desktop/autoware.ai/src/autoware/core_planning/pure_pursuit' with build type 'catkin'
[0.237s] INFO:colcon.colcon_cmake.task.cmake.build:Building CMake package in '/home/kimna/Desktop/autoware.ai/src/autoware/core_planning/pure_pursuit'
[0.241s] INFO:colcon.colcon_core.plugin_system:Skipping extension 'colcon_core.shell.bat': Not used on non-Windows systems
[0.241s] INFO:colcon.colcon_core.shell:Skip shell extension 'powershell' for command environment: Not usable outside of PowerShell
[0.241s] DEBUG:colcon.colcon_core.shell:Skip shell extension 'dsv' for command environment
[0.255s] DEBUG:colcon.colcon_core.shell:Ignoring prefix path '/opt/ros/melodic'
[0.270s] DEBUG:colcon.colcon_core.event_handler.log_command:Invoking command in '/home/kimna/Desktop/autoware.ai/src/autoware/core_planning/pure_pursuit/build/pure_pursuit': CONDA_PROMPT_MODIFIER=(base) /usr/bin/cmake --build /home/kimna/Desktop/autoware.ai/src/autoware/core_planning/pure_pursuit/build/pure_pursuit -- -j8 -l8
[8.479s] DEBUG:colcon.colcon_core.event_handler.log_command:Invoked command in '/home/kimna/Desktop/autoware.ai/src/autoware/core_planning/pure_pursuit/build/pure_pursuit' returned '0': CONDA_PROMPT_MODIFIER=(base) /usr/bin/cmake --build /home/kimna/Desktop/autoware.ai/src/autoware/core_planning/pure_pursuit/build/pure_pursuit -- -j8 -l8
[8.703s] DEBUG:colcon.colcon_core.event_handler.log_command:Invoking command in '/home/kimna/Desktop/autoware.ai/src/autoware/core_planning/pure_pursuit/build/pure_pursuit': CONDA_PROMPT_MODIFIER=(base) /usr/bin/cmake --build /home/kimna/Desktop/autoware.ai/src/autoware/core_planning/pure_pursuit/build/pure_pursuit --target tests -- -j8 -l8
[16.723s] DEBUG:colcon.colcon_core.event_handler.log_command:Invoked command in '/home/kimna/Desktop/autoware.ai/src/autoware/core_planning/pure_pursuit/build/pure_pursuit' returned '0': CONDA_PROMPT_MODIFIER=(base) /usr/bin/cmake --build /home/kimna/Desktop/autoware.ai/src/autoware/core_planning/pure_pursuit/build/pure_pursuit --target tests -- -j8 -l8
[16.969s] DEBUG:colcon.colcon_core.event_handler.log_command:Invoking command in '/home/kimna/Desktop/autoware.ai/src/autoware/core_planning/pure_pursuit/build/pure_pursuit': CONDA_PROMPT_MODIFIER=(base) /usr/bin/cmake --build /home/kimna/Desktop/autoware.ai/src/autoware/core_planning/pure_pursuit/build/pure_pursuit --target install -- -j8 -l8
[17.843s] Level 1:colcon.colcon_core.shell:create_environment_hook('pure_pursuit', 'ros_package_path')
[17.844s] DEBUG:colcon.colcon_core.event_handler.log_command:Invoked command in '/home/kimna/Desktop/autoware.ai/src/autoware/core_planning/pure_pursuit/build/pure_pursuit' returned '0': CONDA_PROMPT_MODIFIER=(base) /usr/bin/cmake --build /home/kimna/Desktop/autoware.ai/src/autoware/core_planning/pure_pursuit/build/pure_pursuit --target install -- -j8 -l8
[17.845s] INFO:colcon.colcon_core.shell:Creating environment hook '/home/kimna/Desktop/autoware.ai/src/autoware/core_planning/pure_pursuit/install/pure_pursuit/share/pure_pursuit/hook/ros_package_path.ps1'
[17.847s] INFO:colcon.colcon_core.shell:Creating environment descriptor '/home/kimna/Desktop/autoware.ai/src/autoware/core_planning/pure_pursuit/install/pure_pursuit/share/pure_pursuit/hook/ros_package_path.dsv'
[17.848s] INFO:colcon.colcon_core.shell:Creating environment hook '/home/kimna/Desktop/autoware.ai/src/autoware/core_planning/pure_pursuit/install/pure_pursuit/share/pure_pursuit/hook/ros_package_path.sh'
[17.848s] Level 1:colcon.colcon_ros.task.catkin:checking '/home/kimna/Desktop/autoware.ai/src/autoware/core_planning/pure_pursuit/install/pure_pursuit/lib/python2.7/dist-packages'
[17.848s] Level 1:colcon.colcon_core.shell:create_environment_hook('pure_pursuit', 'pkg_config_path')
[17.849s] INFO:colcon.colcon_core.shell:Creating environment hook '/home/kimna/Desktop/autoware.ai/src/autoware/core_planning/pure_pursuit/install/pure_pursuit/share/pure_pursuit/hook/pkg_config_path.ps1'
[17.849s] INFO:colcon.colcon_core.shell:Creating environment descriptor '/home/kimna/Desktop/autoware.ai/src/autoware/core_planning/pure_pursuit/install/pure_pursuit/share/pure_pursuit/hook/pkg_config_path.dsv'
[17.850s] INFO:colcon.colcon_core.shell:Creating environment hook '/home/kimna/Desktop/autoware.ai/src/autoware/core_planning/pure_pursuit/install/pure_pursuit/share/pure_pursuit/hook/pkg_config_path.sh'
[17.853s] Level 1:colcon.colcon_core.shell:create_environment_hook('pure_pursuit', 'pkg_config_path_multiarch')
[17.854s] INFO:colcon.colcon_core.shell:Creating environment hook '/home/kimna/Desktop/autoware.ai/src/autoware/core_planning/pure_pursuit/install/pure_pursuit/share/pure_pursuit/hook/pkg_config_path_multiarch.ps1'
[17.855s] INFO:colcon.colcon_core.shell:Creating environment descriptor '/home/kimna/Desktop/autoware.ai/src/autoware/core_planning/pure_pursuit/install/pure_pursuit/share/pure_pursuit/hook/pkg_config_path_multiarch.dsv'
[17.855s] INFO:colcon.colcon_core.shell:Creating environment hook '/home/kimna/Desktop/autoware.ai/src/autoware/core_planning/pure_pursuit/install/pure_pursuit/share/pure_pursuit/hook/pkg_config_path_multiarch.sh'
[17.856s] Level 1:colcon.colcon_core.environment:create_environment_scripts_only(pure_pursuit)
[17.860s] Level 1:colcon.colcon_core.environment:checking '/home/kimna/Desktop/autoware.ai/src/autoware/core_planning/pure_pursuit/install/pure_pursuit' for CMake module files
[17.861s] Level 1:colcon.colcon_core.environment:checking '/home/kimna/Desktop/autoware.ai/src/autoware/core_planning/pure_pursuit/install/pure_pursuit' for CMake config files
[17.861s] Level 1:colcon.colcon_core.shell:create_environment_hook('pure_pursuit', 'cmake_prefix_path')
[17.862s] INFO:colcon.colcon_core.shell:Creating environment hook '/home/kimna/Desktop/autoware.ai/src/autoware/core_planning/pure_pursuit/install/pure_pursuit/share/pure_pursuit/hook/cmake_prefix_path.ps1'
[17.862s] INFO:colcon.colcon_core.shell:Creating environment descriptor '/home/kimna/Desktop/autoware.ai/src/autoware/core_planning/pure_pursuit/install/pure_pursuit/share/pure_pursuit/hook/cmake_prefix_path.dsv'
[17.863s] INFO:colcon.colcon_core.shell:Creating environment hook '/home/kimna/Desktop/autoware.ai/src/autoware/core_planning/pure_pursuit/install/pure_pursuit/share/pure_pursuit/hook/cmake_prefix_path.sh'
[17.863s] Level 1:colcon.colcon_core.environment:checking '/home/kimna/Desktop/autoware.ai/src/autoware/core_planning/pure_pursuit/install/pure_pursuit/lib'
[17.864s] Level 1:colcon.colcon_core.environment:checking '/home/kimna/Desktop/autoware.ai/src/autoware/core_planning/pure_pursuit/install/pure_pursuit/bin'
[17.864s] Level 1:colcon.colcon_core.environment:checking '/home/kimna/Desktop/autoware.ai/src/autoware/core_planning/pure_pursuit/install/pure_pursuit/lib/pkgconfig/pure_pursuit.pc'
[17.864s] Level 1:colcon.colcon_core.shell:create_environment_hook('pure_pursuit', 'pkg_config')
[17.864s] INFO:colcon.colcon_core.shell:Creating environment hook '/home/kimna/Desktop/autoware.ai/src/autoware/core_planning/pure_pursuit/install/pure_pursuit/share/pure_pursuit/hook/pkg_config.ps1'
[17.865s] INFO:colcon.colcon_core.shell:Creating environment descriptor '/home/kimna/Desktop/autoware.ai/src/autoware/core_planning/pure_pursuit/install/pure_pursuit/share/pure_pursuit/hook/pkg_config.dsv'
[17.865s] INFO:colcon.colcon_core.shell:Creating environment hook '/home/kimna/Desktop/autoware.ai/src/autoware/core_planning/pure_pursuit/install/pure_pursuit/share/pure_pursuit/hook/pkg_config.sh'
[17.865s] Level 1:colcon.colcon_core.environment:checking '/home/kimna/Desktop/autoware.ai/src/autoware/core_planning/pure_pursuit/install/pure_pursuit/lib/python3.6/site-packages'
[17.866s] INFO:colcon.colcon_core.shell:Creating package script '/home/kimna/Desktop/autoware.ai/src/autoware/core_planning/pure_pursuit/install/pure_pursuit/share/pure_pursuit/package.ps1'
[17.867s] INFO:colcon.colcon_core.shell:Creating package descriptor '/home/kimna/Desktop/autoware.ai/src/autoware/core_planning/pure_pursuit/install/pure_pursuit/share/pure_pursuit/package.dsv'
[17.867s] INFO:colcon.colcon_core.shell:Creating package script '/home/kimna/Desktop/autoware.ai/src/autoware/core_planning/pure_pursuit/install/pure_pursuit/share/pure_pursuit/package.sh'
[17.868s] INFO:colcon.colcon_core.shell:Creating package script '/home/kimna/Desktop/autoware.ai/src/autoware/core_planning/pure_pursuit/install/pure_pursuit/share/pure_pursuit/package.bash'
[17.869s] INFO:colcon.colcon_core.shell:Creating package script '/home/kimna/Desktop/autoware.ai/src/autoware/core_planning/pure_pursuit/install/pure_pursuit/share/pure_pursuit/package.zsh'
[17.870s] Level 1:colcon.colcon_core.environment:create_file_with_runtime_dependencies(/home/kimna/Desktop/autoware.ai/src/autoware/core_planning/pure_pursuit/install/pure_pursuit/share/colcon-core/packages/pure_pursuit)
[17.871s] DEBUG:colcon.colcon_parallel_executor.executor.parallel:closing loop
[17.872s] DEBUG:colcon.colcon_parallel_executor.executor.parallel:loop closed
[17.872s] DEBUG:colcon.colcon_parallel_executor.executor.parallel:run_until_complete finished with '0'
[17.872s] DEBUG:colcon.colcon_core.event_reactor:joining thread
[17.880s] INFO:colcon.colcon_core.plugin_system:Skipping extension 'colcon_notification.desktop_notification.terminal_notifier': Not used on non-Darwin systems
[17.880s] INFO:colcon.colcon_core.plugin_system:Skipping extension 'colcon_notification.desktop_notification.win32': Not used on non-Windows systems
[17.880s] INFO:colcon.colcon_notification.desktop_notification:Sending desktop notification using 'notify2'
[17.882s] DEBUG:colcon.colcon_core.event_reactor:joined thread
[17.882s] INFO:colcon.colcon_core.shell:Creating prefix script '/home/kimna/Desktop/autoware.ai/src/autoware/core_planning/pure_pursuit/install/local_setup.ps1'
[17.883s] INFO:colcon.colcon_core.shell:Creating prefix util module '/home/kimna/Desktop/autoware.ai/src/autoware/core_planning/pure_pursuit/install/_local_setup_util_ps1.py'
[17.885s] INFO:colcon.colcon_core.shell:Creating prefix chain script '/home/kimna/Desktop/autoware.ai/src/autoware/core_planning/pure_pursuit/install/setup.ps1'
[17.892s] INFO:colcon.colcon_core.shell:Creating prefix script '/home/kimna/Desktop/autoware.ai/src/autoware/core_planning/pure_pursuit/install/local_setup.sh'
[17.892s] INFO:colcon.colcon_core.shell:Creating prefix util module '/home/kimna/Desktop/autoware.ai/src/autoware/core_planning/pure_pursuit/install/_local_setup_util_sh.py'
[17.893s] INFO:colcon.colcon_core.shell:Creating prefix chain script '/home/kimna/Desktop/autoware.ai/src/autoware/core_planning/pure_pursuit/install/setup.sh'
[17.901s] INFO:colcon.colcon_core.shell:Creating prefix script '/home/kimna/Desktop/autoware.ai/src/autoware/core_planning/pure_pursuit/install/local_setup.bash'
[17.902s] INFO:colcon.colcon_core.shell:Creating prefix chain script '/home/kimna/Desktop/autoware.ai/src/autoware/core_planning/pure_pursuit/install/setup.bash'
[17.910s] INFO:colcon.colcon_core.shell:Creating prefix script '/home/kimna/Desktop/autoware.ai/src/autoware/core_planning/pure_pursuit/install/local_setup.zsh'
[17.924s] INFO:colcon.colcon_core.shell:Creating prefix chain script '/home/kimna/Desktop/autoware.ai/src/autoware/core_planning/pure_pursuit/install/setup.zsh'
