[0.152s] [  0%] Built target jsk_recognition_msgs_generate_messages_eus
[0.157s] [  0%] Built target rosgraph_msgs_generate_messages_eus
[0.160s] [  0%] Built target jsk_recognition_msgs_generate_messages_lisp
[0.167s] [  0%] Built target autoware_config_msgs_generate_messages_lisp
[0.174s] [  0%] Built target autoware_system_msgs_generate_messages_lisp
[0.196s] [  0%] Built target actionlib_generate_messages_cpp
[0.200s] [  0%] Built target geometry_msgs_generate_messages_py
[0.216s] [  0%] Built target pcl_msgs_generate_messages_eus
[0.221s] [  0%] Built target autoware_system_msgs_generate_messages_py
[0.260s] [  0%] Built target sensor_msgs_generate_messages_nodejs
[0.260s] [  0%] Built target roscpp_generate_messages_cpp
[0.262s] [  0%] Built target _catkin_empty_exported_target
[0.286s] [  0%] Built target autoware_msgs_generate_messages_cpp
[0.298s] [  0%] Built target sensor_msgs_generate_messages_cpp
[0.301s] [  0%] Built target std_msgs_generate_messages_py
[0.308s] [  0%] Built target tf2_msgs_generate_messages_cpp
[0.318s] [  0%] Built target sensor_msgs_generate_messages_eus
[0.342s] [  0%] Built target std_msgs_generate_messages_nodejs
[0.360s] [  0%] Built target sensor_msgs_generate_messages_lisp
[0.369s] [  0%] Built target pcl_msgs_generate_messages_nodejs
[0.374s] [  0%] Built target autoware_msgs_generate_messages_py
[0.378s] [  0%] Built target rosgraph_msgs_generate_messages_cpp
[0.379s] [  0%] Built target jsk_recognition_msgs_generate_messages_py
[0.411s] [  0%] Built target sensor_msgs_generate_messages_py
[0.421s] [  0%] Built target tf_generate_messages_py
[0.437s] [  0%] Built target std_msgs_generate_messages_cpp
[0.452s] [  0%] Built target actionlib_msgs_generate_messages_nodejs
[0.457s] [  0%] Built target std_msgs_generate_messages_lisp
[0.459s] [  0%] Built target geometry_msgs_generate_messages_eus
[0.467s] [  0%] Built target roscpp_generate_messages_nodejs
[0.471s] [  0%] Built target jsk_footstep_msgs_generate_messages_py
[0.487s] [  0%] Built target autoware_system_msgs_generate_messages_cpp
[0.498s] [  0%] Built target geometry_msgs_generate_messages_nodejs
[0.534s] [  0%] Built target geometry_msgs_generate_messages_lisp
[0.555s] [  0%] Built target autoware_msgs_generate_messages_eus
[0.555s] [  0%] Built target pcl_msgs_generate_messages_cpp
[0.555s] [  0%] Built target jsk_recognition_msgs_generate_messages_cpp
[0.569s] [  0%] Built target autoware_msgs_generate_messages_nodejs
[0.576s] [  0%] Built target autoware_msgs_generate_messages_lisp
[0.580s] [  0%] Built target jsk_footstep_msgs_generate_messages_eus
[0.581s] [  0%] Built target std_msgs_generate_messages_eus
[0.626s] [  0%] Built target actionlib_msgs_generate_messages_py
[0.651s] [  0%] Built target autoware_config_msgs_generate_messages_eus
[0.663s] [  0%] Built target jsk_footstep_msgs_generate_messages_lisp
[0.669s] [  0%] Built target autoware_system_msgs_generate_messages_nodejs
[0.671s] [  0%] Built target actionlib_msgs_generate_messages_lisp
[0.673s] [  0%] Built target jsk_footstep_msgs_generate_messages_nodejs
[0.674s] [  0%] Built target jsk_footstep_msgs_generate_messages_cpp
[0.680s] [  0%] Built target actionlib_msgs_generate_messages_cpp
[0.714s] [  0%] Built target tf_generate_messages_eus
[0.750s] [  0%] Built target tf_generate_messages_nodejs
[0.750s] [  0%] Built target autoware_config_msgs_generate_messages_nodejs
[0.754s] [  0%] Built target tf_generate_messages_lisp
[0.759s] [  0%] Built target roscpp_generate_messages_lisp
[0.760s] [  0%] Built target jsk_recognition_msgs_generate_messages_nodejs
[0.779s] [  0%] Built target roscpp_generate_messages_py
[0.782s] [  0%] Built target rosgraph_msgs_generate_messages_lisp
[0.813s] [  0%] Built target autoware_config_msgs_generate_messages_cpp
[0.842s] [  0%] Built target autoware_config_msgs_generate_messages_py
[0.851s] [  0%] Built target rosgraph_msgs_generate_messages_py
[0.860s] [  0%] Built target rosgraph_msgs_generate_messages_nodejs
[0.865s] [  0%] Built target actionlib_msgs_generate_messages_eus
[0.883s] [  0%] Built target pcl_msgs_generate_messages_py
[0.886s] [  0%] Built target roscpp_generate_messages_eus
[0.889s] [  0%] Built target geometry_msgs_generate_messages_cpp
[0.896s] [  0%] Built target actionlib_generate_messages_eus
[0.922s] [  0%] Built target pcl_msgs_generate_messages_lisp
[0.936s] [  0%] Built target actionlib_generate_messages_lisp
[0.962s] [  0%] Built target actionlib_generate_messages_nodejs
[0.970s] [  0%] Built target autoware_system_msgs_generate_messages_eus
[0.972s] [  0%] Built target tf2_msgs_generate_messages_eus
[0.984s] [  0%] Built target tf_generate_messages_cpp
[0.987s] [  0%] Built target actionlib_generate_messages_py
[0.994s] [  0%] Built target tf2_msgs_generate_messages_py
[1.002s] [  0%] Built target tf2_msgs_generate_messages_lisp
[1.005s] [  0%] Built target tf2_msgs_generate_messages_nodejs
[1.057s] [ 20%] [32mBuilding CXX object CMakeFiles/pure_pursuit.dir/src/pure_pursuit_core.cpp.o[0m
[3.897s] [01m[K/home/kimna/Desktop/autoware.ai/src/autoware/core_planning/pure_pursuit/src/pure_pursuit_core.cpp:[m[K In member function ‘[01m[Kvoid waypoint_follower::PurePursuitNode::run()[m[K’:
[3.897s] [01m[K/home/kimna/Desktop/autoware.ai/src/autoware/core_planning/pure_pursuit/src/pure_pursuit_core.cpp:187:41:[m[K [01;31m[Kerror: [m[Kcannot convert ‘[01m[Kgeometry_msgs::Pose_<std::allocator<void> >::_orientation_type {aka geometry_msgs::Quaternion_<std::allocator<void> >}[m[K’ to ‘[01m[Kdouble[m[K’ in initialization
[3.897s]      double cur_q = pp_.getCurrentPose().[01;31m[Korientation[m[K;
[3.897s]                                          [01;31m[K^~~~~~~~~~~[m[K
[3.897s] [01m[K/home/kimna/Desktop/autoware.ai/src/autoware/core_planning/pure_pursuit/src/pure_pursuit_core.cpp:189:35:[m[K [01;31m[Kerror: [m[Krequest for member ‘[01m[Kw[m[K’ in ‘[01m[Kcur_q[m[K’, which is of non-class type ‘[01m[Kdouble[m[K’
[3.897s]      double siny_cosp = 2 * (cur_q.[01;31m[Kw[m[K * cur_q.z + cur_q.x * cur_q.y);
[3.897s]                                    [01;31m[K^[m[K
[3.897s] [01m[K/home/kimna/Desktop/autoware.ai/src/autoware/core_planning/pure_pursuit/src/pure_pursuit_core.cpp:189:45:[m[K [01;31m[Kerror: [m[Krequest for member ‘[01m[Kz[m[K’ in ‘[01m[Kcur_q[m[K’, which is of non-class type ‘[01m[Kdouble[m[K’
[3.898s]      double siny_cosp = 2 * (cur_q.w * cur_q.[01;31m[Kz[m[K + cur_q.x * cur_q.y);
[3.898s]                                              [01;31m[K^[m[K
[3.898s] [01m[K/home/kimna/Desktop/autoware.ai/src/autoware/core_planning/pure_pursuit/src/pure_pursuit_core.cpp:189:55:[m[K [01;31m[Kerror: [m[Krequest for member ‘[01m[Kx[m[K’ in ‘[01m[Kcur_q[m[K’, which is of non-class type ‘[01m[Kdouble[m[K’
[3.898s]      double siny_cosp = 2 * (cur_q.w * cur_q.z + cur_q.[01;31m[Kx[m[K * cur_q.y);
[3.898s]                                                        [01;31m[K^[m[K
[3.898s] [01m[K/home/kimna/Desktop/autoware.ai/src/autoware/core_planning/pure_pursuit/src/pure_pursuit_core.cpp:189:65:[m[K [01;31m[Kerror: [m[Krequest for member ‘[01m[Ky[m[K’ in ‘[01m[Kcur_q[m[K’, which is of non-class type ‘[01m[Kdouble[m[K’
[3.898s]      double siny_cosp = 2 * (cur_q.w * cur_q.z + cur_q.x * cur_q.[01;31m[Ky[m[K);
[3.898s]                                                                  [01;31m[K^[m[K
[3.898s] [01m[K/home/kimna/Desktop/autoware.ai/src/autoware/core_planning/pure_pursuit/src/pure_pursuit_core.cpp:190:39:[m[K [01;31m[Kerror: [m[Krequest for member ‘[01m[Ky[m[K’ in ‘[01m[Kcur_q[m[K’, which is of non-class type ‘[01m[Kdouble[m[K’
[3.898s]      double cosy_cosp = 1 - 2 * (cur_q.[01;31m[Ky[m[K * cur_q.y + cur_q.z * cur_q.z);
[3.899s]                                        [01;31m[K^[m[K
[3.899s] [01m[K/home/kimna/Desktop/autoware.ai/src/autoware/core_planning/pure_pursuit/src/pure_pursuit_core.cpp:190:49:[m[K [01;31m[Kerror: [m[Krequest for member ‘[01m[Ky[m[K’ in ‘[01m[Kcur_q[m[K’, which is of non-class type ‘[01m[Kdouble[m[K’
[3.899s]      double cosy_cosp = 1 - 2 * (cur_q.y * cur_q.[01;31m[Ky[m[K + cur_q.z * cur_q.z);
[3.899s]                                                  [01;31m[K^[m[K
[3.899s] [01m[K/home/kimna/Desktop/autoware.ai/src/autoware/core_planning/pure_pursuit/src/pure_pursuit_core.cpp:190:59:[m[K [01;31m[Kerror: [m[Krequest for member ‘[01m[Kz[m[K’ in ‘[01m[Kcur_q[m[K’, which is of non-class type ‘[01m[Kdouble[m[K’
[3.899s]      double cosy_cosp = 1 - 2 * (cur_q.y * cur_q.y + cur_q.[01;31m[Kz[m[K * cur_q.z);
[3.899s]                                                            [01;31m[K^[m[K
[3.899s] [01m[K/home/kimna/Desktop/autoware.ai/src/autoware/core_planning/pure_pursuit/src/pure_pursuit_core.cpp:190:69:[m[K [01;31m[Kerror: [m[Krequest for member ‘[01m[Kz[m[K’ in ‘[01m[Kcur_q[m[K’, which is of non-class type ‘[01m[Kdouble[m[K’
[3.899s]      double cosy_cosp = 1 - 2 * (cur_q.y * cur_q.y + cur_q.z * cur_q.[01;31m[Kz[m[K);
[3.899s]                                                                      [01;31m[K^[m[K
[3.899s] [01m[K/home/kimna/Desktop/autoware.ai/src/autoware/core_planning/pure_pursuit/src/pure_pursuit_core.cpp:191:23:[m[K [01;31m[Kerror: [m[Kexpected primary-expression before ‘[01m[K=[m[K’ token
[3.900s]      double cur_yaw = s[01;31m[Kt[m[Kd::atan2(siny_cosp, cosy_cosp);
[3.900s]                        [01;31m[K^[m[K
[5.158s] CMakeFiles/pure_pursuit.dir/build.make:110: recipe for target 'CMakeFiles/pure_pursuit.dir/src/pure_pursuit_core.cpp.o' failed
[5.158s] make[2]: *** [CMakeFiles/pure_pursuit.dir/src/pure_pursuit_core.cpp.o] Error 1
[5.158s] make[1]: *** [CMakeFiles/pure_pursuit.dir/all] Error 2
[5.158s] CMakeFiles/Makefile2:444: recipe for target 'CMakeFiles/pure_pursuit.dir/all' failed
[5.159s] Makefile:140: recipe for target 'all' failed
[5.159s] make: *** [all] Error 2
