[0.152s] [  0%] Built target jsk_recognition_msgs_generate_messages_eus
[0.157s] [  0%] Built target rosgraph_msgs_generate_messages_eus
[0.160s] [  0%] Built target jsk_recognition_msgs_generate_messages_lisp
[0.167s] [  0%] Built target autoware_config_msgs_generate_messages_lisp
[0.174s] [  0%] Built target autoware_system_msgs_generate_messages_lisp
[0.196s] [  0%] Built target actionlib_generate_messages_cpp
[0.200s] [  0%] Built target geometry_msgs_generate_messages_py
[0.216s] [  0%] Built target pcl_msgs_generate_messages_eus
[0.221s] [  0%] Built target autoware_system_msgs_generate_messages_py
[0.260s] [  0%] Built target sensor_msgs_generate_messages_nodejs
[0.260s] [  0%] Built target roscpp_generate_messages_cpp
[0.262s] [  0%] Built target _catkin_empty_exported_target
[0.286s] [  0%] Built target autoware_msgs_generate_messages_cpp
[0.298s] [  0%] Built target sensor_msgs_generate_messages_cpp
[0.301s] [  0%] Built target std_msgs_generate_messages_py
[0.308s] [  0%] Built target tf2_msgs_generate_messages_cpp
[0.318s] [  0%] Built target sensor_msgs_generate_messages_eus
[0.342s] [  0%] Built target std_msgs_generate_messages_nodejs
[0.360s] [  0%] Built target sensor_msgs_generate_messages_lisp
[0.369s] [  0%] Built target pcl_msgs_generate_messages_nodejs
[0.374s] [  0%] Built target autoware_msgs_generate_messages_py
[0.378s] [  0%] Built target rosgraph_msgs_generate_messages_cpp
[0.379s] [  0%] Built target jsk_recognition_msgs_generate_messages_py
[0.411s] [  0%] Built target sensor_msgs_generate_messages_py
[0.421s] [  0%] Built target tf_generate_messages_py
[0.437s] [  0%] Built target std_msgs_generate_messages_cpp
[0.452s] [  0%] Built target actionlib_msgs_generate_messages_nodejs
[0.457s] [  0%] Built target std_msgs_generate_messages_lisp
[0.459s] [  0%] Built target geometry_msgs_generate_messages_eus
[0.467s] [  0%] Built target roscpp_generate_messages_nodejs
[0.471s] [  0%] Built target jsk_footstep_msgs_generate_messages_py
[0.487s] [  0%] Built target autoware_system_msgs_generate_messages_cpp
[0.498s] [  0%] Built target geometry_msgs_generate_messages_nodejs
[0.534s] [  0%] Built target geometry_msgs_generate_messages_lisp
[0.555s] [  0%] Built target autoware_msgs_generate_messages_eus
[0.555s] [  0%] Built target pcl_msgs_generate_messages_cpp
[0.555s] [  0%] Built target jsk_recognition_msgs_generate_messages_cpp
[0.569s] [  0%] Built target autoware_msgs_generate_messages_nodejs
[0.576s] [  0%] Built target autoware_msgs_generate_messages_lisp
[0.580s] [  0%] Built target jsk_footstep_msgs_generate_messages_eus
[0.581s] [  0%] Built target std_msgs_generate_messages_eus
[0.626s] [  0%] Built target actionlib_msgs_generate_messages_py
[0.651s] [  0%] Built target autoware_config_msgs_generate_messages_eus
[0.663s] [  0%] Built target jsk_footstep_msgs_generate_messages_lisp
[0.669s] [  0%] Built target autoware_system_msgs_generate_messages_nodejs
[0.671s] [  0%] Built target actionlib_msgs_generate_messages_lisp
[0.673s] [  0%] Built target jsk_footstep_msgs_generate_messages_nodejs
[0.674s] [  0%] Built target jsk_footstep_msgs_generate_messages_cpp
[0.680s] [  0%] Built target actionlib_msgs_generate_messages_cpp
[0.714s] [  0%] Built target tf_generate_messages_eus
[0.750s] [  0%] Built target tf_generate_messages_nodejs
[0.750s] [  0%] Built target autoware_config_msgs_generate_messages_nodejs
[0.754s] [  0%] Built target tf_generate_messages_lisp
[0.759s] [  0%] Built target roscpp_generate_messages_lisp
[0.760s] [  0%] Built target jsk_recognition_msgs_generate_messages_nodejs
[0.779s] [  0%] Built target roscpp_generate_messages_py
[0.782s] [  0%] Built target rosgraph_msgs_generate_messages_lisp
[0.813s] [  0%] Built target autoware_config_msgs_generate_messages_cpp
[0.842s] [  0%] Built target autoware_config_msgs_generate_messages_py
[0.851s] [  0%] Built target rosgraph_msgs_generate_messages_py
[0.860s] [  0%] Built target rosgraph_msgs_generate_messages_nodejs
[0.865s] [  0%] Built target actionlib_msgs_generate_messages_eus
[0.883s] [  0%] Built target pcl_msgs_generate_messages_py
[0.886s] [  0%] Built target roscpp_generate_messages_eus
[0.889s] [  0%] Built target geometry_msgs_generate_messages_cpp
[0.896s] [  0%] Built target actionlib_generate_messages_eus
[0.922s] [  0%] Built target pcl_msgs_generate_messages_lisp
[0.936s] [  0%] Built target actionlib_generate_messages_lisp
[0.962s] [  0%] Built target actionlib_generate_messages_nodejs
[0.970s] [  0%] Built target autoware_system_msgs_generate_messages_eus
[0.972s] [  0%] Built target tf2_msgs_generate_messages_eus
[0.984s] [  0%] Built target tf_generate_messages_cpp
[0.987s] [  0%] Built target actionlib_generate_messages_py
[0.994s] [  0%] Built target tf2_msgs_generate_messages_py
[1.002s] [  0%] Built target tf2_msgs_generate_messages_lisp
[1.005s] [  0%] Built target tf2_msgs_generate_messages_nodejs
[1.057s] [ 20%] [32mBuilding CXX object CMakeFiles/pure_pursuit.dir/src/pure_pursuit_core.cpp.o[0m
[5.158s] CMakeFiles/pure_pursuit.dir/build.make:110: recipe for target 'CMakeFiles/pure_pursuit.dir/src/pure_pursuit_core.cpp.o' failed
[5.158s] CMakeFiles/Makefile2:444: recipe for target 'CMakeFiles/pure_pursuit.dir/all' failed
[5.159s] Makefile:140: recipe for target 'all' failed
