[0.144s] [  0%] Built target actionlib_generate_messages_cpp
[0.144s] [  0%] Built target rosgraph_msgs_generate_messages_eus
[0.146s] [  0%] Built target autoware_config_msgs_generate_messages_lisp
[0.146s] [  0%] Built target jsk_recognition_msgs_generate_messages_lisp
[0.146s] [  0%] Built target geometry_msgs_generate_messages_py
[0.147s] [  0%] Built target autoware_system_msgs_generate_messages_lisp
[0.158s] [  0%] Built target pcl_msgs_generate_messages_eus
[0.162s] [  0%] Built target jsk_recognition_msgs_generate_messages_eus
[0.208s] [  0%] Built target sensor_msgs_generate_messages_cpp
[0.211s] [  0%] Built target roscpp_generate_messages_cpp
[0.214s] [  0%] Built target sensor_msgs_generate_messages_eus
[0.218s] [  0%] Built target sensor_msgs_generate_messages_nodejs
[0.221s] [  0%] Built target _catkin_empty_exported_target
[0.231s] [  0%] Built target tf2_msgs_generate_messages_cpp
[0.236s] [  0%] Built target autoware_system_msgs_generate_messages_py
[0.255s] [  0%] Built target autoware_msgs_generate_messages_cpp
[0.280s] [  0%] Built target rosgraph_msgs_generate_messages_cpp
[0.287s] [  0%] Built target autoware_msgs_generate_messages_py
[0.288s] [  0%] Built target std_msgs_generate_messages_py
[0.294s] [  0%] Built target std_msgs_generate_messages_nodejs
[0.307s] [  0%] Built target pcl_msgs_generate_messages_nodejs
[0.310s] [  0%] Built target jsk_recognition_msgs_generate_messages_py
[0.317s] [  0%] Built target sensor_msgs_generate_messages_py
[0.327s] [  0%] Built target sensor_msgs_generate_messages_lisp
[0.350s] [  0%] Built target tf_generate_messages_py
[0.353s] [  0%] Built target std_msgs_generate_messages_cpp
[0.380s] [  0%] Built target jsk_footstep_msgs_generate_messages_py
[0.380s] [  0%] Built target actionlib_msgs_generate_messages_nodejs
[0.390s] [  0%] Built target geometry_msgs_generate_messages_eus
[0.391s] [  0%] Built target std_msgs_generate_messages_lisp
[0.409s] [  0%] Built target roscpp_generate_messages_nodejs
[0.415s] [  0%] Built target autoware_system_msgs_generate_messages_cpp
[0.419s] [  0%] Built target geometry_msgs_generate_messages_nodejs
[0.440s] [  0%] Built target geometry_msgs_generate_messages_lisp
[0.470s] [  0%] Built target jsk_recognition_msgs_generate_messages_cpp
[0.474s] [  0%] Built target pcl_msgs_generate_messages_cpp
[0.491s] [  0%] Built target autoware_msgs_generate_messages_eus
[0.499s] [  0%] Built target autoware_msgs_generate_messages_lisp
[0.502s] [  0%] Built target std_msgs_generate_messages_eus
[0.504s] [  0%] Built target jsk_footstep_msgs_generate_messages_eus
[0.511s] [  0%] Built target autoware_msgs_generate_messages_nodejs
[0.526s] [  0%] Built target actionlib_msgs_generate_messages_py
[0.537s] [  0%] Built target autoware_config_msgs_generate_messages_eus
[0.574s] [  0%] Built target jsk_footstep_msgs_generate_messages_nodejs
[0.575s] [  0%] Built target jsk_footstep_msgs_generate_messages_lisp
[0.579s] [  0%] Built target jsk_footstep_msgs_generate_messages_cpp
[0.605s] [  0%] Built target actionlib_msgs_generate_messages_cpp
[0.606s] [  0%] Built target autoware_system_msgs_generate_messages_nodejs
[0.614s] [  0%] Built target actionlib_msgs_generate_messages_lisp
[0.617s] [  0%] Built target tf_generate_messages_lisp
[0.623s] [  0%] Built target tf_generate_messages_eus
[0.664s] [  0%] Built target autoware_config_msgs_generate_messages_nodejs
[0.670s] [  0%] Built target jsk_recognition_msgs_generate_messages_nodejs
[0.670s] [  0%] Built target tf_generate_messages_nodejs
[0.688s] [  0%] Built target roscpp_generate_messages_py
[0.689s] [  0%] Built target roscpp_generate_messages_lisp
[0.692s] [  0%] Built target rosgraph_msgs_generate_messages_lisp
[0.711s] [  0%] Built target autoware_config_msgs_generate_messages_cpp
[0.724s] [  0%] Built target rosgraph_msgs_generate_messages_nodejs
[0.738s] [  0%] Built target roscpp_generate_messages_eus
[0.754s] [  0%] Built target autoware_config_msgs_generate_messages_py
[0.758s] [  0%] Built target actionlib_msgs_generate_messages_eus
[0.768s] [  0%] Built target rosgraph_msgs_generate_messages_py
[0.774s] [  0%] Built target pcl_msgs_generate_messages_py
[0.787s] [  0%] Built target actionlib_generate_messages_eus
[0.790s] [  0%] Built target geometry_msgs_generate_messages_cpp
[0.807s] [  0%] Built target actionlib_generate_messages_lisp
[0.831s] [  0%] Built target pcl_msgs_generate_messages_lisp
[0.851s] [  0%] Built target actionlib_generate_messages_nodejs
[0.854s] [  0%] Built target tf_generate_messages_cpp
[0.858s] [  0%] Built target tf2_msgs_generate_messages_eus
[0.864s] [  0%] Built target tf2_msgs_generate_messages_lisp
[0.868s] [  0%] Built target autoware_system_msgs_generate_messages_eus
[0.884s] [  0%] Built target actionlib_generate_messages_py
[0.885s] [  0%] Built target tf2_msgs_generate_messages_py
[0.895s] [  0%] Built target tf2_msgs_generate_messages_nodejs
[0.943s] [100%] Built target pure_pursuit
[1.343s] [  0%] Built target rosgraph_msgs_generate_messages_eus
[1.343s] [  0%] Built target jsk_recognition_msgs_generate_messages_lisp
[1.349s] [  0%] Built target pcl_msgs_generate_messages_eus
[1.356s] [  0%] Built target jsk_recognition_msgs_generate_messages_eus
[1.361s] [ 28%] Built target gtest
[1.362s] [ 28%] Built target autoware_system_msgs_generate_messages_lisp
[1.370s] [ 28%] Built target actionlib_generate_messages_cpp
[1.371s] [ 28%] Built target geometry_msgs_generate_messages_py
[1.426s] [ 28%] Built target roscpp_generate_messages_cpp
[1.426s] [ 28%] Built target _catkin_empty_exported_target
[1.428s] [ 28%] Built target autoware_system_msgs_generate_messages_py
[1.429s] [ 28%] Built target sensor_msgs_generate_messages_eus
[1.438s] [ 28%] Built target sensor_msgs_generate_messages_cpp
[1.441s] [ 28%] Built target sensor_msgs_generate_messages_nodejs
[1.443s] [ 28%] Built target autoware_msgs_generate_messages_cpp
[1.446s] [ 28%] Built target tf2_msgs_generate_messages_cpp
[1.501s] [ 28%] Built target rosgraph_msgs_generate_messages_cpp
[1.502s] [ 28%] Built target std_msgs_generate_messages_nodejs
[1.506s] [ 28%] Built target jsk_recognition_msgs_generate_messages_py
[1.508s] [ 28%] Built target autoware_msgs_generate_messages_py
[1.512s] [ 28%] Built target sensor_msgs_generate_messages_py
[1.521s] [ 28%] Built target sensor_msgs_generate_messages_lisp
[1.523s] [ 28%] Built target pcl_msgs_generate_messages_nodejs
[1.531s] [ 28%] Built target std_msgs_generate_messages_py
[1.573s] [ 28%] Built target geometry_msgs_generate_messages_eus
[1.576s] [ 28%] Built target jsk_footstep_msgs_generate_messages_py
[1.577s] [ 28%] Built target actionlib_msgs_generate_messages_nodejs
[1.578s] [ 28%] Built target tf_generate_messages_py
[1.579s] [ 28%] Built target std_msgs_generate_messages_cpp
[1.593s] [ 28%] Built target std_msgs_generate_messages_lisp
[1.593s] [ 28%] Built target roscpp_generate_messages_nodejs
[1.609s] [ 28%] Built target autoware_system_msgs_generate_messages_cpp
[1.642s] [ 28%] Built target geometry_msgs_generate_messages_nodejs
[1.645s] [ 28%] Built target geometry_msgs_generate_messages_lisp
[1.646s] [ 28%] Built target pcl_msgs_generate_messages_cpp
[1.653s] [ 28%] Built target jsk_recognition_msgs_generate_messages_cpp
[1.658s] [ 28%] Built target autoware_msgs_generate_messages_eus
[1.669s] [ 28%] Built target std_msgs_generate_messages_eus
[1.686s] [ 28%] Built target autoware_msgs_generate_messages_lisp
[1.687s] [ 28%] Built target autoware_msgs_generate_messages_nodejs
[1.707s] [ 28%] Built target autoware_config_msgs_generate_messages_eus
[1.712s] [ 28%] Built target actionlib_msgs_generate_messages_py
[1.731s] [ 28%] Built target jsk_footstep_msgs_generate_messages_lisp
[1.742s] [ 28%] Built target jsk_footstep_msgs_generate_messages_nodejs
[1.749s] [ 28%] Built target jsk_footstep_msgs_generate_messages_eus
[1.749s] [ 28%] Built target autoware_system_msgs_generate_messages_nodejs
[1.753s] [ 28%] Built target actionlib_msgs_generate_messages_lisp
[1.762s] [ 28%] Built target jsk_footstep_msgs_generate_messages_cpp
[1.797s] [ 28%] Built target tf_generate_messages_nodejs
[1.799s] [ 28%] Built target actionlib_msgs_generate_messages_cpp
[1.804s] [ 28%] Built target jsk_recognition_msgs_generate_messages_nodejs
[1.805s] [ 28%] Built target tf_generate_messages_lisp
[1.808s] [ 28%] Built target autoware_config_msgs_generate_messages_nodejs
[1.812s] [ 28%] Built target tf_generate_messages_eus
[1.815s] [ 28%] Built target roscpp_generate_messages_lisp
[1.825s] [ 28%] Built target roscpp_generate_messages_py
[1.863s] [ 28%] Built target autoware_config_msgs_generate_messages_cpp
[1.871s] [ 28%] Built target actionlib_msgs_generate_messages_eus
[1.878s] [ 28%] Built target rosgraph_msgs_generate_messages_nodejs
[1.880s] [ 28%] Built target roscpp_generate_messages_eus
[1.883s] [ 28%] Built target rosgraph_msgs_generate_messages_lisp
[1.897s] [ 28%] Built target rosgraph_msgs_generate_messages_py
[1.901s] [ 28%] Built target autoware_config_msgs_generate_messages_py
[1.904s] [ 28%] Built target pcl_msgs_generate_messages_py
[1.923s] [ 28%] Built target actionlib_generate_messages_eus
[1.941s] [ 28%] Built target actionlib_generate_messages_lisp
[1.948s] [ 28%] Built target geometry_msgs_generate_messages_cpp
[1.951s] [ 28%] Built target pcl_msgs_generate_messages_lisp
[1.966s] [ 28%] Built target tf_generate_messages_cpp
[1.974s] [ 28%] Built target tf2_msgs_generate_messages_eus
[1.979s] [ 28%] Built target actionlib_generate_messages_nodejs
[1.985s] [ 28%] Built target autoware_system_msgs_generate_messages_eus
[2.001s] [ 28%] Built target tf2_msgs_generate_messages_lisp
[2.011s] [ 28%] Built target tf2_msgs_generate_messages_nodejs
[2.018s] [ 28%] Built target actionlib_generate_messages_py
[2.022s] [ 28%] Built target tf2_msgs_generate_messages_py
[2.023s] [ 28%] Built target autoware_config_msgs_generate_messages_lisp
[2.069s] [100%] Built target test-pure_pursuit
[2.104s] [100%] Built target tests
[2.482s] [  0%] Built target pcl_msgs_generate_messages_eus
[2.488s] [  0%] Built target autoware_system_msgs_generate_messages_lisp
[2.491s] [  0%] Built target autoware_config_msgs_generate_messages_lisp
[2.492s] [  0%] Built target actionlib_generate_messages_cpp
[2.495s] [  0%] Built target jsk_recognition_msgs_generate_messages_eus
[2.501s] [  0%] Built target geometry_msgs_generate_messages_py
[2.508s] [  0%] Built target rosgraph_msgs_generate_messages_eus
[2.510s] [  0%] Built target jsk_recognition_msgs_generate_messages_lisp
[2.548s] [  0%] Built target sensor_msgs_generate_messages_nodejs
[2.560s] [  0%] Built target autoware_system_msgs_generate_messages_py
[2.568s] [  0%] Built target sensor_msgs_generate_messages_eus
[2.574s] [  0%] Built target sensor_msgs_generate_messages_cpp
[2.574s] [  0%] Built target roscpp_generate_messages_cpp
[2.580s] [  0%] Built target _catkin_empty_exported_target
[2.602s] [  0%] Built target tf2_msgs_generate_messages_cpp
[2.604s] [  0%] Built target autoware_msgs_generate_messages_cpp
[2.635s] [  0%] Built target rosgraph_msgs_generate_messages_cpp
[2.644s] [  0%] Built target autoware_msgs_generate_messages_py
[2.660s] [  0%] Built target sensor_msgs_generate_messages_lisp
[2.660s] [  0%] Built target std_msgs_generate_messages_py
[2.663s] [  0%] Built target jsk_recognition_msgs_generate_messages_py
[2.664s] [  0%] Built target pcl_msgs_generate_messages_nodejs
[2.682s] [  0%] Built target std_msgs_generate_messages_nodejs
[2.694s] [  0%] Built target sensor_msgs_generate_messages_py
[2.695s] [  0%] Built target tf_generate_messages_py
[2.721s] [  0%] Built target actionlib_msgs_generate_messages_nodejs
[2.735s] [  0%] Built target std_msgs_generate_messages_cpp
[2.740s] [  0%] Built target jsk_footstep_msgs_generate_messages_py
[2.742s] [  0%] Built target geometry_msgs_generate_messages_eus
[2.756s] [  0%] Built target std_msgs_generate_messages_lisp
[2.756s] [  0%] Built target roscpp_generate_messages_nodejs
[2.762s] [  0%] Built target autoware_system_msgs_generate_messages_cpp
[2.781s] [  0%] Built target geometry_msgs_generate_messages_nodejs
[2.810s] [  0%] Built target autoware_msgs_generate_messages_eus
[2.811s] [  0%] Built target geometry_msgs_generate_messages_lisp
[2.815s] [  0%] Built target pcl_msgs_generate_messages_cpp
[2.815s] [  0%] Built target jsk_recognition_msgs_generate_messages_cpp
[2.820s] [  0%] Built target autoware_msgs_generate_messages_lisp
[2.840s] [  0%] Built target std_msgs_generate_messages_eus
[2.848s] [  0%] Built target autoware_msgs_generate_messages_nodejs
[2.865s] [  0%] Built target actionlib_msgs_generate_messages_py
[2.867s] [  0%] Built target jsk_footstep_msgs_generate_messages_eus
[2.867s] [  0%] Built target jsk_footstep_msgs_generate_messages_lisp
[2.870s] [  0%] Built target jsk_footstep_msgs_generate_messages_nodejs
[2.894s] [  0%] Built target autoware_system_msgs_generate_messages_nodejs
[2.897s] [  0%] Built target autoware_config_msgs_generate_messages_eus
[2.917s] [  0%] Built target jsk_footstep_msgs_generate_messages_cpp
[2.925s] [  0%] Built target actionlib_msgs_generate_messages_lisp
[2.933s] [  0%] Built target autoware_config_msgs_generate_messages_nodejs
[2.938s] [  0%] Built target tf_generate_messages_lisp
[2.947s] [  0%] Built target tf_generate_messages_eus
[2.969s] [  0%] Built target actionlib_msgs_generate_messages_cpp
[2.974s] [  0%] Built target jsk_recognition_msgs_generate_messages_nodejs
[2.976s] [  0%] Built target tf_generate_messages_nodejs
[2.989s] [  0%] Built target roscpp_generate_messages_lisp
[3.000s] [  0%] Built target rosgraph_msgs_generate_messages_lisp
[3.007s] [  0%] Built target roscpp_generate_messages_py
[3.014s] [  0%] Built target autoware_config_msgs_generate_messages_cpp
[3.033s] [  0%] Built target roscpp_generate_messages_eus
[3.039s] [  0%] Built target rosgraph_msgs_generate_messages_nodejs
[3.060s] [  0%] Built target autoware_config_msgs_generate_messages_py
[3.063s] [  0%] Built target pcl_msgs_generate_messages_py
[3.065s] [  0%] Built target actionlib_msgs_generate_messages_eus
[3.066s] [  0%] Built target rosgraph_msgs_generate_messages_py
[3.083s] [  0%] Built target geometry_msgs_generate_messages_cpp
[3.096s] [  0%] Built target actionlib_generate_messages_eus
[3.101s] [  0%] Built target actionlib_generate_messages_lisp
[3.124s] [  0%] Built target tf2_msgs_generate_messages_eus
[3.127s] [  0%] Built target tf_generate_messages_cpp
[3.133s] [  0%] Built target actionlib_generate_messages_nodejs
[3.134s] [  0%] Built target pcl_msgs_generate_messages_lisp
[3.154s] [  0%] Built target actionlib_generate_messages_py
[3.155s] [  0%] Built target autoware_system_msgs_generate_messages_eus
[3.161s] [  0%] Built target tf2_msgs_generate_messages_lisp
[3.161s] [  0%] Built target tf2_msgs_generate_messages_py
[3.176s] [  0%] Built target tf2_msgs_generate_messages_nodejs
[3.224s] [100%] Built target pure_pursuit
[3.260s] [36mInstall the project...[0m
[3.274s] -- Install configuration: "Release"
[3.274s] -- Up-to-date: /home/kimna/Desktop/autoware.ai/src/autoware/core_planning/pure_pursuit/install/pure_pursuit/lib/pkgconfig/pure_pursuit.pc
[3.274s] -- Up-to-date: /home/kimna/Desktop/autoware.ai/src/autoware/core_planning/pure_pursuit/install/pure_pursuit/share/pure_pursuit/cmake/pure_pursuitConfig.cmake
[3.274s] -- Up-to-date: /home/kimna/Desktop/autoware.ai/src/autoware/core_planning/pure_pursuit/install/pure_pursuit/share/pure_pursuit/cmake/pure_pursuitConfig-version.cmake
[3.274s] -- Up-to-date: /home/kimna/Desktop/autoware.ai/src/autoware/core_planning/pure_pursuit/install/pure_pursuit/share/pure_pursuit/package.xml
[3.274s] -- Up-to-date: /home/kimna/Desktop/autoware.ai/src/autoware/core_planning/pure_pursuit/install/pure_pursuit/lib/pure_pursuit/pure_pursuit
[3.274s] -- Up-to-date: /home/kimna/Desktop/autoware.ai/src/autoware/core_planning/pure_pursuit/install/pure_pursuit/share/pure_pursuit/launch
[3.274s] -- Up-to-date: /home/kimna/Desktop/autoware.ai/src/autoware/core_planning/pure_pursuit/install/pure_pursuit/share/pure_pursuit/launch/pure_pursuit.launch
