[0.142s] [  0%] Built target actionlib_generate_messages_cpp
[0.152s] [  0%] Built target jsk_recognition_msgs_generate_messages_lisp
[0.152s] [  0%] Built target geometry_msgs_generate_messages_py
[0.153s] [  0%] Built target jsk_recognition_msgs_generate_messages_eus
[0.154s] [  0%] Built target autoware_config_msgs_generate_messages_lisp
[0.167s] [  0%] Built target pcl_msgs_generate_messages_eus
[0.168s] [  0%] Built target autoware_system_msgs_generate_messages_lisp
[0.184s] [  0%] Built target rosgraph_msgs_generate_messages_eus
[0.210s] [  0%] Built target sensor_msgs_generate_messages_eus
[0.216s] [  0%] Built target autoware_system_msgs_generate_messages_py
[0.218s] [  0%] Built target roscpp_generate_messages_cpp
[0.233s] [  0%] Built target _catkin_empty_exported_target
[0.239s] [  0%] Built target sensor_msgs_generate_messages_nodejs
[0.253s] [  0%] Built target autoware_msgs_generate_messages_cpp
[0.258s] [  0%] Built target sensor_msgs_generate_messages_cpp
[0.268s] [  0%] Built target std_msgs_generate_messages_py
[0.282s] [  0%] Built target tf2_msgs_generate_messages_cpp
[0.288s] [  0%] Built target rosgraph_msgs_generate_messages_cpp
[0.295s] [  0%] Built target autoware_msgs_generate_messages_py
[0.297s] [  0%] Built target std_msgs_generate_messages_nodejs
[0.310s] [  0%] Built target pcl_msgs_generate_messages_nodejs
[0.327s] [  0%] Built target sensor_msgs_generate_messages_py
[0.331s] [  0%] Built target jsk_recognition_msgs_generate_messages_py
[0.332s] [  0%] Built target sensor_msgs_generate_messages_lisp
[0.342s] [  0%] Built target tf_generate_messages_py
[0.379s] [  0%] Built target actionlib_msgs_generate_messages_nodejs
[0.392s] [  0%] Built target roscpp_generate_messages_nodejs
[0.394s] [  0%] Built target jsk_footstep_msgs_generate_messages_py
[0.399s] [  0%] Built target std_msgs_generate_messages_cpp
[0.404s] [  0%] Built target std_msgs_generate_messages_lisp
[0.406s] [  0%] Built target geometry_msgs_generate_messages_eus
[0.418s] [  0%] Built target autoware_system_msgs_generate_messages_cpp
[0.421s] [  0%] Built target geometry_msgs_generate_messages_nodejs
[0.450s] [  0%] Built target geometry_msgs_generate_messages_lisp
[0.463s] [  0%] Built target jsk_recognition_msgs_generate_messages_cpp
[0.469s] [  0%] Built target autoware_msgs_generate_messages_eus
[0.482s] [  0%] Built target pcl_msgs_generate_messages_cpp
[0.499s] [  0%] Built target autoware_msgs_generate_messages_nodejs
[0.499s] [  0%] Built target autoware_msgs_generate_messages_lisp
[0.510s] [  0%] Built target std_msgs_generate_messages_eus
[0.523s] [  0%] Built target autoware_config_msgs_generate_messages_eus
[0.524s] [  0%] Built target jsk_footstep_msgs_generate_messages_eus
[0.554s] [  0%] Built target actionlib_msgs_generate_messages_py
[0.556s] [  0%] Built target autoware_system_msgs_generate_messages_nodejs
[0.562s] [  0%] Built target jsk_footstep_msgs_generate_messages_nodejs
[0.569s] [  0%] Built target jsk_footstep_msgs_generate_messages_lisp
[0.585s] [  0%] Built target jsk_footstep_msgs_generate_messages_cpp
[0.603s] [  0%] Built target actionlib_msgs_generate_messages_lisp
[0.606s] [  0%] Built target actionlib_msgs_generate_messages_cpp
[0.616s] [  0%] Built target autoware_config_msgs_generate_messages_nodejs
[0.624s] [  0%] Built target tf_generate_messages_eus
[0.629s] [  0%] Built target tf_generate_messages_lisp
[0.645s] [  0%] Built target jsk_recognition_msgs_generate_messages_nodejs
[0.654s] [  0%] Built target tf_generate_messages_nodejs
[0.661s] [  0%] Built target roscpp_generate_messages_lisp
[0.671s] [  0%] Built target roscpp_generate_messages_py
[0.680s] [  0%] Built target autoware_config_msgs_generate_messages_cpp
[0.693s] [  0%] Built target rosgraph_msgs_generate_messages_nodejs
[0.697s] [  0%] Built target rosgraph_msgs_generate_messages_lisp
[0.718s] [  0%] Built target roscpp_generate_messages_eus
[0.732s] [  0%] Built target actionlib_msgs_generate_messages_eus
[0.734s] [  0%] Built target rosgraph_msgs_generate_messages_py
[0.751s] [  0%] Built target pcl_msgs_generate_messages_py
[0.753s] [  0%] Built target actionlib_generate_messages_eus
[0.755s] [  0%] Built target autoware_config_msgs_generate_messages_py
[0.774s] [  0%] Built target actionlib_generate_messages_lisp
[0.779s] [  0%] Built target geometry_msgs_generate_messages_cpp
[0.795s] [  0%] Built target pcl_msgs_generate_messages_lisp
[0.804s] [  0%] Built target actionlib_generate_messages_nodejs
[0.815s] [  0%] Built target tf_generate_messages_cpp
[0.822s] [  0%] Built target tf2_msgs_generate_messages_eus
[0.828s] [  0%] Built target tf2_msgs_generate_messages_lisp
[0.840s] [  0%] Built target actionlib_generate_messages_py
[0.841s] [  0%] Built target autoware_system_msgs_generate_messages_eus
[0.849s] [  0%] Built target tf2_msgs_generate_messages_nodejs
[0.850s] [  0%] Built target tf2_msgs_generate_messages_py
[0.871s] [35m[1mScanning dependencies of target pure_pursuit[0m
[0.908s] [ 20%] [32mBuilding CXX object CMakeFiles/pure_pursuit.dir/src/pure_pursuit_core.cpp.o[0m
[4.149s] CMakeFiles/pure_pursuit.dir/build.make:110: recipe for target 'CMakeFiles/pure_pursuit.dir/src/pure_pursuit_core.cpp.o' failed
[4.149s] CMakeFiles/Makefile2:444: recipe for target 'CMakeFiles/pure_pursuit.dir/all' failed
[4.150s] Makefile:140: recipe for target 'all' failed
