[0.114s] [  0%] Built target pcl_msgs_generate_messages_eus
[0.115s] [  0%] Built target actionlib_generate_messages_cpp
[0.116s] [  0%] Built target autoware_config_msgs_generate_messages_lisp
[0.117s] [  0%] Built target geometry_msgs_generate_messages_py
[0.117s] [  0%] Built target jsk_recognition_msgs_generate_messages_lisp
[0.122s] [  0%] Built target autoware_system_msgs_generate_messages_lisp
[0.123s] [  0%] Built target rosgraph_msgs_generate_messages_eus
[0.130s] [  0%] Built target jsk_recognition_msgs_generate_messages_eus
[0.165s] [  0%] Built target sensor_msgs_generate_messages_nodejs
[0.170s] [  0%] Built target autoware_system_msgs_generate_messages_py
[0.172s] [  0%] Built target roscpp_generate_messages_cpp
[0.174s] [  0%] Built target sensor_msgs_generate_messages_eus
[0.181s] [  0%] Built target _catkin_empty_exported_target
[0.183s] [  0%] Built target sensor_msgs_generate_messages_cpp
[0.187s] [  0%] Built target autoware_msgs_generate_messages_cpp
[0.193s] [  0%] Built target tf2_msgs_generate_messages_cpp
[0.212s] [  0%] Built target std_msgs_generate_messages_py
[0.221s] [  0%] Built target std_msgs_generate_messages_nodejs
[0.222s] [  0%] Built target autoware_msgs_generate_messages_py
[0.224s] [  0%] Built target rosgraph_msgs_generate_messages_cpp
[0.230s] [  0%] Built target pcl_msgs_generate_messages_nodejs
[0.231s] [  0%] Built target jsk_recognition_msgs_generate_messages_py
[0.240s] [  0%] Built target sensor_msgs_generate_messages_lisp
[0.249s] [  0%] Built target sensor_msgs_generate_messages_py
[0.268s] [  0%] Built target tf_generate_messages_py
[0.270s] [  0%] Built target jsk_footstep_msgs_generate_messages_py
[0.276s] [  0%] Built target std_msgs_generate_messages_cpp
[0.276s] [  0%] Built target actionlib_msgs_generate_messages_nodejs
[0.282s] [  0%] Built target geometry_msgs_generate_messages_eus
[0.289s] [  0%] Built target std_msgs_generate_messages_lisp
[0.292s] [  0%] Built target roscpp_generate_messages_nodejs
[0.314s] [  0%] Built target autoware_system_msgs_generate_messages_cpp
[0.320s] [  0%] Built target geometry_msgs_generate_messages_nodejs
[0.320s] [  0%] Built target geometry_msgs_generate_messages_lisp
[0.326s] [  0%] Built target pcl_msgs_generate_messages_cpp
[0.328s] [  0%] Built target jsk_recognition_msgs_generate_messages_cpp
[0.338s] [  0%] Built target autoware_msgs_generate_messages_lisp
[0.346s] [  0%] Built target autoware_msgs_generate_messages_eus
[0.346s] [  0%] Built target std_msgs_generate_messages_eus
[0.368s] [  0%] Built target autoware_msgs_generate_messages_nodejs
[0.371s] [  0%] Built target jsk_footstep_msgs_generate_messages_eus
[0.378s] [  0%] Built target jsk_footstep_msgs_generate_messages_lisp
[0.379s] [  0%] Built target actionlib_msgs_generate_messages_py
[0.380s] [  0%] Built target autoware_config_msgs_generate_messages_eus
[0.392s] [  0%] Built target jsk_footstep_msgs_generate_messages_nodejs
[0.394s] [  0%] Built target actionlib_msgs_generate_messages_lisp
[0.396s] [  0%] Built target autoware_system_msgs_generate_messages_nodejs
[0.418s] [  0%] Built target jsk_footstep_msgs_generate_messages_cpp
[0.423s] [  0%] Built target actionlib_msgs_generate_messages_cpp
[0.429s] [  0%] Built target tf_generate_messages_eus
[0.429s] [  0%] Built target tf_generate_messages_lisp
[0.432s] [  0%] Built target autoware_config_msgs_generate_messages_nodejs
[0.436s] [  0%] Built target tf_generate_messages_nodejs
[0.446s] [  0%] Built target jsk_recognition_msgs_generate_messages_nodejs
[0.448s] [  0%] Built target roscpp_generate_messages_lisp
[0.474s] [  0%] Built target rosgraph_msgs_generate_messages_lisp
[0.476s] [  0%] Built target roscpp_generate_messages_py
[0.481s] [  0%] Built target autoware_config_msgs_generate_messages_cpp
[0.485s] [  0%] Built target rosgraph_msgs_generate_messages_nodejs
[0.486s] [  0%] Built target actionlib_msgs_generate_messages_eus
[0.490s] [  0%] Built target roscpp_generate_messages_eus
[0.496s] [  0%] Built target rosgraph_msgs_generate_messages_py
[0.502s] [  0%] Built target autoware_config_msgs_generate_messages_py
[0.521s] [  0%] Built target actionlib_generate_messages_eus
[0.525s] [  0%] Built target pcl_msgs_generate_messages_py
[0.530s] [  0%] Built target actionlib_generate_messages_lisp
[0.533s] [  0%] Built target geometry_msgs_generate_messages_cpp
[0.534s] [  0%] Built target pcl_msgs_generate_messages_lisp
[0.540s] [  0%] Built target tf_generate_messages_cpp
[0.548s] [  0%] Built target actionlib_generate_messages_nodejs
[0.560s] [  0%] Built target autoware_system_msgs_generate_messages_eus
[0.571s] [  0%] Built target tf2_msgs_generate_messages_eus
[0.576s] [  0%] Built target actionlib_generate_messages_py
[0.577s] [  0%] Built target tf2_msgs_generate_messages_nodejs
[0.577s] [  0%] Built target tf2_msgs_generate_messages_lisp
[0.577s] [  0%] Built target tf2_msgs_generate_messages_py
[0.595s] [35m[1mScanning dependencies of target pure_pursuit[0m
[0.625s] [ 20%] [32mBuilding CXX object CMakeFiles/pure_pursuit.dir/src/pure_pursuit_core.cpp.o[0m
[3.561s] CMakeFiles/pure_pursuit.dir/build.make:110: recipe for target 'CMakeFiles/pure_pursuit.dir/src/pure_pursuit_core.cpp.o' failed
[3.561s] CMakeFiles/Makefile2:444: recipe for target 'CMakeFiles/pure_pursuit.dir/all' failed
[3.562s] Makefile:140: recipe for target 'all' failed
