[0.031s] Invoking command in '/home/kimna/Desktop/autoware.ai/src/autoware/core_planning/pure_pursuit/build/pure_pursuit': CONDA_PROMPT_MODIFIER=(base) /usr/bin/cmake /home/kimna/Desktop/autoware.ai/src/autoware/core_planning/pure_pursuit -DCMAKE_BUILD_TYPE=Release -DCATKIN_INSTALL_INTO_PREFIX_ROOT=0 -DCMAKE_INSTALL_PREFIX=/home/kimna/Desktop/autoware.ai/src/autoware/core_planning/pure_pursuit/install/pure_pursuit
[0.195s] -- The C compiler identification is GNU 7.5.0
[0.290s] -- The CXX compiler identification is GNU 7.5.0
[0.301s] -- Check for working C compiler: /usr/bin/cc
[0.414s] -- Check for working C compiler: /usr/bin/cc -- works
[0.417s] -- Detecting C compiler ABI info
[0.533s] -- Detecting C compiler ABI info - done
[0.543s] -- Detecting C compile features
[0.892s] -- Detecting C compile features - done
[0.897s] -- Check for working CXX compiler: /usr/bin/c++
[1.029s] -- Check for working CXX compiler: /usr/bin/c++ -- works
[1.030s] -- Detecting CXX compiler ABI info
[1.163s] -- Detecting CXX compiler ABI info - done
[1.176s] -- Detecting CXX compile features
[1.718s] -- Detecting CXX compile features - done
[1.733s] -- CUDA compilation status: 1.
[1.746s] -- Using CATKIN_DEVEL_PREFIX: /home/kimna/Desktop/autoware.ai/src/autoware/core_planning/pure_pursuit/build/pure_pursuit/devel
[1.746s] -- Using CMAKE_PREFIX_PATH: /home/kimna/Desktop/autoware.ai/install/ymc;/home/kimna/Desktop/autoware.ai/install/xsens_driver;/home/kimna/Desktop/autoware.ai/install/wf_simulator;/home/kimna/Desktop/autoware.ai/install/lattice_planner;/home/kimna/Desktop/autoware.ai/install/waypoint_planner;/home/kimna/Desktop/autoware.ai/install/waypoint_maker;/home/kimna/Desktop/autoware.ai/install/way_planner;/home/kimna/Desktop/autoware.ai/install/vlg22c_cam;/home/kimna/Desktop/autoware.ai/install/vision_ssd_detect;/home/kimna/Desktop/autoware.ai/install/vision_segment_enet_detect;/home/kimna/Desktop/autoware.ai/install/vision_lane_detect;/home/kimna/Desktop/autoware.ai/install/vision_darknet_detect;/home/kimna/Desktop/autoware.ai/install/vision_beyond_track;/home/kimna/Desktop/autoware.ai/install/vel_pose_diff_checker;/home/kimna/Desktop/autoware.ai/install/vehicle_socket;/home/kimna/Desktop/autoware.ai/install/vehicle_sim_model;/home/kimna/Desktop/autoware.ai/install/vehicle_model;/home/kimna/Desktop/autoware.ai/install/vehicle_gazebo_simulation_launcher;/home/kimna/Desktop/autoware.ai/install/vehicle_gazebo_simulation_interface;/home/kimna/Desktop/autoware.ai/install/vehicle_engage_panel;/home/kimna/Desktop/autoware.ai/install/vehicle_description;/home/kimna/Desktop/autoware.ai/install/op_utilities;/home/kimna/Desktop/autoware.ai/install/op_simulation_package;/home/kimna/Desktop/autoware.ai/install/op_local_planner;/home/kimna/Desktop/autoware.ai/install/op_global_planner;/home/kimna/Desktop/autoware.ai/install/lidar_kf_contour_track;/home/kimna/Desktop/autoware.ai/install/op_ros_helpers;/home/kimna/Desktop/autoware.ai/install/ff_waypoint_follower;/home/kimna/Desktop/autoware.ai/install/dp_planner;/home/kimna/Desktop/autoware.ai/install/op_simu;/home/kimna/Desktop/autoware.ai/install/op_planner;/home/kimna/Desktop/autoware.ai/install/op_utility;/home/kimna/Desktop/autoware.ai/install/lidar_euclidean_cluster_detect;/home/kimna/Desktop/autoware.ai/install/vector_map_server;/home/kimna/Desktop/autoware.ai/install/road_occupancy_processor;/home/kimna/Desktop/autoware.ai/install/costmap_generator;/home/kimna/Desktop/autoware.ai/install/object_map;/home/kimna/Desktop/autoware.ai/install/naive_motion_predict;/home/kimna/Desktop/autoware.ai/install/lanelet_aisan_converter;/home/kimna/Desktop/autoware.ai/install/map_file;/home/kimna/Desktop/autoware.ai/install/libvectormap;/home/kimna/Desktop/autoware.ai/install/lane_planner;/home/kimna/Desktop/autoware.ai/install/imm_ukf_pda_track;/home/kimna/Desktop/autoware.ai/install/decision_maker;/home/kimna/Desktop/autoware.ai/install/vector_map;/home/kimna/Desktop/autoware.ai/install/vector_map_msgs;/home/kimna/Desktop/autoware.ai/install/vectacam;/home/kimna/Desktop/autoware.ai/install/udon_socket;/home/kimna/Desktop/autoware.ai/install/twist_generator;/home/kimna/Desktop/autoware.ai/install/twist_gate;/home/kimna/Desktop/autoware.ai/install/twist_filter;/home/kimna/Desktop/autoware.ai/install/twist2odom;/home/kimna/Desktop/autoware.ai/install/tablet_socket;/home/kimna/Desktop/autoware.ai/install/runtime_manager;/home/kimna/Desktop/autoware.ai/install/mqtt_socket;/home/kimna/Desktop/autoware.ai/install/tablet_socket_msgs;/home/kimna/Desktop/autoware.ai/install/state_machine_lib;/home/kimna/Desktop/autoware.ai/install/sound_player;/home/kimna/Desktop/autoware.ai/install/sick_lms5xx;/home/kimna/Desktop/autoware.ai/install/sick_ldmrs_tools;/home/kimna/Desktop/autoware.ai/install/sick_ldmrs_driver;/home/kimna/Desktop/autoware.ai/install/sick_ldmrs_msgs;/home/kimna/Desktop/autoware.ai/install/sick_ldmrs_description;/home/kimna/Desktop/autoware.ai/install/points2image;/home/kimna/Desktop/autoware.ai/install/rosinterface;/home/kimna/Desktop/autoware.ai/install/rosbag_controller;/home/kimna/Desktop/autoware.ai/install/pure_pursuit;/home/kimna/Desktop/autoware.ai/install/points_preprocessor;/home/kimna/Desktop/autoware.ai/install/mpc_follower;/home/kimna/Desktop/autoware.ai/install/lidar_localizer;/home/kimna/Desktop/autoware.ai/install/emergency_handler;/home/kimna/Desktop/autoware.ai/install/autoware_health_checker;/home/kimna/Desktop/autoware.ai/install/as;/home/kimna/Desktop/autoware.ai/install/ros_observer;/home/kimna/Desktop/autoware.ai/install/roi_object_filter;/home/kimna/Desktop/autoware.ai/install/range_vision_fusion;/home/kimna/Desktop/autoware.ai/install/pos_db;/home/kimna/Desktop/autoware.ai/install/points_downsampler;/home/kimna/Desktop/autoware.ai/install/pixel_cloud_fusion;/home/kimna/Desktop/autoware.ai/install/pcl_omp_registration;/home/kimna/Desktop/autoware.ai/install/pc2_downsampler;/home/kimna/Desktop/autoware.ai/install/oculus_socket;/home/kimna/Desktop/autoware.ai/install/obj_db;/home/kimna/Desktop/autoware.ai/install/nmea_navsat;/home/kimna/Desktop/autoware.ai/install/ndt_tku;/home/kimna/Desktop/autoware.ai/install/ndt_gpu;/home/kimna/Desktop/autoware.ai/install/ndt_cpu;/home/kimna/Desktop/autoware.ai/install/multi_lidar_calibrator;/home/kimna/Desktop/autoware.ai/install/mrt_cmake_modules;/home/kimna/Desktop/autoware.ai/install/microstrain_driver;/home/kimna/Desktop/autoware.ai/install/memsic_imu;/home/kimna/Desktop/autoware.ai/install/marker_downsampler;/home/kimna/Desktop/autoware.ai/install/map_tools;/home/kimna/Desktop/autoware.ai/install/map_tf_generator;/home/kimna/Desktop/autoware.ai/install/log_tools;/home/kimna/Desktop/autoware.ai/install/lidar_shape_estimation;/home/kimna/Desktop/autoware.ai/install/lidar_point_pillars;/home/kimna/Desktop/autoware.ai/install/lidar_naive_l_shape_detect;/home/kimna/Desktop/autoware.ai/install/lidar_fake_perception;/home/kimna/Desktop/autoware.ai/install/lidar_apollo_cnn_seg_detect;/home/kimna/Desktop/autoware.ai/install/libwaypoint_follower;/home/kimna/Desktop/autoware.ai/install/lgsvl_simulator_bridge;/home/kimna/Desktop/autoware.ai/install/lanelet2_extension;/home/kimna/Desktop/autoware.ai/install/lanelet2_validation;/home/kimna/Desktop/autoware.ai/install/lanelet2_examples;/home/kimna/Desktop/autoware.ai/install/lanelet2_python;/home/kimna/Desktop/autoware.ai/install/lanelet2_routing;/home/kimna/Desktop/autoware.ai/install/lanelet2_traffic_rules;/home/kimna/Desktop/autoware.ai/install/lanelet2_projection;/home/kimna/Desktop/autoware.ai/install/lanelet2_maps;/home/kimna/Desktop/autoware.ai/install/lanelet2_io;/home/kimna/Desktop/autoware.ai/install/lanelet2_core;/home/kimna/Desktop/autoware.ai/install/kvaser;/home/kimna/Desktop/autoware.ai/install/kitti_launch;/home/kimna/Desktop/autoware.ai/install/kitti_player;/home/kimna/Desktop/autoware.ai/install/kitti_box_publisher;/home/kimna/Desktop/autoware.ai/install/javad_navsat_driver;/home/kimna/Desktop/autoware.ai/install/integrated_viewer;/home/kimna/Desktop/autoware.ai/install/image_processor;/home/kimna/Desktop/autoware.ai/install/hokuyo;/home/kimna/Desktop/autoware.ai/install/graph_tools;/home/kimna/Desktop/autoware.ai/install/gnss_localizer;/home/kimna/Desktop/autoware.ai/install/gnss;/home/kimna/Desktop/autoware.ai/install/glviewer;/home/kimna/Desktop/autoware.ai/install/gazebo_world_description;/home/kimna/Desktop/autoware.ai/install/gazebo_imu_description;/home/kimna/Desktop/autoware.ai/install/gazebo_camera_description;/home/kimna/Desktop/autoware.ai/install/garmin;/home/kimna/Desktop/autoware.ai/install/freespace_planner;/home/kimna/Desktop/autoware.ai/install/fastvirtualscan;/home/kimna/Desktop/autoware.ai/install/ekf_localizer;/home/kimna/Desktop/autoware.ai/install/ds4_msgs;/home/kimna/Desktop/autoware.ai/install/ds4_driver;/home/kimna/Desktop/autoware.ai/install/detected_objects_visualizer;/home/kimna/Desktop/autoware.ai/install/decision_maker_panel;/home/kimna/Desktop/autoware.ai/install/data_preprocessor;/home/kimna/Desktop/autoware.ai/install/custom_msgs;/home/kimna/Desktop/autoware.ai/install/carla_autoware_bridge;/home/kimna/Desktop/autoware.ai/install/calibration_publisher;/home/kimna/Desktop/autoware.ai/install/autoware_system_msgs;/home/kimna/Desktop/autoware.ai/install/autoware_rviz_plugins;/home/kimna/Desktop/autoware.ai/install/autoware_quickstart_examples;/home/kimna/Desktop/autoware.ai/install/autoware_pointgrey_drivers;/home/kimna/Desktop/autoware.ai/install/autoware_driveworks_interface;/home/kimna/Desktop/autoware.ai/install/autoware_connector;/home/kimna/Desktop/autoware.ai/install/autoware_camera_lidar_calibrator;/home/kimna/Desktop/autoware.ai/install/astar_search;/home/kimna/Desktop/autoware.ai/install/amathutils_lib;/home/kimna/Desktop/autoware.ai/install/autoware_msgs;/home/kimna/Desktop/autoware.ai/install/autoware_map_msgs;/home/kimna/Desktop/autoware.ai/install/autoware_launcher_rviz;/home/kimna/Desktop/autoware.ai/install/autoware_launcher;/home/kimna/Desktop/autoware.ai/install/autoware_lanelet2_msgs;/home/kimna/Desktop/autoware.ai/install/autoware_external_msgs;/home/kimna/Desktop/autoware.ai/install/autoware_driveworks_gmsl_interface;/home/kimna/Desktop/autoware.ai/install/autoware_config_msgs;/home/kimna/Desktop/autoware.ai/install/autoware_can_msgs;/home/kimna/Desktop/autoware.ai/install/autoware_build_flags;/home/kimna/Desktop/autoware.ai/install/autoware_bag_tools;/home/kimna/Desktop/autoware.ai/install/adi_driver;/opt/ros/melodic
[1.753s] -- This workspace overlays: /home/kimna/Desktop/autoware.ai/install/ymc;/home/kimna/Desktop/autoware.ai/install/xsens_driver;/home/kimna/Desktop/autoware.ai/install/wf_simulator;/home/kimna/Desktop/autoware.ai/install/lattice_planner;/home/kimna/Desktop/autoware.ai/install/waypoint_planner;/home/kimna/Desktop/autoware.ai/install/waypoint_maker;/home/kimna/Desktop/autoware.ai/install/way_planner;/home/kimna/Desktop/autoware.ai/install/vlg22c_cam;/home/kimna/Desktop/autoware.ai/install/vision_ssd_detect;/home/kimna/Desktop/autoware.ai/install/vision_segment_enet_detect;/home/kimna/Desktop/autoware.ai/install/vision_lane_detect;/home/kimna/Desktop/autoware.ai/install/vision_darknet_detect;/home/kimna/Desktop/autoware.ai/install/vision_beyond_track;/home/kimna/Desktop/autoware.ai/install/vel_pose_diff_checker;/home/kimna/Desktop/autoware.ai/install/vehicle_socket;/home/kimna/Desktop/autoware.ai/install/vehicle_sim_model;/home/kimna/Desktop/autoware.ai/install/vehicle_model;/home/kimna/Desktop/autoware.ai/install/vehicle_gazebo_simulation_launcher;/home/kimna/Desktop/autoware.ai/install/vehicle_gazebo_simulation_interface;/home/kimna/Desktop/autoware.ai/install/vehicle_engage_panel;/home/kimna/Desktop/autoware.ai/install/vehicle_description;/home/kimna/Desktop/autoware.ai/install/op_utilities;/home/kimna/Desktop/autoware.ai/install/op_simulation_package;/home/kimna/Desktop/autoware.ai/install/op_local_planner;/home/kimna/Desktop/autoware.ai/install/op_global_planner;/home/kimna/Desktop/autoware.ai/install/lidar_kf_contour_track;/home/kimna/Desktop/autoware.ai/install/op_ros_helpers;/home/kimna/Desktop/autoware.ai/install/ff_waypoint_follower;/home/kimna/Desktop/autoware.ai/install/dp_planner;/home/kimna/Desktop/autoware.ai/install/op_simu;/home/kimna/Desktop/autoware.ai/install/op_planner;/home/kimna/Desktop/autoware.ai/install/op_utility;/home/kimna/Desktop/autoware.ai/install/lidar_euclidean_cluster_detect;/home/kimna/Desktop/autoware.ai/install/vector_map_server;/home/kimna/Desktop/autoware.ai/install/road_occupancy_processor;/home/kimna/Desktop/autoware.ai/install/costmap_generator;/home/kimna/Desktop/autoware.ai/install/object_map;/home/kimna/Desktop/autoware.ai/install/naive_motion_predict;/home/kimna/Desktop/autoware.ai/install/lanelet_aisan_converter;/home/kimna/Desktop/autoware.ai/install/map_file;/home/kimna/Desktop/autoware.ai/install/libvectormap;/home/kimna/Desktop/autoware.ai/install/lane_planner;/home/kimna/Desktop/autoware.ai/install/imm_ukf_pda_track;/home/kimna/Desktop/autoware.ai/install/decision_maker;/home/kimna/Desktop/autoware.ai/install/vector_map;/home/kimna/Desktop/autoware.ai/install/vector_map_msgs;/home/kimna/Desktop/autoware.ai/install/vectacam;/home/kimna/Desktop/autoware.ai/install/udon_socket;/home/kimna/Desktop/autoware.ai/install/twist_generator;/home/kimna/Desktop/autoware.ai/install/twist_gate;/home/kimna/Desktop/autoware.ai/install/twist_filter;/home/kimna/Desktop/autoware.ai/install/twist2odom;/home/kimna/Desktop/autoware.ai/install/tablet_socket;/home/kimna/Desktop/autoware.ai/install/runtime_manager;/home/kimna/Desktop/autoware.ai/install/mqtt_socket;/home/kimna/Desktop/autoware.ai/install/tablet_socket_msgs;/home/kimna/Desktop/autoware.ai/install/state_machine_lib;/home/kimna/Desktop/autoware.ai/install/sound_player;/home/kimna/Desktop/autoware.ai/install/sick_lms5xx;/home/kimna/Desktop/autoware.ai/install/sick_ldmrs_tools;/home/kimna/Desktop/autoware.ai/install/sick_ldmrs_driver;/home/kimna/Desktop/autoware.ai/install/sick_ldmrs_msgs;/home/kimna/Desktop/autoware.ai/install/sick_ldmrs_description;/home/kimna/Desktop/autoware.ai/install/points2image;/home/kimna/Desktop/autoware.ai/install/rosinterface;/home/kimna/Desktop/autoware.ai/install/rosbag_controller;/home/kimna/Desktop/autoware.ai/install/pure_pursuit;/home/kimna/Desktop/autoware.ai/install/points_preprocessor;/home/kimna/Desktop/autoware.ai/install/mpc_follower;/home/kimna/Desktop/autoware.ai/install/lidar_localizer;/home/kimna/Desktop/autoware.ai/install/emergency_handler;/home/kimna/Desktop/autoware.ai/install/autoware_health_checker;/home/kimna/Desktop/autoware.ai/install/as;/home/kimna/Desktop/autoware.ai/install/ros_observer;/home/kimna/Desktop/autoware.ai/install/roi_object_filter;/home/kimna/Desktop/autoware.ai/install/range_vision_fusion;/home/kimna/Desktop/autoware.ai/install/pos_db;/home/kimna/Desktop/autoware.ai/install/points_downsampler;/home/kimna/Desktop/autoware.ai/install/pixel_cloud_fusion;/home/kimna/Desktop/autoware.ai/install/pcl_omp_registration;/home/kimna/Desktop/autoware.ai/install/pc2_downsampler;/home/kimna/Desktop/autoware.ai/install/oculus_socket;/home/kimna/Desktop/autoware.ai/install/obj_db;/home/kimna/Desktop/autoware.ai/install/nmea_navsat;/home/kimna/Desktop/autoware.ai/install/ndt_tku;/home/kimna/Desktop/autoware.ai/install/ndt_gpu;/home/kimna/Desktop/autoware.ai/install/ndt_cpu;/home/kimna/Desktop/autoware.ai/install/multi_lidar_calibrator;/home/kimna/Desktop/autoware.ai/install/mrt_cmake_modules;/home/kimna/Desktop/autoware.ai/install/microstrain_driver;/home/kimna/Desktop/autoware.ai/install/memsic_imu;/home/kimna/Desktop/autoware.ai/install/marker_downsampler;/home/kimna/Desktop/autoware.ai/install/map_tools;/home/kimna/Desktop/autoware.ai/install/map_tf_generator;/home/kimna/Desktop/autoware.ai/install/log_tools;/home/kimna/Desktop/autoware.ai/install/lidar_shape_estimation;/home/kimna/Desktop/autoware.ai/install/lidar_point_pillars;/home/kimna/Desktop/autoware.ai/install/lidar_naive_l_shape_detect;/home/kimna/Desktop/autoware.ai/install/lidar_fake_perception;/home/kimna/Desktop/autoware.ai/install/lidar_apollo_cnn_seg_detect;/home/kimna/Desktop/autoware.ai/install/libwaypoint_follower;/home/kimna/Desktop/autoware.ai/install/lgsvl_simulator_bridge;/home/kimna/Desktop/autoware.ai/install/lanelet2_extension;/home/kimna/Desktop/autoware.ai/install/lanelet2_validation;/home/kimna/Desktop/autoware.ai/install/lanelet2_examples;/home/kimna/Desktop/autoware.ai/install/lanelet2_python;/home/kimna/Desktop/autoware.ai/install/lanelet2_routing;/home/kimna/Desktop/autoware.ai/install/lanelet2_traffic_rules;/home/kimna/Desktop/autoware.ai/install/lanelet2_projection;/home/kimna/Desktop/autoware.ai/install/lanelet2_maps;/home/kimna/Desktop/autoware.ai/install/lanelet2_io;/home/kimna/Desktop/autoware.ai/install/lanelet2_core;/home/kimna/Desktop/autoware.ai/install/kvaser;/home/kimna/Desktop/autoware.ai/install/kitti_launch;/home/kimna/Desktop/autoware.ai/install/kitti_player;/home/kimna/Desktop/autoware.ai/install/kitti_box_publisher;/home/kimna/Desktop/autoware.ai/install/javad_navsat_driver;/home/kimna/Desktop/autoware.ai/install/integrated_viewer;/home/kimna/Desktop/autoware.ai/install/image_processor;/home/kimna/Desktop/autoware.ai/install/hokuyo;/home/kimna/Desktop/autoware.ai/install/graph_tools;/home/kimna/Desktop/autoware.ai/install/gnss_localizer;/home/kimna/Desktop/autoware.ai/install/gnss;/home/kimna/Desktop/autoware.ai/install/glviewer;/home/kimna/Desktop/autoware.ai/install/gazebo_world_description;/home/kimna/Desktop/autoware.ai/install/gazebo_imu_description;/home/kimna/Desktop/autoware.ai/install/gazebo_camera_description;/home/kimna/Desktop/autoware.ai/install/garmin;/home/kimna/Desktop/autoware.ai/install/freespace_planner;/home/kimna/Desktop/autoware.ai/install/fastvirtualscan;/home/kimna/Desktop/autoware.ai/install/ekf_localizer;/home/kimna/Desktop/autoware.ai/install/ds4_msgs;/home/kimna/Desktop/autoware.ai/install/ds4_driver;/home/kimna/Desktop/autoware.ai/install/detected_objects_visualizer;/home/kimna/Desktop/autoware.ai/install/decision_maker_panel;/home/kimna/Desktop/autoware.ai/install/data_preprocessor;/home/kimna/Desktop/autoware.ai/install/custom_msgs;/home/kimna/Desktop/autoware.ai/install/carla_autoware_bridge;/home/kimna/Desktop/autoware.ai/install/calibration_publisher;/home/kimna/Desktop/autoware.ai/install/autoware_system_msgs;/home/kimna/Desktop/autoware.ai/install/autoware_rviz_plugins;/home/kimna/Desktop/autoware.ai/install/autoware_quickstart_examples;/home/kimna/Desktop/autoware.ai/install/autoware_pointgrey_drivers;/home/kimna/Desktop/autoware.ai/install/autoware_driveworks_interface;/home/kimna/Desktop/autoware.ai/install/autoware_connector;/home/kimna/Desktop/autoware.ai/install/autoware_camera_lidar_calibrator;/home/kimna/Desktop/autoware.ai/install/astar_search;/home/kimna/Desktop/autoware.ai/install/amathutils_lib;/home/kimna/Desktop/autoware.ai/install/autoware_msgs;/home/kimna/Desktop/autoware.ai/install/autoware_map_msgs;/home/kimna/Desktop/autoware.ai/install/autoware_launcher_rviz;/home/kimna/Desktop/autoware.ai/install/autoware_launcher;/home/kimna/Desktop/autoware.ai/install/autoware_lanelet2_msgs;/home/kimna/Desktop/autoware.ai/install/autoware_external_msgs;/home/kimna/Desktop/autoware.ai/install/autoware_driveworks_gmsl_interface;/home/kimna/Desktop/autoware.ai/install/autoware_config_msgs;/home/kimna/Desktop/autoware.ai/install/autoware_can_msgs;/home/kimna/Desktop/autoware.ai/install/autoware_build_flags;/home/kimna/Desktop/autoware.ai/install/autoware_bag_tools;/home/kimna/Desktop/autoware.ai/install/adi_driver;/opt/ros/melodic
[1.784s] -- Found PythonInterp: /usr/bin/python2 (found suitable version "2.7.17", minimum required is "2") 
[1.784s] -- Using PYTHON_EXECUTABLE: /usr/bin/python2
[1.784s] -- Using Debian Python package layout
[1.786s] -- Using empy: /usr/bin/empy
[1.990s] -- Using CATKIN_ENABLE_TESTING: ON
[1.991s] -- Call enable_testing()
[1.996s] -- Using CATKIN_TEST_RESULTS_DIR: /home/kimna/Desktop/autoware.ai/src/autoware/core_planning/pure_pursuit/build/pure_pursuit/test_results
[2.057s] -- Found gtest sources under '/usr/src/googletest': gtests will be built
[2.057s] -- Found gmock sources under '/usr/src/googletest': gmock will be built
[2.080s] -- Found PythonInterp: /usr/bin/python2 (found version "2.7.17") 
[2.081s] -- Looking for pthread.h
[2.197s] -- Looking for pthread.h - found
[2.200s] -- Looking for pthread_create
[2.344s] -- Looking for pthread_create - not found
[2.344s] -- Looking for pthread_create in pthreads
[2.438s] -- Looking for pthread_create in pthreads - not found
[2.438s] -- Looking for pthread_create in pthread
[2.558s] -- Looking for pthread_create in pthread - found
[2.559s] -- Found Threads: TRUE  
[2.569s] -- Using Python nosetests: /usr/bin/nosetests-2.7
[2.636s] -- catkin 0.7.23
[2.636s] -- BUILD_SHARED_LIBS is on
[3.158s] -- Using these message generators: gencpp;geneus;genlisp;gennodejs;genpy
[3.959s] -- Configuring done
[4.015s] -- Generating done
[4.029s] -- Build files have been written to: /home/kimna/Desktop/autoware.ai/src/autoware/core_planning/pure_pursuit/build/pure_pursuit
[4.036s] Invoked command in '/home/kimna/Desktop/autoware.ai/src/autoware/core_planning/pure_pursuit/build/pure_pursuit' returned '0': CONDA_PROMPT_MODIFIER=(base) /usr/bin/cmake /home/kimna/Desktop/autoware.ai/src/autoware/core_planning/pure_pursuit -DCMAKE_BUILD_TYPE=Release -DCATKIN_INSTALL_INTO_PREFIX_ROOT=0 -DCMAKE_INSTALL_PREFIX=/home/kimna/Desktop/autoware.ai/src/autoware/core_planning/pure_pursuit/install/pure_pursuit
[4.039s] Invoking command in '/home/kimna/Desktop/autoware.ai/src/autoware/core_planning/pure_pursuit/build/pure_pursuit': CONDA_PROMPT_MODIFIER=(base) /usr/bin/cmake --build /home/kimna/Desktop/autoware.ai/src/autoware/core_planning/pure_pursuit/build/pure_pursuit -- -j8 -l8
[4.139s] [35m[1mScanning dependencies of target pcl_msgs_generate_messages_eus[0m
[4.141s] [35m[1mScanning dependencies of target autoware_config_msgs_generate_messages_lisp[0m
[4.142s] [35m[1mScanning dependencies of target rosgraph_msgs_generate_messages_eus[0m
[4.145s] [35m[1mScanning dependencies of target actionlib_generate_messages_cpp[0m
[4.145s] [35m[1mScanning dependencies of target autoware_system_msgs_generate_messages_lisp[0m
[4.149s] [35m[1mScanning dependencies of target jsk_recognition_msgs_generate_messages_lisp[0m
[4.171s] [35m[1mScanning dependencies of target jsk_recognition_msgs_generate_messages_eus[0m
[4.176s] [35m[1mScanning dependencies of target geometry_msgs_generate_messages_py[0m
[4.177s] [  0%] Built target rosgraph_msgs_generate_messages_eus
[4.182s] [  0%] Built target actionlib_generate_messages_cpp
[4.190s] [  0%] Built target pcl_msgs_generate_messages_eus
[4.194s] [  0%] Built target autoware_system_msgs_generate_messages_lisp
[4.197s] [  0%] Built target autoware_config_msgs_generate_messages_lisp
[4.208s] [  0%] Built target jsk_recognition_msgs_generate_messages_lisp
[4.212s] [35m[1mScanning dependencies of target autoware_system_msgs_generate_messages_py[0m
[4.221s] [35m[1mScanning dependencies of target sensor_msgs_generate_messages_nodejs[0m
[4.229s] [  0%] Built target jsk_recognition_msgs_generate_messages_eus
[4.233s] [35m[1mScanning dependencies of target roscpp_generate_messages_cpp[0m
[4.252s] [  0%] Built target autoware_system_msgs_generate_messages_py
[4.256s] [35m[1mScanning dependencies of target _catkin_empty_exported_target[0m
[4.261s] [  0%] Built target roscpp_generate_messages_cpp
[4.265s] [35m[1mScanning dependencies of target sensor_msgs_generate_messages_eus[0m
[4.280s] [  0%] Built target geometry_msgs_generate_messages_py
[4.282s] [  0%] Built target sensor_msgs_generate_messages_nodejs
[4.284s] [35m[1mScanning dependencies of target sensor_msgs_generate_messages_cpp[0m
[4.295s] [  0%] Built target _catkin_empty_exported_target
[4.300s] [35m[1mScanning dependencies of target tf2_msgs_generate_messages_cpp[0m
[4.304s] [35m[1mScanning dependencies of target std_msgs_generate_messages_py[0m
[4.317s] [  0%] Built target sensor_msgs_generate_messages_eus
[4.318s] [35m[1mScanning dependencies of target autoware_msgs_generate_messages_cpp[0m
[4.322s] [35m[1mScanning dependencies of target std_msgs_generate_messages_nodejs[0m
[4.322s] [35m[1mScanning dependencies of target autoware_msgs_generate_messages_py[0m
[4.345s] [  0%] Built target std_msgs_generate_messages_py
[4.350s] [  0%] Built target sensor_msgs_generate_messages_cpp
[4.355s] [35m[1mScanning dependencies of target rosgraph_msgs_generate_messages_cpp[0m
[4.355s] [  0%] Built target tf2_msgs_generate_messages_cpp
[4.360s] [35m[1mScanning dependencies of target pcl_msgs_generate_messages_nodejs[0m
[4.370s] [  0%] Built target autoware_msgs_generate_messages_py
[4.374s] [  0%] Built target autoware_msgs_generate_messages_cpp
[4.384s] [  0%] Built target std_msgs_generate_messages_nodejs
[4.389s] [35m[1mScanning dependencies of target sensor_msgs_generate_messages_py[0m
[4.397s] [35m[1mScanning dependencies of target sensor_msgs_generate_messages_lisp[0m
[4.399s] [  0%] Built target pcl_msgs_generate_messages_nodejs
[4.403s] [  0%] Built target rosgraph_msgs_generate_messages_cpp
[4.405s] [35m[1mScanning dependencies of target std_msgs_generate_messages_cpp[0m
[4.416s] [35m[1mScanning dependencies of target jsk_recognition_msgs_generate_messages_py[0m
[4.427s] [35m[1mScanning dependencies of target tf_generate_messages_py[0m
[4.440s] [35m[1mScanning dependencies of target jsk_footstep_msgs_generate_messages_py[0m
[4.446s] [  0%] Built target sensor_msgs_generate_messages_lisp
[4.447s] [35m[1mScanning dependencies of target geometry_msgs_generate_messages_eus[0m
[4.453s] [35m[1mScanning dependencies of target actionlib_msgs_generate_messages_nodejs[0m
[4.474s] [  0%] Built target sensor_msgs_generate_messages_py
[4.474s] [  0%] Built target jsk_recognition_msgs_generate_messages_py
[4.482s] [  0%] Built target std_msgs_generate_messages_cpp
[4.486s] [  0%] Built target jsk_footstep_msgs_generate_messages_py
[4.492s] [  0%] Built target geometry_msgs_generate_messages_eus
[4.495s] [35m[1mScanning dependencies of target std_msgs_generate_messages_lisp[0m
[4.496s] [  0%] Built target tf_generate_messages_py
[4.498s] [  0%] Built target actionlib_msgs_generate_messages_nodejs
[4.516s] [35m[1mScanning dependencies of target roscpp_generate_messages_nodejs[0m
[4.522s] [35m[1mScanning dependencies of target geometry_msgs_generate_messages_nodejs[0m
[4.528s] [35m[1mScanning dependencies of target geometry_msgs_generate_messages_lisp[0m
[4.530s] [  0%] Built target std_msgs_generate_messages_lisp
[4.535s] [35m[1mScanning dependencies of target autoware_msgs_generate_messages_eus[0m
[4.540s] [35m[1mScanning dependencies of target autoware_system_msgs_generate_messages_cpp[0m
[4.542s] [35m[1mScanning dependencies of target jsk_recognition_msgs_generate_messages_cpp[0m
[4.547s] [35m[1mScanning dependencies of target pcl_msgs_generate_messages_cpp[0m
[4.557s] [  0%] Built target geometry_msgs_generate_messages_nodejs
[4.563s] [  0%] Built target geometry_msgs_generate_messages_lisp
[4.565s] [  0%] Built target roscpp_generate_messages_nodejs
[4.586s] [  0%] Built target autoware_msgs_generate_messages_eus
[4.590s] [  0%] Built target pcl_msgs_generate_messages_cpp
[4.591s] [35m[1mScanning dependencies of target autoware_msgs_generate_messages_lisp[0m
[4.595s] [  0%] Built target autoware_system_msgs_generate_messages_cpp
[4.602s] [35m[1mScanning dependencies of target std_msgs_generate_messages_eus[0m
[4.608s] [  0%] Built target jsk_recognition_msgs_generate_messages_cpp
[4.617s] [35m[1mScanning dependencies of target autoware_msgs_generate_messages_nodejs[0m
[4.633s] [35m[1mScanning dependencies of target jsk_footstep_msgs_generate_messages_lisp[0m
[4.636s] [  0%] Built target autoware_msgs_generate_messages_lisp
[4.640s] [35m[1mScanning dependencies of target jsk_footstep_msgs_generate_messages_eus[0m
[4.641s] [35m[1mScanning dependencies of target actionlib_msgs_generate_messages_py[0m
[4.656s] [35m[1mScanning dependencies of target autoware_config_msgs_generate_messages_eus[0m
[4.662s] [35m[1mScanning dependencies of target jsk_footstep_msgs_generate_messages_nodejs[0m
[4.668s] [  0%] Built target autoware_msgs_generate_messages_nodejs
[4.676s] [  0%] Built target actionlib_msgs_generate_messages_py
[4.681s] [  0%] Built target std_msgs_generate_messages_eus
[4.692s] [35m[1mScanning dependencies of target autoware_system_msgs_generate_messages_nodejs[0m
[4.695s] [  0%] Built target jsk_footstep_msgs_generate_messages_eus
[4.700s] [  0%] Built target jsk_footstep_msgs_generate_messages_lisp
[4.707s] [35m[1mScanning dependencies of target actionlib_msgs_generate_messages_lisp[0m
[4.709s] [  0%] Built target autoware_config_msgs_generate_messages_eus
[4.723s] [  0%] Built target jsk_footstep_msgs_generate_messages_nodejs
[4.725s] [35m[1mScanning dependencies of target jsk_footstep_msgs_generate_messages_cpp[0m
[4.725s] [35m[1mScanning dependencies of target actionlib_msgs_generate_messages_cpp[0m
[4.732s] [  0%] Built target autoware_system_msgs_generate_messages_nodejs
[4.746s] [35m[1mScanning dependencies of target autoware_config_msgs_generate_messages_nodejs[0m
[4.747s] [  0%] Built target actionlib_msgs_generate_messages_lisp
[4.749s] [35m[1mScanning dependencies of target tf_generate_messages_eus[0m
[4.762s] [35m[1mScanning dependencies of target tf_generate_messages_lisp[0m
[4.771s] [  0%] Built target actionlib_msgs_generate_messages_cpp
[4.772s] [35m[1mScanning dependencies of target tf_generate_messages_nodejs[0m
[4.774s] [  0%] Built target jsk_footstep_msgs_generate_messages_cpp
[4.792s] [35m[1mScanning dependencies of target roscpp_generate_messages_lisp[0m
[4.793s] [35m[1mScanning dependencies of target jsk_recognition_msgs_generate_messages_nodejs[0m
[4.806s] [  0%] Built target tf_generate_messages_eus
[4.813s] [  0%] Built target autoware_config_msgs_generate_messages_nodejs
[4.815s] [  0%] Built target tf_generate_messages_lisp
[4.816s] [35m[1mScanning dependencies of target rosgraph_msgs_generate_messages_lisp[0m
[4.822s] [  0%] Built target tf_generate_messages_nodejs
[4.825s] [35m[1mScanning dependencies of target roscpp_generate_messages_py[0m
[4.833s] [  0%] Built target roscpp_generate_messages_lisp
[4.842s] [35m[1mScanning dependencies of target autoware_config_msgs_generate_messages_cpp[0m
[4.843s] [  0%] Built target jsk_recognition_msgs_generate_messages_nodejs
[4.849s] [35m[1mScanning dependencies of target actionlib_msgs_generate_messages_eus[0m
[4.857s] [  0%] Built target roscpp_generate_messages_py
[4.870s] [35m[1mScanning dependencies of target rosgraph_msgs_generate_messages_py[0m
[4.873s] [  0%] Built target rosgraph_msgs_generate_messages_lisp
[4.879s] [35m[1mScanning dependencies of target roscpp_generate_messages_eus[0m
[4.892s] [35m[1mScanning dependencies of target rosgraph_msgs_generate_messages_nodejs[0m
[4.897s] [35m[1mScanning dependencies of target autoware_config_msgs_generate_messages_py[0m
[4.899s] [  0%] Built target actionlib_msgs_generate_messages_eus
[4.901s] [  0%] Built target autoware_config_msgs_generate_messages_cpp
[4.912s] [35m[1mScanning dependencies of target actionlib_generate_messages_eus[0m
[4.914s] [35m[1mScanning dependencies of target pcl_msgs_generate_messages_py[0m
[4.931s] [  0%] Built target roscpp_generate_messages_eus
[4.934s] [  0%] Built target rosgraph_msgs_generate_messages_py
[4.935s] [35m[1mScanning dependencies of target geometry_msgs_generate_messages_cpp[0m
[4.938s] [  0%] Built target rosgraph_msgs_generate_messages_nodejs
[4.944s] [35m[1mScanning dependencies of target actionlib_generate_messages_lisp[0m
[4.959s] [  0%] Built target autoware_config_msgs_generate_messages_py
[4.959s] [  0%] Built target actionlib_generate_messages_eus
[4.965s] [35m[1mScanning dependencies of target tf_generate_messages_cpp[0m
[4.976s] [35m[1mScanning dependencies of target pcl_msgs_generate_messages_lisp[0m
[4.979s] [  0%] Built target pcl_msgs_generate_messages_py
[4.982s] [  0%] Built target geometry_msgs_generate_messages_cpp
[4.995s] [35m[1mScanning dependencies of target tf2_msgs_generate_messages_eus[0m
[4.998s] [35m[1mScanning dependencies of target actionlib_generate_messages_nodejs[0m
[5.011s] [35m[1mScanning dependencies of target autoware_system_msgs_generate_messages_eus[0m
[5.012s] [  0%] Built target tf_generate_messages_cpp
[5.022s] [35m[1mScanning dependencies of target actionlib_generate_messages_py[0m
[5.023s] [  0%] Built target actionlib_generate_messages_lisp
[5.027s] [  0%] Built target pcl_msgs_generate_messages_lisp
[5.038s] [35m[1mScanning dependencies of target tf2_msgs_generate_messages_lisp[0m
[5.040s] [  0%] Built target tf2_msgs_generate_messages_eus
[5.046s] [  0%] Built target autoware_system_msgs_generate_messages_eus
[5.050s] [  0%] Built target actionlib_generate_messages_py
[5.052s] [35m[1mScanning dependencies of target tf2_msgs_generate_messages_py[0m
[5.056s] [  0%] Built target actionlib_generate_messages_nodejs
[5.064s] [35m[1mScanning dependencies of target tf2_msgs_generate_messages_nodejs[0m
[5.073s] [  0%] Built target tf2_msgs_generate_messages_lisp
[5.077s] [  0%] Built target tf2_msgs_generate_messages_py
[5.093s] [  0%] Built target tf2_msgs_generate_messages_nodejs
[5.113s] [35m[1mScanning dependencies of target pure_pursuit[0m
[5.162s] [ 20%] [32mBuilding CXX object CMakeFiles/pure_pursuit.dir/src/pure_pursuit_node.cpp.o[0m
[5.167s] [ 40%] [32mBuilding CXX object CMakeFiles/pure_pursuit.dir/src/pure_pursuit_viz.cpp.o[0m
[5.170s] [ 60%] [32mBuilding CXX object CMakeFiles/pure_pursuit.dir/src/pure_pursuit.cpp.o[0m
[5.173s] [ 80%] [32mBuilding CXX object CMakeFiles/pure_pursuit.dir/src/pure_pursuit_core.cpp.o[0m
[15.002s] [100%] [32m[1mLinking CXX executable devel/lib/pure_pursuit/pure_pursuit[0m
[15.324s] [100%] Built target pure_pursuit
[15.347s] Invoked command in '/home/kimna/Desktop/autoware.ai/src/autoware/core_planning/pure_pursuit/build/pure_pursuit' returned '0': CONDA_PROMPT_MODIFIER=(base) /usr/bin/cmake --build /home/kimna/Desktop/autoware.ai/src/autoware/core_planning/pure_pursuit/build/pure_pursuit -- -j8 -l8
[15.643s] Invoking command in '/home/kimna/Desktop/autoware.ai/src/autoware/core_planning/pure_pursuit/build/pure_pursuit': CONDA_PROMPT_MODIFIER=(base) /usr/bin/cmake --build /home/kimna/Desktop/autoware.ai/src/autoware/core_planning/pure_pursuit/build/pure_pursuit --target tests -- -j8 -l8
[15.793s] [35m[1mScanning dependencies of target gtest[0m
[15.830s] [  0%] Built target jsk_recognition_msgs_generate_messages_lisp
[15.834s] [  0%] Built target pcl_msgs_generate_messages_eus
[15.839s] [  0%] Built target geometry_msgs_generate_messages_py
[15.849s] [  0%] Built target autoware_system_msgs_generate_messages_lisp
[15.867s] [ 14%] [32mBuilding CXX object gtest/googlemock/gtest/CMakeFiles/gtest.dir/src/gtest-all.cc.o[0m
[15.871s] [ 14%] Built target jsk_recognition_msgs_generate_messages_eus
[15.884s] [ 14%] Built target actionlib_generate_messages_cpp
[15.898s] [ 14%] Built target rosgraph_msgs_generate_messages_eus
[15.906s] [ 14%] Built target sensor_msgs_generate_messages_nodejs
[15.970s] [ 14%] Built target autoware_system_msgs_generate_messages_py
[15.978s] [ 14%] Built target roscpp_generate_messages_cpp
[15.979s] [ 14%] Built target _catkin_empty_exported_target
[16.000s] [ 14%] Built target sensor_msgs_generate_messages_eus
[16.015s] [ 14%] Built target autoware_msgs_generate_messages_cpp
[16.017s] [ 14%] Built target sensor_msgs_generate_messages_cpp
[16.034s] [ 14%] Built target tf2_msgs_generate_messages_cpp
[16.058s] [ 14%] Built target autoware_msgs_generate_messages_py
[16.092s] [ 14%] Built target std_msgs_generate_messages_nodejs
[16.118s] [ 14%] Built target rosgraph_msgs_generate_messages_cpp
[16.120s] [ 14%] Built target std_msgs_generate_messages_py
[16.131s] [ 14%] Built target pcl_msgs_generate_messages_nodejs
[16.135s] [ 14%] Built target jsk_recognition_msgs_generate_messages_py
[16.156s] [ 14%] Built target sensor_msgs_generate_messages_py
[16.158s] [ 14%] Built target sensor_msgs_generate_messages_lisp
[16.205s] [ 14%] Built target tf_generate_messages_py
[16.215s] [ 14%] Built target std_msgs_generate_messages_cpp
[16.224s] [ 14%] Built target jsk_footstep_msgs_generate_messages_py
[16.233s] [ 14%] Built target actionlib_msgs_generate_messages_nodejs
[16.240s] [ 14%] Built target geometry_msgs_generate_messages_eus
[16.245s] [ 14%] Built target roscpp_generate_messages_nodejs
[16.301s] [ 14%] Built target std_msgs_generate_messages_lisp
[16.329s] [ 14%] Built target autoware_system_msgs_generate_messages_cpp
[16.340s] [ 14%] Built target geometry_msgs_generate_messages_nodejs
[16.341s] [ 14%] Built target geometry_msgs_generate_messages_lisp
[16.345s] [ 14%] Built target autoware_msgs_generate_messages_eus
[16.361s] [ 14%] Built target pcl_msgs_generate_messages_cpp
[16.407s] [ 14%] Built target jsk_recognition_msgs_generate_messages_cpp
[16.440s] [ 14%] Built target std_msgs_generate_messages_eus
[16.464s] [ 14%] Built target jsk_footstep_msgs_generate_messages_eus
[16.471s] [ 14%] Built target autoware_msgs_generate_messages_nodejs
[16.479s] [ 14%] Built target autoware_msgs_generate_messages_lisp
[16.485s] [ 14%] Built target actionlib_msgs_generate_messages_py
[16.544s] [ 14%] Built target autoware_config_msgs_generate_messages_eus
[16.561s] [ 14%] Built target jsk_footstep_msgs_generate_messages_cpp
[16.564s] [ 14%] Built target jsk_footstep_msgs_generate_messages_nodejs
[16.569s] [ 14%] Built target jsk_footstep_msgs_generate_messages_lisp
[16.577s] [ 14%] Built target actionlib_msgs_generate_messages_lisp
[16.610s] [ 14%] Built target actionlib_msgs_generate_messages_cpp
[16.612s] [ 14%] Built target autoware_system_msgs_generate_messages_nodejs
[16.624s] [ 14%] Built target tf_generate_messages_eus
[16.681s] [ 14%] Built target tf_generate_messages_nodejs
[16.695s] [ 14%] Built target tf_generate_messages_lisp
[16.696s] [ 14%] Built target autoware_config_msgs_generate_messages_nodejs
[16.716s] [ 14%] Built target jsk_recognition_msgs_generate_messages_nodejs
[16.724s] [ 14%] Built target roscpp_generate_messages_py
[16.748s] [ 14%] Built target roscpp_generate_messages_lisp
[16.760s] [ 14%] Built target rosgraph_msgs_generate_messages_lisp
[16.770s] [ 14%] Built target autoware_config_msgs_generate_messages_cpp
[16.804s] [ 14%] Built target actionlib_msgs_generate_messages_eus
[16.817s] [ 14%] Built target rosgraph_msgs_generate_messages_nodejs
[16.845s] [ 14%] Built target roscpp_generate_messages_eus
[16.869s] [ 14%] Built target rosgraph_msgs_generate_messages_py
[16.888s] [ 14%] Built target pcl_msgs_generate_messages_py
[16.914s] [ 14%] Built target actionlib_generate_messages_eus
[16.921s] [ 14%] Built target autoware_config_msgs_generate_messages_py
[16.949s] [ 14%] Built target geometry_msgs_generate_messages_cpp
[16.971s] [ 14%] Built target actionlib_generate_messages_lisp
[17.006s] [ 14%] Built target actionlib_generate_messages_nodejs
[17.015s] [ 14%] Built target tf_generate_messages_cpp
[17.018s] [ 14%] Built target pcl_msgs_generate_messages_lisp
[17.062s] [ 14%] Built target autoware_system_msgs_generate_messages_eus
[17.074s] [ 14%] Built target tf2_msgs_generate_messages_eus
[17.079s] [ 14%] Built target actionlib_generate_messages_py
[17.099s] [ 14%] Built target tf2_msgs_generate_messages_lisp
[17.115s] [ 14%] Built target tf2_msgs_generate_messages_py
[17.121s] [ 14%] Built target tf2_msgs_generate_messages_nodejs
[17.132s] [ 14%] Built target autoware_config_msgs_generate_messages_lisp
[21.494s] [ 28%] [32m[1mLinking CXX shared library libgtest.so[0m
[21.620s] [ 28%] Built target gtest
[21.641s] [35m[1mScanning dependencies of target test-pure_pursuit[0m
[21.699s] [ 42%] [32mBuilding CXX object CMakeFiles/test-pure_pursuit.dir/src/pure_pursuit_core.cpp.o[0m
[21.700s] [ 57%] [32mBuilding CXX object CMakeFiles/test-pure_pursuit.dir/test/src/test_pure_pursuit.cpp.o[0m
[21.704s] [ 85%] [32mBuilding CXX object CMakeFiles/test-pure_pursuit.dir/src/pure_pursuit.cpp.o[0m
[21.704s] [ 85%] [32mBuilding CXX object CMakeFiles/test-pure_pursuit.dir/src/pure_pursuit_viz.cpp.o[0m
[31.706s] [100%] [32m[1mLinking CXX executable devel/lib/pure_pursuit/test-pure_pursuit[0m
[32.019s] [100%] Built target test-pure_pursuit
[32.039s] [35m[1mScanning dependencies of target tests[0m
[32.060s] [100%] Built target tests
[32.081s] Invoked command in '/home/kimna/Desktop/autoware.ai/src/autoware/core_planning/pure_pursuit/build/pure_pursuit' returned '0': CONDA_PROMPT_MODIFIER=(base) /usr/bin/cmake --build /home/kimna/Desktop/autoware.ai/src/autoware/core_planning/pure_pursuit/build/pure_pursuit --target tests -- -j8 -l8
[32.388s] Invoking command in '/home/kimna/Desktop/autoware.ai/src/autoware/core_planning/pure_pursuit/build/pure_pursuit': CONDA_PROMPT_MODIFIER=(base) /usr/bin/cmake --build /home/kimna/Desktop/autoware.ai/src/autoware/core_planning/pure_pursuit/build/pure_pursuit --target install -- -j8 -l8
[32.538s] [  0%] Built target actionlib_generate_messages_cpp
[32.544s] [  0%] Built target geometry_msgs_generate_messages_py
[32.548s] [  0%] Built target jsk_recognition_msgs_generate_messages_eus
[32.558s] [  0%] Built target pcl_msgs_generate_messages_eus
[32.570s] [  0%] Built target rosgraph_msgs_generate_messages_eus
[32.576s] [  0%] Built target autoware_system_msgs_generate_messages_lisp
[32.595s] [  0%] Built target jsk_recognition_msgs_generate_messages_lisp
[32.597s] [  0%] Built target autoware_config_msgs_generate_messages_lisp
[32.618s] [  0%] Built target autoware_system_msgs_generate_messages_py
[32.621s] [  0%] Built target sensor_msgs_generate_messages_nodejs
[32.633s] [  0%] Built target _catkin_empty_exported_target
[32.658s] [  0%] Built target sensor_msgs_generate_messages_eus
[32.666s] [  0%] Built target roscpp_generate_messages_cpp
[32.685s] [  0%] Built target sensor_msgs_generate_messages_cpp
[32.696s] [  0%] Built target autoware_msgs_generate_messages_cpp
[32.696s] [  0%] Built target tf2_msgs_generate_messages_cpp
[32.714s] [  0%] Built target std_msgs_generate_messages_py
[32.727s] [  0%] Built target std_msgs_generate_messages_nodejs
[32.744s] [  0%] Built target pcl_msgs_generate_messages_nodejs
[32.746s] [  0%] Built target autoware_msgs_generate_messages_py
[32.747s] [  0%] Built target rosgraph_msgs_generate_messages_cpp
[32.755s] [  0%] Built target jsk_recognition_msgs_generate_messages_py
[32.769s] [  0%] Built target sensor_msgs_generate_messages_lisp
[32.783s] [  0%] Built target sensor_msgs_generate_messages_py
[32.832s] [  0%] Built target tf_generate_messages_py
[32.835s] [  0%] Built target geometry_msgs_generate_messages_eus
[32.837s] [  0%] Built target jsk_footstep_msgs_generate_messages_py
[32.854s] [  0%] Built target std_msgs_generate_messages_cpp
[32.862s] [  0%] Built target autoware_system_msgs_generate_messages_cpp
[32.888s] [  0%] Built target actionlib_msgs_generate_messages_nodejs
[32.889s] [  0%] Built target roscpp_generate_messages_nodejs
[32.903s] [  0%] Built target std_msgs_generate_messages_lisp
[32.928s] [  0%] Built target geometry_msgs_generate_messages_lisp
[32.950s] [  0%] Built target geometry_msgs_generate_messages_nodejs
[32.952s] [  0%] Built target pcl_msgs_generate_messages_cpp
[32.969s] [  0%] Built target jsk_recognition_msgs_generate_messages_cpp
[32.976s] [  0%] Built target autoware_msgs_generate_messages_eus
[32.979s] [  0%] Built target autoware_msgs_generate_messages_nodejs
[33.000s] [  0%] Built target std_msgs_generate_messages_eus
[33.025s] [  0%] Built target autoware_msgs_generate_messages_lisp
[33.044s] [  0%] Built target jsk_footstep_msgs_generate_messages_eus
[33.060s] [  0%] Built target jsk_footstep_msgs_generate_messages_lisp
[33.066s] [  0%] Built target autoware_config_msgs_generate_messages_eus
[33.072s] [  0%] Built target actionlib_msgs_generate_messages_lisp
[33.072s] [  0%] Built target actionlib_msgs_generate_messages_py
[33.077s] [  0%] Built target jsk_footstep_msgs_generate_messages_nodejs
[33.093s] [  0%] Built target autoware_system_msgs_generate_messages_nodejs
[33.130s] [  0%] Built target jsk_footstep_msgs_generate_messages_cpp
[33.141s] [  0%] Built target tf_generate_messages_eus
[33.162s] [  0%] Built target actionlib_msgs_generate_messages_cpp
[33.188s] [  0%] Built target jsk_recognition_msgs_generate_messages_nodejs
[33.194s] [  0%] Built target tf_generate_messages_nodejs
[33.194s] [  0%] Built target tf_generate_messages_lisp
[33.195s] [  0%] Built target autoware_config_msgs_generate_messages_nodejs
[33.205s] [  0%] Built target roscpp_generate_messages_lisp
[33.224s] [  0%] Built target roscpp_generate_messages_py
[33.224s] [  0%] Built target rosgraph_msgs_generate_messages_lisp
[33.298s] [  0%] Built target autoware_config_msgs_generate_messages_cpp
[33.299s] [  0%] Built target actionlib_msgs_generate_messages_eus
[33.308s] [  0%] Built target rosgraph_msgs_generate_messages_py
[33.312s] [  0%] Built target autoware_config_msgs_generate_messages_py
[33.313s] [  0%] Built target roscpp_generate_messages_eus
[33.317s] [  0%] Built target rosgraph_msgs_generate_messages_nodejs
[33.325s] [  0%] Built target actionlib_generate_messages_eus
[33.342s] [  0%] Built target pcl_msgs_generate_messages_py
[33.384s] [  0%] Built target geometry_msgs_generate_messages_cpp
[33.403s] [  0%] Built target autoware_system_msgs_generate_messages_eus
[33.409s] [  0%] Built target actionlib_generate_messages_lisp
[33.422s] [  0%] Built target tf_generate_messages_cpp
[33.431s] [  0%] Built target pcl_msgs_generate_messages_lisp
[33.441s] [  0%] Built target tf2_msgs_generate_messages_eus
[33.441s] [  0%] Built target tf2_msgs_generate_messages_lisp
[33.443s] [  0%] Built target actionlib_generate_messages_nodejs
[33.466s] [  0%] Built target actionlib_generate_messages_py
[33.483s] [  0%] Built target tf2_msgs_generate_messages_py
[33.489s] [  0%] Built target tf2_msgs_generate_messages_nodejs
[33.540s] [100%] Built target pure_pursuit
[33.580s] [36mInstall the project...[0m
[33.596s] -- Install configuration: "Release"
[33.596s] -- Installing: /home/kimna/Desktop/autoware.ai/src/autoware/core_planning/pure_pursuit/install/pure_pursuit/lib/pkgconfig/pure_pursuit.pc
[33.596s] -- Installing: /home/kimna/Desktop/autoware.ai/src/autoware/core_planning/pure_pursuit/install/pure_pursuit/share/pure_pursuit/cmake/pure_pursuitConfig.cmake
[33.596s] -- Installing: /home/kimna/Desktop/autoware.ai/src/autoware/core_planning/pure_pursuit/install/pure_pursuit/share/pure_pursuit/cmake/pure_pursuitConfig-version.cmake
[33.597s] -- Installing: /home/kimna/Desktop/autoware.ai/src/autoware/core_planning/pure_pursuit/install/pure_pursuit/share/pure_pursuit/package.xml
[33.597s] -- Installing: /home/kimna/Desktop/autoware.ai/src/autoware/core_planning/pure_pursuit/install/pure_pursuit/lib/pure_pursuit/pure_pursuit
[33.602s] -- Set runtime path of "/home/kimna/Desktop/autoware.ai/src/autoware/core_planning/pure_pursuit/install/pure_pursuit/lib/pure_pursuit/pure_pursuit" to ""
[33.602s] -- Installing: /home/kimna/Desktop/autoware.ai/src/autoware/core_planning/pure_pursuit/install/pure_pursuit/share/pure_pursuit/launch
[33.602s] -- Installing: /home/kimna/Desktop/autoware.ai/src/autoware/core_planning/pure_pursuit/install/pure_pursuit/share/pure_pursuit/launch/pure_pursuit.launch
[33.607s] Invoked command in '/home/kimna/Desktop/autoware.ai/src/autoware/core_planning/pure_pursuit/build/pure_pursuit' returned '0': CONDA_PROMPT_MODIFIER=(base) /usr/bin/cmake --build /home/kimna/Desktop/autoware.ai/src/autoware/core_planning/pure_pursuit/build/pure_pursuit --target install -- -j8 -l8
