[0.145s] [  0%] Built target jsk_recognition_msgs_generate_messages_lisp
[0.148s] [  0%] Built target autoware_system_msgs_generate_messages_lisp
[0.151s] [  0%] Built target pcl_msgs_generate_messages_eus
[0.154s] [  0%] Built target autoware_config_msgs_generate_messages_lisp
[0.167s] [  0%] Built target jsk_recognition_msgs_generate_messages_eus
[0.172s] [  0%] Built target rosgraph_msgs_generate_messages_eus
[0.185s] [  0%] Built target geometry_msgs_generate_messages_py
[0.204s] [  0%] Built target actionlib_generate_messages_cpp
[0.209s] [  0%] Built target sensor_msgs_generate_messages_nodejs
[0.220s] [  0%] Built target autoware_system_msgs_generate_messages_py
[0.228s] [  0%] Built target roscpp_generate_messages_cpp
[0.239s] [  0%] Built target sensor_msgs_generate_messages_eus
[0.243s] [  0%] Built target _catkin_empty_exported_target
[0.266s] [  0%] Built target autoware_msgs_generate_messages_cpp
[0.270s] [  0%] Built target sensor_msgs_generate_messages_cpp
[0.284s] [  0%] Built target tf2_msgs_generate_messages_cpp
[0.297s] [  0%] Built target std_msgs_generate_messages_nodejs
[0.298s] [  0%] Built target std_msgs_generate_messages_py
[0.316s] [  0%] Built target autoware_msgs_generate_messages_py
[0.325s] [  0%] Built target pcl_msgs_generate_messages_nodejs
[0.334s] [  0%] Built target rosgraph_msgs_generate_messages_cpp
[0.354s] [  0%] Built target sensor_msgs_generate_messages_lisp
[0.356s] [  0%] Built target std_msgs_generate_messages_cpp
[0.360s] [  0%] Built target jsk_recognition_msgs_generate_messages_py
[0.384s] [  0%] Built target tf_generate_messages_py
[0.386s] [  0%] Built target sensor_msgs_generate_messages_py
[0.393s] [  0%] Built target jsk_footstep_msgs_generate_messages_py
[0.408s] [  0%] Built target geometry_msgs_generate_messages_eus
[0.425s] [  0%] Built target std_msgs_generate_messages_lisp
[0.429s] [  0%] Built target actionlib_msgs_generate_messages_nodejs
[0.430s] [  0%] Built target autoware_system_msgs_generate_messages_cpp
[0.448s] [  0%] Built target pcl_msgs_generate_messages_cpp
[0.451s] [  0%] Built target roscpp_generate_messages_nodejs
[0.458s] [  0%] Built target geometry_msgs_generate_messages_nodejs
[0.458s] [  0%] Built target geometry_msgs_generate_messages_lisp
[0.490s] [  0%] Built target jsk_recognition_msgs_generate_messages_cpp
[0.496s] [  0%] Built target autoware_msgs_generate_messages_eus
[0.497s] [  0%] Built target autoware_msgs_generate_messages_lisp
[0.511s] [  0%] Built target std_msgs_generate_messages_eus
[0.512s] [  0%] Built target autoware_msgs_generate_messages_nodejs
[0.521s] [  0%] Built target autoware_config_msgs_generate_messages_eus
[0.522s] [  0%] Built target jsk_footstep_msgs_generate_messages_eus
[0.526s] [  0%] Built target actionlib_msgs_generate_messages_py
[0.565s] [  0%] Built target jsk_footstep_msgs_generate_messages_cpp
[0.567s] [  0%] Built target jsk_footstep_msgs_generate_messages_lisp
[0.573s] [  0%] Built target jsk_footstep_msgs_generate_messages_nodejs
[0.586s] [  0%] Built target autoware_system_msgs_generate_messages_nodejs
[0.587s] [  0%] Built target actionlib_msgs_generate_messages_cpp
[0.595s] [  0%] Built target actionlib_msgs_generate_messages_lisp
[0.602s] [  0%] Built target tf_generate_messages_lisp
[0.605s] [  0%] Built target tf_generate_messages_eus
[0.629s] [  0%] Built target autoware_config_msgs_generate_messages_nodejs
[0.634s] [  0%] Built target tf_generate_messages_nodejs
[0.648s] [  0%] Built target jsk_recognition_msgs_generate_messages_nodejs
[0.649s] [  0%] Built target roscpp_generate_messages_lisp
[0.655s] [  0%] Built target rosgraph_msgs_generate_messages_lisp
[0.655s] [  0%] Built target roscpp_generate_messages_py
[0.683s] [  0%] Built target autoware_config_msgs_generate_messages_cpp
[0.690s] [  0%] Built target rosgraph_msgs_generate_messages_nodejs
[0.710s] [  0%] Built target roscpp_generate_messages_eus
[0.714s] [  0%] Built target rosgraph_msgs_generate_messages_py
[0.718s] [  0%] Built target autoware_config_msgs_generate_messages_py
[0.735s] [  0%] Built target actionlib_msgs_generate_messages_eus
[0.735s] [  0%] Built target actionlib_generate_messages_eus
[0.737s] [  0%] Built target pcl_msgs_generate_messages_py
[0.758s] [  0%] Built target geometry_msgs_generate_messages_cpp
[0.775s] [  0%] Built target pcl_msgs_generate_messages_lisp
[0.780s] [  0%] Built target tf_generate_messages_cpp
[0.787s] [  0%] Built target actionlib_generate_messages_lisp
[0.791s] [  0%] Built target actionlib_generate_messages_nodejs
[0.807s] [  0%] Built target tf2_msgs_generate_messages_eus
[0.807s] [  0%] Built target autoware_system_msgs_generate_messages_eus
[0.823s] [  0%] Built target tf2_msgs_generate_messages_lisp
[0.827s] [  0%] Built target tf2_msgs_generate_messages_py
[0.829s] [  0%] Built target actionlib_generate_messages_py
[0.839s] [  0%] Built target tf2_msgs_generate_messages_nodejs
[0.864s] [35m[1mScanning dependencies of target pure_pursuit[0m
[0.900s] [ 20%] [32mBuilding CXX object CMakeFiles/pure_pursuit.dir/src/pure_pursuit_core.cpp.o[0m
[7.739s] CMakeFiles/pure_pursuit.dir/build.make:110: recipe for target 'CMakeFiles/pure_pursuit.dir/src/pure_pursuit_core.cpp.o' failed
[7.739s] CMakeFiles/Makefile2:444: recipe for target 'CMakeFiles/pure_pursuit.dir/all' failed
[7.739s] Makefile:140: recipe for target 'all' failed
