[0.123s] [  0%] Built target jsk_recognition_msgs_generate_messages_lisp
[0.124s] [  0%] Built target actionlib_generate_messages_cpp
[0.124s] [  0%] Built target rosgraph_msgs_generate_messages_eus
[0.125s] [  0%] Built target autoware_system_msgs_generate_messages_lisp
[0.126s] [  0%] Built target geometry_msgs_generate_messages_py
[0.126s] [  0%] Built target pcl_msgs_generate_messages_eus
[0.131s] [  0%] Built target jsk_recognition_msgs_generate_messages_eus
[0.146s] [  0%] Built target autoware_config_msgs_generate_messages_lisp
[0.175s] [  0%] Built target sensor_msgs_generate_messages_eus
[0.177s] [  0%] Built target sensor_msgs_generate_messages_nodejs
[0.178s] [  0%] Built target _catkin_empty_exported_target
[0.178s] [  0%] Built target roscpp_generate_messages_cpp
[0.178s] [  0%] Built target autoware_system_msgs_generate_messages_py
[0.185s] [  0%] Built target sensor_msgs_generate_messages_cpp
[0.197s] [  0%] Built target autoware_msgs_generate_messages_cpp
[0.206s] [  0%] Built target tf2_msgs_generate_messages_cpp
[0.224s] [  0%] Built target rosgraph_msgs_generate_messages_cpp
[0.226s] [  0%] Built target autoware_msgs_generate_messages_py
[0.227s] [  0%] Built target std_msgs_generate_messages_nodejs
[0.230s] [  0%] Built target std_msgs_generate_messages_py
[0.244s] [  0%] Built target jsk_recognition_msgs_generate_messages_py
[0.249s] [  0%] Built target pcl_msgs_generate_messages_nodejs
[0.260s] [  0%] Built target sensor_msgs_generate_messages_lisp
[0.263s] [  0%] Built target sensor_msgs_generate_messages_py
[0.277s] [  0%] Built target tf_generate_messages_py
[0.280s] [  0%] Built target jsk_footstep_msgs_generate_messages_py
[0.280s] [  0%] Built target std_msgs_generate_messages_cpp
[0.281s] [  0%] Built target actionlib_msgs_generate_messages_nodejs
[0.298s] [  0%] Built target geometry_msgs_generate_messages_eus
[0.301s] [  0%] Built target std_msgs_generate_messages_lisp
[0.311s] [  0%] Built target autoware_system_msgs_generate_messages_cpp
[0.314s] [  0%] Built target roscpp_generate_messages_nodejs
[0.327s] [  0%] Built target jsk_recognition_msgs_generate_messages_cpp
[0.328s] [  0%] Built target pcl_msgs_generate_messages_cpp
[0.328s] [  0%] Built target geometry_msgs_generate_messages_lisp
[0.329s] [  0%] Built target geometry_msgs_generate_messages_nodejs
[0.351s] [  0%] Built target autoware_msgs_generate_messages_lisp
[0.353s] [  0%] Built target autoware_msgs_generate_messages_eus
[0.364s] [  0%] Built target std_msgs_generate_messages_eus
[0.375s] [  0%] Built target autoware_msgs_generate_messages_nodejs
[0.376s] [  0%] Built target jsk_footstep_msgs_generate_messages_eus
[0.378s] [  0%] Built target jsk_footstep_msgs_generate_messages_lisp
[0.380s] [  0%] Built target actionlib_msgs_generate_messages_py
[0.380s] [  0%] Built target autoware_config_msgs_generate_messages_eus
[0.400s] [  0%] Built target autoware_system_msgs_generate_messages_nodejs
[0.402s] [  0%] Built target jsk_footstep_msgs_generate_messages_nodejs
[0.415s] [  0%] Built target actionlib_msgs_generate_messages_lisp
[0.424s] [  0%] Built target jsk_footstep_msgs_generate_messages_cpp
[0.425s] [  0%] Built target tf_generate_messages_eus
[0.426s] [  0%] Built target actionlib_msgs_generate_messages_cpp
[0.429s] [  0%] Built target autoware_config_msgs_generate_messages_nodejs
[0.430s] [  0%] Built target tf_generate_messages_lisp
[0.450s] [  0%] Built target tf_generate_messages_nodejs
[0.450s] [  0%] Built target jsk_recognition_msgs_generate_messages_nodejs
[0.472s] [  0%] Built target roscpp_generate_messages_lisp
[0.478s] [  0%] Built target rosgraph_msgs_generate_messages_lisp
[0.478s] [  0%] Built target rosgraph_msgs_generate_messages_nodejs
[0.478s] [  0%] Built target roscpp_generate_messages_py
[0.482s] [  0%] Built target roscpp_generate_messages_eus
[0.482s] [  0%] Built target autoware_config_msgs_generate_messages_cpp
[0.500s] [  0%] Built target rosgraph_msgs_generate_messages_py
[0.501s] [  0%] Built target actionlib_msgs_generate_messages_eus
[0.522s] [  0%] Built target autoware_config_msgs_generate_messages_py
[0.528s] [  0%] Built target actionlib_generate_messages_eus
[0.534s] [  0%] Built target geometry_msgs_generate_messages_cpp
[0.538s] [  0%] Built target actionlib_generate_messages_lisp
[0.538s] [  0%] Built target pcl_msgs_generate_messages_py
[0.543s] [  0%] Built target pcl_msgs_generate_messages_lisp
[0.546s] [  0%] Built target tf_generate_messages_cpp
[0.555s] [  0%] Built target actionlib_generate_messages_nodejs
[0.576s] [  0%] Built target autoware_system_msgs_generate_messages_eus
[0.580s] [  0%] Built target tf2_msgs_generate_messages_eus
[0.582s] [  0%] Built target tf2_msgs_generate_messages_py
[0.583s] [  0%] Built target tf2_msgs_generate_messages_lisp
[0.589s] [  0%] Built target tf2_msgs_generate_messages_nodejs
[0.589s] [  0%] Built target actionlib_generate_messages_py
[0.625s] [ 20%] [32mBuilding CXX object CMakeFiles/pure_pursuit.dir/src/pure_pursuit_core.cpp.o[0m
[2.579s] [01m[K/home/kimna/Desktop/autoware.ai/src/autoware/core_planning/pure_pursuit/src/pure_pursuit_core.cpp:355:17:[m[K [01;31m[Kerror: [m[Kexpected constructor, destructor, or type conversion before ‘[01m[K([m[K’ token
[2.579s]        std::hypot[01;31m[K([m[Kcurrent_pose.position.x - target_pose.position.x,
[2.579s]                  [01;31m[K^[m[K
[3.392s] CMakeFiles/pure_pursuit.dir/build.make:110: recipe for target 'CMakeFiles/pure_pursuit.dir/src/pure_pursuit_core.cpp.o' failed
[3.392s] make[2]: *** [CMakeFiles/pure_pursuit.dir/src/pure_pursuit_core.cpp.o] Error 1
[3.392s] CMakeFiles/Makefile2:444: recipe for target 'CMakeFiles/pure_pursuit.dir/all' failed
[3.392s] make[1]: *** [CMakeFiles/pure_pursuit.dir/all] Error 2
[3.393s] make: *** [all] Error 2
[3.393s] Makefile:140: recipe for target 'all' failed
