Determining if the pthread_create exist failed with the following output:
Change Dir: /home/kimna/Desktop/autoware.ai/src/autoware/core_planning/build/lane_planner/CMakeFiles/CMakeTmp

Run Build Command:"/usr/bin/make" "cmTC_703cd/fast"
/usr/bin/make -f CMakeFiles/cmTC_703cd.dir/build.make CMakeFiles/cmTC_703cd.dir/build
make[1]: Entering directory '/home/kimna/Desktop/autoware.ai/src/autoware/core_planning/build/lane_planner/CMakeFiles/CMakeTmp'
Building C object CMakeFiles/cmTC_703cd.dir/CheckSymbolExists.c.o
/usr/bin/cc    -o CMakeFiles/cmTC_703cd.dir/CheckSymbolExists.c.o   -c /home/kimna/Desktop/autoware.ai/src/autoware/core_planning/build/lane_planner/CMakeFiles/CMakeTmp/CheckSymbolExists.c
Linking C executable cmTC_703cd
/usr/bin/cmake -E cmake_link_script CMakeFiles/cmTC_703cd.dir/link.txt --verbose=1
/usr/bin/cc      -rdynamic CMakeFiles/cmTC_703cd.dir/CheckSymbolExists.c.o  -o cmTC_703cd 
CMakeFiles/cmTC_703cd.dir/CheckSymbolExists.c.o: In function `main':
CheckSymbolExists.c:(.text+0x1b): undefined reference to `pthread_create'
collect2: error: ld returned 1 exit status
CMakeFiles/cmTC_703cd.dir/build.make:97: recipe for target 'cmTC_703cd' failed
make[1]: *** [cmTC_703cd] Error 1
make[1]: Leaving directory '/home/kimna/Desktop/autoware.ai/src/autoware/core_planning/build/lane_planner/CMakeFiles/CMakeTmp'
Makefile:126: recipe for target 'cmTC_703cd/fast' failed
make: *** [cmTC_703cd/fast] Error 2

File /home/kimna/Desktop/autoware.ai/src/autoware/core_planning/build/lane_planner/CMakeFiles/CMakeTmp/CheckSymbolExists.c:
/* */
#include <pthread.h>

int main(int argc, char** argv)
{
  (void)argv;
#ifndef pthread_create
  return ((int*)(&pthread_create))[argc];
#else
  (void)argc;
  return 0;
#endif
}

Determining if the function pthread_create exists in the pthreads failed with the following output:
Change Dir: /home/kimna/Desktop/autoware.ai/src/autoware/core_planning/build/lane_planner/CMakeFiles/CMakeTmp

Run Build Command:"/usr/bin/make" "cmTC_481ef/fast"
/usr/bin/make -f CMakeFiles/cmTC_481ef.dir/build.make CMakeFiles/cmTC_481ef.dir/build
make[1]: Entering directory '/home/kimna/Desktop/autoware.ai/src/autoware/core_planning/build/lane_planner/CMakeFiles/CMakeTmp'
Building C object CMakeFiles/cmTC_481ef.dir/CheckFunctionExists.c.o
/usr/bin/cc   -DCHECK_FUNCTION_EXISTS=pthread_create   -o CMakeFiles/cmTC_481ef.dir/CheckFunctionExists.c.o   -c /usr/share/cmake-3.10/Modules/CheckFunctionExists.c
Linking C executable cmTC_481ef
/usr/bin/cmake -E cmake_link_script CMakeFiles/cmTC_481ef.dir/link.txt --verbose=1
/usr/bin/cc  -DCHECK_FUNCTION_EXISTS=pthread_create    -rdynamic CMakeFiles/cmTC_481ef.dir/CheckFunctionExists.c.o  -o cmTC_481ef -lpthreads 
/usr/bin/ld: cannot find -lpthreads
collect2: error: ld returned 1 exit status
CMakeFiles/cmTC_481ef.dir/build.make:97: recipe for target 'cmTC_481ef' failed
make[1]: *** [cmTC_481ef] Error 1
make[1]: Leaving directory '/home/kimna/Desktop/autoware.ai/src/autoware/core_planning/build/lane_planner/CMakeFiles/CMakeTmp'
Makefile:126: recipe for target 'cmTC_481ef/fast' failed
make: *** [cmTC_481ef/fast] Error 2


