[0.027s] Invoking command in '/home/kimna/Desktop/autoware.ai/src/autoware/core_planning/pure_pursuit/build/pure_pursuit': CONDA_PROMPT_MODIFIER=(base) /usr/bin/cmake --build /home/kimna/Desktop/autoware.ai/src/autoware/core_planning/pure_pursuit/build/pure_pursuit -- -j8 -l8
[0.152s] [  0%] Built target autoware_config_msgs_generate_messages_lisp
[0.161s] [  0%] Built target jsk_recognition_msgs_generate_messages_lisp
[0.162s] [  0%] Built target rosgraph_msgs_generate_messages_eus
[0.162s] [  0%] Built target actionlib_generate_messages_cpp
[0.173s] [  0%] Built target jsk_recognition_msgs_generate_messages_eus
[0.175s] [  0%] Built target pcl_msgs_generate_messages_eus
[0.191s] [  0%] Built target geometry_msgs_generate_messages_py
[0.196s] [  0%] Built target autoware_system_msgs_generate_messages_lisp
[0.234s] [  0%] Built target roscpp_generate_messages_cpp
[0.245s] [  0%] Built target sensor_msgs_generate_messages_eus
[0.252s] [  0%] Built target sensor_msgs_generate_messages_nodejs
[0.258s] [  0%] Built target autoware_system_msgs_generate_messages_py
[0.264s] [  0%] Built target autoware_msgs_generate_messages_cpp
[0.268s] [  0%] Built target sensor_msgs_generate_messages_cpp
[0.273s] [  0%] Built target _catkin_empty_exported_target
[0.284s] [  0%] Built target tf2_msgs_generate_messages_cpp
[0.314s] [  0%] Built target std_msgs_generate_messages_py
[0.333s] [  0%] Built target rosgraph_msgs_generate_messages_cpp
[0.343s] [  0%] Built target autoware_msgs_generate_messages_py
[0.345s] [  0%] Built target std_msgs_generate_messages_nodejs
[0.357s] [  0%] Built target jsk_recognition_msgs_generate_messages_py
[0.358s] [  0%] Built target sensor_msgs_generate_messages_lisp
[0.361s] [  0%] Built target pcl_msgs_generate_messages_nodejs
[0.374s] [  0%] Built target sensor_msgs_generate_messages_py
[0.412s] [  0%] Built target tf_generate_messages_py
[0.424s] [  0%] Built target std_msgs_generate_messages_cpp
[0.425s] [  0%] Built target geometry_msgs_generate_messages_eus
[0.433s] [  0%] Built target actionlib_msgs_generate_messages_nodejs
[0.439s] [  0%] Built target jsk_footstep_msgs_generate_messages_py
[0.453s] [  0%] Built target std_msgs_generate_messages_lisp
[0.454s] [  0%] Built target roscpp_generate_messages_nodejs
[0.490s] [  0%] Built target autoware_system_msgs_generate_messages_cpp
[0.493s] [  0%] Built target geometry_msgs_generate_messages_nodejs
[0.511s] [  0%] Built target pcl_msgs_generate_messages_cpp
[0.525s] [  0%] Built target geometry_msgs_generate_messages_lisp
[0.546s] [  0%] Built target std_msgs_generate_messages_eus
[0.546s] [  0%] Built target autoware_msgs_generate_messages_eus
[0.547s] [  0%] Built target jsk_recognition_msgs_generate_messages_cpp
[0.555s] [  0%] Built target autoware_msgs_generate_messages_lisp
[0.575s] [  0%] Built target jsk_footstep_msgs_generate_messages_eus
[0.583s] [  0%] Built target autoware_msgs_generate_messages_nodejs
[0.609s] [  0%] Built target actionlib_msgs_generate_messages_py
[0.618s] [  0%] Built target autoware_system_msgs_generate_messages_nodejs
[0.652s] [  0%] Built target jsk_footstep_msgs_generate_messages_lisp
[0.655s] [  0%] Built target actionlib_msgs_generate_messages_lisp
[0.663s] [  0%] Built target autoware_config_msgs_generate_messages_eus
[0.666s] [  0%] Built target actionlib_msgs_generate_messages_cpp
[0.675s] [  0%] Built target jsk_footstep_msgs_generate_messages_nodejs
[0.686s] [  0%] Built target jsk_footstep_msgs_generate_messages_cpp
[0.703s] [  0%] Built target tf_generate_messages_eus
[0.713s] [  0%] Built target tf_generate_messages_lisp
[0.730s] [  0%] Built target tf_generate_messages_nodejs
[0.744s] [  0%] Built target autoware_config_msgs_generate_messages_nodejs
[0.757s] [  0%] Built target roscpp_generate_messages_lisp
[0.767s] [  0%] Built target roscpp_generate_messages_py
[0.775s] [  0%] Built target jsk_recognition_msgs_generate_messages_nodejs
[0.779s] [  0%] Built target rosgraph_msgs_generate_messages_lisp
[0.789s] [  0%] Built target rosgraph_msgs_generate_messages_nodejs
[0.802s] [  0%] Built target autoware_config_msgs_generate_messages_cpp
[0.818s] [  0%] Built target rosgraph_msgs_generate_messages_py
[0.829s] [  0%] Built target actionlib_msgs_generate_messages_eus
[0.841s] [  0%] Built target roscpp_generate_messages_eus
[0.844s] [  0%] Built target autoware_config_msgs_generate_messages_py
[0.853s] [  0%] Built target actionlib_generate_messages_eus
[0.863s] [  0%] Built target pcl_msgs_generate_messages_py
[0.877s] [  0%] Built target geometry_msgs_generate_messages_cpp
[0.885s] [  0%] Built target actionlib_generate_messages_lisp
[0.892s] [  0%] Built target pcl_msgs_generate_messages_lisp
[0.908s] [  0%] Built target tf_generate_messages_cpp
[0.925s] [  0%] Built target actionlib_generate_messages_nodejs
[0.956s] [  0%] Built target autoware_system_msgs_generate_messages_eus
[0.956s] [  0%] Built target tf2_msgs_generate_messages_eus
[0.956s] [  0%] Built target tf2_msgs_generate_messages_nodejs
[0.958s] [  0%] Built target actionlib_generate_messages_py
[0.963s] [  0%] Built target tf2_msgs_generate_messages_py
[0.971s] [  0%] Built target tf2_msgs_generate_messages_lisp
[0.994s] [35m[1mScanning dependencies of target pure_pursuit[0m
[1.035s] [ 20%] [32mBuilding CXX object CMakeFiles/pure_pursuit.dir/src/pure_pursuit_core.cpp.o[0m
[8.639s] [ 40%] [32m[1mLinking CXX executable devel/lib/pure_pursuit/pure_pursuit[0m
[8.908s] [100%] Built target pure_pursuit
[8.925s] Invoked command in '/home/kimna/Desktop/autoware.ai/src/autoware/core_planning/pure_pursuit/build/pure_pursuit' returned '0': CONDA_PROMPT_MODIFIER=(base) /usr/bin/cmake --build /home/kimna/Desktop/autoware.ai/src/autoware/core_planning/pure_pursuit/build/pure_pursuit -- -j8 -l8
[9.178s] Invoking command in '/home/kimna/Desktop/autoware.ai/src/autoware/core_planning/pure_pursuit/build/pure_pursuit': CONDA_PROMPT_MODIFIER=(base) /usr/bin/cmake --build /home/kimna/Desktop/autoware.ai/src/autoware/core_planning/pure_pursuit/build/pure_pursuit --target tests -- -j8 -l8
[9.314s] [  0%] Built target actionlib_generate_messages_cpp
[9.318s] [  0%] Built target pcl_msgs_generate_messages_eus
[9.333s] [ 28%] Built target gtest
[9.338s] [ 28%] Built target jsk_recognition_msgs_generate_messages_lisp
[9.351s] [ 28%] Built target jsk_recognition_msgs_generate_messages_eus
[9.361s] [ 28%] Built target autoware_system_msgs_generate_messages_lisp
[9.378s] [ 28%] Built target rosgraph_msgs_generate_messages_eus
[9.383s] [ 28%] Built target geometry_msgs_generate_messages_py
[9.390s] [ 28%] Built target roscpp_generate_messages_cpp
[9.410s] [ 28%] Built target sensor_msgs_generate_messages_nodejs
[9.412s] [ 28%] Built target autoware_system_msgs_generate_messages_py
[9.435s] [ 28%] Built target sensor_msgs_generate_messages_eus
[9.440s] [ 28%] Built target sensor_msgs_generate_messages_cpp
[9.458s] [ 28%] Built target std_msgs_generate_messages_py
[9.465s] [ 28%] Built target _catkin_empty_exported_target
[9.475s] [ 28%] Built target tf2_msgs_generate_messages_cpp
[9.483s] [ 28%] Built target autoware_msgs_generate_messages_cpp
[9.497s] [ 28%] Built target autoware_msgs_generate_messages_py
[9.515s] [ 28%] Built target std_msgs_generate_messages_nodejs
[9.525s] [ 28%] Built target rosgraph_msgs_generate_messages_cpp
[9.537s] [ 28%] Built target pcl_msgs_generate_messages_nodejs
[9.541s] [ 28%] Built target sensor_msgs_generate_messages_py
[9.550s] [ 28%] Built target tf_generate_messages_py
[9.558s] [ 28%] Built target jsk_recognition_msgs_generate_messages_py
[9.583s] [ 28%] Built target std_msgs_generate_messages_cpp
[9.593s] [ 28%] Built target jsk_footstep_msgs_generate_messages_py
[9.595s] [ 28%] Built target sensor_msgs_generate_messages_lisp
[9.606s] [ 28%] Built target geometry_msgs_generate_messages_eus
[9.623s] [ 28%] Built target actionlib_msgs_generate_messages_nodejs
[9.643s] [ 28%] Built target std_msgs_generate_messages_lisp
[9.660s] [ 28%] Built target roscpp_generate_messages_nodejs
[9.665s] [ 28%] Built target geometry_msgs_generate_messages_lisp
[9.666s] [ 28%] Built target autoware_system_msgs_generate_messages_cpp
[9.667s] [ 28%] Built target geometry_msgs_generate_messages_nodejs
[9.701s] [ 28%] Built target pcl_msgs_generate_messages_cpp
[9.705s] [ 28%] Built target jsk_recognition_msgs_generate_messages_cpp
[9.720s] [ 28%] Built target autoware_msgs_generate_messages_eus
[9.737s] [ 28%] Built target autoware_msgs_generate_messages_lisp
[9.744s] [ 28%] Built target autoware_msgs_generate_messages_nodejs
[9.748s] [ 28%] Built target std_msgs_generate_messages_eus
[9.751s] [ 28%] Built target actionlib_msgs_generate_messages_py
[9.759s] [ 28%] Built target jsk_footstep_msgs_generate_messages_eus
[9.802s] [ 28%] Built target autoware_config_msgs_generate_messages_eus
[9.806s] [ 28%] Built target actionlib_msgs_generate_messages_lisp
[9.812s] [ 28%] Built target actionlib_msgs_generate_messages_cpp
[9.812s] [ 28%] Built target autoware_system_msgs_generate_messages_nodejs
[9.821s] [ 28%] Built target jsk_footstep_msgs_generate_messages_lisp
[9.824s] [ 28%] Built target jsk_footstep_msgs_generate_messages_nodejs
[9.838s] [ 28%] Built target jsk_footstep_msgs_generate_messages_cpp
[9.883s] [ 28%] Built target tf_generate_messages_eus
[9.885s] [ 28%] Built target tf_generate_messages_lisp
[9.888s] [ 28%] Built target jsk_recognition_msgs_generate_messages_nodejs
[9.897s] [ 28%] Built target autoware_config_msgs_generate_messages_nodejs
[9.910s] [ 28%] Built target roscpp_generate_messages_py
[9.911s] [ 28%] Built target rosgraph_msgs_generate_messages_lisp
[9.911s] [ 28%] Built target tf_generate_messages_nodejs
[9.923s] [ 28%] Built target roscpp_generate_messages_lisp
[9.959s] [ 28%] Built target autoware_config_msgs_generate_messages_cpp
[9.967s] [ 28%] Built target rosgraph_msgs_generate_messages_nodejs
[9.983s] [ 28%] Built target actionlib_msgs_generate_messages_eus
[9.983s] [ 28%] Built target rosgraph_msgs_generate_messages_py
[9.990s] [ 28%] Built target roscpp_generate_messages_eus
[9.993s] [ 28%] Built target autoware_config_msgs_generate_messages_py
[10.005s] [ 28%] Built target pcl_msgs_generate_messages_py
[10.016s] [ 28%] Built target actionlib_generate_messages_eus
[10.050s] [ 28%] Built target actionlib_generate_messages_lisp
[10.059s] [ 28%] Built target geometry_msgs_generate_messages_cpp
[10.062s] [ 28%] Built target autoware_system_msgs_generate_messages_eus
[10.079s] [ 28%] Built target actionlib_generate_messages_nodejs
[10.086s] [ 28%] Built target tf_generate_messages_cpp
[10.090s] [ 28%] Built target pcl_msgs_generate_messages_lisp
[10.092s] [ 28%] Built target tf2_msgs_generate_messages_eus
[10.102s] [ 28%] Built target tf2_msgs_generate_messages_lisp
[10.116s] [ 28%] Built target tf2_msgs_generate_messages_py
[10.117s] [ 28%] Built target tf2_msgs_generate_messages_nodejs
[10.125s] [ 28%] Built target actionlib_generate_messages_py
[10.136s] [ 28%] Built target autoware_config_msgs_generate_messages_lisp
[10.161s] [35m[1mScanning dependencies of target test-pure_pursuit[0m
[10.206s] [ 42%] [32mBuilding CXX object CMakeFiles/test-pure_pursuit.dir/src/pure_pursuit_core.cpp.o[0m
[17.712s] [ 57%] [32m[1mLinking CXX executable devel/lib/pure_pursuit/test-pure_pursuit[0m
[18.005s] [100%] Built target test-pure_pursuit
[18.050s] [100%] Built target tests
[18.070s] Invoked command in '/home/kimna/Desktop/autoware.ai/src/autoware/core_planning/pure_pursuit/build/pure_pursuit' returned '0': CONDA_PROMPT_MODIFIER=(base) /usr/bin/cmake --build /home/kimna/Desktop/autoware.ai/src/autoware/core_planning/pure_pursuit/build/pure_pursuit --target tests -- -j8 -l8
[18.344s] Invoking command in '/home/kimna/Desktop/autoware.ai/src/autoware/core_planning/pure_pursuit/build/pure_pursuit': CONDA_PROMPT_MODIFIER=(base) /usr/bin/cmake --build /home/kimna/Desktop/autoware.ai/src/autoware/core_planning/pure_pursuit/build/pure_pursuit --target install -- -j8 -l8
[18.462s] [  0%] Built target rosgraph_msgs_generate_messages_eus
[18.470s] [  0%] Built target geometry_msgs_generate_messages_py
[18.477s] [  0%] Built target actionlib_generate_messages_cpp
[18.481s] [  0%] Built target autoware_config_msgs_generate_messages_lisp
[18.492s] [  0%] Built target jsk_recognition_msgs_generate_messages_eus
[18.497s] [  0%] Built target jsk_recognition_msgs_generate_messages_lisp
[18.501s] [  0%] Built target pcl_msgs_generate_messages_eus
[18.508s] [  0%] Built target autoware_system_msgs_generate_messages_lisp
[18.552s] [  0%] Built target sensor_msgs_generate_messages_eus
[18.567s] [  0%] Built target roscpp_generate_messages_cpp
[18.568s] [  0%] Built target autoware_system_msgs_generate_messages_py
[18.576s] [  0%] Built target sensor_msgs_generate_messages_nodejs
[18.597s] [  0%] Built target _catkin_empty_exported_target
[18.598s] [  0%] Built target sensor_msgs_generate_messages_cpp
[18.601s] [  0%] Built target tf2_msgs_generate_messages_cpp
[18.612s] [  0%] Built target autoware_msgs_generate_messages_cpp
[18.646s] [  0%] Built target autoware_msgs_generate_messages_py
[18.646s] [  0%] Built target rosgraph_msgs_generate_messages_cpp
[18.650s] [  0%] Built target std_msgs_generate_messages_py
[18.665s] [  0%] Built target std_msgs_generate_messages_nodejs
[18.685s] [  0%] Built target sensor_msgs_generate_messages_lisp
[18.692s] [  0%] Built target sensor_msgs_generate_messages_py
[18.702s] [  0%] Built target pcl_msgs_generate_messages_nodejs
[18.706s] [  0%] Built target jsk_recognition_msgs_generate_messages_py
[18.712s] [  0%] Built target jsk_footstep_msgs_generate_messages_py
[18.720s] [  0%] Built target tf_generate_messages_py
[18.724s] [  0%] Built target std_msgs_generate_messages_cpp
[18.731s] [  0%] Built target actionlib_msgs_generate_messages_nodejs
[18.771s] [  0%] Built target std_msgs_generate_messages_lisp
[18.776s] [  0%] Built target geometry_msgs_generate_messages_eus
[18.779s] [  0%] Built target geometry_msgs_generate_messages_nodejs
[18.801s] [  0%] Built target roscpp_generate_messages_nodejs
[18.807s] [  0%] Built target geometry_msgs_generate_messages_lisp
[18.815s] [  0%] Built target pcl_msgs_generate_messages_cpp
[18.815s] [  0%] Built target autoware_system_msgs_generate_messages_cpp
[18.834s] [  0%] Built target jsk_recognition_msgs_generate_messages_cpp
[18.851s] [  0%] Built target autoware_msgs_generate_messages_eus
[18.862s] [  0%] Built target autoware_msgs_generate_messages_lisp
[18.879s] [  0%] Built target autoware_msgs_generate_messages_nodejs
[18.892s] [  0%] Built target autoware_config_msgs_generate_messages_eus
[18.897s] [  0%] Built target jsk_footstep_msgs_generate_messages_eus
[18.898s] [  0%] Built target std_msgs_generate_messages_eus
[18.920s] [  0%] Built target jsk_footstep_msgs_generate_messages_lisp
[18.927s] [  0%] Built target actionlib_msgs_generate_messages_py
[18.939s] [  0%] Built target autoware_system_msgs_generate_messages_nodejs
[18.980s] [  0%] Built target jsk_footstep_msgs_generate_messages_nodejs
[18.985s] [  0%] Built target jsk_footstep_msgs_generate_messages_cpp
[18.991s] [  0%] Built target actionlib_msgs_generate_messages_cpp
[18.994s] [  0%] Built target tf_generate_messages_eus
[18.995s] [  0%] Built target autoware_config_msgs_generate_messages_nodejs
[19.000s] [  0%] Built target actionlib_msgs_generate_messages_lisp
[19.006s] [  0%] Built target tf_generate_messages_lisp
[19.017s] [  0%] Built target tf_generate_messages_nodejs
[19.060s] [  0%] Built target rosgraph_msgs_generate_messages_lisp
[19.073s] [  0%] Built target roscpp_generate_messages_lisp
[19.079s] [  0%] Built target rosgraph_msgs_generate_messages_nodejs
[19.079s] [  0%] Built target roscpp_generate_messages_py
[19.085s] [  0%] Built target jsk_recognition_msgs_generate_messages_nodejs
[19.092s] [  0%] Built target roscpp_generate_messages_eus
[19.093s] [  0%] Built target autoware_config_msgs_generate_messages_cpp
[19.112s] [  0%] Built target actionlib_msgs_generate_messages_eus
[19.137s] [  0%] Built target rosgraph_msgs_generate_messages_py
[19.152s] [  0%] Built target geometry_msgs_generate_messages_cpp
[19.152s] [  0%] Built target autoware_config_msgs_generate_messages_py
[19.155s] [  0%] Built target pcl_msgs_generate_messages_py
[19.165s] [  0%] Built target actionlib_generate_messages_eus
[19.176s] [  0%] Built target actionlib_generate_messages_lisp
[19.202s] [  0%] Built target pcl_msgs_generate_messages_lisp
[19.223s] [  0%] Built target tf2_msgs_generate_messages_lisp
[19.228s] [  0%] Built target actionlib_generate_messages_nodejs
[19.232s] [  0%] Built target tf_generate_messages_cpp
[19.246s] [  0%] Built target tf2_msgs_generate_messages_py
[19.246s] [  0%] Built target autoware_system_msgs_generate_messages_eus
[19.250s] [  0%] Built target actionlib_generate_messages_py
[19.253s] [  0%] Built target tf2_msgs_generate_messages_eus
[19.266s] [  0%] Built target tf2_msgs_generate_messages_nodejs
[19.314s] [100%] Built target pure_pursuit
[19.356s] [36mInstall the project...[0m
[19.372s] -- Install configuration: "Release"
[19.372s] -- Up-to-date: /home/kimna/Desktop/autoware.ai/src/autoware/core_planning/pure_pursuit/install/pure_pursuit/lib/pkgconfig/pure_pursuit.pc
[19.372s] -- Up-to-date: /home/kimna/Desktop/autoware.ai/src/autoware/core_planning/pure_pursuit/install/pure_pursuit/share/pure_pursuit/cmake/pure_pursuitConfig.cmake
[19.372s] -- Up-to-date: /home/kimna/Desktop/autoware.ai/src/autoware/core_planning/pure_pursuit/install/pure_pursuit/share/pure_pursuit/cmake/pure_pursuitConfig-version.cmake
[19.372s] -- Up-to-date: /home/kimna/Desktop/autoware.ai/src/autoware/core_planning/pure_pursuit/install/pure_pursuit/share/pure_pursuit/package.xml
[19.372s] -- Installing: /home/kimna/Desktop/autoware.ai/src/autoware/core_planning/pure_pursuit/install/pure_pursuit/lib/pure_pursuit/pure_pursuit
[19.377s] -- Set runtime path of "/home/kimna/Desktop/autoware.ai/src/autoware/core_planning/pure_pursuit/install/pure_pursuit/lib/pure_pursuit/pure_pursuit" to ""
[19.377s] -- Up-to-date: /home/kimna/Desktop/autoware.ai/src/autoware/core_planning/pure_pursuit/install/pure_pursuit/share/pure_pursuit/launch
[19.377s] -- Up-to-date: /home/kimna/Desktop/autoware.ai/src/autoware/core_planning/pure_pursuit/install/pure_pursuit/share/pure_pursuit/launch/pure_pursuit.launch
[19.380s] Invoked command in '/home/kimna/Desktop/autoware.ai/src/autoware/core_planning/pure_pursuit/build/pure_pursuit' returned '0': CONDA_PROMPT_MODIFIER=(base) /usr/bin/cmake --build /home/kimna/Desktop/autoware.ai/src/autoware/core_planning/pure_pursuit/build/pure_pursuit --target install -- -j8 -l8
