[0.169s] [  0%] Built target rosgraph_msgs_generate_messages_eus
[0.180s] [  0%] Built target jsk_recognition_msgs_generate_messages_lisp
[0.188s] [  0%] Built target actionlib_generate_messages_cpp
[0.199s] [  0%] Built target jsk_recognition_msgs_generate_messages_eus
[0.211s] [  0%] Built target autoware_config_msgs_generate_messages_lisp
[0.219s] [  0%] Built target geometry_msgs_generate_messages_py
[0.241s] [  0%] Built target autoware_system_msgs_generate_messages_lisp
[0.254s] [  0%] Built target pcl_msgs_generate_messages_eus
[0.282s] [  0%] Built target autoware_system_msgs_generate_messages_py
[0.287s] [  0%] Built target sensor_msgs_generate_messages_nodejs
[0.294s] [  0%] Built target roscpp_generate_messages_cpp
[0.297s] [  0%] Built target _catkin_empty_exported_target
[0.320s] [  0%] Built target sensor_msgs_generate_messages_cpp
[0.323s] [  0%] Built target sensor_msgs_generate_messages_eus
[0.343s] [  0%] Built target tf2_msgs_generate_messages_cpp
[0.347s] [  0%] Built target autoware_msgs_generate_messages_cpp
[0.369s] [  0%] Built target std_msgs_generate_messages_py
[0.374s] [  0%] Built target autoware_msgs_generate_messages_py
[0.400s] [  0%] Built target std_msgs_generate_messages_nodejs
[0.410s] [  0%] Built target rosgraph_msgs_generate_messages_cpp
[0.418s] [  0%] Built target pcl_msgs_generate_messages_nodejs
[0.428s] [  0%] Built target jsk_recognition_msgs_generate_messages_py
[0.459s] [  0%] Built target sensor_msgs_generate_messages_py
[0.460s] [  0%] Built target sensor_msgs_generate_messages_lisp
[0.490s] [  0%] Built target std_msgs_generate_messages_cpp
[0.500s] [  0%] Built target tf_generate_messages_py
[0.508s] [  0%] Built target geometry_msgs_generate_messages_eus
[0.508s] [  0%] Built target jsk_footstep_msgs_generate_messages_py
[0.539s] [  0%] Built target std_msgs_generate_messages_lisp
[0.563s] [  0%] Built target actionlib_msgs_generate_messages_nodejs
[0.563s] [  0%] Built target roscpp_generate_messages_nodejs
[0.580s] [  0%] Built target geometry_msgs_generate_messages_nodejs
[0.582s] [  0%] Built target autoware_system_msgs_generate_messages_cpp
[0.582s] [  0%] Built target jsk_recognition_msgs_generate_messages_cpp
[0.607s] [  0%] Built target pcl_msgs_generate_messages_cpp
[0.626s] [  0%] Built target geometry_msgs_generate_messages_lisp
[0.632s] [  0%] Built target autoware_msgs_generate_messages_eus
[0.635s] [  0%] Built target std_msgs_generate_messages_eus
[0.650s] [  0%] Built target jsk_footstep_msgs_generate_messages_eus
[0.662s] [  0%] Built target actionlib_msgs_generate_messages_py
[0.680s] [  0%] Built target autoware_msgs_generate_messages_lisp
[0.689s] [  0%] Built target autoware_msgs_generate_messages_nodejs
[0.702s] [  0%] Built target jsk_footstep_msgs_generate_messages_lisp
[0.723s] [  0%] Built target jsk_footstep_msgs_generate_messages_nodejs
[0.726s] [  0%] Built target autoware_system_msgs_generate_messages_nodejs
[0.737s] [  0%] Built target autoware_config_msgs_generate_messages_eus
[0.749s] [  0%] Built target jsk_footstep_msgs_generate_messages_cpp
[0.750s] [  0%] Built target actionlib_msgs_generate_messages_lisp
[0.755s] [  0%] Built target tf_generate_messages_eus
[0.762s] [  0%] Built target actionlib_msgs_generate_messages_cpp
[0.777s] [  0%] Built target tf_generate_messages_lisp
[0.816s] [  0%] Built target roscpp_generate_messages_py
[0.826s] [  0%] Built target autoware_config_msgs_generate_messages_nodejs
[0.839s] [  0%] Built target roscpp_generate_messages_lisp
[0.844s] [  0%] Built target autoware_config_msgs_generate_messages_cpp
[0.845s] [  0%] Built target tf_generate_messages_nodejs
[0.851s] [  0%] Built target jsk_recognition_msgs_generate_messages_nodejs
[0.883s] [  0%] Built target rosgraph_msgs_generate_messages_lisp
[0.885s] [  0%] Built target roscpp_generate_messages_eus
[0.896s] [  0%] Built target rosgraph_msgs_generate_messages_nodejs
[0.921s] [  0%] Built target actionlib_generate_messages_eus
[0.931s] [  0%] Built target actionlib_msgs_generate_messages_eus
[0.957s] [  0%] Built target autoware_config_msgs_generate_messages_py
[0.961s] [  0%] Built target pcl_msgs_generate_messages_py
[0.968s] [  0%] Built target actionlib_generate_messages_lisp
[0.968s] [  0%] Built target rosgraph_msgs_generate_messages_py
[0.980s] [  0%] Built target geometry_msgs_generate_messages_cpp
[0.988s] [  0%] Built target pcl_msgs_generate_messages_lisp
[1.005s] [  0%] Built target tf_generate_messages_cpp
[1.027s] [  0%] Built target actionlib_generate_messages_nodejs
[1.042s] [  0%] Built target tf2_msgs_generate_messages_eus
[1.046s] [  0%] Built target autoware_system_msgs_generate_messages_eus
[1.046s] [  0%] Built target actionlib_generate_messages_py
[1.060s] [  0%] Built target tf2_msgs_generate_messages_lisp
[1.062s] [  0%] Built target tf2_msgs_generate_messages_nodejs
[1.067s] [  0%] Built target tf2_msgs_generate_messages_py
[1.114s] [ 20%] [32mBuilding CXX object CMakeFiles/pure_pursuit.dir/src/pure_pursuit_core.cpp.o[0m
[4.053s] CMakeFiles/pure_pursuit.dir/build.make:110: recipe for target 'CMakeFiles/pure_pursuit.dir/src/pure_pursuit_core.cpp.o' failed
[4.053s] CMakeFiles/Makefile2:444: recipe for target 'CMakeFiles/pure_pursuit.dir/all' failed
[4.054s] Makefile:140: recipe for target 'all' failed
