[0.169s] [  0%] Built target rosgraph_msgs_generate_messages_eus
[0.180s] [  0%] Built target jsk_recognition_msgs_generate_messages_lisp
[0.188s] [  0%] Built target actionlib_generate_messages_cpp
[0.199s] [  0%] Built target jsk_recognition_msgs_generate_messages_eus
[0.211s] [  0%] Built target autoware_config_msgs_generate_messages_lisp
[0.219s] [  0%] Built target geometry_msgs_generate_messages_py
[0.241s] [  0%] Built target autoware_system_msgs_generate_messages_lisp
[0.254s] [  0%] Built target pcl_msgs_generate_messages_eus
[0.282s] [  0%] Built target autoware_system_msgs_generate_messages_py
[0.287s] [  0%] Built target sensor_msgs_generate_messages_nodejs
[0.294s] [  0%] Built target roscpp_generate_messages_cpp
[0.297s] [  0%] Built target _catkin_empty_exported_target
[0.320s] [  0%] Built target sensor_msgs_generate_messages_cpp
[0.323s] [  0%] Built target sensor_msgs_generate_messages_eus
[0.343s] [  0%] Built target tf2_msgs_generate_messages_cpp
[0.347s] [  0%] Built target autoware_msgs_generate_messages_cpp
[0.369s] [  0%] Built target std_msgs_generate_messages_py
[0.374s] [  0%] Built target autoware_msgs_generate_messages_py
[0.400s] [  0%] Built target std_msgs_generate_messages_nodejs
[0.410s] [  0%] Built target rosgraph_msgs_generate_messages_cpp
[0.418s] [  0%] Built target pcl_msgs_generate_messages_nodejs
[0.428s] [  0%] Built target jsk_recognition_msgs_generate_messages_py
[0.459s] [  0%] Built target sensor_msgs_generate_messages_py
[0.460s] [  0%] Built target sensor_msgs_generate_messages_lisp
[0.490s] [  0%] Built target std_msgs_generate_messages_cpp
[0.500s] [  0%] Built target tf_generate_messages_py
[0.508s] [  0%] Built target geometry_msgs_generate_messages_eus
[0.508s] [  0%] Built target jsk_footstep_msgs_generate_messages_py
[0.539s] [  0%] Built target std_msgs_generate_messages_lisp
[0.563s] [  0%] Built target actionlib_msgs_generate_messages_nodejs
[0.563s] [  0%] Built target roscpp_generate_messages_nodejs
[0.580s] [  0%] Built target geometry_msgs_generate_messages_nodejs
[0.582s] [  0%] Built target autoware_system_msgs_generate_messages_cpp
[0.582s] [  0%] Built target jsk_recognition_msgs_generate_messages_cpp
[0.607s] [  0%] Built target pcl_msgs_generate_messages_cpp
[0.626s] [  0%] Built target geometry_msgs_generate_messages_lisp
[0.632s] [  0%] Built target autoware_msgs_generate_messages_eus
[0.635s] [  0%] Built target std_msgs_generate_messages_eus
[0.650s] [  0%] Built target jsk_footstep_msgs_generate_messages_eus
[0.662s] [  0%] Built target actionlib_msgs_generate_messages_py
[0.680s] [  0%] Built target autoware_msgs_generate_messages_lisp
[0.689s] [  0%] Built target autoware_msgs_generate_messages_nodejs
[0.702s] [  0%] Built target jsk_footstep_msgs_generate_messages_lisp
[0.723s] [  0%] Built target jsk_footstep_msgs_generate_messages_nodejs
[0.726s] [  0%] Built target autoware_system_msgs_generate_messages_nodejs
[0.737s] [  0%] Built target autoware_config_msgs_generate_messages_eus
[0.749s] [  0%] Built target jsk_footstep_msgs_generate_messages_cpp
[0.750s] [  0%] Built target actionlib_msgs_generate_messages_lisp
[0.755s] [  0%] Built target tf_generate_messages_eus
[0.762s] [  0%] Built target actionlib_msgs_generate_messages_cpp
[0.777s] [  0%] Built target tf_generate_messages_lisp
[0.816s] [  0%] Built target roscpp_generate_messages_py
[0.826s] [  0%] Built target autoware_config_msgs_generate_messages_nodejs
[0.839s] [  0%] Built target roscpp_generate_messages_lisp
[0.844s] [  0%] Built target autoware_config_msgs_generate_messages_cpp
[0.845s] [  0%] Built target tf_generate_messages_nodejs
[0.851s] [  0%] Built target jsk_recognition_msgs_generate_messages_nodejs
[0.883s] [  0%] Built target rosgraph_msgs_generate_messages_lisp
[0.885s] [  0%] Built target roscpp_generate_messages_eus
[0.896s] [  0%] Built target rosgraph_msgs_generate_messages_nodejs
[0.921s] [  0%] Built target actionlib_generate_messages_eus
[0.931s] [  0%] Built target actionlib_msgs_generate_messages_eus
[0.957s] [  0%] Built target autoware_config_msgs_generate_messages_py
[0.961s] [  0%] Built target pcl_msgs_generate_messages_py
[0.968s] [  0%] Built target actionlib_generate_messages_lisp
[0.968s] [  0%] Built target rosgraph_msgs_generate_messages_py
[0.980s] [  0%] Built target geometry_msgs_generate_messages_cpp
[0.988s] [  0%] Built target pcl_msgs_generate_messages_lisp
[1.005s] [  0%] Built target tf_generate_messages_cpp
[1.027s] [  0%] Built target actionlib_generate_messages_nodejs
[1.042s] [  0%] Built target tf2_msgs_generate_messages_eus
[1.046s] [  0%] Built target autoware_system_msgs_generate_messages_eus
[1.046s] [  0%] Built target actionlib_generate_messages_py
[1.060s] [  0%] Built target tf2_msgs_generate_messages_lisp
[1.062s] [  0%] Built target tf2_msgs_generate_messages_nodejs
[1.067s] [  0%] Built target tf2_msgs_generate_messages_py
[1.114s] [ 20%] [32mBuilding CXX object CMakeFiles/pure_pursuit.dir/src/pure_pursuit_core.cpp.o[0m
[3.725s] [01m[K/home/kimna/Desktop/autoware.ai/src/autoware/core_planning/pure_pursuit/src/pure_pursuit_core.cpp:[m[K In member function ‘[01m[Kvoid waypoint_follower::PurePursuitNode::run()[m[K’:
[3.725s] [01m[K/home/kimna/Desktop/autoware.ai/src/autoware/core_planning/pure_pursuit/src/pure_pursuit_core.cpp:132:5:[m[K [01;31m[Kerror: [m[Kexpected ‘[01m[K,[m[K’ or ‘[01m[K;[m[K’ before ‘[01m[Kdirection[m[K’
[3.725s]      [01;31m[Kdirection[m[K = is_left ? 1 : -1;
[3.725s]      [01;31m[K^~~~~~~~~[m[K
[3.725s] In file included from [01m[K/opt/ros/melodic/include/ros/ros.h:40:0[m[K,
[3.725s]                  from [01m[K/home/kimna/Desktop/autoware.ai/src/autoware/core_planning/pure_pursuit/include/pure_pursuit/pure_pursuit_core.h:23[m[K,
[3.725s]                  from [01m[K/home/kimna/Desktop/autoware.ai/src/autoware/core_planning/pure_pursuit/src/pure_pursuit_core.cpp:18[m[K:
[3.725s] [01m[K/opt/ros/melodic/include/ros/console.h:401:3:[m[K [01;31m[Kerror: [m[Kexpected ‘[01m[K,[m[K’ or ‘[01m[K;[m[K’ before ‘[01m[Kdo[m[K’
[3.726s]    [01;31m[Kd[m[Ko \
[3.726s]    [01;31m[K^[m[K
[3.726s] [01m[K/opt/ros/melodic/include/ros/console.h:579:43:[m[K [01;36m[Knote: [m[Kin expansion of macro ‘[01m[KROS_LOG_STREAM_COND[m[K’
[3.726s]  #define ROS_LOG_STREAM(level, name, args) [01;36m[KROS_LOG_STREAM_COND[m[K(true, level, name, args)
[3.726s]                                            [01;36m[K^~~~~~~~~~~~~~~~~~~[m[K
[3.726s] [01m[K/opt/ros/melodic/include/rosconsole/macros_generated.h:163:31:[m[K [01;36m[Knote: [m[Kin expansion of macro ‘[01m[KROS_LOG_STREAM[m[K’
[3.726s]  #define ROS_WARN_STREAM(args) [01;36m[KROS_LOG_STREAM[m[K(::ros::console::levels::Warn, ROSCONSOLE_DEFAULT_NAME, args)
[3.726s]                                [01;36m[K^~~~~~~~~~~~~~[m[K
[3.726s] [01m[K/home/kimna/Desktop/autoware.ai/src/autoware/core_planning/pure_pursuit/src/pure_pursuit_core.cpp:136:5:[m[K [01;36m[Knote: [m[Kin expansion of macro ‘[01m[KROS_WARN_STREAM[m[K’
[3.726s]      [01;36m[KR[m[KOS_WARN_STREAM(direction_tune);
[3.726s]      [01;36m[K^[m[K
[3.730s] [01m[K/home/kimna/Desktop/autoware.ai/src/autoware/core_planning/pure_pursuit/src/pure_pursuit_core.cpp:129:11:[m[K [01;35m[Kwarning: [m[Kunused variable ‘[01m[Kis_left[m[K’ [[01;35m[K-Wunused-variable[m[K]
[3.730s]      float [01;35m[Kis_left[m[K = (vec1_x * vec2_y) - (vec1_y * vec2_x);
[3.730s]            [01;35m[K^~~~~~~[m[K
[4.053s] CMakeFiles/pure_pursuit.dir/build.make:110: recipe for target 'CMakeFiles/pure_pursuit.dir/src/pure_pursuit_core.cpp.o' failed
[4.053s] make[2]: *** [CMakeFiles/pure_pursuit.dir/src/pure_pursuit_core.cpp.o] Interrupt
[4.053s] CMakeFiles/Makefile2:444: recipe for target 'CMakeFiles/pure_pursuit.dir/all' failed
[4.054s] make[1]: *** [CMakeFiles/pure_pursuit.dir/all] Interrupt
[4.054s] Makefile:140: recipe for target 'all' failed
[4.054s] make: *** [all] Interrupt
