Determining if the pthread_create exist failed with the following output:
Change Dir: /home/kimna/Desktop/autoware.ai/src/autoware/core_planning/pure_pursuit/build/pure_pursuit/CMakeFiles/CMakeTmp

Run Build Command:"/usr/bin/make" "cmTC_b745d/fast"
/usr/bin/make -f CMakeFiles/cmTC_b745d.dir/build.make CMakeFiles/cmTC_b745d.dir/build
make[1]: Entering directory '/home/kimna/Desktop/autoware.ai/src/autoware/core_planning/pure_pursuit/build/pure_pursuit/CMakeFiles/CMakeTmp'
Building C object CMakeFiles/cmTC_b745d.dir/CheckSymbolExists.c.o
/usr/bin/cc    -o CMakeFiles/cmTC_b745d.dir/CheckSymbolExists.c.o   -c /home/kimna/Desktop/autoware.ai/src/autoware/core_planning/pure_pursuit/build/pure_pursuit/CMakeFiles/CMakeTmp/CheckSymbolExists.c
Linking C executable cmTC_b745d
/usr/bin/cmake -E cmake_link_script CMakeFiles/cmTC_b745d.dir/link.txt --verbose=1
/usr/bin/cc      -rdynamic CMakeFiles/cmTC_b745d.dir/CheckSymbolExists.c.o  -o cmTC_b745d 
CMakeFiles/cmTC_b745d.dir/CheckSymbolExists.c.o: In function `main':
CheckSymbolExists.c:(.text+0x1b): undefined reference to `pthread_create'
collect2: error: ld returned 1 exit status
CMakeFiles/cmTC_b745d.dir/build.make:97: recipe for target 'cmTC_b745d' failed
make[1]: *** [cmTC_b745d] Error 1
make[1]: Leaving directory '/home/kimna/Desktop/autoware.ai/src/autoware/core_planning/pure_pursuit/build/pure_pursuit/CMakeFiles/CMakeTmp'
Makefile:126: recipe for target 'cmTC_b745d/fast' failed
make: *** [cmTC_b745d/fast] Error 2

File /home/kimna/Desktop/autoware.ai/src/autoware/core_planning/pure_pursuit/build/pure_pursuit/CMakeFiles/CMakeTmp/CheckSymbolExists.c:
/* */
#include <pthread.h>

int main(int argc, char** argv)
{
  (void)argv;
#ifndef pthread_create
  return ((int*)(&pthread_create))[argc];
#else
  (void)argc;
  return 0;
#endif
}

Determining if the function pthread_create exists in the pthreads failed with the following output:
Change Dir: /home/kimna/Desktop/autoware.ai/src/autoware/core_planning/pure_pursuit/build/pure_pursuit/CMakeFiles/CMakeTmp

Run Build Command:"/usr/bin/make" "cmTC_81b08/fast"
/usr/bin/make -f CMakeFiles/cmTC_81b08.dir/build.make CMakeFiles/cmTC_81b08.dir/build
make[1]: Entering directory '/home/kimna/Desktop/autoware.ai/src/autoware/core_planning/pure_pursuit/build/pure_pursuit/CMakeFiles/CMakeTmp'
Building C object CMakeFiles/cmTC_81b08.dir/CheckFunctionExists.c.o
/usr/bin/cc   -DCHECK_FUNCTION_EXISTS=pthread_create   -o CMakeFiles/cmTC_81b08.dir/CheckFunctionExists.c.o   -c /usr/share/cmake-3.10/Modules/CheckFunctionExists.c
Linking C executable cmTC_81b08
/usr/bin/cmake -E cmake_link_script CMakeFiles/cmTC_81b08.dir/link.txt --verbose=1
/usr/bin/cc  -DCHECK_FUNCTION_EXISTS=pthread_create    -rdynamic CMakeFiles/cmTC_81b08.dir/CheckFunctionExists.c.o  -o cmTC_81b08 -lpthreads 
/usr/bin/ld: cannot find -lpthreads
collect2: error: ld returned 1 exit status
CMakeFiles/cmTC_81b08.dir/build.make:97: recipe for target 'cmTC_81b08' failed
make[1]: *** [cmTC_81b08] Error 1
make[1]: Leaving directory '/home/kimna/Desktop/autoware.ai/src/autoware/core_planning/pure_pursuit/build/pure_pursuit/CMakeFiles/CMakeTmp'
Makefile:126: recipe for target 'cmTC_81b08/fast' failed
make: *** [cmTC_81b08/fast] Error 2


