[0.238s] [  0%] Built target autoware_config_msgs_generate_messages_lisp
[0.350s] [  0%] Built target geometry_msgs_generate_messages_py
[0.421s] [  0%] Built target autoware_system_msgs_generate_messages_py
[0.489s] [  0%] Built target sensor_msgs_generate_messages_nodejs
[0.558s] [  0%] Built target roscpp_generate_messages_cpp
[0.644s] [  0%] Built target sensor_msgs_generate_messages_eus
[0.727s] [  0%] Built target _catkin_empty_exported_target
[0.776s] [  0%] Built target sensor_msgs_generate_messages_cpp
[0.841s] [  0%] Built target autoware_msgs_generate_messages_cpp
[0.897s] [  0%] Built target tf2_msgs_generate_messages_cpp
[0.975s] [  0%] Built target std_msgs_generate_messages_py
[1.074s] [  0%] Built target autoware_msgs_generate_messages_py
[1.134s] [  0%] Built target std_msgs_generate_messages_nodejs
[1.231s] [  0%] Built target rosgraph_msgs_generate_messages_cpp
[1.319s] [  0%] Built target pcl_msgs_generate_messages_nodejs
[1.423s] [  0%] Built target jsk_recognition_msgs_generate_messages_py
[1.535s] [  0%] Built target sensor_msgs_generate_messages_lisp
[1.618s] [  0%] Built target sensor_msgs_generate_messages_py
[1.700s] [  0%] Built target tf_generate_messages_py
[1.776s] [  0%] Built target std_msgs_generate_messages_cpp
[1.847s] [  0%] Built target jsk_footstep_msgs_generate_messages_py
[1.924s] [  0%] Built target actionlib_msgs_generate_messages_nodejs
[2.023s] [  0%] Built target geometry_msgs_generate_messages_eus
[2.103s] [  0%] Built target std_msgs_generate_messages_lisp
[2.180s] [  0%] Built target roscpp_generate_messages_nodejs
[2.272s] [  0%] Built target autoware_system_msgs_generate_messages_cpp
[2.384s] [  0%] Built target geometry_msgs_generate_messages_nodejs
[2.453s] [  0%] Built target geometry_msgs_generate_messages_lisp
[2.518s] [  0%] Built target pcl_msgs_generate_messages_cpp
[2.591s] [  0%] Built target jsk_recognition_msgs_generate_messages_cpp
[2.674s] [  0%] Built target autoware_msgs_generate_messages_eus
[2.727s] [  0%] Built target autoware_msgs_generate_messages_lisp
[2.785s] [  0%] Built target std_msgs_generate_messages_eus
[2.859s] [  0%] Built target autoware_msgs_generate_messages_nodejs
[2.926s] [  0%] Built target jsk_footstep_msgs_generate_messages_eus
[2.978s] [  0%] Built target actionlib_msgs_generate_messages_py
[3.027s] [  0%] Built target autoware_config_msgs_generate_messages_eus
[3.102s] [  0%] Built target jsk_footstep_msgs_generate_messages_lisp
[3.189s] [  0%] Built target jsk_footstep_msgs_generate_messages_nodejs
[3.249s] [  0%] Built target autoware_system_msgs_generate_messages_nodejs
[3.315s] [  0%] Built target actionlib_msgs_generate_messages_lisp
[3.381s] [  0%] Built target jsk_footstep_msgs_generate_messages_cpp
[3.450s] [  0%] Built target actionlib_msgs_generate_messages_cpp
[3.532s] [  0%] Built target tf_generate_messages_eus
[3.592s] [  0%] Built target tf_generate_messages_lisp
[3.654s] [  0%] Built target autoware_config_msgs_generate_messages_nodejs
[3.747s] [  0%] Built target tf_generate_messages_nodejs
[3.834s] [  0%] Built target jsk_recognition_msgs_generate_messages_nodejs
[3.897s] [  0%] Built target roscpp_generate_messages_lisp
[3.966s] [  0%] Built target roscpp_generate_messages_py
[4.058s] [  0%] Built target rosgraph_msgs_generate_messages_lisp
[4.118s] [  0%] Built target autoware_config_msgs_generate_messages_cpp
[4.203s] [  0%] Built target rosgraph_msgs_generate_messages_nodejs
[4.273s] [  0%] Built target roscpp_generate_messages_eus
[4.324s] [  0%] Built target actionlib_msgs_generate_messages_eus
[4.400s] [  0%] Built target rosgraph_msgs_generate_messages_py
[4.479s] [  0%] Built target autoware_config_msgs_generate_messages_py
[4.551s] [  0%] Built target pcl_msgs_generate_messages_py
[4.606s] [  0%] Built target actionlib_generate_messages_eus
[4.708s] [  0%] Built target geometry_msgs_generate_messages_cpp
[4.773s] [  0%] Built target actionlib_generate_messages_lisp
[4.904s] [  0%] Built target pcl_msgs_generate_messages_lisp
[4.997s] [  0%] Built target tf_generate_messages_cpp
[5.119s] [  0%] Built target actionlib_generate_messages_nodejs
[5.180s] [  0%] Built target autoware_system_msgs_generate_messages_eus
[5.237s] [  0%] Built target tf2_msgs_generate_messages_eus
[5.293s] [  0%] Built target tf2_msgs_generate_messages_lisp
[5.379s] [  0%] Built target actionlib_generate_messages_py
[5.468s] [  0%] Built target tf2_msgs_generate_messages_py
[5.552s] [  0%] Built target tf2_msgs_generate_messages_nodejs
[5.600s] [  0%] Built target autoware_system_msgs_generate_messages_lisp
[5.669s] [  0%] Built target jsk_recognition_msgs_generate_messages_eus
[5.744s] [  0%] Built target jsk_recognition_msgs_generate_messages_lisp
[5.798s] [  0%] Built target rosgraph_msgs_generate_messages_eus
[5.882s] [  0%] Built target pcl_msgs_generate_messages_eus
[5.968s] [  0%] Built target actionlib_generate_messages_cpp
[6.029s] [35m[1mScanning dependencies of target pure_pursuit[0m
[6.137s] [ 20%] [32mBuilding CXX object CMakeFiles/pure_pursuit.dir/src/pure_pursuit_core.cpp.o[0m
[10.910s] CMakeFiles/pure_pursuit.dir/build.make:110: recipe for target 'CMakeFiles/pure_pursuit.dir/src/pure_pursuit_core.cpp.o' failed
[10.911s] CMakeFiles/Makefile2:444: recipe for target 'CMakeFiles/pure_pursuit.dir/all' failed
[10.911s] Makefile:140: recipe for target 'all' failed
