[0.140s] [  0%] Built target autoware_system_msgs_generate_messages_lisp
[0.143s] [  0%] Built target autoware_config_msgs_generate_messages_lisp
[0.144s] [  0%] Built target rosgraph_msgs_generate_messages_eus
[0.147s] [  0%] Built target jsk_recognition_msgs_generate_messages_lisp
[0.150s] [  0%] Built target pcl_msgs_generate_messages_eus
[0.159s] [  0%] Built target actionlib_generate_messages_cpp
[0.176s] [  0%] Built target geometry_msgs_generate_messages_py
[0.180s] [  0%] Built target jsk_recognition_msgs_generate_messages_eus
[0.206s] [  0%] Built target roscpp_generate_messages_cpp
[0.210s] [  0%] Built target autoware_system_msgs_generate_messages_py
[0.230s] [  0%] Built target sensor_msgs_generate_messages_eus
[0.230s] [  0%] Built target _catkin_empty_exported_target
[0.233s] [  0%] Built target sensor_msgs_generate_messages_nodejs
[0.242s] [  0%] Built target sensor_msgs_generate_messages_cpp
[0.252s] [  0%] Built target tf2_msgs_generate_messages_cpp
[0.255s] [  0%] Built target autoware_msgs_generate_messages_cpp
[0.270s] [  0%] Built target std_msgs_generate_messages_py
[0.275s] [  0%] Built target autoware_msgs_generate_messages_py
[0.290s] [  0%] Built target jsk_recognition_msgs_generate_messages_py
[0.296s] [  0%] Built target pcl_msgs_generate_messages_nodejs
[0.297s] [  0%] Built target std_msgs_generate_messages_nodejs
[0.306s] [  0%] Built target rosgraph_msgs_generate_messages_cpp
[0.332s] [  0%] Built target sensor_msgs_generate_messages_lisp
[0.335s] [  0%] Built target tf_generate_messages_py
[0.354s] [  0%] Built target jsk_footstep_msgs_generate_messages_py
[0.354s] [  0%] Built target sensor_msgs_generate_messages_py
[0.358s] [  0%] Built target actionlib_msgs_generate_messages_nodejs
[0.363s] [  0%] Built target std_msgs_generate_messages_lisp
[0.373s] [  0%] Built target std_msgs_generate_messages_cpp
[0.381s] [  0%] Built target geometry_msgs_generate_messages_eus
[0.383s] [  0%] Built target roscpp_generate_messages_nodejs
[0.398s] [  0%] Built target autoware_system_msgs_generate_messages_cpp
[0.425s] [  0%] Built target pcl_msgs_generate_messages_cpp
[0.426s] [  0%] Built target geometry_msgs_generate_messages_lisp
[0.440s] [  0%] Built target geometry_msgs_generate_messages_nodejs
[0.441s] [  0%] Built target jsk_recognition_msgs_generate_messages_cpp
[0.450s] [  0%] Built target std_msgs_generate_messages_eus
[0.464s] [  0%] Built target autoware_msgs_generate_messages_eus
[0.471s] [  0%] Built target autoware_msgs_generate_messages_nodejs
[0.483s] [  0%] Built target autoware_msgs_generate_messages_lisp
[0.508s] [  0%] Built target actionlib_msgs_generate_messages_py
[0.515s] [  0%] Built target jsk_footstep_msgs_generate_messages_eus
[0.534s] [  0%] Built target jsk_footstep_msgs_generate_messages_nodejs
[0.539s] [  0%] Built target actionlib_msgs_generate_messages_lisp
[0.544s] [  0%] Built target jsk_footstep_msgs_generate_messages_lisp
[0.552s] [  0%] Built target jsk_footstep_msgs_generate_messages_cpp
[0.553s] [  0%] Built target autoware_config_msgs_generate_messages_eus
[0.554s] [  0%] Built target autoware_system_msgs_generate_messages_nodejs
[0.608s] [  0%] Built target tf_generate_messages_eus
[0.608s] [  0%] Built target roscpp_generate_messages_lisp
[0.610s] [  0%] Built target actionlib_msgs_generate_messages_cpp
[0.610s] [  0%] Built target tf_generate_messages_lisp
[0.617s] [  0%] Built target autoware_config_msgs_generate_messages_nodejs
[0.623s] [  0%] Built target tf_generate_messages_nodejs
[0.637s] [  0%] Built target jsk_recognition_msgs_generate_messages_nodejs
[0.646s] [  0%] Built target roscpp_generate_messages_py
[0.674s] [  0%] Built target rosgraph_msgs_generate_messages_lisp
[0.674s] [  0%] Built target autoware_config_msgs_generate_messages_cpp
[0.674s] [  0%] Built target roscpp_generate_messages_eus
[0.682s] [  0%] Built target rosgraph_msgs_generate_messages_nodejs
[0.703s] [  0%] Built target actionlib_msgs_generate_messages_eus
[0.705s] [  0%] Built target rosgraph_msgs_generate_messages_py
[0.717s] [  0%] Built target autoware_config_msgs_generate_messages_py
[0.731s] [  0%] Built target pcl_msgs_generate_messages_py
[0.740s] [  0%] Built target geometry_msgs_generate_messages_cpp
[0.744s] [  0%] Built target pcl_msgs_generate_messages_lisp
[0.750s] [  0%] Built target actionlib_generate_messages_eus
[0.769s] [  0%] Built target actionlib_generate_messages_lisp
[0.783s] [  0%] Built target tf_generate_messages_cpp
[0.793s] [  0%] Built target tf2_msgs_generate_messages_eus
[0.797s] [  0%] Built target autoware_system_msgs_generate_messages_eus
[0.797s] [  0%] Built target actionlib_generate_messages_nodejs
[0.797s] [  0%] Built target tf2_msgs_generate_messages_lisp
[0.810s] [  0%] Built target actionlib_generate_messages_py
[0.826s] [  0%] Built target tf2_msgs_generate_messages_py
[0.826s] [  0%] Built target tf2_msgs_generate_messages_nodejs
[0.870s] [ 20%] [32mBuilding CXX object CMakeFiles/pure_pursuit.dir/src/pure_pursuit_core.cpp.o[0m
[4.217s] CMakeFiles/pure_pursuit.dir/build.make:110: recipe for target 'CMakeFiles/pure_pursuit.dir/src/pure_pursuit_core.cpp.o' failed
[4.217s] CMakeFiles/Makefile2:444: recipe for target 'CMakeFiles/pure_pursuit.dir/all' failed
[4.218s] Makefile:140: recipe for target 'all' failed
