[0.134s] [  0%] Built target pcl_msgs_generate_messages_eus
[0.135s] [  0%] Built target jsk_recognition_msgs_generate_messages_lisp
[0.136s] [  0%] Built target jsk_recognition_msgs_generate_messages_eus
[0.139s] [  0%] Built target autoware_system_msgs_generate_messages_lisp
[0.140s] [  0%] Built target geometry_msgs_generate_messages_py
[0.145s] [  0%] Built target actionlib_generate_messages_cpp
[0.146s] [  0%] Built target autoware_config_msgs_generate_messages_lisp
[0.162s] [  0%] Built target rosgraph_msgs_generate_messages_eus
[0.196s] [  0%] Built target sensor_msgs_generate_messages_nodejs
[0.196s] [  0%] Built target sensor_msgs_generate_messages_eus
[0.201s] [  0%] Built target roscpp_generate_messages_cpp
[0.202s] [  0%] Built target _catkin_empty_exported_target
[0.214s] [  0%] Built target autoware_msgs_generate_messages_cpp
[0.218s] [  0%] Built target sensor_msgs_generate_messages_cpp
[0.231s] [  0%] Built target autoware_system_msgs_generate_messages_py
[0.233s] [  0%] Built target tf2_msgs_generate_messages_cpp
[0.262s] [  0%] Built target std_msgs_generate_messages_nodejs
[0.263s] [  0%] Built target std_msgs_generate_messages_py
[0.265s] [  0%] Built target autoware_msgs_generate_messages_py
[0.278s] [  0%] Built target pcl_msgs_generate_messages_nodejs
[0.290s] [  0%] Built target sensor_msgs_generate_messages_lisp
[0.300s] [  0%] Built target rosgraph_msgs_generate_messages_cpp
[0.305s] [  0%] Built target jsk_recognition_msgs_generate_messages_py
[0.308s] [  0%] Built target sensor_msgs_generate_messages_py
[0.320s] [  0%] Built target std_msgs_generate_messages_cpp
[0.329s] [  0%] Built target tf_generate_messages_py
[0.340s] [  0%] Built target actionlib_msgs_generate_messages_nodejs
[0.349s] [  0%] Built target jsk_footstep_msgs_generate_messages_py
[0.353s] [  0%] Built target geometry_msgs_generate_messages_eus
[0.367s] [  0%] Built target std_msgs_generate_messages_lisp
[0.368s] [  0%] Built target autoware_system_msgs_generate_messages_cpp
[0.377s] [  0%] Built target roscpp_generate_messages_nodejs
[0.394s] [  0%] Built target geometry_msgs_generate_messages_nodejs
[0.395s] [  0%] Built target geometry_msgs_generate_messages_lisp
[0.413s] [  0%] Built target pcl_msgs_generate_messages_cpp
[0.416s] [  0%] Built target jsk_recognition_msgs_generate_messages_cpp
[0.419s] [  0%] Built target autoware_msgs_generate_messages_eus
[0.426s] [  0%] Built target std_msgs_generate_messages_eus
[0.438s] [  0%] Built target autoware_msgs_generate_messages_nodejs
[0.455s] [  0%] Built target autoware_msgs_generate_messages_lisp
[0.469s] [  0%] Built target actionlib_msgs_generate_messages_py
[0.478s] [  0%] Built target jsk_footstep_msgs_generate_messages_lisp
[0.478s] [  0%] Built target jsk_footstep_msgs_generate_messages_eus
[0.481s] [  0%] Built target autoware_config_msgs_generate_messages_eus
[0.498s] [  0%] Built target actionlib_msgs_generate_messages_lisp
[0.500s] [  0%] Built target jsk_footstep_msgs_generate_messages_nodejs
[0.503s] [  0%] Built target autoware_system_msgs_generate_messages_nodejs
[0.514s] [  0%] Built target jsk_footstep_msgs_generate_messages_cpp
[0.536s] [  0%] Built target actionlib_msgs_generate_messages_cpp
[0.541s] [  0%] Built target tf_generate_messages_eus
[0.544s] [  0%] Built target autoware_config_msgs_generate_messages_nodejs
[0.553s] [  0%] Built target tf_generate_messages_lisp
[0.565s] [  0%] Built target roscpp_generate_messages_lisp
[0.565s] [  0%] Built target jsk_recognition_msgs_generate_messages_nodejs
[0.576s] [  0%] Built target tf_generate_messages_nodejs
[0.582s] [  0%] Built target roscpp_generate_messages_py
[0.598s] [  0%] Built target rosgraph_msgs_generate_messages_lisp
[0.603s] [  0%] Built target rosgraph_msgs_generate_messages_nodejs
[0.610s] [  0%] Built target autoware_config_msgs_generate_messages_cpp
[0.628s] [  0%] Built target roscpp_generate_messages_eus
[0.628s] [  0%] Built target actionlib_msgs_generate_messages_eus
[0.652s] [  0%] Built target rosgraph_msgs_generate_messages_py
[0.660s] [  0%] Built target autoware_config_msgs_generate_messages_py
[0.672s] [  0%] Built target actionlib_generate_messages_eus
[0.672s] [  0%] Built target geometry_msgs_generate_messages_cpp
[0.673s] [  0%] Built target pcl_msgs_generate_messages_py
[0.677s] [  0%] Built target actionlib_generate_messages_lisp
[0.695s] [  0%] Built target pcl_msgs_generate_messages_lisp
[0.696s] [  0%] Built target tf_generate_messages_cpp
[0.714s] [  0%] Built target actionlib_generate_messages_nodejs
[0.722s] [  0%] Built target autoware_system_msgs_generate_messages_eus
[0.727s] [  0%] Built target actionlib_generate_messages_py
[0.735s] [  0%] Built target tf2_msgs_generate_messages_py
[0.736s] [  0%] Built target tf2_msgs_generate_messages_eus
[0.742s] [  0%] Built target tf2_msgs_generate_messages_lisp
[0.749s] [  0%] Built target tf2_msgs_generate_messages_nodejs
[0.771s] [35m[1mScanning dependencies of target pure_pursuit[0m
[0.809s] [ 20%] [32mBuilding CXX object CMakeFiles/pure_pursuit.dir/src/pure_pursuit_core.cpp.o[0m
[7.256s] [ 40%] [32m[1mLinking CXX executable devel/lib/pure_pursuit/pure_pursuit[0m
[7.495s] [100%] Built target pure_pursuit
[7.869s] [ 28%] Built target gtest
[7.872s] [ 28%] Built target actionlib_generate_messages_cpp
[7.882s] [ 28%] Built target jsk_recognition_msgs_generate_messages_lisp
[7.882s] [ 28%] Built target rosgraph_msgs_generate_messages_eus
[7.882s] [ 28%] Built target pcl_msgs_generate_messages_eus
[7.887s] [ 28%] Built target geometry_msgs_generate_messages_py
[7.889s] [ 28%] Built target autoware_system_msgs_generate_messages_lisp
[7.895s] [ 28%] Built target jsk_recognition_msgs_generate_messages_eus
[7.923s] [ 28%] Built target autoware_system_msgs_generate_messages_py
[7.932s] [ 28%] Built target roscpp_generate_messages_cpp
[7.938s] [ 28%] Built target _catkin_empty_exported_target
[7.943s] [ 28%] Built target sensor_msgs_generate_messages_cpp
[7.946s] [ 28%] Built target sensor_msgs_generate_messages_eus
[7.951s] [ 28%] Built target sensor_msgs_generate_messages_nodejs
[7.974s] [ 28%] Built target tf2_msgs_generate_messages_cpp
[7.975s] [ 28%] Built target autoware_msgs_generate_messages_cpp
[7.994s] [ 28%] Built target std_msgs_generate_messages_py
[8.002s] [ 28%] Built target autoware_msgs_generate_messages_py
[8.005s] [ 28%] Built target rosgraph_msgs_generate_messages_cpp
[8.022s] [ 28%] Built target pcl_msgs_generate_messages_nodejs
[8.022s] [ 28%] Built target std_msgs_generate_messages_nodejs
[8.031s] [ 28%] Built target jsk_recognition_msgs_generate_messages_py
[8.033s] [ 28%] Built target sensor_msgs_generate_messages_lisp
[8.051s] [ 28%] Built target tf_generate_messages_py
[8.052s] [ 28%] Built target sensor_msgs_generate_messages_py
[8.074s] [ 28%] Built target std_msgs_generate_messages_cpp
[8.075s] [ 28%] Built target jsk_footstep_msgs_generate_messages_py
[8.082s] [ 28%] Built target actionlib_msgs_generate_messages_nodejs
[8.089s] [ 28%] Built target geometry_msgs_generate_messages_eus
[8.095s] [ 28%] Built target std_msgs_generate_messages_lisp
[8.102s] [ 28%] Built target roscpp_generate_messages_nodejs
[8.128s] [ 28%] Built target geometry_msgs_generate_messages_nodejs
[8.132s] [ 28%] Built target geometry_msgs_generate_messages_lisp
[8.148s] [ 28%] Built target autoware_system_msgs_generate_messages_cpp
[8.150s] [ 28%] Built target autoware_msgs_generate_messages_eus
[8.155s] [ 28%] Built target jsk_recognition_msgs_generate_messages_cpp
[8.161s] [ 28%] Built target autoware_msgs_generate_messages_lisp
[8.163s] [ 28%] Built target std_msgs_generate_messages_eus
[8.164s] [ 28%] Built target pcl_msgs_generate_messages_cpp
[8.194s] [ 28%] Built target jsk_footstep_msgs_generate_messages_eus
[8.211s] [ 28%] Built target actionlib_msgs_generate_messages_py
[8.212s] [ 28%] Built target autoware_config_msgs_generate_messages_eus
[8.212s] [ 28%] Built target autoware_msgs_generate_messages_nodejs
[8.216s] [ 28%] Built target jsk_footstep_msgs_generate_messages_lisp
[8.223s] [ 28%] Built target autoware_system_msgs_generate_messages_nodejs
[8.224s] [ 28%] Built target jsk_footstep_msgs_generate_messages_nodejs
[8.230s] [ 28%] Built target actionlib_msgs_generate_messages_lisp
[8.265s] [ 28%] Built target tf_generate_messages_eus
[8.267s] [ 28%] Built target jsk_footstep_msgs_generate_messages_cpp
[8.270s] [ 28%] Built target tf_generate_messages_lisp
[8.279s] [ 28%] Built target actionlib_msgs_generate_messages_cpp
[8.281s] [ 28%] Built target autoware_config_msgs_generate_messages_nodejs
[8.287s] [ 28%] Built target tf_generate_messages_nodejs
[8.294s] [ 28%] Built target jsk_recognition_msgs_generate_messages_nodejs
[8.301s] [ 28%] Built target roscpp_generate_messages_lisp
[8.323s] [ 28%] Built target rosgraph_msgs_generate_messages_lisp
[8.331s] [ 28%] Built target roscpp_generate_messages_py
[8.338s] [ 28%] Built target autoware_config_msgs_generate_messages_cpp
[8.350s] [ 28%] Built target actionlib_msgs_generate_messages_eus
[8.354s] [ 28%] Built target roscpp_generate_messages_eus
[8.354s] [ 28%] Built target rosgraph_msgs_generate_messages_nodejs
[8.361s] [ 28%] Built target rosgraph_msgs_generate_messages_py
[8.375s] [ 28%] Built target autoware_config_msgs_generate_messages_py
[8.393s] [ 28%] Built target pcl_msgs_generate_messages_py
[8.403s] [ 28%] Built target geometry_msgs_generate_messages_cpp
[8.411s] [ 28%] Built target actionlib_generate_messages_lisp
[8.418s] [ 28%] Built target pcl_msgs_generate_messages_lisp
[8.428s] [ 28%] Built target actionlib_generate_messages_eus
[8.432s] [ 28%] Built target tf_generate_messages_cpp
[8.437s] [ 28%] Built target actionlib_generate_messages_nodejs
[8.440s] [ 28%] Built target autoware_system_msgs_generate_messages_eus
[8.457s] [ 28%] Built target tf2_msgs_generate_messages_lisp
[8.457s] [ 28%] Built target tf2_msgs_generate_messages_eus
[8.467s] [ 28%] Built target actionlib_generate_messages_py
[8.479s] [ 28%] Built target tf2_msgs_generate_messages_py
[8.479s] [ 28%] Built target autoware_config_msgs_generate_messages_lisp
[8.481s] [ 28%] Built target tf2_msgs_generate_messages_nodejs
[8.501s] [35m[1mScanning dependencies of target test-pure_pursuit[0m
[8.539s] [ 42%] [32mBuilding CXX object CMakeFiles/test-pure_pursuit.dir/src/pure_pursuit_core.cpp.o[0m
[15.052s] [ 57%] [32m[1mLinking CXX executable devel/lib/pure_pursuit/test-pure_pursuit[0m
[15.292s] [100%] Built target test-pure_pursuit
[15.326s] [100%] Built target tests
[15.692s] [  0%] Built target geometry_msgs_generate_messages_py
[15.693s] [  0%] Built target pcl_msgs_generate_messages_eus
[15.694s] [  0%] Built target autoware_config_msgs_generate_messages_lisp
[15.694s] [  0%] Built target jsk_recognition_msgs_generate_messages_lisp
[15.696s] [  0%] Built target rosgraph_msgs_generate_messages_eus
[15.699s] [  0%] Built target actionlib_generate_messages_cpp
[15.702s] [  0%] Built target autoware_system_msgs_generate_messages_lisp
[15.712s] [  0%] Built target jsk_recognition_msgs_generate_messages_eus
[15.749s] [  0%] Built target autoware_system_msgs_generate_messages_py
[15.761s] [  0%] Built target _catkin_empty_exported_target
[15.762s] [  0%] Built target sensor_msgs_generate_messages_nodejs
[15.763s] [  0%] Built target sensor_msgs_generate_messages_cpp
[15.770s] [  0%] Built target roscpp_generate_messages_cpp
[15.780s] [  0%] Built target autoware_msgs_generate_messages_cpp
[15.784s] [  0%] Built target tf2_msgs_generate_messages_cpp
[15.785s] [  0%] Built target sensor_msgs_generate_messages_eus
[15.823s] [  0%] Built target std_msgs_generate_messages_nodejs
[15.823s] [  0%] Built target std_msgs_generate_messages_py
[15.831s] [  0%] Built target autoware_msgs_generate_messages_py
[15.848s] [  0%] Built target pcl_msgs_generate_messages_nodejs
[15.852s] [  0%] Built target sensor_msgs_generate_messages_lisp
[15.854s] [  0%] Built target rosgraph_msgs_generate_messages_cpp
[15.858s] [  0%] Built target sensor_msgs_generate_messages_py
[15.859s] [  0%] Built target jsk_recognition_msgs_generate_messages_py
[15.876s] [  0%] Built target tf_generate_messages_py
[15.885s] [  0%] Built target std_msgs_generate_messages_cpp
[15.909s] [  0%] Built target jsk_footstep_msgs_generate_messages_py
[15.912s] [  0%] Built target geometry_msgs_generate_messages_eus
[15.915s] [  0%] Built target roscpp_generate_messages_nodejs
[15.919s] [  0%] Built target std_msgs_generate_messages_lisp
[15.936s] [  0%] Built target autoware_system_msgs_generate_messages_cpp
[15.938s] [  0%] Built target geometry_msgs_generate_messages_nodejs
[15.951s] [  0%] Built target geometry_msgs_generate_messages_lisp
[15.962s] [  0%] Built target actionlib_msgs_generate_messages_nodejs
[15.971s] [  0%] Built target pcl_msgs_generate_messages_cpp
[15.977s] [  0%] Built target jsk_recognition_msgs_generate_messages_cpp
[15.985s] [  0%] Built target autoware_msgs_generate_messages_eus
[15.997s] [  0%] Built target autoware_msgs_generate_messages_lisp
[16.003s] [  0%] Built target autoware_msgs_generate_messages_nodejs
[16.021s] [  0%] Built target std_msgs_generate_messages_eus
[16.026s] [  0%] Built target autoware_config_msgs_generate_messages_eus
[16.029s] [  0%] Built target jsk_footstep_msgs_generate_messages_eus
[16.042s] [  0%] Built target jsk_footstep_msgs_generate_messages_lisp
[16.053s] [  0%] Built target jsk_footstep_msgs_generate_messages_nodejs
[16.053s] [  0%] Built target autoware_system_msgs_generate_messages_nodejs
[16.053s] [  0%] Built target actionlib_msgs_generate_messages_py
[16.090s] [  0%] Built target jsk_footstep_msgs_generate_messages_cpp
[16.099s] [  0%] Built target actionlib_msgs_generate_messages_lisp
[16.099s] [  0%] Built target tf_generate_messages_lisp
[16.102s] [  0%] Built target tf_generate_messages_eus
[16.116s] [  0%] Built target actionlib_msgs_generate_messages_cpp
[16.120s] [  0%] Built target autoware_config_msgs_generate_messages_nodejs
[16.129s] [  0%] Built target jsk_recognition_msgs_generate_messages_nodejs
[16.139s] [  0%] Built target tf_generate_messages_nodejs
[16.152s] [  0%] Built target roscpp_generate_messages_lisp
[16.161s] [  0%] Built target roscpp_generate_messages_py
[16.164s] [  0%] Built target rosgraph_msgs_generate_messages_lisp
[16.172s] [  0%] Built target autoware_config_msgs_generate_messages_cpp
[16.184s] [  0%] Built target rosgraph_msgs_generate_messages_nodejs
[16.191s] [  0%] Built target roscpp_generate_messages_eus
[16.191s] [  0%] Built target actionlib_msgs_generate_messages_eus
[16.209s] [  0%] Built target rosgraph_msgs_generate_messages_py
[16.217s] [  0%] Built target autoware_config_msgs_generate_messages_py
[16.219s] [  0%] Built target pcl_msgs_generate_messages_py
[16.238s] [  0%] Built target geometry_msgs_generate_messages_cpp
[16.245s] [  0%] Built target actionlib_generate_messages_lisp
[16.246s] [  0%] Built target actionlib_generate_messages_eus
[16.257s] [  0%] Built target tf_generate_messages_cpp
[16.259s] [  0%] Built target pcl_msgs_generate_messages_lisp
[16.276s] [  0%] Built target actionlib_generate_messages_nodejs
[16.279s] [  0%] Built target autoware_system_msgs_generate_messages_eus
[16.289s] [  0%] Built target tf2_msgs_generate_messages_eus
[16.299s] [  0%] Built target tf2_msgs_generate_messages_lisp
[16.300s] [  0%] Built target actionlib_generate_messages_py
[16.302s] [  0%] Built target tf2_msgs_generate_messages_py
[16.303s] [  0%] Built target tf2_msgs_generate_messages_nodejs
[16.351s] [100%] Built target pure_pursuit
[16.384s] [36mInstall the project...[0m
[16.398s] -- Install configuration: "Release"
[16.399s] -- Up-to-date: /home/kimna/Desktop/autoware.ai/src/autoware/core_planning/pure_pursuit/install/pure_pursuit/lib/pkgconfig/pure_pursuit.pc
[16.399s] -- Up-to-date: /home/kimna/Desktop/autoware.ai/src/autoware/core_planning/pure_pursuit/install/pure_pursuit/share/pure_pursuit/cmake/pure_pursuitConfig.cmake
[16.399s] -- Up-to-date: /home/kimna/Desktop/autoware.ai/src/autoware/core_planning/pure_pursuit/install/pure_pursuit/share/pure_pursuit/cmake/pure_pursuitConfig-version.cmake
[16.399s] -- Up-to-date: /home/kimna/Desktop/autoware.ai/src/autoware/core_planning/pure_pursuit/install/pure_pursuit/share/pure_pursuit/package.xml
[16.400s] -- Installing: /home/kimna/Desktop/autoware.ai/src/autoware/core_planning/pure_pursuit/install/pure_pursuit/lib/pure_pursuit/pure_pursuit
[16.404s] -- Set runtime path of "/home/kimna/Desktop/autoware.ai/src/autoware/core_planning/pure_pursuit/install/pure_pursuit/lib/pure_pursuit/pure_pursuit" to ""
[16.404s] -- Up-to-date: /home/kimna/Desktop/autoware.ai/src/autoware/core_planning/pure_pursuit/install/pure_pursuit/share/pure_pursuit/launch
[16.404s] -- Up-to-date: /home/kimna/Desktop/autoware.ai/src/autoware/core_planning/pure_pursuit/install/pure_pursuit/share/pure_pursuit/launch/pure_pursuit.launch
