[0.118s] [  0%] Built target autoware_config_msgs_generate_messages_lisp
[0.119s] [  0%] Built target actionlib_generate_messages_cpp
[0.119s] [  0%] Built target jsk_recognition_msgs_generate_messages_lisp
[0.119s] [  0%] Built target jsk_recognition_msgs_generate_messages_eus
[0.120s] [  0%] Built target pcl_msgs_generate_messages_eus
[0.121s] [  0%] Built target rosgraph_msgs_generate_messages_eus
[0.121s] [  0%] Built target geometry_msgs_generate_messages_py
[0.122s] [  0%] Built target autoware_system_msgs_generate_messages_lisp
[0.167s] [  0%] Built target sensor_msgs_generate_messages_eus
[0.169s] [  0%] Built target roscpp_generate_messages_cpp
[0.170s] [  0%] Built target autoware_system_msgs_generate_messages_py
[0.172s] [  0%] Built target _catkin_empty_exported_target
[0.172s] [  0%] Built target sensor_msgs_generate_messages_cpp
[0.173s] [  0%] Built target sensor_msgs_generate_messages_nodejs
[0.179s] [  0%] Built target tf2_msgs_generate_messages_cpp
[0.180s] [  0%] Built target autoware_msgs_generate_messages_cpp
[0.217s] [  0%] Built target rosgraph_msgs_generate_messages_cpp
[0.217s] [  0%] Built target autoware_msgs_generate_messages_py
[0.218s] [  0%] Built target std_msgs_generate_messages_py
[0.219s] [  0%] Built target jsk_recognition_msgs_generate_messages_py
[0.220s] [  0%] Built target std_msgs_generate_messages_nodejs
[0.223s] [  0%] Built target pcl_msgs_generate_messages_nodejs
[0.232s] [  0%] Built target sensor_msgs_generate_messages_lisp
[0.235s] [  0%] Built target sensor_msgs_generate_messages_py
[0.270s] [  0%] Built target tf_generate_messages_py
[0.270s] [  0%] Built target jsk_footstep_msgs_generate_messages_py
[0.274s] [  0%] Built target std_msgs_generate_messages_cpp
[0.275s] [  0%] Built target geometry_msgs_generate_messages_eus
[0.275s] [  0%] Built target actionlib_msgs_generate_messages_nodejs
[0.276s] [  0%] Built target std_msgs_generate_messages_lisp
[0.283s] [  0%] Built target roscpp_generate_messages_nodejs
[0.287s] [  0%] Built target autoware_system_msgs_generate_messages_cpp
[0.319s] [  0%] Built target geometry_msgs_generate_messages_lisp
[0.320s] [  0%] Built target jsk_recognition_msgs_generate_messages_cpp
[0.320s] [  0%] Built target pcl_msgs_generate_messages_cpp
[0.321s] [  0%] Built target geometry_msgs_generate_messages_nodejs
[0.321s] [  0%] Built target autoware_msgs_generate_messages_lisp
[0.326s] [  0%] Built target autoware_msgs_generate_messages_eus
[0.332s] [  0%] Built target std_msgs_generate_messages_eus
[0.337s] [  0%] Built target autoware_msgs_generate_messages_nodejs
[0.370s] [  0%] Built target jsk_footstep_msgs_generate_messages_lisp
[0.372s] [  0%] Built target jsk_footstep_msgs_generate_messages_nodejs
[0.373s] [  0%] Built target autoware_config_msgs_generate_messages_eus
[0.374s] [  0%] Built target actionlib_msgs_generate_messages_py
[0.375s] [  0%] Built target jsk_footstep_msgs_generate_messages_eus
[0.375s] [  0%] Built target autoware_system_msgs_generate_messages_nodejs
[0.392s] [  0%] Built target jsk_footstep_msgs_generate_messages_cpp
[0.392s] [  0%] Built target actionlib_msgs_generate_messages_lisp
[0.419s] [  0%] Built target actionlib_msgs_generate_messages_cpp
[0.420s] [  0%] Built target tf_generate_messages_eus
[0.422s] [  0%] Built target autoware_config_msgs_generate_messages_nodejs
[0.424s] [  0%] Built target tf_generate_messages_lisp
[0.428s] [  0%] Built target jsk_recognition_msgs_generate_messages_nodejs
[0.429s] [  0%] Built target tf_generate_messages_nodejs
[0.440s] [  0%] Built target roscpp_generate_messages_lisp
[0.443s] [  0%] Built target roscpp_generate_messages_py
[0.472s] [  0%] Built target rosgraph_msgs_generate_messages_nodejs
[0.474s] [  0%] Built target rosgraph_msgs_generate_messages_lisp
[0.474s] [  0%] Built target autoware_config_msgs_generate_messages_cpp
[0.476s] [  0%] Built target roscpp_generate_messages_eus
[0.480s] [  0%] Built target actionlib_msgs_generate_messages_eus
[0.487s] [  0%] Built target rosgraph_msgs_generate_messages_py
[0.493s] [  0%] Built target autoware_config_msgs_generate_messages_py
[0.497s] [  0%] Built target pcl_msgs_generate_messages_py
[0.518s] [  0%] Built target actionlib_generate_messages_eus
[0.522s] [  0%] Built target geometry_msgs_generate_messages_cpp
[0.525s] [  0%] Built target actionlib_generate_messages_lisp
[0.531s] [  0%] Built target pcl_msgs_generate_messages_lisp
[0.533s] [  0%] Built target tf_generate_messages_cpp
[0.536s] [  0%] Built target actionlib_generate_messages_nodejs
[0.544s] [  0%] Built target autoware_system_msgs_generate_messages_eus
[0.544s] [  0%] Built target tf2_msgs_generate_messages_eus
[0.564s] [  0%] Built target tf2_msgs_generate_messages_lisp
[0.565s] [  0%] Built target actionlib_generate_messages_py
[0.566s] [  0%] Built target tf2_msgs_generate_messages_py
[0.568s] [  0%] Built target tf2_msgs_generate_messages_nodejs
[0.587s] [35m[1mScanning dependencies of target pure_pursuit[0m
[0.623s] [ 40%] [32mBuilding CXX object CMakeFiles/pure_pursuit.dir/src/pure_pursuit_core.cpp.o[0m
[0.623s] [ 40%] [32mBuilding CXX object CMakeFiles/pure_pursuit.dir/src/pure_pursuit_node.cpp.o[0m
[3.042s] CMakeFiles/pure_pursuit.dir/build.make:62: recipe for target 'CMakeFiles/pure_pursuit.dir/src/pure_pursuit_node.cpp.o' failed
[3.470s] CMakeFiles/pure_pursuit.dir/build.make:110: recipe for target 'CMakeFiles/pure_pursuit.dir/src/pure_pursuit_core.cpp.o' failed
[3.471s] CMakeFiles/Makefile2:444: recipe for target 'CMakeFiles/pure_pursuit.dir/all' failed
[3.471s] Makefile:140: recipe for target 'all' failed
