[0.124s] [  0%] Built target rosgraph_msgs_generate_messages_eus
[0.124s] [  0%] Built target actionlib_generate_messages_cpp
[0.125s] [  0%] Built target autoware_system_msgs_generate_messages_lisp
[0.125s] [  0%] Built target jsk_recognition_msgs_generate_messages_eus
[0.125s] [  0%] Built target jsk_recognition_msgs_generate_messages_lisp
[0.126s] [  0%] Built target autoware_config_msgs_generate_messages_lisp
[0.126s] [  0%] Built target pcl_msgs_generate_messages_eus
[0.134s] [  0%] Built target geometry_msgs_generate_messages_py
[0.172s] [  0%] Built target sensor_msgs_generate_messages_nodejs
[0.177s] [  0%] Built target roscpp_generate_messages_cpp
[0.177s] [  0%] Built target sensor_msgs_generate_messages_eus
[0.179s] [  0%] Built target _catkin_empty_exported_target
[0.179s] [  0%] Built target autoware_system_msgs_generate_messages_py
[0.181s] [  0%] Built target autoware_msgs_generate_messages_cpp
[0.187s] [  0%] Built target sensor_msgs_generate_messages_cpp
[0.200s] [  0%] Built target tf2_msgs_generate_messages_cpp
[0.225s] [  0%] Built target std_msgs_generate_messages_py
[0.230s] [  0%] Built target pcl_msgs_generate_messages_nodejs
[0.231s] [  0%] Built target std_msgs_generate_messages_nodejs
[0.232s] [  0%] Built target rosgraph_msgs_generate_messages_cpp
[0.233s] [  0%] Built target autoware_msgs_generate_messages_py
[0.237s] [  0%] Built target jsk_recognition_msgs_generate_messages_py
[0.246s] [  0%] Built target sensor_msgs_generate_messages_lisp
[0.254s] [  0%] Built target sensor_msgs_generate_messages_py
[0.282s] [  0%] Built target std_msgs_generate_messages_cpp
[0.284s] [  0%] Built target tf_generate_messages_py
[0.285s] [  0%] Built target jsk_footstep_msgs_generate_messages_py
[0.288s] [  0%] Built target actionlib_msgs_generate_messages_nodejs
[0.291s] [  0%] Built target geometry_msgs_generate_messages_eus
[0.298s] [  0%] Built target roscpp_generate_messages_nodejs
[0.300s] [  0%] Built target std_msgs_generate_messages_lisp
[0.312s] [  0%] Built target autoware_system_msgs_generate_messages_cpp
[0.334s] [  0%] Built target geometry_msgs_generate_messages_lisp
[0.334s] [  0%] Built target pcl_msgs_generate_messages_cpp
[0.337s] [  0%] Built target jsk_recognition_msgs_generate_messages_cpp
[0.338s] [  0%] Built target geometry_msgs_generate_messages_nodejs
[0.344s] [  0%] Built target autoware_msgs_generate_messages_eus
[0.351s] [  0%] Built target std_msgs_generate_messages_eus
[0.351s] [  0%] Built target autoware_msgs_generate_messages_lisp
[0.356s] [  0%] Built target autoware_msgs_generate_messages_nodejs
[0.388s] [  0%] Built target jsk_footstep_msgs_generate_messages_eus
[0.389s] [  0%] Built target autoware_config_msgs_generate_messages_eus
[0.391s] [  0%] Built target actionlib_msgs_generate_messages_py
[0.398s] [  0%] Built target jsk_footstep_msgs_generate_messages_lisp
[0.402s] [  0%] Built target actionlib_msgs_generate_messages_lisp
[0.402s] [  0%] Built target autoware_system_msgs_generate_messages_nodejs
[0.414s] [  0%] Built target jsk_footstep_msgs_generate_messages_nodejs
[0.417s] [  0%] Built target jsk_footstep_msgs_generate_messages_cpp
[0.438s] [  0%] Built target tf_generate_messages_lisp
[0.439s] [  0%] Built target actionlib_msgs_generate_messages_cpp
[0.443s] [  0%] Built target tf_generate_messages_eus
[0.452s] [  0%] Built target tf_generate_messages_nodejs
[0.455s] [  0%] Built target autoware_config_msgs_generate_messages_nodejs
[0.456s] [  0%] Built target jsk_recognition_msgs_generate_messages_nodejs
[0.464s] [  0%] Built target roscpp_generate_messages_lisp
[0.468s] [  0%] Built target roscpp_generate_messages_py
[0.489s] [  0%] Built target rosgraph_msgs_generate_messages_lisp
[0.491s] [  0%] Built target autoware_config_msgs_generate_messages_cpp
[0.504s] [  0%] Built target actionlib_msgs_generate_messages_eus
[0.506s] [  0%] Built target rosgraph_msgs_generate_messages_py
[0.506s] [  0%] Built target rosgraph_msgs_generate_messages_nodejs
[0.506s] [  0%] Built target roscpp_generate_messages_eus
[0.520s] [  0%] Built target pcl_msgs_generate_messages_py
[0.522s] [  0%] Built target autoware_config_msgs_generate_messages_py
[0.542s] [  0%] Built target actionlib_generate_messages_eus
[0.542s] [  0%] Built target geometry_msgs_generate_messages_cpp
[0.557s] [  0%] Built target tf_generate_messages_cpp
[0.557s] [  0%] Built target actionlib_generate_messages_lisp
[0.558s] [  0%] Built target actionlib_generate_messages_nodejs
[0.562s] [  0%] Built target pcl_msgs_generate_messages_lisp
[0.582s] [  0%] Built target autoware_system_msgs_generate_messages_eus
[0.583s] [  0%] Built target tf2_msgs_generate_messages_eus
[0.597s] [  0%] Built target actionlib_generate_messages_py
[0.600s] [  0%] Built target tf2_msgs_generate_messages_lisp
[0.601s] [  0%] Built target tf2_msgs_generate_messages_nodejs
[0.602s] [  0%] Built target tf2_msgs_generate_messages_py
[0.626s] [35m[1mScanning dependencies of target pure_pursuit[0m
[0.659s] [ 40%] [32mBuilding CXX object CMakeFiles/pure_pursuit.dir/src/pure_pursuit_core.cpp.o[0m
[0.659s] [ 40%] [32mBuilding CXX object CMakeFiles/pure_pursuit.dir/src/pure_pursuit_node.cpp.o[0m
[2.844s] [01m[K/home/kimna/Desktop/autoware.ai/src/autoware/core_planning/pure_pursuit/src/pure_pursuit_core.cpp:[m[K In member function ‘[01m[Kdouble waypoint_follower::PurePursuitNode::computeCommandAccel() const[m[K’:
[2.844s] [01m[K/home/kimna/Desktop/autoware.ai/src/autoware/core_planning/pure_pursuit/src/pure_pursuit_core.cpp:343:57:[m[K [01;31m[Kerror: [m[Kexpected ‘[01m[K,[m[K’ or ‘[01m[K;[m[K’ before ‘[01m[K)[m[K’ token
[2.844s]          current_pose.position.y - target_pose.position.y[01;31m[K)[m[K;
[2.844s]                                                          [01;31m[K^[m[K
[2.844s] [01m[K/home/kimna/Desktop/autoware.ai/src/autoware/core_planning/pure_pursuit/src/pure_pursuit_core.cpp:[m[K At global scope:
[2.844s] [01m[K/home/kimna/Desktop/autoware.ai/src/autoware/core_planning/pure_pursuit/src/pure_pursuit_core.cpp:350:17:[m[K [01;31m[Kerror: [m[Kexpected constructor, destructor, or type conversion before ‘[01m[K([m[K’ token
[2.844s]        std::hypot[01;31m[K([m[Kcurrent_pose.position.x - target_pose.position.x,
[2.844s]                  [01;31m[K^[m[K
[3.719s] CMakeFiles/pure_pursuit.dir/build.make:110: recipe for target 'CMakeFiles/pure_pursuit.dir/src/pure_pursuit_core.cpp.o' failed
[3.719s] make[2]: *** [CMakeFiles/pure_pursuit.dir/src/pure_pursuit_core.cpp.o] Error 1
[3.719s] make[2]: *** Waiting for unfinished jobs....
[4.683s] CMakeFiles/Makefile2:444: recipe for target 'CMakeFiles/pure_pursuit.dir/all' failed
[4.683s] make[1]: *** [CMakeFiles/pure_pursuit.dir/all] Error 2
[4.683s] Makefile:140: recipe for target 'all' failed
[4.683s] make: *** [all] Error 2
