Determining if the pthread_create exist failed with the following output:
Change Dir: /home/kimna/Desktop/autoware.ai/src/autoware/core_planning/build/state_machine_lib/CMakeFiles/CMakeTmp

Run Build Command:"/usr/bin/make" "cmTC_c23a8/fast"
/usr/bin/make -f CMakeFiles/cmTC_c23a8.dir/build.make CMakeFiles/cmTC_c23a8.dir/build
make[1]: Entering directory '/home/kimna/Desktop/autoware.ai/src/autoware/core_planning/build/state_machine_lib/CMakeFiles/CMakeTmp'
Building C object CMakeFiles/cmTC_c23a8.dir/CheckSymbolExists.c.o
/usr/bin/cc    -o CMakeFiles/cmTC_c23a8.dir/CheckSymbolExists.c.o   -c /home/kimna/Desktop/autoware.ai/src/autoware/core_planning/build/state_machine_lib/CMakeFiles/CMakeTmp/CheckSymbolExists.c
Linking C executable cmTC_c23a8
/usr/bin/cmake -E cmake_link_script CMakeFiles/cmTC_c23a8.dir/link.txt --verbose=1
/usr/bin/cc      -rdynamic CMakeFiles/cmTC_c23a8.dir/CheckSymbolExists.c.o  -o cmTC_c23a8 
CMakeFiles/cmTC_c23a8.dir/CheckSymbolExists.c.o: In function `main':
CheckSymbolExists.c:(.text+0x1b): undefined reference to `pthread_create'
collect2: error: ld returned 1 exit status
CMakeFiles/cmTC_c23a8.dir/build.make:97: recipe for target 'cmTC_c23a8' failed
make[1]: *** [cmTC_c23a8] Error 1
make[1]: Leaving directory '/home/kimna/Desktop/autoware.ai/src/autoware/core_planning/build/state_machine_lib/CMakeFiles/CMakeTmp'
Makefile:126: recipe for target 'cmTC_c23a8/fast' failed
make: *** [cmTC_c23a8/fast] Error 2

File /home/kimna/Desktop/autoware.ai/src/autoware/core_planning/build/state_machine_lib/CMakeFiles/CMakeTmp/CheckSymbolExists.c:
/* */
#include <pthread.h>

int main(int argc, char** argv)
{
  (void)argv;
#ifndef pthread_create
  return ((int*)(&pthread_create))[argc];
#else
  (void)argc;
  return 0;
#endif
}

Determining if the function pthread_create exists in the pthreads failed with the following output:
Change Dir: /home/kimna/Desktop/autoware.ai/src/autoware/core_planning/build/state_machine_lib/CMakeFiles/CMakeTmp

Run Build Command:"/usr/bin/make" "cmTC_a6076/fast"
/usr/bin/make -f CMakeFiles/cmTC_a6076.dir/build.make CMakeFiles/cmTC_a6076.dir/build
make[1]: Entering directory '/home/kimna/Desktop/autoware.ai/src/autoware/core_planning/build/state_machine_lib/CMakeFiles/CMakeTmp'
Building C object CMakeFiles/cmTC_a6076.dir/CheckFunctionExists.c.o
/usr/bin/cc   -DCHECK_FUNCTION_EXISTS=pthread_create   -o CMakeFiles/cmTC_a6076.dir/CheckFunctionExists.c.o   -c /usr/share/cmake-3.10/Modules/CheckFunctionExists.c
Linking C executable cmTC_a6076
/usr/bin/cmake -E cmake_link_script CMakeFiles/cmTC_a6076.dir/link.txt --verbose=1
/usr/bin/cc  -DCHECK_FUNCTION_EXISTS=pthread_create    -rdynamic CMakeFiles/cmTC_a6076.dir/CheckFunctionExists.c.o  -o cmTC_a6076 -lpthreads 
/usr/bin/ld: cannot find -lpthreads
collect2: error: ld returned 1 exit status
CMakeFiles/cmTC_a6076.dir/build.make:97: recipe for target 'cmTC_a6076' failed
make[1]: *** [cmTC_a6076] Error 1
make[1]: Leaving directory '/home/kimna/Desktop/autoware.ai/src/autoware/core_planning/build/state_machine_lib/CMakeFiles/CMakeTmp'
Makefile:126: recipe for target 'cmTC_a6076/fast' failed
make: *** [cmTC_a6076/fast] Error 2


