[0.135s] [  0%] Built target rosgraph_msgs_generate_messages_eus
[0.138s] [  0%] Built target autoware_system_msgs_generate_messages_lisp
[0.139s] [  0%] Built target pcl_msgs_generate_messages_eus
[0.141s] [  0%] Built target actionlib_generate_messages_cpp
[0.143s] [  0%] Built target geometry_msgs_generate_messages_py
[0.148s] [  0%] Built target jsk_recognition_msgs_generate_messages_lisp
[0.160s] [  0%] Built target jsk_recognition_msgs_generate_messages_eus
[0.165s] [  0%] Built target autoware_config_msgs_generate_messages_lisp
[0.195s] [  0%] Built target roscpp_generate_messages_cpp
[0.200s] [  0%] Built target sensor_msgs_generate_messages_nodejs
[0.202s] [  0%] Built target autoware_system_msgs_generate_messages_py
[0.203s] [  0%] Built target _catkin_empty_exported_target
[0.216s] [  0%] Built target sensor_msgs_generate_messages_cpp
[0.217s] [  0%] Built target sensor_msgs_generate_messages_eus
[0.217s] [  0%] Built target autoware_msgs_generate_messages_cpp
[0.234s] [  0%] Built target tf2_msgs_generate_messages_cpp
[0.257s] [  0%] Built target std_msgs_generate_messages_py
[0.263s] [  0%] Built target autoware_msgs_generate_messages_py
[0.276s] [  0%] Built target rosgraph_msgs_generate_messages_cpp
[0.280s] [  0%] Built target std_msgs_generate_messages_nodejs
[0.280s] [  0%] Built target pcl_msgs_generate_messages_nodejs
[0.282s] [  0%] Built target jsk_recognition_msgs_generate_messages_py
[0.308s] [  0%] Built target sensor_msgs_generate_messages_lisp
[0.316s] [  0%] Built target sensor_msgs_generate_messages_py
[0.323s] [  0%] Built target std_msgs_generate_messages_cpp
[0.327s] [  0%] Built target tf_generate_messages_py
[0.334s] [  0%] Built target jsk_footstep_msgs_generate_messages_py
[0.342s] [  0%] Built target geometry_msgs_generate_messages_eus
[0.344s] [  0%] Built target actionlib_msgs_generate_messages_nodejs
[0.355s] [  0%] Built target std_msgs_generate_messages_lisp
[0.372s] [  0%] Built target autoware_system_msgs_generate_messages_cpp
[0.378s] [  0%] Built target roscpp_generate_messages_nodejs
[0.386s] [  0%] Built target geometry_msgs_generate_messages_lisp
[0.398s] [  0%] Built target geometry_msgs_generate_messages_nodejs
[0.401s] [  0%] Built target pcl_msgs_generate_messages_cpp
[0.404s] [  0%] Built target autoware_msgs_generate_messages_eus
[0.404s] [  0%] Built target jsk_recognition_msgs_generate_messages_cpp
[0.430s] [  0%] Built target autoware_msgs_generate_messages_lisp
[0.438s] [  0%] Built target std_msgs_generate_messages_eus
[0.450s] [  0%] Built target jsk_footstep_msgs_generate_messages_eus
[0.452s] [  0%] Built target autoware_msgs_generate_messages_nodejs
[0.455s] [  0%] Built target actionlib_msgs_generate_messages_py
[0.455s] [  0%] Built target autoware_config_msgs_generate_messages_eus
[0.466s] [  0%] Built target jsk_footstep_msgs_generate_messages_lisp
[0.469s] [  0%] Built target jsk_footstep_msgs_generate_messages_nodejs
[0.478s] [  0%] Built target autoware_system_msgs_generate_messages_nodejs
[0.493s] [  0%] Built target actionlib_msgs_generate_messages_lisp
[0.497s] [  0%] Built target jsk_footstep_msgs_generate_messages_cpp
[0.505s] [  0%] Built target actionlib_msgs_generate_messages_cpp
[0.506s] [  0%] Built target tf_generate_messages_eus
[0.513s] [  0%] Built target tf_generate_messages_lisp
[0.514s] [  0%] Built target autoware_config_msgs_generate_messages_nodejs
[0.518s] [  0%] Built target tf_generate_messages_nodejs
[0.526s] [  0%] Built target jsk_recognition_msgs_generate_messages_nodejs
[0.550s] [  0%] Built target roscpp_generate_messages_py
[0.550s] [  0%] Built target roscpp_generate_messages_lisp
[0.552s] [  0%] Built target rosgraph_msgs_generate_messages_lisp
[0.559s] [  0%] Built target autoware_config_msgs_generate_messages_cpp
[0.567s] [  0%] Built target rosgraph_msgs_generate_messages_nodejs
[0.570s] [  0%] Built target actionlib_msgs_generate_messages_eus
[0.577s] [  0%] Built target roscpp_generate_messages_eus
[0.584s] [  0%] Built target rosgraph_msgs_generate_messages_py
[0.597s] [  0%] Built target autoware_config_msgs_generate_messages_py
[0.598s] [  0%] Built target actionlib_generate_messages_eus
[0.599s] [  0%] Built target pcl_msgs_generate_messages_py
[0.612s] [  0%] Built target actionlib_generate_messages_lisp
[0.615s] [  0%] Built target geometry_msgs_generate_messages_cpp
[0.622s] [  0%] Built target pcl_msgs_generate_messages_lisp
[0.627s] [  0%] Built target tf_generate_messages_cpp
[0.640s] [  0%] Built target actionlib_generate_messages_nodejs
[0.645s] [  0%] Built target tf2_msgs_generate_messages_eus
[0.649s] [  0%] Built target tf2_msgs_generate_messages_lisp
[0.649s] [  0%] Built target autoware_system_msgs_generate_messages_eus
[0.657s] [  0%] Built target actionlib_generate_messages_py
[0.658s] [  0%] Built target tf2_msgs_generate_messages_py
[0.666s] [  0%] Built target tf2_msgs_generate_messages_nodejs
[0.684s] [35m[1mScanning dependencies of target pure_pursuit[0m
[0.714s] [ 40%] [32mBuilding CXX object CMakeFiles/pure_pursuit.dir/src/pure_pursuit_core.cpp.o[0m
[0.714s] [ 40%] [32mBuilding CXX object CMakeFiles/pure_pursuit.dir/src/pure_pursuit_node.cpp.o[0m
[3.089s] CMakeFiles/pure_pursuit.dir/build.make:62: recipe for target 'CMakeFiles/pure_pursuit.dir/src/pure_pursuit_node.cpp.o' failed
[3.485s] CMakeFiles/pure_pursuit.dir/build.make:110: recipe for target 'CMakeFiles/pure_pursuit.dir/src/pure_pursuit_core.cpp.o' failed
[3.485s] CMakeFiles/Makefile2:444: recipe for target 'CMakeFiles/pure_pursuit.dir/all' failed
[3.486s] Makefile:140: recipe for target 'all' failed
