[0.024s] Invoking command in '/home/kimna/Desktop/autoware.ai/src/autoware/core_planning/pure_pursuit/build/pure_pursuit': CONDA_PROMPT_MODIFIER=(base) /usr/bin/cmake --build /home/kimna/Desktop/autoware.ai/src/autoware/core_planning/pure_pursuit/build/pure_pursuit -- -j8 -l8
[0.135s] [  0%] Built target rosgraph_msgs_generate_messages_eus
[0.138s] [  0%] Built target autoware_system_msgs_generate_messages_lisp
[0.139s] [  0%] Built target pcl_msgs_generate_messages_eus
[0.141s] [  0%] Built target actionlib_generate_messages_cpp
[0.143s] [  0%] Built target geometry_msgs_generate_messages_py
[0.148s] [  0%] Built target jsk_recognition_msgs_generate_messages_lisp
[0.160s] [  0%] Built target jsk_recognition_msgs_generate_messages_eus
[0.165s] [  0%] Built target autoware_config_msgs_generate_messages_lisp
[0.195s] [  0%] Built target roscpp_generate_messages_cpp
[0.200s] [  0%] Built target sensor_msgs_generate_messages_nodejs
[0.202s] [  0%] Built target autoware_system_msgs_generate_messages_py
[0.203s] [  0%] Built target _catkin_empty_exported_target
[0.216s] [  0%] Built target sensor_msgs_generate_messages_cpp
[0.217s] [  0%] Built target sensor_msgs_generate_messages_eus
[0.217s] [  0%] Built target autoware_msgs_generate_messages_cpp
[0.234s] [  0%] Built target tf2_msgs_generate_messages_cpp
[0.257s] [  0%] Built target std_msgs_generate_messages_py
[0.263s] [  0%] Built target autoware_msgs_generate_messages_py
[0.276s] [  0%] Built target rosgraph_msgs_generate_messages_cpp
[0.280s] [  0%] Built target std_msgs_generate_messages_nodejs
[0.280s] [  0%] Built target pcl_msgs_generate_messages_nodejs
[0.282s] [  0%] Built target jsk_recognition_msgs_generate_messages_py
[0.308s] [  0%] Built target sensor_msgs_generate_messages_lisp
[0.316s] [  0%] Built target sensor_msgs_generate_messages_py
[0.323s] [  0%] Built target std_msgs_generate_messages_cpp
[0.327s] [  0%] Built target tf_generate_messages_py
[0.334s] [  0%] Built target jsk_footstep_msgs_generate_messages_py
[0.342s] [  0%] Built target geometry_msgs_generate_messages_eus
[0.344s] [  0%] Built target actionlib_msgs_generate_messages_nodejs
[0.355s] [  0%] Built target std_msgs_generate_messages_lisp
[0.372s] [  0%] Built target autoware_system_msgs_generate_messages_cpp
[0.378s] [  0%] Built target roscpp_generate_messages_nodejs
[0.386s] [  0%] Built target geometry_msgs_generate_messages_lisp
[0.398s] [  0%] Built target geometry_msgs_generate_messages_nodejs
[0.401s] [  0%] Built target pcl_msgs_generate_messages_cpp
[0.404s] [  0%] Built target autoware_msgs_generate_messages_eus
[0.404s] [  0%] Built target jsk_recognition_msgs_generate_messages_cpp
[0.430s] [  0%] Built target autoware_msgs_generate_messages_lisp
[0.438s] [  0%] Built target std_msgs_generate_messages_eus
[0.450s] [  0%] Built target jsk_footstep_msgs_generate_messages_eus
[0.452s] [  0%] Built target autoware_msgs_generate_messages_nodejs
[0.455s] [  0%] Built target actionlib_msgs_generate_messages_py
[0.455s] [  0%] Built target autoware_config_msgs_generate_messages_eus
[0.466s] [  0%] Built target jsk_footstep_msgs_generate_messages_lisp
[0.469s] [  0%] Built target jsk_footstep_msgs_generate_messages_nodejs
[0.478s] [  0%] Built target autoware_system_msgs_generate_messages_nodejs
[0.493s] [  0%] Built target actionlib_msgs_generate_messages_lisp
[0.497s] [  0%] Built target jsk_footstep_msgs_generate_messages_cpp
[0.505s] [  0%] Built target actionlib_msgs_generate_messages_cpp
[0.506s] [  0%] Built target tf_generate_messages_eus
[0.513s] [  0%] Built target tf_generate_messages_lisp
[0.514s] [  0%] Built target autoware_config_msgs_generate_messages_nodejs
[0.518s] [  0%] Built target tf_generate_messages_nodejs
[0.526s] [  0%] Built target jsk_recognition_msgs_generate_messages_nodejs
[0.550s] [  0%] Built target roscpp_generate_messages_py
[0.550s] [  0%] Built target roscpp_generate_messages_lisp
[0.552s] [  0%] Built target rosgraph_msgs_generate_messages_lisp
[0.559s] [  0%] Built target autoware_config_msgs_generate_messages_cpp
[0.567s] [  0%] Built target rosgraph_msgs_generate_messages_nodejs
[0.570s] [  0%] Built target actionlib_msgs_generate_messages_eus
[0.577s] [  0%] Built target roscpp_generate_messages_eus
[0.584s] [  0%] Built target rosgraph_msgs_generate_messages_py
[0.597s] [  0%] Built target autoware_config_msgs_generate_messages_py
[0.598s] [  0%] Built target actionlib_generate_messages_eus
[0.599s] [  0%] Built target pcl_msgs_generate_messages_py
[0.612s] [  0%] Built target actionlib_generate_messages_lisp
[0.615s] [  0%] Built target geometry_msgs_generate_messages_cpp
[0.622s] [  0%] Built target pcl_msgs_generate_messages_lisp
[0.627s] [  0%] Built target tf_generate_messages_cpp
[0.640s] [  0%] Built target actionlib_generate_messages_nodejs
[0.645s] [  0%] Built target tf2_msgs_generate_messages_eus
[0.649s] [  0%] Built target tf2_msgs_generate_messages_lisp
[0.649s] [  0%] Built target autoware_system_msgs_generate_messages_eus
[0.657s] [  0%] Built target actionlib_generate_messages_py
[0.658s] [  0%] Built target tf2_msgs_generate_messages_py
[0.666s] [  0%] Built target tf2_msgs_generate_messages_nodejs
[0.684s] [35m[1mScanning dependencies of target pure_pursuit[0m
[0.714s] [ 40%] [32mBuilding CXX object CMakeFiles/pure_pursuit.dir/src/pure_pursuit_core.cpp.o[0m
[0.714s] [ 40%] [32mBuilding CXX object CMakeFiles/pure_pursuit.dir/src/pure_pursuit_node.cpp.o[0m
[2.013s] In file included from [01m[K/home/kimna/Desktop/autoware.ai/src/autoware/core_planning/pure_pursuit/include/pure_pursuit/pure_pursuit_core.h:28:0[m[K,
[2.013s]                  from [01m[K/home/kimna/Desktop/autoware.ai/src/autoware/core_planning/pure_pursuit/src/pure_pursuit_node.cpp:21[m[K:
[2.013s] [01m[K/home/kimna/Desktop/autoware.ai/install/autoware_config_msgs/include/autoware_config_msgs/ConfigWaypointFollower.h:79:24:[m[K [01;31m[Kerror: [m[Kredeclaration of ‘[01m[Kautoware_config_msgs::ConfigWaypointFollower_<ContainerAllocator>::_stanley_factor_type autoware_config_msgs::ConfigWaypointFollower_<ContainerAllocator>::relative_angle_threshold[m[K’
[2.013s]    _stanley_factor_type [01;31m[Krelative_angle_threshold[m[K;
[2.013s]                         [01;31m[K^~~~~~~~~~~~~~~~~~~~~~~~[m[K
[2.013s] [01m[K/home/kimna/Desktop/autoware.ai/install/autoware_config_msgs/include/autoware_config_msgs/ConfigWaypointFollower.h:75:34:[m[K [01;36m[Knote: [m[Kprevious declaration ‘[01m[Kautoware_config_msgs::ConfigWaypointFollower_<ContainerAllocator>::_relative_angle_threshold_type autoware_config_msgs::ConfigWaypointFollower_<ContainerAllocator>::relative_angle_threshold[m[K’
[2.014s]    _relative_angle_threshold_type [01;36m[Krelative_angle_threshold[m[K;
[2.014s]                                   [01;36m[K^~~~~~~~~~~~~~~~~~~~~~~~[m[K
[2.014s] [01m[K/home/kimna/Desktop/autoware.ai/install/autoware_config_msgs/include/autoware_config_msgs/ConfigWaypointFollower.h:[m[K In constructor ‘[01m[Kautoware_config_msgs::ConfigWaypointFollower_<ContainerAllocator>::ConfigWaypointFollower_()[m[K’:
[2.014s] [01m[K/home/kimna/Desktop/autoware.ai/install/autoware_config_msgs/include/autoware_config_msgs/ConfigWaypointFollower.h:36:7:[m[K [01;31m[Kerror: [m[Kclass ‘[01m[Kautoware_config_msgs::ConfigWaypointFollower_<ContainerAllocator>[m[K’ does not have any field named ‘[01m[Kstanley_factor[m[K’
[2.014s]      , [01;31m[Kstanley_factor[m[K(0.0)  {
[2.014s]        [01;31m[K^~~~~~~~~~~~~~[m[K
[2.014s] [01m[K/home/kimna/Desktop/autoware.ai/install/autoware_config_msgs/include/autoware_config_msgs/ConfigWaypointFollower.h:[m[K In constructor ‘[01m[Kautoware_config_msgs::ConfigWaypointFollower_<ContainerAllocator>::ConfigWaypointFollower_(const ContainerAllocator&)[m[K’:
[2.014s] [01m[K/home/kimna/Desktop/autoware.ai/install/autoware_config_msgs/include/autoware_config_msgs/ConfigWaypointFollower.h:47:7:[m[K [01;31m[Kerror: [m[Kclass ‘[01m[Kautoware_config_msgs::ConfigWaypointFollower_<ContainerAllocator>[m[K’ does not have any field named ‘[01m[Kstanley_factor[m[K’
[2.015s]      , [01;31m[Kstanley_factor[m[K(0.0)  {
[2.015s]        [01;31m[K^~~~~~~~~~~~~~[m[K
[2.015s] In file included from [01m[K/home/kimna/Desktop/autoware.ai/src/autoware/core_planning/pure_pursuit/include/pure_pursuit/pure_pursuit_core.h:28:0[m[K,
[2.015s]                  from [01m[K/home/kimna/Desktop/autoware.ai/src/autoware/core_planning/pure_pursuit/src/pure_pursuit_core.cpp:18[m[K:
[2.015s] [01m[K/home/kimna/Desktop/autoware.ai/install/autoware_config_msgs/include/autoware_config_msgs/ConfigWaypointFollower.h:79:24:[m[K [01;31m[Kerror: [m[Kredeclaration of ‘[01m[Kautoware_config_msgs::ConfigWaypointFollower_<ContainerAllocator>::_stanley_factor_type autoware_config_msgs::ConfigWaypointFollower_<ContainerAllocator>::relative_angle_threshold[m[K’
[2.015s]    _stanley_factor_type [01;31m[Krelative_angle_threshold[m[K;
[2.015s]                         [01;31m[K^~~~~~~~~~~~~~~~~~~~~~~~[m[K
[2.015s] [01m[K/home/kimna/Desktop/autoware.ai/install/autoware_config_msgs/include/autoware_config_msgs/ConfigWaypointFollower.h:75:34:[m[K [01;36m[Knote: [m[Kprevious declaration ‘[01m[Kautoware_config_msgs::ConfigWaypointFollower_<ContainerAllocator>::_relative_angle_threshold_type autoware_config_msgs::ConfigWaypointFollower_<ContainerAllocator>::relative_angle_threshold[m[K’
[2.015s]    _relative_angle_threshold_type [01;36m[Krelative_angle_threshold[m[K;
[2.015s]                                   [01;36m[K^~~~~~~~~~~~~~~~~~~~~~~~[m[K
[2.016s] [01m[K/home/kimna/Desktop/autoware.ai/install/autoware_config_msgs/include/autoware_config_msgs/ConfigWaypointFollower.h:[m[K In constructor ‘[01m[Kautoware_config_msgs::ConfigWaypointFollower_<ContainerAllocator>::ConfigWaypointFollower_()[m[K’:
[2.016s] [01m[K/home/kimna/Desktop/autoware.ai/install/autoware_config_msgs/include/autoware_config_msgs/ConfigWaypointFollower.h:36:7:[m[K [01;31m[Kerror: [m[Kclass ‘[01m[Kautoware_config_msgs::ConfigWaypointFollower_<ContainerAllocator>[m[K’ does not have any field named ‘[01m[Kstanley_factor[m[K’
[2.016s]      , [01;31m[Kstanley_factor[m[K(0.0)  {
[2.016s]        [01;31m[K^~~~~~~~~~~~~~[m[K
[2.016s] [01m[K/home/kimna/Desktop/autoware.ai/install/autoware_config_msgs/include/autoware_config_msgs/ConfigWaypointFollower.h:[m[K In constructor ‘[01m[Kautoware_config_msgs::ConfigWaypointFollower_<ContainerAllocator>::ConfigWaypointFollower_(const ContainerAllocator&)[m[K’:
[2.016s] [01m[K/home/kimna/Desktop/autoware.ai/install/autoware_config_msgs/include/autoware_config_msgs/ConfigWaypointFollower.h:47:7:[m[K [01;31m[Kerror: [m[Kclass ‘[01m[Kautoware_config_msgs::ConfigWaypointFollower_<ContainerAllocator>[m[K’ does not have any field named ‘[01m[Kstanley_factor[m[K’
[2.016s]      , [01;31m[Kstanley_factor[m[K(0.0)  {
[2.016s]        [01;31m[K^~~~~~~~~~~~~~[m[K
[2.658s] [01m[K/home/kimna/Desktop/autoware.ai/src/autoware/core_planning/pure_pursuit/src/pure_pursuit_core.cpp:[m[K In member function ‘[01m[Kvoid waypoint_follower::PurePursuitNode::initForROS()[m[K’:
[2.658s] [01m[K/home/kimna/Desktop/autoware.ai/src/autoware/core_planning/pure_pursuit/src/pure_pursuit_core.cpp:72:23:[m[K [01;31m[Kerror: [m[K‘[01m[Kstanley_factor_[m[K’ was not declared in this scope
[2.658s]      "stanley_factor", [01;31m[Kstanley_factor_[m[K, 0.0);
[2.658s]                        [01;31m[K^~~~~~~~~~~~~~~[m[K
[2.666s] [01m[K/home/kimna/Desktop/autoware.ai/src/autoware/core_planning/pure_pursuit/src/pure_pursuit_core.cpp:77:3:[m[K [01;31m[Kerror: [m[Kexpected ‘[01m[K;[m[K’ before ‘[01m[Ksub1_[m[K’
[2.666s]    [01;31m[Ksub1_[m[K = nh_.subscribe("final_waypoints", 10,
[2.666s]    [01;31m[K^~~~~[m[K
[2.669s] In file included from [01m[K/opt/ros/melodic/include/ros/ros.h:40:0[m[K,
[2.671s]                  from [01m[K/home/kimna/Desktop/autoware.ai/src/autoware/core_planning/pure_pursuit/include/pure_pursuit/pure_pursuit_core.h:23[m[K,
[2.671s]                  from [01m[K/home/kimna/Desktop/autoware.ai/src/autoware/core_planning/pure_pursuit/src/pure_pursuit_core.cpp:18[m[K:
[2.671s] [01m[K/home/kimna/Desktop/autoware.ai/src/autoware/core_planning/pure_pursuit/src/pure_pursuit_core.cpp:[m[K In member function ‘[01m[Kvoid waypoint_follower::PurePursuitNode::run()[m[K’:
[2.671s] [01m[K/home/kimna/Desktop/autoware.ai/src/autoware/core_planning/pure_pursuit/src/pure_pursuit_core.cpp:210:32:[m[K [01;31m[Kerror: [m[K‘[01m[Kstanley_factor_[m[K’ was not declared in this scope
[2.671s]        ROS_WARN_STREAM("cfg "<< [01;31m[Ks[m[Ktanley_factor_ << std::endl);
[2.672s]                                 [01;31m[K^[m[K
[2.672s] [01m[K/opt/ros/melodic/include/ros/console.h:358:64:[m[K [01;36m[Knote: [m[Kin definition of macro ‘[01m[KROSCONSOLE_PRINT_STREAM_AT_LOCATION_WITH_FILTER[m[K’
[2.672s]      __rosconsole_print_stream_at_location_with_filter__ss__ << [01;36m[Kargs[m[K; \
[2.672s]                                                                 [01;36m[K^~~~[m[K
[2.672s] [01m[K/opt/ros/melodic/include/ros/console.h:406:7:[m[K [01;36m[Knote: [m[Kin expansion of macro ‘[01m[KROSCONSOLE_PRINT_STREAM_AT_LOCATION[m[K’
[2.672s]        [01;36m[KROSCONSOLE_PRINT_STREAM_AT_LOCATION[m[K(args); \
[2.672s]        [01;36m[K^~~~~~~~~~~~~~~~~~~~~~~~~~~~~~~~~~~[m[K
[2.672s] [01m[K/opt/ros/melodic/include/ros/console.h:579:43:[m[K [01;36m[Knote: [m[Kin expansion of macro ‘[01m[KROS_LOG_STREAM_COND[m[K’
[2.672s]  #define ROS_LOG_STREAM(level, name, args) [01;36m[KROS_LOG_STREAM_COND[m[K(true, level, name, args)
[2.673s]                                            [01;36m[K^~~~~~~~~~~~~~~~~~~[m[K
[2.673s] [01m[K/opt/ros/melodic/include/rosconsole/macros_generated.h:163:31:[m[K [01;36m[Knote: [m[Kin expansion of macro ‘[01m[KROS_LOG_STREAM[m[K’
[2.673s]  #define ROS_WARN_STREAM(args) [01;36m[KROS_LOG_STREAM[m[K(::ros::console::levels::Warn, ROSCONSOLE_DEFAULT_NAME, args)
[2.673s]                                [01;36m[K^~~~~~~~~~~~~~[m[K
[2.673s] [01m[K/home/kimna/Desktop/autoware.ai/src/autoware/core_planning/pure_pursuit/src/pure_pursuit_core.cpp:210:7:[m[K [01;36m[Knote: [m[Kin expansion of macro ‘[01m[KROS_WARN_STREAM[m[K’
[2.673s]        [01;36m[KR[m[KOS_WARN_STREAM("cfg "<< stanley_factor_ << std::endl);
[2.673s]        [01;36m[K^[m[K
[2.682s] [01m[K/home/kimna/Desktop/autoware.ai/src/autoware/core_planning/pure_pursuit/src/pure_pursuit_core.cpp:[m[K In member function ‘[01m[Kdouble waypoint_follower::PurePursuitNode::computeCommandAccel() const[m[K’:
[2.682s] [01m[K/home/kimna/Desktop/autoware.ai/src/autoware/core_planning/pure_pursuit/src/pure_pursuit_core.cpp:344:57:[m[K [01;31m[Kerror: [m[Kexpected ‘[01m[K,[m[K’ or ‘[01m[K;[m[K’ before ‘[01m[K)[m[K’ token
[2.682s]          current_pose.position.y - target_pose.position.y[01;31m[K)[m[K;
[2.682s]                                                          [01;31m[K^[m[K
[2.682s] [01m[K/home/kimna/Desktop/autoware.ai/src/autoware/core_planning/pure_pursuit/src/pure_pursuit_core.cpp:[m[K At global scope:
[2.682s] [01m[K/home/kimna/Desktop/autoware.ai/src/autoware/core_planning/pure_pursuit/src/pure_pursuit_core.cpp:351:17:[m[K [01;31m[Kerror: [m[Kexpected constructor, destructor, or type conversion before ‘[01m[K([m[K’ token
[2.683s]        std::hypot[01;31m[K([m[Kcurrent_pose.position.x - target_pose.position.x,
[2.683s]                  [01;31m[K^[m[K
[2.683s] [01m[K/home/kimna/Desktop/autoware.ai/src/autoware/core_planning/pure_pursuit/src/pure_pursuit_core.cpp:[m[K In member function ‘[01m[Kvoid waypoint_follower::PurePursuitNode::callbackFromConfig(const ConfigWaypointFollowerConstPtr&)[m[K’:
[2.683s] [01m[K/home/kimna/Desktop/autoware.ai/src/autoware/core_planning/pure_pursuit/src/pure_pursuit_core.cpp:367:3:[m[K [01;31m[Kerror: [m[K‘[01m[Kstanley_factor_[m[K’ was not declared in this scope
[2.683s]    [01;31m[Kstanley_factor_[m[K = config->stanley_factor;
[2.683s]    [01;31m[K^~~~~~~~~~~~~~~[m[K
[2.692s] [01m[K/home/kimna/Desktop/autoware.ai/src/autoware/core_planning/pure_pursuit/src/pure_pursuit_core.cpp:367:29:[m[K [01;31m[Kerror: [m[K‘[01m[Kconst struct autoware_config_msgs::ConfigWaypointFollower_<std::allocator<void> >[m[K’ has no member named ‘[01m[Kstanley_factor[m[K’; did you mean ‘[01m[K_stanley_factor_type[m[K’?
[2.692s]    stanley_factor_ = config->[01;31m[Kstanley_factor[m[K;
[2.692s]                              [01;31m[K^~~~~~~~~~~~~~[m[K
[2.692s]                              [32m[K_stanley_factor_type[m[K
[3.089s] CMakeFiles/pure_pursuit.dir/build.make:62: recipe for target 'CMakeFiles/pure_pursuit.dir/src/pure_pursuit_node.cpp.o' failed
[3.089s] make[2]: *** [CMakeFiles/pure_pursuit.dir/src/pure_pursuit_node.cpp.o] Error 1
[3.089s] make[2]: *** Waiting for unfinished jobs....
[3.150s] In file included from [01m[K/home/kimna/Desktop/autoware.ai/src/autoware/core_planning/pure_pursuit/include/pure_pursuit/pure_pursuit_core.h:28:0[m[K,
[3.150s]                  from [01m[K/home/kimna/Desktop/autoware.ai/src/autoware/core_planning/pure_pursuit/src/pure_pursuit_core.cpp:18[m[K:
[3.150s] /home/kimna/Desktop/autoware.ai/install/autoware_config_msgs/include/autoware_config_msgs/ConfigWaypointFollower.h: In instantiation of ‘[01m[Kstatic void ros::serialization::Serializer<autoware_config_msgs::ConfigWaypointFollower_<ContainerAllocator> >::allInOne(Stream&, T) [with Stream = ros::serialization::IStream; T = autoware_config_msgs::ConfigWaypointFollower_<std::allocator<void> >&; ContainerAllocator = std::allocator<void>][m[K’:
[3.150s] [01m[K/home/kimna/Desktop/autoware.ai/install/autoware_config_msgs/include/autoware_config_msgs/ConfigWaypointFollower.h:251:5:[m[K   required from ‘[01m[Kstatic void ros::serialization::Serializer<autoware_config_msgs::ConfigWaypointFollower_<ContainerAllocator> >::read(Stream&, T&) [with Stream = ros::serialization::IStream; T = autoware_config_msgs::ConfigWaypointFollower_<std::allocator<void> >; ContainerAllocator = std::allocator<void>][m[K’
[3.150s] [01m[K/opt/ros/melodic/include/ros/serialization.h:163:22:[m[K   required from ‘[01m[Kvoid ros::serialization::deserialize(Stream&, T&) [with T = autoware_config_msgs::ConfigWaypointFollower_<std::allocator<void> >; Stream = ros::serialization::IStream][m[K’
[3.150s] [01m[K/opt/ros/melodic/include/ros/subscription_callback_helper.h:136:21:[m[K   required from ‘[01m[Kros::VoidConstPtr ros::SubscriptionCallbackHelperT<P, Enabled>::deserialize(const ros::SubscriptionCallbackHelperDeserializeParams&) [with P = const boost::shared_ptr<const autoware_config_msgs::ConfigWaypointFollower_<std::allocator<void> > >&; Enabled = void; ros::VoidConstPtr = boost::shared_ptr<const void>][m[K’
[3.150s] [01m[K/home/kimna/Desktop/autoware.ai/src/autoware/core_planning/pure_pursuit/src/pure_pursuit_core.cpp:460:1:[m[K   required from here
[3.150s] [01m[K/home/kimna/Desktop/autoware.ai/install/autoware_config_msgs/include/autoware_config_msgs/ConfigWaypointFollower.h:248:21:[m[K [01;31m[Kerror: [m[K‘[01m[Kstruct autoware_config_msgs::ConfigWaypointFollower_<std::allocator<void> >[m[K’ has no member named ‘[01m[Kstanley_factor[m[K’; did you mean ‘[01m[K_stanley_factor_type[m[K’?
[3.150s]        stream.next([01;31m[Km.stanley_factor[m[K);
[3.150s]                    [01;31m[K~~^~~~~~~~~~~~~~[m[K
[3.150s]                    [32m[K_stanley_factor_type[m[K
[3.485s] make[2]: *** [CMakeFiles/pure_pursuit.dir/src/pure_pursuit_core.cpp.o] Error 1
[3.485s] make[1]: *** [CMakeFiles/pure_pursuit.dir/all] Error 2
[3.485s] CMakeFiles/pure_pursuit.dir/build.make:110: recipe for target 'CMakeFiles/pure_pursuit.dir/src/pure_pursuit_core.cpp.o' failed
[3.485s] CMakeFiles/Makefile2:444: recipe for target 'CMakeFiles/pure_pursuit.dir/all' failed
[3.486s] make: *** [all] Error 2
[3.486s] Makefile:140: recipe for target 'all' failed
[3.488s] Invoked command in '/home/kimna/Desktop/autoware.ai/src/autoware/core_planning/pure_pursuit/build/pure_pursuit' returned '2': CONDA_PROMPT_MODIFIER=(base) /usr/bin/cmake --build /home/kimna/Desktop/autoware.ai/src/autoware/core_planning/pure_pursuit/build/pure_pursuit -- -j8 -l8
