[0.027s] Invoking command in '/home/kimna/Desktop/autoware.ai/src/autoware/core_planning/pure_pursuit/build/pure_pursuit': CONDA_PROMPT_MODIFIER=(base) /usr/bin/cmake --build /home/kimna/Desktop/autoware.ai/src/autoware/core_planning/pure_pursuit/build/pure_pursuit -- -j8 -l8
[0.166s] [  0%] Built target jsk_recognition_msgs_generate_messages_lisp
[0.166s] [  0%] Built target geometry_msgs_generate_messages_py
[0.167s] [  0%] Built target actionlib_generate_messages_cpp
[0.167s] [  0%] Built target pcl_msgs_generate_messages_eus
[0.170s] [  0%] Built target autoware_system_msgs_generate_messages_lisp
[0.173s] [  0%] Built target rosgraph_msgs_generate_messages_eus
[0.185s] [  0%] Built target jsk_recognition_msgs_generate_messages_eus
[0.195s] [  0%] Built target autoware_config_msgs_generate_messages_lisp
[0.243s] [  0%] Built target sensor_msgs_generate_messages_nodejs
[0.247s] [  0%] Built target autoware_system_msgs_generate_messages_py
[0.260s] [  0%] Built target roscpp_generate_messages_cpp
[0.263s] [  0%] Built target sensor_msgs_generate_messages_eus
[0.267s] [  0%] Built target _catkin_empty_exported_target
[0.268s] [  0%] Built target autoware_msgs_generate_messages_cpp
[0.284s] [  0%] Built target tf2_msgs_generate_messages_cpp
[0.287s] [  0%] Built target sensor_msgs_generate_messages_cpp
[0.335s] [  0%] Built target std_msgs_generate_messages_py
[0.351s] [  0%] Built target std_msgs_generate_messages_nodejs
[0.358s] [  0%] Built target pcl_msgs_generate_messages_nodejs
[0.371s] [  0%] Built target jsk_recognition_msgs_generate_messages_py
[0.372s] [  0%] Built target sensor_msgs_generate_messages_py
[0.372s] [  0%] Built target rosgraph_msgs_generate_messages_cpp
[0.375s] [  0%] Built target sensor_msgs_generate_messages_lisp
[0.377s] [  0%] Built target autoware_msgs_generate_messages_py
[0.422s] [  0%] Built target tf_generate_messages_py
[0.437s] [  0%] Built target std_msgs_generate_messages_lisp
[0.441s] [  0%] Built target std_msgs_generate_messages_cpp
[0.443s] [  0%] Built target actionlib_msgs_generate_messages_nodejs
[0.454s] [  0%] Built target roscpp_generate_messages_nodejs
[0.463s] [  0%] Built target jsk_footstep_msgs_generate_messages_py
[0.489s] [  0%] Built target autoware_system_msgs_generate_messages_cpp
[0.501s] [  0%] Built target geometry_msgs_generate_messages_eus
[0.511s] [  0%] Built target pcl_msgs_generate_messages_cpp
[0.530s] [  0%] Built target autoware_msgs_generate_messages_lisp
[0.539s] [  0%] Built target geometry_msgs_generate_messages_lisp
[0.539s] [  0%] Built target geometry_msgs_generate_messages_nodejs
[0.540s] [  0%] Built target jsk_recognition_msgs_generate_messages_cpp
[0.542s] [  0%] Built target autoware_msgs_generate_messages_eus
[0.589s] [  0%] Built target std_msgs_generate_messages_eus
[0.603s] [  0%] Built target autoware_msgs_generate_messages_nodejs
[0.605s] [  0%] Built target actionlib_msgs_generate_messages_py
[0.618s] [  0%] Built target jsk_footstep_msgs_generate_messages_lisp
[0.620s] [  0%] Built target jsk_footstep_msgs_generate_messages_eus
[0.630s] [  0%] Built target autoware_config_msgs_generate_messages_eus
[0.636s] [  0%] Built target jsk_footstep_msgs_generate_messages_nodejs
[0.687s] [  0%] Built target autoware_system_msgs_generate_messages_nodejs
[0.687s] [  0%] Built target jsk_footstep_msgs_generate_messages_cpp
[0.715s] [  0%] Built target tf_generate_messages_lisp
[0.720s] [  0%] Built target actionlib_msgs_generate_messages_lisp
[0.725s] [  0%] Built target actionlib_msgs_generate_messages_cpp
[0.727s] [  0%] Built target tf_generate_messages_eus
[0.742s] [  0%] Built target autoware_config_msgs_generate_messages_nodejs
[0.742s] [  0%] Built target tf_generate_messages_nodejs
[0.762s] [  0%] Built target jsk_recognition_msgs_generate_messages_nodejs
[0.764s] [  0%] Built target roscpp_generate_messages_lisp
[0.792s] [  0%] Built target roscpp_generate_messages_py
[0.810s] [  0%] Built target rosgraph_msgs_generate_messages_nodejs
[0.816s] [  0%] Built target rosgraph_msgs_generate_messages_lisp
[0.831s] [  0%] Built target actionlib_msgs_generate_messages_eus
[0.831s] [  0%] Built target roscpp_generate_messages_eus
[0.831s] [  0%] Built target autoware_config_msgs_generate_messages_cpp
[0.843s] [  0%] Built target rosgraph_msgs_generate_messages_py
[0.846s] [  0%] Built target autoware_config_msgs_generate_messages_py
[0.903s] [  0%] Built target actionlib_generate_messages_eus
[0.910s] [  0%] Built target pcl_msgs_generate_messages_py
[0.923s] [  0%] Built target actionlib_generate_messages_lisp
[0.929s] [  0%] Built target tf_generate_messages_cpp
[0.935s] [  0%] Built target pcl_msgs_generate_messages_lisp
[0.940s] [  0%] Built target autoware_system_msgs_generate_messages_eus
[0.948s] [  0%] Built target geometry_msgs_generate_messages_cpp
[0.949s] [  0%] Built target actionlib_generate_messages_nodejs
[0.968s] [  0%] Built target tf2_msgs_generate_messages_eus
[0.991s] [  0%] Built target tf2_msgs_generate_messages_lisp
[0.991s] [  0%] Built target tf2_msgs_generate_messages_nodejs
[0.993s] [  0%] Built target tf2_msgs_generate_messages_py
[1.009s] [  0%] Built target actionlib_generate_messages_py
[1.035s] [35m[1mScanning dependencies of target pure_pursuit[0m
[1.086s] [ 20%] [32mBuilding CXX object CMakeFiles/pure_pursuit.dir/src/pure_pursuit_core.cpp.o[0m
[9.423s] [ 40%] [32m[1mLinking CXX executable devel/lib/pure_pursuit/pure_pursuit[0m
[9.776s] [100%] Built target pure_pursuit
[9.801s] Invoked command in '/home/kimna/Desktop/autoware.ai/src/autoware/core_planning/pure_pursuit/build/pure_pursuit' returned '0': CONDA_PROMPT_MODIFIER=(base) /usr/bin/cmake --build /home/kimna/Desktop/autoware.ai/src/autoware/core_planning/pure_pursuit/build/pure_pursuit -- -j8 -l8
[10.075s] Invoking command in '/home/kimna/Desktop/autoware.ai/src/autoware/core_planning/pure_pursuit/build/pure_pursuit': CONDA_PROMPT_MODIFIER=(base) /usr/bin/cmake --build /home/kimna/Desktop/autoware.ai/src/autoware/core_planning/pure_pursuit/build/pure_pursuit --target tests -- -j8 -l8
[10.231s] [  0%] Built target actionlib_generate_messages_cpp
[10.231s] [  0%] Built target pcl_msgs_generate_messages_eus
[10.237s] [ 28%] Built target gtest
[10.248s] [ 28%] Built target autoware_system_msgs_generate_messages_lisp
[10.258s] [ 28%] Built target jsk_recognition_msgs_generate_messages_lisp
[10.261s] [ 28%] Built target jsk_recognition_msgs_generate_messages_eus
[10.263s] [ 28%] Built target geometry_msgs_generate_messages_py
[10.278s] [ 28%] Built target rosgraph_msgs_generate_messages_eus
[10.323s] [ 28%] Built target sensor_msgs_generate_messages_nodejs
[10.323s] [ 28%] Built target sensor_msgs_generate_messages_eus
[10.336s] [ 28%] Built target _catkin_empty_exported_target
[10.339s] [ 28%] Built target autoware_system_msgs_generate_messages_py
[10.342s] [ 28%] Built target roscpp_generate_messages_cpp
[10.348s] [ 28%] Built target sensor_msgs_generate_messages_cpp
[10.378s] [ 28%] Built target tf2_msgs_generate_messages_cpp
[10.394s] [ 28%] Built target autoware_msgs_generate_messages_cpp
[10.400s] [ 28%] Built target std_msgs_generate_messages_py
[10.428s] [ 28%] Built target jsk_recognition_msgs_generate_messages_py
[10.430s] [ 28%] Built target autoware_msgs_generate_messages_py
[10.444s] [ 28%] Built target std_msgs_generate_messages_nodejs
[10.462s] [ 28%] Built target pcl_msgs_generate_messages_nodejs
[10.466s] [ 28%] Built target rosgraph_msgs_generate_messages_cpp
[10.467s] [ 28%] Built target sensor_msgs_generate_messages_py
[10.493s] [ 28%] Built target tf_generate_messages_py
[10.498s] [ 28%] Built target sensor_msgs_generate_messages_lisp
[10.511s] [ 28%] Built target std_msgs_generate_messages_cpp
[10.539s] [ 28%] Built target actionlib_msgs_generate_messages_nodejs
[10.541s] [ 28%] Built target jsk_footstep_msgs_generate_messages_py
[10.554s] [ 28%] Built target std_msgs_generate_messages_lisp
[10.569s] [ 28%] Built target autoware_system_msgs_generate_messages_cpp
[10.580s] [ 28%] Built target roscpp_generate_messages_nodejs
[10.581s] [ 28%] Built target geometry_msgs_generate_messages_eus
[10.598s] [ 28%] Built target geometry_msgs_generate_messages_nodejs
[10.600s] [ 28%] Built target geometry_msgs_generate_messages_lisp
[10.606s] [ 28%] Built target jsk_recognition_msgs_generate_messages_cpp
[10.633s] [ 28%] Built target pcl_msgs_generate_messages_cpp
[10.643s] [ 28%] Built target autoware_msgs_generate_messages_eus
[10.654s] [ 28%] Built target autoware_msgs_generate_messages_nodejs
[10.664s] [ 28%] Built target std_msgs_generate_messages_eus
[10.671s] [ 28%] Built target jsk_footstep_msgs_generate_messages_eus
[10.671s] [ 28%] Built target autoware_msgs_generate_messages_lisp
[10.693s] [ 28%] Built target actionlib_msgs_generate_messages_py
[10.724s] [ 28%] Built target autoware_config_msgs_generate_messages_eus
[10.735s] [ 28%] Built target jsk_footstep_msgs_generate_messages_nodejs
[10.747s] [ 28%] Built target actionlib_msgs_generate_messages_cpp
[10.757s] [ 28%] Built target actionlib_msgs_generate_messages_lisp
[10.758s] [ 28%] Built target jsk_footstep_msgs_generate_messages_lisp
[10.762s] [ 28%] Built target autoware_system_msgs_generate_messages_nodejs
[10.773s] [ 28%] Built target jsk_footstep_msgs_generate_messages_cpp
[10.799s] [ 28%] Built target tf_generate_messages_eus
[10.825s] [ 28%] Built target tf_generate_messages_lisp
[10.840s] [ 28%] Built target autoware_config_msgs_generate_messages_nodejs
[10.857s] [ 28%] Built target tf_generate_messages_nodejs
[10.860s] [ 28%] Built target roscpp_generate_messages_lisp
[10.863s] [ 28%] Built target autoware_config_msgs_generate_messages_cpp
[10.863s] [ 28%] Built target roscpp_generate_messages_py
[10.866s] [ 28%] Built target jsk_recognition_msgs_generate_messages_nodejs
[10.872s] [ 28%] Built target rosgraph_msgs_generate_messages_lisp
[10.905s] [ 28%] Built target rosgraph_msgs_generate_messages_nodejs
[10.924s] [ 28%] Built target roscpp_generate_messages_eus
[10.944s] [ 28%] Built target actionlib_msgs_generate_messages_eus
[10.944s] [ 28%] Built target rosgraph_msgs_generate_messages_py
[10.962s] [ 28%] Built target geometry_msgs_generate_messages_cpp
[10.969s] [ 28%] Built target pcl_msgs_generate_messages_py
[10.977s] [ 28%] Built target autoware_config_msgs_generate_messages_py
[10.986s] [ 28%] Built target actionlib_generate_messages_lisp
[10.987s] [ 28%] Built target actionlib_generate_messages_eus
[11.011s] [ 28%] Built target pcl_msgs_generate_messages_lisp
[11.049s] [ 28%] Built target actionlib_generate_messages_nodejs
[11.068s] [ 28%] Built target tf2_msgs_generate_messages_lisp
[11.072s] [ 28%] Built target autoware_system_msgs_generate_messages_eus
[11.077s] [ 28%] Built target tf2_msgs_generate_messages_eus
[11.079s] [ 28%] Built target tf_generate_messages_cpp
[11.080s] [ 28%] Built target actionlib_generate_messages_py
[11.084s] [ 28%] Built target tf2_msgs_generate_messages_py
[11.084s] [ 28%] Built target tf2_msgs_generate_messages_nodejs
[11.115s] [ 28%] Built target autoware_config_msgs_generate_messages_lisp
[11.148s] [35m[1mScanning dependencies of target test-pure_pursuit[0m
[11.192s] [ 42%] [32mBuilding CXX object CMakeFiles/test-pure_pursuit.dir/src/pure_pursuit_core.cpp.o[0m
[19.310s] [ 57%] [32m[1mLinking CXX executable devel/lib/pure_pursuit/test-pure_pursuit[0m
[19.663s] [100%] Built target test-pure_pursuit
[19.707s] [100%] Built target tests
[19.728s] Invoked command in '/home/kimna/Desktop/autoware.ai/src/autoware/core_planning/pure_pursuit/build/pure_pursuit' returned '0': CONDA_PROMPT_MODIFIER=(base) /usr/bin/cmake --build /home/kimna/Desktop/autoware.ai/src/autoware/core_planning/pure_pursuit/build/pure_pursuit --target tests -- -j8 -l8
[20.047s] Invoking command in '/home/kimna/Desktop/autoware.ai/src/autoware/core_planning/pure_pursuit/build/pure_pursuit': CONDA_PROMPT_MODIFIER=(base) /usr/bin/cmake --build /home/kimna/Desktop/autoware.ai/src/autoware/core_planning/pure_pursuit/build/pure_pursuit --target install -- -j8 -l8
[20.188s] [  0%] Built target rosgraph_msgs_generate_messages_eus
[20.211s] [  0%] Built target geometry_msgs_generate_messages_py
[20.222s] [  0%] Built target autoware_system_msgs_generate_messages_lisp
[20.225s] [  0%] Built target pcl_msgs_generate_messages_eus
[20.225s] [  0%] Built target actionlib_generate_messages_cpp
[20.229s] [  0%] Built target autoware_config_msgs_generate_messages_lisp
[20.237s] [  0%] Built target jsk_recognition_msgs_generate_messages_eus
[20.242s] [  0%] Built target jsk_recognition_msgs_generate_messages_lisp
[20.267s] [  0%] Built target autoware_system_msgs_generate_messages_py
[20.292s] [  0%] Built target sensor_msgs_generate_messages_nodejs
[20.293s] [  0%] Built target roscpp_generate_messages_cpp
[20.308s] [  0%] Built target _catkin_empty_exported_target
[20.314s] [  0%] Built target sensor_msgs_generate_messages_cpp
[20.324s] [  0%] Built target sensor_msgs_generate_messages_eus
[20.327s] [  0%] Built target tf2_msgs_generate_messages_cpp
[20.358s] [  0%] Built target autoware_msgs_generate_messages_cpp
[20.368s] [  0%] Built target std_msgs_generate_messages_nodejs
[20.371s] [  0%] Built target std_msgs_generate_messages_py
[20.397s] [  0%] Built target autoware_msgs_generate_messages_py
[20.400s] [  0%] Built target sensor_msgs_generate_messages_lisp
[20.413s] [  0%] Built target rosgraph_msgs_generate_messages_cpp
[20.424s] [  0%] Built target jsk_recognition_msgs_generate_messages_py
[20.424s] [  0%] Built target sensor_msgs_generate_messages_py
[20.437s] [  0%] Built target pcl_msgs_generate_messages_nodejs
[20.444s] [  0%] Built target tf_generate_messages_py
[20.472s] [  0%] Built target std_msgs_generate_messages_cpp
[20.489s] [  0%] Built target jsk_footstep_msgs_generate_messages_py
[20.494s] [  0%] Built target actionlib_msgs_generate_messages_nodejs
[20.500s] [  0%] Built target roscpp_generate_messages_nodejs
[20.520s] [  0%] Built target geometry_msgs_generate_messages_eus
[20.523s] [  0%] Built target std_msgs_generate_messages_lisp
[20.542s] [  0%] Built target autoware_system_msgs_generate_messages_cpp
[20.551s] [  0%] Built target geometry_msgs_generate_messages_nodejs
[20.557s] [  0%] Built target geometry_msgs_generate_messages_lisp
[20.560s] [  0%] Built target pcl_msgs_generate_messages_cpp
[20.573s] [  0%] Built target jsk_recognition_msgs_generate_messages_cpp
[20.601s] [  0%] Built target autoware_msgs_generate_messages_eus
[20.618s] [  0%] Built target autoware_msgs_generate_messages_lisp
[20.618s] [  0%] Built target jsk_footstep_msgs_generate_messages_eus
[20.622s] [  0%] Built target std_msgs_generate_messages_eus
[20.636s] [  0%] Built target autoware_msgs_generate_messages_nodejs
[20.643s] [  0%] Built target actionlib_msgs_generate_messages_py
[20.667s] [  0%] Built target jsk_footstep_msgs_generate_messages_lisp
[20.698s] [  0%] Built target jsk_footstep_msgs_generate_messages_nodejs
[20.708s] [  0%] Built target autoware_config_msgs_generate_messages_eus
[20.709s] [  0%] Built target jsk_footstep_msgs_generate_messages_cpp
[20.719s] [  0%] Built target autoware_system_msgs_generate_messages_nodejs
[20.722s] [  0%] Built target actionlib_msgs_generate_messages_lisp
[20.735s] [  0%] Built target actionlib_msgs_generate_messages_cpp
[20.736s] [  0%] Built target tf_generate_messages_eus
[20.765s] [  0%] Built target tf_generate_messages_lisp
[20.794s] [  0%] Built target tf_generate_messages_nodejs
[20.803s] [  0%] Built target jsk_recognition_msgs_generate_messages_nodejs
[20.813s] [  0%] Built target roscpp_generate_messages_py
[20.817s] [  0%] Built target autoware_config_msgs_generate_messages_nodejs
[20.833s] [  0%] Built target rosgraph_msgs_generate_messages_lisp
[20.835s] [  0%] Built target roscpp_generate_messages_lisp
[20.844s] [  0%] Built target autoware_config_msgs_generate_messages_cpp
[20.856s] [  0%] Built target rosgraph_msgs_generate_messages_nodejs
[20.890s] [  0%] Built target roscpp_generate_messages_eus
[20.895s] [  0%] Built target actionlib_msgs_generate_messages_eus
[20.908s] [  0%] Built target rosgraph_msgs_generate_messages_py
[20.929s] [  0%] Built target actionlib_generate_messages_eus
[20.930s] [  0%] Built target pcl_msgs_generate_messages_py
[20.932s] [  0%] Built target geometry_msgs_generate_messages_cpp
[20.935s] [  0%] Built target autoware_config_msgs_generate_messages_py
[20.958s] [  0%] Built target actionlib_generate_messages_lisp
[20.965s] [  0%] Built target pcl_msgs_generate_messages_lisp
[20.971s] [  0%] Built target actionlib_generate_messages_nodejs
[20.976s] [  0%] Built target tf_generate_messages_cpp
[21.021s] [  0%] Built target actionlib_generate_messages_py
[21.025s] [  0%] Built target autoware_system_msgs_generate_messages_eus
[21.029s] [  0%] Built target tf2_msgs_generate_messages_lisp
[21.031s] [  0%] Built target tf2_msgs_generate_messages_eus
[21.034s] [  0%] Built target tf2_msgs_generate_messages_py
[21.045s] [  0%] Built target tf2_msgs_generate_messages_nodejs
[21.097s] [100%] Built target pure_pursuit
[21.138s] [36mInstall the project...[0m
[21.157s] -- Install configuration: "Release"
[21.157s] -- Up-to-date: /home/kimna/Desktop/autoware.ai/src/autoware/core_planning/pure_pursuit/install/pure_pursuit/lib/pkgconfig/pure_pursuit.pc
[21.157s] -- Up-to-date: /home/kimna/Desktop/autoware.ai/src/autoware/core_planning/pure_pursuit/install/pure_pursuit/share/pure_pursuit/cmake/pure_pursuitConfig.cmake
[21.157s] -- Up-to-date: /home/kimna/Desktop/autoware.ai/src/autoware/core_planning/pure_pursuit/install/pure_pursuit/share/pure_pursuit/cmake/pure_pursuitConfig-version.cmake
[21.157s] -- Up-to-date: /home/kimna/Desktop/autoware.ai/src/autoware/core_planning/pure_pursuit/install/pure_pursuit/share/pure_pursuit/package.xml
[21.158s] -- Installing: /home/kimna/Desktop/autoware.ai/src/autoware/core_planning/pure_pursuit/install/pure_pursuit/lib/pure_pursuit/pure_pursuit
[21.162s] -- Set runtime path of "/home/kimna/Desktop/autoware.ai/src/autoware/core_planning/pure_pursuit/install/pure_pursuit/lib/pure_pursuit/pure_pursuit" to ""
[21.163s] -- Up-to-date: /home/kimna/Desktop/autoware.ai/src/autoware/core_planning/pure_pursuit/install/pure_pursuit/share/pure_pursuit/launch
[21.163s] -- Up-to-date: /home/kimna/Desktop/autoware.ai/src/autoware/core_planning/pure_pursuit/install/pure_pursuit/share/pure_pursuit/launch/pure_pursuit.launch
[21.166s] Invoked command in '/home/kimna/Desktop/autoware.ai/src/autoware/core_planning/pure_pursuit/build/pure_pursuit' returned '0': CONDA_PROMPT_MODIFIER=(base) /usr/bin/cmake --build /home/kimna/Desktop/autoware.ai/src/autoware/core_planning/pure_pursuit/build/pure_pursuit --target install -- -j8 -l8
