[0.150s] [  0%] Built target pcl_msgs_generate_messages_eus
[0.159s] [  0%] Built target rosgraph_msgs_generate_messages_eus
[0.159s] [  0%] Built target actionlib_generate_messages_cpp
[0.168s] [  0%] Built target jsk_recognition_msgs_generate_messages_lisp
[0.175s] [  0%] Built target geometry_msgs_generate_messages_py
[0.180s] [  0%] Built target autoware_system_msgs_generate_messages_lisp
[0.186s] [  0%] Built target autoware_config_msgs_generate_messages_lisp
[0.191s] [  0%] Built target jsk_recognition_msgs_generate_messages_eus
[0.236s] [  0%] Built target sensor_msgs_generate_messages_eus
[0.246s] [  0%] Built target sensor_msgs_generate_messages_nodejs
[0.254s] [  0%] Built target roscpp_generate_messages_cpp
[0.259s] [  0%] Built target autoware_msgs_generate_messages_cpp
[0.263s] [  0%] Built target autoware_system_msgs_generate_messages_py
[0.265s] [  0%] Built target sensor_msgs_generate_messages_cpp
[0.278s] [  0%] Built target _catkin_empty_exported_target
[0.292s] [  0%] Built target tf2_msgs_generate_messages_cpp
[0.322s] [  0%] Built target std_msgs_generate_messages_py
[0.330s] [  0%] Built target std_msgs_generate_messages_nodejs
[0.330s] [  0%] Built target autoware_msgs_generate_messages_py
[0.339s] [  0%] Built target jsk_recognition_msgs_generate_messages_py
[0.354s] [  0%] Built target pcl_msgs_generate_messages_nodejs
[0.355s] [  0%] Built target rosgraph_msgs_generate_messages_cpp
[0.367s] [  0%] Built target sensor_msgs_generate_messages_py
[0.382s] [  0%] Built target sensor_msgs_generate_messages_lisp
[0.421s] [  0%] Built target actionlib_msgs_generate_messages_nodejs
[0.432s] [  0%] Built target tf_generate_messages_py
[0.434s] [  0%] Built target jsk_footstep_msgs_generate_messages_py
[0.439s] [  0%] Built target std_msgs_generate_messages_cpp
[0.447s] [  0%] Built target std_msgs_generate_messages_lisp
[0.458s] [  0%] Built target geometry_msgs_generate_messages_eus
[0.460s] [  0%] Built target roscpp_generate_messages_nodejs
[0.479s] [  0%] Built target autoware_system_msgs_generate_messages_cpp
[0.507s] [  0%] Built target geometry_msgs_generate_messages_nodejs
[0.521s] [  0%] Built target pcl_msgs_generate_messages_cpp
[0.521s] [  0%] Built target geometry_msgs_generate_messages_lisp
[0.532s] [  0%] Built target autoware_msgs_generate_messages_eus
[0.552s] [  0%] Built target jsk_recognition_msgs_generate_messages_cpp
[0.557s] [  0%] Built target std_msgs_generate_messages_eus
[0.575s] [  0%] Built target autoware_msgs_generate_messages_lisp
[0.585s] [  0%] Built target autoware_msgs_generate_messages_nodejs
[0.616s] [  0%] Built target jsk_footstep_msgs_generate_messages_lisp
[0.618s] [  0%] Built target jsk_footstep_msgs_generate_messages_eus
[0.619s] [  0%] Built target autoware_config_msgs_generate_messages_eus
[0.624s] [  0%] Built target actionlib_msgs_generate_messages_py
[0.642s] [  0%] Built target jsk_footstep_msgs_generate_messages_nodejs
[0.642s] [  0%] Built target autoware_system_msgs_generate_messages_nodejs
[0.686s] [  0%] Built target actionlib_msgs_generate_messages_lisp
[0.688s] [  0%] Built target tf_generate_messages_eus
[0.693s] [  0%] Built target actionlib_msgs_generate_messages_cpp
[0.696s] [  0%] Built target jsk_footstep_msgs_generate_messages_cpp
[0.696s] [  0%] Built target tf_generate_messages_lisp
[0.705s] [  0%] Built target tf_generate_messages_nodejs
[0.739s] [  0%] Built target autoware_config_msgs_generate_messages_nodejs
[0.772s] [  0%] Built target roscpp_generate_messages_lisp
[0.772s] [  0%] Built target jsk_recognition_msgs_generate_messages_nodejs
[0.780s] [  0%] Built target roscpp_generate_messages_eus
[0.784s] [  0%] Built target rosgraph_msgs_generate_messages_lisp
[0.798s] [  0%] Built target autoware_config_msgs_generate_messages_cpp
[0.798s] [  0%] Built target roscpp_generate_messages_py
[0.824s] [  0%] Built target rosgraph_msgs_generate_messages_nodejs
[0.852s] [  0%] Built target actionlib_msgs_generate_messages_eus
[0.858s] [  0%] Built target actionlib_generate_messages_eus
[0.861s] [  0%] Built target autoware_config_msgs_generate_messages_py
[0.875s] [  0%] Built target rosgraph_msgs_generate_messages_py
[0.906s] [  0%] Built target geometry_msgs_generate_messages_cpp
[0.906s] [  0%] Built target pcl_msgs_generate_messages_lisp
[0.909s] [  0%] Built target pcl_msgs_generate_messages_py
[0.916s] [  0%] Built target actionlib_generate_messages_lisp
[0.952s] [  0%] Built target autoware_system_msgs_generate_messages_eus
[0.963s] [  0%] Built target tf2_msgs_generate_messages_eus
[0.972s] [  0%] Built target tf_generate_messages_cpp
[0.975s] [  0%] Built target actionlib_generate_messages_nodejs
[0.994s] [  0%] Built target actionlib_generate_messages_py
[0.995s] [  0%] Built target tf2_msgs_generate_messages_py
[1.004s] [  0%] Built target tf2_msgs_generate_messages_lisp
[1.012s] [  0%] Built target tf2_msgs_generate_messages_nodejs
[1.043s] [35m[1mScanning dependencies of target pure_pursuit[0m
[1.092s] [ 20%] [32mBuilding CXX object CMakeFiles/pure_pursuit.dir/src/pure_pursuit_core.cpp.o[0m
[4.998s] CMakeFiles/pure_pursuit.dir/build.make:110: recipe for target 'CMakeFiles/pure_pursuit.dir/src/pure_pursuit_core.cpp.o' failed
[4.999s] CMakeFiles/Makefile2:444: recipe for target 'CMakeFiles/pure_pursuit.dir/all' failed
[4.999s] Makefile:140: recipe for target 'all' failed
