[0.126s] [  0%] Built target actionlib_generate_messages_cpp
[0.126s] [  0%] Built target autoware_config_msgs_generate_messages_lisp
[0.126s] [  0%] Built target pcl_msgs_generate_messages_eus
[0.126s] [  0%] Built target geometry_msgs_generate_messages_py
[0.126s] [  0%] Built target jsk_recognition_msgs_generate_messages_lisp
[0.129s] [  0%] Built target rosgraph_msgs_generate_messages_eus
[0.132s] [  0%] Built target jsk_recognition_msgs_generate_messages_eus
[0.139s] [  0%] Built target autoware_system_msgs_generate_messages_lisp
[0.171s] [  0%] Built target autoware_system_msgs_generate_messages_py
[0.180s] [  0%] Built target sensor_msgs_generate_messages_eus
[0.183s] [  0%] Built target sensor_msgs_generate_messages_nodejs
[0.187s] [  0%] Built target _catkin_empty_exported_target
[0.193s] [  0%] Built target roscpp_generate_messages_cpp
[0.193s] [  0%] Built target sensor_msgs_generate_messages_cpp
[0.194s] [  0%] Built target autoware_msgs_generate_messages_cpp
[0.194s] [  0%] Built target tf2_msgs_generate_messages_cpp
[0.228s] [  0%] Built target std_msgs_generate_messages_py
[0.231s] [  0%] Built target autoware_msgs_generate_messages_py
[0.238s] [  0%] Built target std_msgs_generate_messages_nodejs
[0.244s] [  0%] Built target rosgraph_msgs_generate_messages_cpp
[0.246s] [  0%] Built target jsk_recognition_msgs_generate_messages_py
[0.249s] [  0%] Built target pcl_msgs_generate_messages_nodejs
[0.250s] [  0%] Built target sensor_msgs_generate_messages_py
[0.259s] [  0%] Built target sensor_msgs_generate_messages_lisp
[0.282s] [  0%] Built target std_msgs_generate_messages_cpp
[0.286s] [  0%] Built target tf_generate_messages_py
[0.296s] [  0%] Built target actionlib_msgs_generate_messages_nodejs
[0.296s] [  0%] Built target jsk_footstep_msgs_generate_messages_py
[0.304s] [  0%] Built target geometry_msgs_generate_messages_eus
[0.306s] [  0%] Built target roscpp_generate_messages_nodejs
[0.317s] [  0%] Built target std_msgs_generate_messages_lisp
[0.320s] [  0%] Built target autoware_system_msgs_generate_messages_cpp
[0.343s] [  0%] Built target geometry_msgs_generate_messages_nodejs
[0.347s] [  0%] Built target geometry_msgs_generate_messages_lisp
[0.351s] [  0%] Built target pcl_msgs_generate_messages_cpp
[0.365s] [  0%] Built target autoware_msgs_generate_messages_eus
[0.368s] [  0%] Built target jsk_recognition_msgs_generate_messages_cpp
[0.378s] [  0%] Built target autoware_msgs_generate_messages_lisp
[0.381s] [  0%] Built target autoware_msgs_generate_messages_nodejs
[0.393s] [  0%] Built target std_msgs_generate_messages_eus
[0.411s] [  0%] Built target jsk_footstep_msgs_generate_messages_eus
[0.416s] [  0%] Built target actionlib_msgs_generate_messages_py
[0.417s] [  0%] Built target autoware_config_msgs_generate_messages_eus
[0.421s] [  0%] Built target jsk_footstep_msgs_generate_messages_lisp
[0.423s] [  0%] Built target jsk_footstep_msgs_generate_messages_nodejs
[0.438s] [  0%] Built target actionlib_msgs_generate_messages_lisp
[0.446s] [  0%] Built target autoware_system_msgs_generate_messages_nodejs
[0.446s] [  0%] Built target jsk_footstep_msgs_generate_messages_cpp
[0.469s] [  0%] Built target tf_generate_messages_eus
[0.469s] [  0%] Built target actionlib_msgs_generate_messages_cpp
[0.474s] [  0%] Built target tf_generate_messages_lisp
[0.477s] [  0%] Built target autoware_config_msgs_generate_messages_nodejs
[0.496s] [  0%] Built target tf_generate_messages_nodejs
[0.498s] [  0%] Built target jsk_recognition_msgs_generate_messages_nodejs
[0.499s] [  0%] Built target roscpp_generate_messages_lisp
[0.504s] [  0%] Built target roscpp_generate_messages_py
[0.530s] [  0%] Built target rosgraph_msgs_generate_messages_lisp
[0.553s] [  0%] Built target rosgraph_msgs_generate_messages_nodejs
[0.553s] [  0%] Built target autoware_config_msgs_generate_messages_cpp
[0.554s] [  0%] Built target actionlib_msgs_generate_messages_eus
[0.563s] [  0%] Built target rosgraph_msgs_generate_messages_py
[0.565s] [  0%] Built target roscpp_generate_messages_eus
[0.571s] [  0%] Built target autoware_config_msgs_generate_messages_py
[0.573s] [  0%] Built target pcl_msgs_generate_messages_py
[0.599s] [  0%] Built target actionlib_generate_messages_eus
[0.610s] [  0%] Built target actionlib_generate_messages_lisp
[0.619s] [  0%] Built target geometry_msgs_generate_messages_cpp
[0.629s] [  0%] Built target tf_generate_messages_cpp
[0.631s] [  0%] Built target actionlib_generate_messages_nodejs
[0.632s] [  0%] Built target pcl_msgs_generate_messages_lisp
[0.633s] [  0%] Built target autoware_system_msgs_generate_messages_eus
[0.646s] [  0%] Built target tf2_msgs_generate_messages_eus
[0.652s] [  0%] Built target tf2_msgs_generate_messages_lisp
[0.667s] [  0%] Built target actionlib_generate_messages_py
[0.669s] [  0%] Built target tf2_msgs_generate_messages_nodejs
[0.671s] [  0%] Built target tf2_msgs_generate_messages_py
[0.698s] [35m[1mScanning dependencies of target pure_pursuit[0m
[0.734s] [ 40%] [32mBuilding CXX object CMakeFiles/pure_pursuit.dir/src/pure_pursuit_core.cpp.o[0m
[0.734s] [ 40%] [32mBuilding CXX object CMakeFiles/pure_pursuit.dir/src/pure_pursuit_node.cpp.o[0m
[2.779s] In file included from [01m[K/home/kimna/Desktop/autoware.ai/src/autoware/core_planning/pure_pursuit/src/pure_pursuit_node.cpp:21:0[m[K:
[2.779s] [01m[K/home/kimna/Desktop/autoware.ai/src/autoware/core_planning/pure_pursuit/include/pure_pursuit/pure_pursuit_core.h:100:10:[m[K [01;31m[Kerror: [m[Kexpected ‘[01m[K;[m[K’ at end of member declaration
[2.779s]    double [01;31m[Kstanley_factor_[m[K
[2.779s]           [01;31m[K^~~~~~~~~~~~~~~[m[K
[2.781s] In file included from [01m[K/home/kimna/Desktop/autoware.ai/src/autoware/core_planning/pure_pursuit/src/pure_pursuit_core.cpp:18:0[m[K:
[2.781s] [01m[K/home/kimna/Desktop/autoware.ai/src/autoware/core_planning/pure_pursuit/include/pure_pursuit/pure_pursuit_core.h:100:10:[m[K [01;31m[Kerror: [m[Kexpected ‘[01m[K;[m[K’ at end of member declaration
[2.781s]    double [01;31m[Kstanley_factor_[m[K
[2.781s]           [01;31m[K^~~~~~~~~~~~~~~[m[K
[2.792s] [01m[K/home/kimna/Desktop/autoware.ai/src/autoware/core_planning/pure_pursuit/src/pure_pursuit_core.cpp:[m[K In member function ‘[01m[Kdouble waypoint_follower::PurePursuitNode::computeCommandAccel() const[m[K’:
[2.792s] [01m[K/home/kimna/Desktop/autoware.ai/src/autoware/core_planning/pure_pursuit/src/pure_pursuit_core.cpp:343:57:[m[K [01;31m[Kerror: [m[Kexpected ‘[01m[K,[m[K’ or ‘[01m[K;[m[K’ before ‘[01m[K)[m[K’ token
[2.792s]          current_pose.position.y - target_pose.position.y[01;31m[K)[m[K;
[2.792s]                                                          [01;31m[K^[m[K
[2.792s] [01m[K/home/kimna/Desktop/autoware.ai/src/autoware/core_planning/pure_pursuit/src/pure_pursuit_core.cpp:[m[K At global scope:
[2.793s] [01m[K/home/kimna/Desktop/autoware.ai/src/autoware/core_planning/pure_pursuit/src/pure_pursuit_core.cpp:350:17:[m[K [01;31m[Kerror: [m[Kexpected constructor, destructor, or type conversion before ‘[01m[K([m[K’ token
[2.793s]        std::hypot[01;31m[K([m[Kcurrent_pose.position.x - target_pose.position.x,
[2.793s]                  [01;31m[K^[m[K
[3.290s] make[2]: *** [CMakeFiles/pure_pursuit.dir/src/pure_pursuit_node.cpp.o] Error 1
[3.290s] CMakeFiles/pure_pursuit.dir/build.make:62: recipe for target 'CMakeFiles/pure_pursuit.dir/src/pure_pursuit_node.cpp.o' failed
[3.290s] make[2]: *** Waiting for unfinished jobs....
[3.700s] CMakeFiles/pure_pursuit.dir/build.make:110: recipe for target 'CMakeFiles/pure_pursuit.dir/src/pure_pursuit_core.cpp.o' failed
[3.700s] make[2]: *** [CMakeFiles/pure_pursuit.dir/src/pure_pursuit_core.cpp.o] Error 1
[3.700s] CMakeFiles/Makefile2:444: recipe for target 'CMakeFiles/pure_pursuit.dir/all' failed
[3.700s] make[1]: *** [CMakeFiles/pure_pursuit.dir/all] Error 2
[3.701s] Makefile:140: recipe for target 'all' failed
[3.701s] make: *** [all] Error 2
