[0.148s] [  0%] Built target rosgraph_msgs_generate_messages_eus
[0.155s] [  0%] Built target actionlib_generate_messages_cpp
[0.164s] [  0%] Built target jsk_recognition_msgs_generate_messages_eus
[0.165s] [  0%] Built target jsk_recognition_msgs_generate_messages_lisp
[0.170s] [  0%] Built target autoware_config_msgs_generate_messages_lisp
[0.171s] [  0%] Built target pcl_msgs_generate_messages_eus
[0.184s] [  0%] Built target geometry_msgs_generate_messages_py
[0.188s] [  0%] Built target autoware_system_msgs_generate_messages_lisp
[0.242s] [  0%] Built target autoware_system_msgs_generate_messages_py
[0.243s] [  0%] Built target _catkin_empty_exported_target
[0.247s] [  0%] Built target sensor_msgs_generate_messages_eus
[0.248s] [  0%] Built target sensor_msgs_generate_messages_nodejs
[0.259s] [  0%] Built target roscpp_generate_messages_cpp
[0.259s] [  0%] Built target autoware_msgs_generate_messages_cpp
[0.264s] [  0%] Built target sensor_msgs_generate_messages_cpp
[0.271s] [  0%] Built target tf2_msgs_generate_messages_cpp
[0.310s] [  0%] Built target std_msgs_generate_messages_py
[0.319s] [  0%] Built target std_msgs_generate_messages_nodejs
[0.326s] [  0%] Built target autoware_msgs_generate_messages_py
[0.332s] [  0%] Built target jsk_recognition_msgs_generate_messages_py
[0.336s] [  0%] Built target pcl_msgs_generate_messages_nodejs
[0.341s] [  0%] Built target rosgraph_msgs_generate_messages_cpp
[0.352s] [  0%] Built target sensor_msgs_generate_messages_py
[0.363s] [  0%] Built target sensor_msgs_generate_messages_lisp
[0.370s] [  0%] Built target tf_generate_messages_py
[0.407s] [  0%] Built target std_msgs_generate_messages_cpp
[0.407s] [  0%] Built target geometry_msgs_generate_messages_eus
[0.419s] [  0%] Built target jsk_footstep_msgs_generate_messages_py
[0.424s] [  0%] Built target roscpp_generate_messages_nodejs
[0.425s] [  0%] Built target std_msgs_generate_messages_lisp
[0.426s] [  0%] Built target actionlib_msgs_generate_messages_nodejs
[0.431s] [  0%] Built target autoware_system_msgs_generate_messages_cpp
[0.446s] [  0%] Built target geometry_msgs_generate_messages_nodejs
[0.474s] [  0%] Built target geometry_msgs_generate_messages_lisp
[0.485s] [  0%] Built target pcl_msgs_generate_messages_cpp
[0.492s] [  0%] Built target autoware_msgs_generate_messages_nodejs
[0.493s] [  0%] Built target jsk_recognition_msgs_generate_messages_cpp
[0.498s] [  0%] Built target autoware_msgs_generate_messages_lisp
[0.504s] [  0%] Built target autoware_msgs_generate_messages_eus
[0.512s] [  0%] Built target std_msgs_generate_messages_eus
[0.512s] [  0%] Built target jsk_footstep_msgs_generate_messages_eus
[0.548s] [  0%] Built target actionlib_msgs_generate_messages_py
[0.559s] [  0%] Built target jsk_footstep_msgs_generate_messages_lisp
[0.560s] [  0%] Built target autoware_config_msgs_generate_messages_eus
[0.561s] [  0%] Built target autoware_system_msgs_generate_messages_nodejs
[0.566s] [  0%] Built target jsk_footstep_msgs_generate_messages_nodejs
[0.581s] [  0%] Built target actionlib_msgs_generate_messages_cpp
[0.582s] [  0%] Built target jsk_footstep_msgs_generate_messages_cpp
[0.609s] [  0%] Built target tf_generate_messages_eus
[0.616s] [  0%] Built target actionlib_msgs_generate_messages_lisp
[0.621s] [  0%] Built target autoware_config_msgs_generate_messages_nodejs
[0.621s] [  0%] Built target tf_generate_messages_nodejs
[0.625s] [  0%] Built target jsk_recognition_msgs_generate_messages_nodejs
[0.630s] [  0%] Built target tf_generate_messages_lisp
[0.655s] [  0%] Built target roscpp_generate_messages_py
[0.673s] [  0%] Built target roscpp_generate_messages_lisp
[0.682s] [  0%] Built target roscpp_generate_messages_eus
[0.683s] [  0%] Built target rosgraph_msgs_generate_messages_lisp
[0.687s] [  0%] Built target actionlib_msgs_generate_messages_eus
[0.692s] [  0%] Built target autoware_config_msgs_generate_messages_cpp
[0.704s] [  0%] Built target rosgraph_msgs_generate_messages_nodejs
[0.715s] [  0%] Built target rosgraph_msgs_generate_messages_py
[0.734s] [  0%] Built target autoware_config_msgs_generate_messages_py
[0.736s] [  0%] Built target pcl_msgs_generate_messages_py
[0.760s] [  0%] Built target actionlib_generate_messages_eus
[0.766s] [  0%] Built target geometry_msgs_generate_messages_cpp
[0.768s] [  0%] Built target actionlib_generate_messages_lisp
[0.777s] [  0%] Built target tf_generate_messages_cpp
[0.781s] [  0%] Built target pcl_msgs_generate_messages_lisp
[0.795s] [  0%] Built target autoware_system_msgs_generate_messages_eus
[0.799s] [  0%] Built target actionlib_generate_messages_nodejs
[0.809s] [  0%] Built target tf2_msgs_generate_messages_eus
[0.828s] [  0%] Built target tf2_msgs_generate_messages_py
[0.829s] [  0%] Built target tf2_msgs_generate_messages_lisp
[0.830s] [  0%] Built target actionlib_generate_messages_py
[0.831s] [  0%] Built target tf2_msgs_generate_messages_nodejs
[0.852s] [35m[1mScanning dependencies of target pure_pursuit[0m
[0.887s] [ 20%] [32mBuilding CXX object CMakeFiles/pure_pursuit.dir/src/pure_pursuit_core.cpp.o[0m
[3.227s] In file included from [01m[K/home/kimna/Desktop/autoware.ai/src/autoware/core_planning/pure_pursuit/src/pure_pursuit_core.cpp:19:0[m[K:
[3.227s] [01m[K/home/kimna/Desktop/autoware.ai/src/autoware/core_planning/pure_pursuit/include/pure_pursuit/stanley.h:[m[K In member function ‘[01m[Kdouble Stanley::calculate_steering(float, float, float, std::vector<autoware_msgs::Waypoint_<std::allocator<void> >, std::allocator<autoware_msgs::Waypoint_<std::allocator<void> > > >, float)[m[K’:
[3.227s] [01m[K/home/kimna/Desktop/autoware.ai/src/autoware/core_planning/pure_pursuit/include/pure_pursuit/stanley.h:113:57:[m[K [01;35m[Kwarning: [m[Knarrowing conversion of ‘[01m[K(waypoints.std::vector<autoware_msgs::Waypoint_<std::allocator<void> >, std::allocator<autoware_msgs::Waypoint_<std::allocator<void> > > >::at(0).autoware_msgs::Waypoint_<std::allocator<void> >::pose.geometry_msgs::PoseStamped_<std::allocator<void> >::pose.geometry_msgs::Pose_<std::allocator<void> >::position.geometry_msgs::Point_<std::allocator<void> >::x - ((geometry_msgs::Point_<std::allocator<void> >::_x_type)x))[m[K’ from ‘[01m[Kgeometry_msgs::Point_<std::allocator<void> >::_x_type {aka double}[m[K’ to ‘[01m[Kfloat[m[K’ inside { } [[01;35m[K-Wnarrowing[m[K]
[3.228s]      float v1[2] = {[01;35m[Kwaypoints.at(0).pose.pose.position.x - x[m[K, waypoints.at(0).pose.pose.position.y - y};
[3.228s]                     [01;35m[K~~~~~~~~~~~~~~~~~~~~~~~~~~~~~~~~~~~~~^~~[m[K
[3.228s] [01m[K/home/kimna/Desktop/autoware.ai/src/autoware/core_planning/pure_pursuit/include/pure_pursuit/stanley.h:113:99:[m[K [01;35m[Kwarning: [m[Knarrowing conversion of ‘[01m[K(waypoints.std::vector<autoware_msgs::Waypoint_<std::allocator<void> >, std::allocator<autoware_msgs::Waypoint_<std::allocator<void> > > >::at(0).autoware_msgs::Waypoint_<std::allocator<void> >::pose.geometry_msgs::PoseStamped_<std::allocator<void> >::pose.geometry_msgs::Pose_<std::allocator<void> >::position.geometry_msgs::Point_<std::allocator<void> >::y - ((geometry_msgs::Point_<std::allocator<void> >::_y_type)y))[m[K’ from ‘[01m[Kgeometry_msgs::Point_<std::allocator<void> >::_y_type {aka double}[m[K’ to ‘[01m[Kfloat[m[K’ inside { } [[01;35m[K-Wnarrowing[m[K]
[3.228s]  ints.at(0).pose.pose.position.x - x, [01;35m[Kwaypoints.at(0).pose.pose.position.y - y[m[K};
[3.228s]                                       [01;35m[K~~~~~~~~~~~~~~~~~~~~~~~~~~~~~~~~~~~~~^~~[m[K
[7.759s] [ 40%] [32m[1mLinking CXX executable devel/lib/pure_pursuit/pure_pursuit[0m
[7.994s] [100%] Built target pure_pursuit
[8.363s] [  0%] Built target actionlib_generate_messages_cpp
[8.366s] [  0%] Built target autoware_system_msgs_generate_messages_lisp
[8.366s] [ 28%] Built target gtest
[8.371s] [ 28%] Built target rosgraph_msgs_generate_messages_eus
[8.375s] [ 28%] Built target jsk_recognition_msgs_generate_messages_eus
[8.376s] [ 28%] Built target jsk_recognition_msgs_generate_messages_lisp
[8.386s] [ 28%] Built target geometry_msgs_generate_messages_py
[8.395s] [ 28%] Built target pcl_msgs_generate_messages_eus
[8.430s] [ 28%] Built target autoware_system_msgs_generate_messages_py
[8.439s] [ 28%] Built target sensor_msgs_generate_messages_nodejs
[8.445s] [ 28%] Built target sensor_msgs_generate_messages_eus
[8.454s] [ 28%] Built target roscpp_generate_messages_cpp
[8.455s] [ 28%] Built target tf2_msgs_generate_messages_cpp
[8.457s] [ 28%] Built target _catkin_empty_exported_target
[8.459s] [ 28%] Built target sensor_msgs_generate_messages_cpp
[8.464s] [ 28%] Built target autoware_msgs_generate_messages_cpp
[8.511s] [ 28%] Built target std_msgs_generate_messages_py
[8.511s] [ 28%] Built target autoware_msgs_generate_messages_py
[8.517s] [ 28%] Built target rosgraph_msgs_generate_messages_cpp
[8.522s] [ 28%] Built target std_msgs_generate_messages_nodejs
[8.528s] [ 28%] Built target pcl_msgs_generate_messages_nodejs
[8.533s] [ 28%] Built target sensor_msgs_generate_messages_lisp
[8.534s] [ 28%] Built target jsk_recognition_msgs_generate_messages_py
[8.543s] [ 28%] Built target sensor_msgs_generate_messages_py
[8.586s] [ 28%] Built target std_msgs_generate_messages_cpp
[8.590s] [ 28%] Built target jsk_footstep_msgs_generate_messages_py
[8.596s] [ 28%] Built target tf_generate_messages_py
[8.598s] [ 28%] Built target actionlib_msgs_generate_messages_nodejs
[8.614s] [ 28%] Built target roscpp_generate_messages_nodejs
[8.614s] [ 28%] Built target autoware_system_msgs_generate_messages_cpp
[8.615s] [ 28%] Built target std_msgs_generate_messages_lisp
[8.615s] [ 28%] Built target geometry_msgs_generate_messages_eus
[8.656s] [ 28%] Built target geometry_msgs_generate_messages_lisp
[8.671s] [ 28%] Built target geometry_msgs_generate_messages_nodejs
[8.682s] [ 28%] Built target std_msgs_generate_messages_eus
[8.696s] [ 28%] Built target jsk_recognition_msgs_generate_messages_cpp
[8.699s] [ 28%] Built target autoware_msgs_generate_messages_eus
[8.700s] [ 28%] Built target pcl_msgs_generate_messages_cpp
[8.712s] [ 28%] Built target autoware_msgs_generate_messages_lisp
[8.715s] [ 28%] Built target autoware_msgs_generate_messages_nodejs
[8.739s] [ 28%] Built target jsk_footstep_msgs_generate_messages_eus
[8.747s] [ 28%] Built target actionlib_msgs_generate_messages_py
[8.755s] [ 28%] Built target jsk_footstep_msgs_generate_messages_lisp
[8.760s] [ 28%] Built target autoware_system_msgs_generate_messages_nodejs
[8.774s] [ 28%] Built target autoware_config_msgs_generate_messages_eus
[8.779s] [ 28%] Built target jsk_footstep_msgs_generate_messages_nodejs
[8.796s] [ 28%] Built target jsk_footstep_msgs_generate_messages_cpp
[8.822s] [ 28%] Built target actionlib_msgs_generate_messages_cpp
[8.836s] [ 28%] Built target tf_generate_messages_eus
[8.836s] [ 28%] Built target actionlib_msgs_generate_messages_lisp
[8.840s] [ 28%] Built target tf_generate_messages_lisp
[8.844s] [ 28%] Built target tf_generate_messages_nodejs
[8.862s] [ 28%] Built target autoware_config_msgs_generate_messages_nodejs
[8.870s] [ 28%] Built target jsk_recognition_msgs_generate_messages_nodejs
[8.896s] [ 28%] Built target autoware_config_msgs_generate_messages_cpp
[8.902s] [ 28%] Built target rosgraph_msgs_generate_messages_lisp
[8.904s] [ 28%] Built target rosgraph_msgs_generate_messages_nodejs
[8.911s] [ 28%] Built target roscpp_generate_messages_py
[8.917s] [ 28%] Built target roscpp_generate_messages_lisp
[8.939s] [ 28%] Built target roscpp_generate_messages_eus
[8.941s] [ 28%] Built target actionlib_msgs_generate_messages_eus
[8.961s] [ 28%] Built target rosgraph_msgs_generate_messages_py
[8.966s] [ 28%] Built target autoware_config_msgs_generate_messages_py
[8.972s] [ 28%] Built target pcl_msgs_generate_messages_py
[8.977s] [ 28%] Built target geometry_msgs_generate_messages_cpp
[8.989s] [ 28%] Built target actionlib_generate_messages_eus
[9.002s] [ 28%] Built target actionlib_generate_messages_lisp
[9.009s] [ 28%] Built target pcl_msgs_generate_messages_lisp
[9.028s] [ 28%] Built target actionlib_generate_messages_nodejs
[9.033s] [ 28%] Built target tf_generate_messages_cpp
[9.040s] [ 28%] Built target autoware_system_msgs_generate_messages_eus
[9.047s] [ 28%] Built target tf2_msgs_generate_messages_eus
[9.066s] [ 28%] Built target tf2_msgs_generate_messages_nodejs
[9.068s] [ 28%] Built target actionlib_generate_messages_py
[9.072s] [ 28%] Built target tf2_msgs_generate_messages_py
[9.072s] [ 28%] Built target tf2_msgs_generate_messages_lisp
[9.095s] [ 28%] Built target autoware_config_msgs_generate_messages_lisp
[9.115s] [35m[1mScanning dependencies of target test-pure_pursuit[0m
[9.155s] [ 42%] [32mBuilding CXX object CMakeFiles/test-pure_pursuit.dir/src/pure_pursuit_core.cpp.o[0m
[11.483s] In file included from [01m[K/home/kimna/Desktop/autoware.ai/src/autoware/core_planning/pure_pursuit/src/pure_pursuit_core.cpp:19:0[m[K:
[11.483s] [01m[K/home/kimna/Desktop/autoware.ai/src/autoware/core_planning/pure_pursuit/include/pure_pursuit/stanley.h:[m[K In member function ‘[01m[Kdouble Stanley::calculate_steering(float, float, float, std::vector<autoware_msgs::Waypoint_<std::allocator<void> >, std::allocator<autoware_msgs::Waypoint_<std::allocator<void> > > >, float)[m[K’:
[11.483s] [01m[K/home/kimna/Desktop/autoware.ai/src/autoware/core_planning/pure_pursuit/include/pure_pursuit/stanley.h:113:57:[m[K [01;35m[Kwarning: [m[Knarrowing conversion of ‘[01m[K(waypoints.std::vector<autoware_msgs::Waypoint_<std::allocator<void> >, std::allocator<autoware_msgs::Waypoint_<std::allocator<void> > > >::at(0).autoware_msgs::Waypoint_<std::allocator<void> >::pose.geometry_msgs::PoseStamped_<std::allocator<void> >::pose.geometry_msgs::Pose_<std::allocator<void> >::position.geometry_msgs::Point_<std::allocator<void> >::x - ((geometry_msgs::Point_<std::allocator<void> >::_x_type)x))[m[K’ from ‘[01m[Kgeometry_msgs::Point_<std::allocator<void> >::_x_type {aka double}[m[K’ to ‘[01m[Kfloat[m[K’ inside { } [[01;35m[K-Wnarrowing[m[K]
[11.483s]      float v1[2] = {[01;35m[Kwaypoints.at(0).pose.pose.position.x - x[m[K, waypoints.at(0).pose.pose.position.y - y};
[11.483s]                     [01;35m[K~~~~~~~~~~~~~~~~~~~~~~~~~~~~~~~~~~~~~^~~[m[K
[11.483s] [01m[K/home/kimna/Desktop/autoware.ai/src/autoware/core_planning/pure_pursuit/include/pure_pursuit/stanley.h:113:99:[m[K [01;35m[Kwarning: [m[Knarrowing conversion of ‘[01m[K(waypoints.std::vector<autoware_msgs::Waypoint_<std::allocator<void> >, std::allocator<autoware_msgs::Waypoint_<std::allocator<void> > > >::at(0).autoware_msgs::Waypoint_<std::allocator<void> >::pose.geometry_msgs::PoseStamped_<std::allocator<void> >::pose.geometry_msgs::Pose_<std::allocator<void> >::position.geometry_msgs::Point_<std::allocator<void> >::y - ((geometry_msgs::Point_<std::allocator<void> >::_y_type)y))[m[K’ from ‘[01m[Kgeometry_msgs::Point_<std::allocator<void> >::_y_type {aka double}[m[K’ to ‘[01m[Kfloat[m[K’ inside { } [[01;35m[K-Wnarrowing[m[K]
[11.483s]  ints.at(0).pose.pose.position.x - x, [01;35m[Kwaypoints.at(0).pose.pose.position.y - y[m[K};
[11.484s]                                       [01;35m[K~~~~~~~~~~~~~~~~~~~~~~~~~~~~~~~~~~~~~^~~[m[K
[15.981s] [ 57%] [32m[1mLinking CXX executable devel/lib/pure_pursuit/test-pure_pursuit[0m
[16.226s] [100%] Built target test-pure_pursuit
[16.260s] [100%] Built target tests
[16.635s] [  0%] Built target pcl_msgs_generate_messages_eus
[16.639s] [  0%] Built target autoware_config_msgs_generate_messages_lisp
[16.642s] [  0%] Built target actionlib_generate_messages_cpp
[16.644s] [  0%] Built target jsk_recognition_msgs_generate_messages_lisp
[16.660s] [  0%] Built target rosgraph_msgs_generate_messages_eus
[16.661s] [  0%] Built target jsk_recognition_msgs_generate_messages_eus
[16.666s] [  0%] Built target geometry_msgs_generate_messages_py
[16.680s] [  0%] Built target autoware_system_msgs_generate_messages_lisp
[16.706s] [  0%] Built target sensor_msgs_generate_messages_nodejs
[16.706s] [  0%] Built target roscpp_generate_messages_cpp
[16.732s] [  0%] Built target autoware_msgs_generate_messages_cpp
[16.733s] [  0%] Built target tf2_msgs_generate_messages_cpp
[16.733s] [  0%] Built target autoware_system_msgs_generate_messages_py
[16.741s] [  0%] Built target sensor_msgs_generate_messages_eus
[16.756s] [  0%] Built target _catkin_empty_exported_target
[16.764s] [  0%] Built target sensor_msgs_generate_messages_cpp
[16.783s] [  0%] Built target autoware_msgs_generate_messages_py
[16.786s] [  0%] Built target std_msgs_generate_messages_py
[16.805s] [  0%] Built target std_msgs_generate_messages_nodejs
[16.823s] [  0%] Built target pcl_msgs_generate_messages_nodejs
[16.837s] [  0%] Built target rosgraph_msgs_generate_messages_cpp
[16.840s] [  0%] Built target sensor_msgs_generate_messages_py
[16.853s] [  0%] Built target jsk_recognition_msgs_generate_messages_py
[16.860s] [  0%] Built target sensor_msgs_generate_messages_lisp
[16.874s] [  0%] Built target tf_generate_messages_py
[16.891s] [  0%] Built target jsk_footstep_msgs_generate_messages_py
[16.895s] [  0%] Built target std_msgs_generate_messages_cpp
[16.913s] [  0%] Built target actionlib_msgs_generate_messages_nodejs
[16.922s] [  0%] Built target geometry_msgs_generate_messages_eus
[16.929s] [  0%] Built target roscpp_generate_messages_nodejs
[16.947s] [  0%] Built target autoware_system_msgs_generate_messages_cpp
[16.947s] [  0%] Built target std_msgs_generate_messages_lisp
[16.966s] [  0%] Built target geometry_msgs_generate_messages_lisp
[16.973s] [  0%] Built target geometry_msgs_generate_messages_nodejs
[16.996s] [  0%] Built target pcl_msgs_generate_messages_cpp
[17.003s] [  0%] Built target autoware_msgs_generate_messages_lisp
[17.019s] [  0%] Built target jsk_recognition_msgs_generate_messages_cpp
[17.022s] [  0%] Built target autoware_msgs_generate_messages_eus
[17.032s] [  0%] Built target std_msgs_generate_messages_eus
[17.033s] [  0%] Built target autoware_msgs_generate_messages_nodejs
[17.067s] [  0%] Built target autoware_config_msgs_generate_messages_eus
[17.076s] [  0%] Built target jsk_footstep_msgs_generate_messages_lisp
[17.078s] [  0%] Built target jsk_footstep_msgs_generate_messages_eus
[17.101s] [  0%] Built target jsk_footstep_msgs_generate_messages_nodejs
[17.104s] [  0%] Built target autoware_system_msgs_generate_messages_nodejs
[17.106s] [  0%] Built target actionlib_msgs_generate_messages_lisp
[17.123s] [  0%] Built target actionlib_msgs_generate_messages_cpp
[17.129s] [  0%] Built target actionlib_msgs_generate_messages_py
[17.136s] [  0%] Built target jsk_footstep_msgs_generate_messages_cpp
[17.161s] [  0%] Built target tf_generate_messages_eus
[17.165s] [  0%] Built target tf_generate_messages_nodejs
[17.165s] [  0%] Built target tf_generate_messages_lisp
[17.174s] [  0%] Built target jsk_recognition_msgs_generate_messages_nodejs
[17.202s] [  0%] Built target autoware_config_msgs_generate_messages_nodejs
[17.217s] [  0%] Built target rosgraph_msgs_generate_messages_lisp
[17.217s] [  0%] Built target roscpp_generate_messages_py
[17.222s] [  0%] Built target roscpp_generate_messages_lisp
[17.241s] [  0%] Built target autoware_config_msgs_generate_messages_cpp
[17.242s] [  0%] Built target rosgraph_msgs_generate_messages_nodejs
[17.248s] [  0%] Built target actionlib_msgs_generate_messages_eus
[17.251s] [  0%] Built target roscpp_generate_messages_eus
[17.308s] [  0%] Built target rosgraph_msgs_generate_messages_py
[17.314s] [  0%] Built target tf_generate_messages_cpp
[17.314s] [  0%] Built target autoware_config_msgs_generate_messages_py
[17.319s] [  0%] Built target actionlib_generate_messages_eus
[17.319s] [  0%] Built target pcl_msgs_generate_messages_py
[17.323s] [  0%] Built target geometry_msgs_generate_messages_cpp
[17.323s] [  0%] Built target pcl_msgs_generate_messages_lisp
[17.354s] [  0%] Built target actionlib_generate_messages_lisp
[17.389s] [  0%] Built target tf2_msgs_generate_messages_eus
[17.391s] [  0%] Built target actionlib_generate_messages_nodejs
[17.392s] [  0%] Built target autoware_system_msgs_generate_messages_eus
[17.402s] [  0%] Built target tf2_msgs_generate_messages_lisp
[17.402s] [  0%] Built target actionlib_generate_messages_py
[17.411s] [  0%] Built target tf2_msgs_generate_messages_py
[17.417s] [  0%] Built target tf2_msgs_generate_messages_nodejs
[17.465s] [100%] Built target pure_pursuit
[17.505s] [36mInstall the project...[0m
[17.523s] -- Install configuration: "Release"
[17.523s] -- Up-to-date: /home/kimna/Desktop/autoware.ai/src/autoware/core_planning/pure_pursuit/install/pure_pursuit/lib/pkgconfig/pure_pursuit.pc
[17.523s] -- Up-to-date: /home/kimna/Desktop/autoware.ai/src/autoware/core_planning/pure_pursuit/install/pure_pursuit/share/pure_pursuit/cmake/pure_pursuitConfig.cmake
[17.524s] -- Up-to-date: /home/kimna/Desktop/autoware.ai/src/autoware/core_planning/pure_pursuit/install/pure_pursuit/share/pure_pursuit/cmake/pure_pursuitConfig-version.cmake
[17.524s] -- Up-to-date: /home/kimna/Desktop/autoware.ai/src/autoware/core_planning/pure_pursuit/install/pure_pursuit/share/pure_pursuit/package.xml
[17.524s] -- Installing: /home/kimna/Desktop/autoware.ai/src/autoware/core_planning/pure_pursuit/install/pure_pursuit/lib/pure_pursuit/pure_pursuit
[17.528s] -- Set runtime path of "/home/kimna/Desktop/autoware.ai/src/autoware/core_planning/pure_pursuit/install/pure_pursuit/lib/pure_pursuit/pure_pursuit" to ""
[17.528s] -- Up-to-date: /home/kimna/Desktop/autoware.ai/src/autoware/core_planning/pure_pursuit/install/pure_pursuit/share/pure_pursuit/launch
[17.528s] -- Up-to-date: /home/kimna/Desktop/autoware.ai/src/autoware/core_planning/pure_pursuit/install/pure_pursuit/share/pure_pursuit/launch/pure_pursuit.launch
