[0.164s] [  0%] Built target autoware_config_msgs_generate_messages_lisp
[0.164s] [  0%] Built target rosgraph_msgs_generate_messages_eus
[0.165s] [  0%] Built target jsk_recognition_msgs_generate_messages_lisp
[0.166s] [  0%] Built target jsk_recognition_msgs_generate_messages_eus
[0.189s] [  0%] Built target geometry_msgs_generate_messages_py
[0.190s] [  0%] Built target pcl_msgs_generate_messages_eus
[0.193s] [  0%] Built target actionlib_generate_messages_cpp
[0.213s] [  0%] Built target autoware_system_msgs_generate_messages_lisp
[0.250s] [  0%] Built target roscpp_generate_messages_cpp
[0.254s] [  0%] Built target sensor_msgs_generate_messages_eus
[0.262s] [  0%] Built target _catkin_empty_exported_target
[0.279s] [  0%] Built target autoware_system_msgs_generate_messages_py
[0.280s] [  0%] Built target sensor_msgs_generate_messages_nodejs
[0.286s] [  0%] Built target sensor_msgs_generate_messages_cpp
[0.305s] [  0%] Built target autoware_msgs_generate_messages_cpp
[0.320s] [  0%] Built target autoware_msgs_generate_messages_py
[0.337s] [  0%] Built target std_msgs_generate_messages_py
[0.338s] [  0%] Built target tf2_msgs_generate_messages_cpp
[0.362s] [  0%] Built target rosgraph_msgs_generate_messages_cpp
[0.368s] [  0%] Built target std_msgs_generate_messages_nodejs
[0.381s] [  0%] Built target sensor_msgs_generate_messages_py
[0.399s] [  0%] Built target pcl_msgs_generate_messages_nodejs
[0.402s] [  0%] Built target jsk_recognition_msgs_generate_messages_py
[0.423s] [  0%] Built target sensor_msgs_generate_messages_lisp
[0.425s] [  0%] Built target std_msgs_generate_messages_cpp
[0.453s] [  0%] Built target geometry_msgs_generate_messages_eus
[0.463s] [  0%] Built target tf_generate_messages_py
[0.470s] [  0%] Built target actionlib_msgs_generate_messages_nodejs
[0.482s] [  0%] Built target roscpp_generate_messages_nodejs
[0.488s] [  0%] Built target jsk_footstep_msgs_generate_messages_py
[0.492s] [  0%] Built target std_msgs_generate_messages_lisp
[0.530s] [  0%] Built target geometry_msgs_generate_messages_nodejs
[0.531s] [  0%] Built target autoware_system_msgs_generate_messages_cpp
[0.555s] [  0%] Built target geometry_msgs_generate_messages_lisp
[0.563s] [  0%] Built target autoware_msgs_generate_messages_eus
[0.567s] [  0%] Built target autoware_msgs_generate_messages_lisp
[0.582s] [  0%] Built target jsk_recognition_msgs_generate_messages_cpp
[0.586s] [  0%] Built target pcl_msgs_generate_messages_cpp
[0.586s] [  0%] Built target std_msgs_generate_messages_eus
[0.639s] [  0%] Built target autoware_msgs_generate_messages_nodejs
[0.651s] [  0%] Built target jsk_footstep_msgs_generate_messages_eus
[0.664s] [  0%] Built target jsk_footstep_msgs_generate_messages_lisp
[0.669s] [  0%] Built target jsk_footstep_msgs_generate_messages_nodejs
[0.673s] [  0%] Built target autoware_system_msgs_generate_messages_nodejs
[0.681s] [  0%] Built target actionlib_msgs_generate_messages_py
[0.702s] [  0%] Built target actionlib_msgs_generate_messages_lisp
[0.727s] [  0%] Built target autoware_config_msgs_generate_messages_eus
[0.727s] [  0%] Built target jsk_footstep_msgs_generate_messages_cpp
[0.755s] [  0%] Built target tf_generate_messages_lisp
[0.759s] [  0%] Built target tf_generate_messages_eus
[0.786s] [  0%] Built target actionlib_msgs_generate_messages_cpp
[0.791s] [  0%] Built target autoware_config_msgs_generate_messages_nodejs
[0.793s] [  0%] Built target jsk_recognition_msgs_generate_messages_nodejs
[0.801s] [  0%] Built target roscpp_generate_messages_lisp
[0.819s] [  0%] Built target roscpp_generate_messages_py
[0.821s] [  0%] Built target tf_generate_messages_nodejs
[0.879s] [  0%] Built target actionlib_msgs_generate_messages_eus
[0.886s] [  0%] Built target rosgraph_msgs_generate_messages_py
[0.890s] [  0%] Built target rosgraph_msgs_generate_messages_lisp
[0.901s] [  0%] Built target autoware_config_msgs_generate_messages_cpp
[0.907s] [  0%] Built target pcl_msgs_generate_messages_py
[0.913s] [  0%] Built target rosgraph_msgs_generate_messages_nodejs
[0.919s] [  0%] Built target roscpp_generate_messages_eus
[0.929s] [  0%] Built target autoware_config_msgs_generate_messages_py
[0.974s] [  0%] Built target actionlib_generate_messages_lisp
[0.988s] [  0%] Built target actionlib_generate_messages_eus
[0.995s] [  0%] Built target geometry_msgs_generate_messages_cpp
[1.001s] [  0%] Built target actionlib_generate_messages_nodejs
[1.009s] [  0%] Built target tf_generate_messages_cpp
[1.016s] [  0%] Built target pcl_msgs_generate_messages_lisp
[1.016s] [  0%] Built target autoware_system_msgs_generate_messages_eus
[1.045s] [  0%] Built target tf2_msgs_generate_messages_eus
[1.070s] [  0%] Built target tf2_msgs_generate_messages_lisp
[1.072s] [  0%] Built target actionlib_generate_messages_py
[1.077s] [  0%] Built target tf2_msgs_generate_messages_py
[1.079s] [  0%] Built target tf2_msgs_generate_messages_nodejs
[1.107s] [35m[1mScanning dependencies of target pure_pursuit[0m
[1.159s] [ 20%] [32mBuilding CXX object CMakeFiles/pure_pursuit.dir/src/pure_pursuit_core.cpp.o[0m
[3.990s] [01m[K/home/kimna/Desktop/autoware.ai/src/autoware/core_planning/pure_pursuit/src/pure_pursuit_core.cpp:[m[K In member function ‘[01m[Kvoid waypoint_follower::PurePursuitNode::run()[m[K’:
[3.990s] [01m[K/home/kimna/Desktop/autoware.ai/src/autoware/core_planning/pure_pursuit/src/pure_pursuit_core.cpp:189:41:[m[K [01;31m[Kerror: [m[Kcannot convert ‘[01m[Kgeometry_msgs::Pose_<std::allocator<void> >::_orientation_type {aka geometry_msgs::Quaternion_<std::allocator<void> >}[m[K’ to ‘[01m[Kdouble[m[K’ in initialization
[3.990s]      double cur_q = pp_.getCurrentPose().[01;31m[Korientation[m[K;
[3.991s]                                          [01;31m[K^~~~~~~~~~~[m[K
[3.991s] [01m[K/home/kimna/Desktop/autoware.ai/src/autoware/core_planning/pure_pursuit/src/pure_pursuit_core.cpp:191:35:[m[K [01;31m[Kerror: [m[Krequest for member ‘[01m[Kw[m[K’ in ‘[01m[Kcur_q[m[K’, which is of non-class type ‘[01m[Kdouble[m[K’
[3.991s]      double siny_cosp = 2 * (cur_q.[01;31m[Kw[m[K * cur_q.z + cur_q.x * cur_q.y);
[3.991s]                                    [01;31m[K^[m[K
[3.991s] [01m[K/home/kimna/Desktop/autoware.ai/src/autoware/core_planning/pure_pursuit/src/pure_pursuit_core.cpp:191:45:[m[K [01;31m[Kerror: [m[Krequest for member ‘[01m[Kz[m[K’ in ‘[01m[Kcur_q[m[K’, which is of non-class type ‘[01m[Kdouble[m[K’
[3.991s]      double siny_cosp = 2 * (cur_q.w * cur_q.[01;31m[Kz[m[K + cur_q.x * cur_q.y);
[3.991s]                                              [01;31m[K^[m[K
[3.991s] [01m[K/home/kimna/Desktop/autoware.ai/src/autoware/core_planning/pure_pursuit/src/pure_pursuit_core.cpp:191:55:[m[K [01;31m[Kerror: [m[Krequest for member ‘[01m[Kx[m[K’ in ‘[01m[Kcur_q[m[K’, which is of non-class type ‘[01m[Kdouble[m[K’
[3.991s]      double siny_cosp = 2 * (cur_q.w * cur_q.z + cur_q.[01;31m[Kx[m[K * cur_q.y);
[3.991s]                                                        [01;31m[K^[m[K
[3.991s] [01m[K/home/kimna/Desktop/autoware.ai/src/autoware/core_planning/pure_pursuit/src/pure_pursuit_core.cpp:191:65:[m[K [01;31m[Kerror: [m[Krequest for member ‘[01m[Ky[m[K’ in ‘[01m[Kcur_q[m[K’, which is of non-class type ‘[01m[Kdouble[m[K’
[3.991s]      double siny_cosp = 2 * (cur_q.w * cur_q.z + cur_q.x * cur_q.[01;31m[Ky[m[K);
[3.992s]                                                                  [01;31m[K^[m[K
[3.992s] [01m[K/home/kimna/Desktop/autoware.ai/src/autoware/core_planning/pure_pursuit/src/pure_pursuit_core.cpp:192:39:[m[K [01;31m[Kerror: [m[Krequest for member ‘[01m[Ky[m[K’ in ‘[01m[Kcur_q[m[K’, which is of non-class type ‘[01m[Kdouble[m[K’
[3.992s]      double cosy_cosp = 1 - 2 * (cur_q.[01;31m[Ky[m[K * cur_q.y + cur_q.z * cur_q.z);
[3.992s]                                        [01;31m[K^[m[K
[3.992s] [01m[K/home/kimna/Desktop/autoware.ai/src/autoware/core_planning/pure_pursuit/src/pure_pursuit_core.cpp:192:49:[m[K [01;31m[Kerror: [m[Krequest for member ‘[01m[Ky[m[K’ in ‘[01m[Kcur_q[m[K’, which is of non-class type ‘[01m[Kdouble[m[K’
[3.992s]      double cosy_cosp = 1 - 2 * (cur_q.y * cur_q.[01;31m[Ky[m[K + cur_q.z * cur_q.z);
[3.992s]                                                  [01;31m[K^[m[K
[3.992s] [01m[K/home/kimna/Desktop/autoware.ai/src/autoware/core_planning/pure_pursuit/src/pure_pursuit_core.cpp:192:59:[m[K [01;31m[Kerror: [m[Krequest for member ‘[01m[Kz[m[K’ in ‘[01m[Kcur_q[m[K’, which is of non-class type ‘[01m[Kdouble[m[K’
[3.992s]      double cosy_cosp = 1 - 2 * (cur_q.y * cur_q.y + cur_q.[01;31m[Kz[m[K * cur_q.z);
[3.992s]                                                            [01;31m[K^[m[K
[3.993s] [01m[K/home/kimna/Desktop/autoware.ai/src/autoware/core_planning/pure_pursuit/src/pure_pursuit_core.cpp:192:69:[m[K [01;31m[Kerror: [m[Krequest for member ‘[01m[Kz[m[K’ in ‘[01m[Kcur_q[m[K’, which is of non-class type ‘[01m[Kdouble[m[K’
[3.993s]      double cosy_cosp = 1 - 2 * (cur_q.y * cur_q.y + cur_q.z * cur_q.[01;31m[Kz[m[K);
[3.993s]                                                                      [01;31m[K^[m[K
[5.218s] CMakeFiles/pure_pursuit.dir/build.make:110: recipe for target 'CMakeFiles/pure_pursuit.dir/src/pure_pursuit_core.cpp.o' failed
[5.218s] make[2]: *** [CMakeFiles/pure_pursuit.dir/src/pure_pursuit_core.cpp.o] Error 1
[5.218s] make[1]: *** [CMakeFiles/pure_pursuit.dir/all] Error 2
[5.218s] CMakeFiles/Makefile2:444: recipe for target 'CMakeFiles/pure_pursuit.dir/all' failed
[5.219s] Makefile:140: recipe for target 'all' failed
[5.219s] make: *** [all] Error 2
