[0.154s] [  0%] Built target actionlib_generate_messages_cpp
[0.157s] [  0%] Built target autoware_system_msgs_generate_messages_lisp
[0.157s] [  0%] Built target autoware_config_msgs_generate_messages_lisp
[0.161s] [  0%] Built target pcl_msgs_generate_messages_eus
[0.162s] [  0%] Built target rosgraph_msgs_generate_messages_eus
[0.179s] [  0%] Built target jsk_recognition_msgs_generate_messages_lisp
[0.182s] [  0%] Built target jsk_recognition_msgs_generate_messages_eus
[0.190s] [  0%] Built target geometry_msgs_generate_messages_py
[0.224s] [  0%] Built target _catkin_empty_exported_target
[0.228s] [  0%] Built target sensor_msgs_generate_messages_eus
[0.237s] [  0%] Built target roscpp_generate_messages_cpp
[0.238s] [  0%] Built target sensor_msgs_generate_messages_nodejs
[0.241s] [  0%] Built target autoware_system_msgs_generate_messages_py
[0.263s] [  0%] Built target tf2_msgs_generate_messages_cpp
[0.265s] [  0%] Built target sensor_msgs_generate_messages_cpp
[0.267s] [  0%] Built target autoware_msgs_generate_messages_cpp
[0.294s] [  0%] Built target autoware_msgs_generate_messages_py
[0.304s] [  0%] Built target std_msgs_generate_messages_nodejs
[0.315s] [  0%] Built target std_msgs_generate_messages_py
[0.336s] [  0%] Built target rosgraph_msgs_generate_messages_cpp
[0.337s] [  0%] Built target pcl_msgs_generate_messages_nodejs
[0.341s] [  0%] Built target sensor_msgs_generate_messages_lisp
[0.342s] [  0%] Built target jsk_recognition_msgs_generate_messages_py
[0.374s] [  0%] Built target sensor_msgs_generate_messages_py
[0.376s] [  0%] Built target tf_generate_messages_py
[0.402s] [  0%] Built target std_msgs_generate_messages_cpp
[0.404s] [  0%] Built target jsk_footstep_msgs_generate_messages_py
[0.423s] [  0%] Built target geometry_msgs_generate_messages_eus
[0.423s] [  0%] Built target roscpp_generate_messages_nodejs
[0.430s] [  0%] Built target actionlib_msgs_generate_messages_nodejs
[0.431s] [  0%] Built target autoware_system_msgs_generate_messages_cpp
[0.437s] [  0%] Built target std_msgs_generate_messages_lisp
[0.448s] [  0%] Built target geometry_msgs_generate_messages_nodejs
[0.484s] [  0%] Built target geometry_msgs_generate_messages_lisp
[0.485s] [  0%] Built target pcl_msgs_generate_messages_cpp
[0.492s] [  0%] Built target autoware_msgs_generate_messages_eus
[0.495s] [  0%] Built target jsk_recognition_msgs_generate_messages_cpp
[0.522s] [  0%] Built target autoware_msgs_generate_messages_lisp
[0.538s] [  0%] Built target std_msgs_generate_messages_eus
[0.539s] [  0%] Built target autoware_msgs_generate_messages_nodejs
[0.558s] [  0%] Built target jsk_footstep_msgs_generate_messages_eus
[0.559s] [  0%] Built target actionlib_msgs_generate_messages_py
[0.569s] [  0%] Built target jsk_footstep_msgs_generate_messages_nodejs
[0.575s] [  0%] Built target autoware_config_msgs_generate_messages_eus
[0.583s] [  0%] Built target jsk_footstep_msgs_generate_messages_lisp
[0.606s] [  0%] Built target autoware_system_msgs_generate_messages_nodejs
[0.621s] [  0%] Built target actionlib_msgs_generate_messages_lisp
[0.635s] [  0%] Built target tf_generate_messages_eus
[0.639s] [  0%] Built target jsk_footstep_msgs_generate_messages_cpp
[0.651s] [  0%] Built target actionlib_msgs_generate_messages_cpp
[0.663s] [  0%] Built target tf_generate_messages_lisp
[0.687s] [  0%] Built target tf_generate_messages_nodejs
[0.695s] [  0%] Built target jsk_recognition_msgs_generate_messages_nodejs
[0.701s] [  0%] Built target autoware_config_msgs_generate_messages_nodejs
[0.717s] [  0%] Built target roscpp_generate_messages_lisp
[0.720s] [  0%] Built target roscpp_generate_messages_py
[0.733s] [  0%] Built target rosgraph_msgs_generate_messages_lisp
[0.746s] [  0%] Built target autoware_config_msgs_generate_messages_cpp
[0.760s] [  0%] Built target rosgraph_msgs_generate_messages_nodejs
[0.776s] [  0%] Built target actionlib_msgs_generate_messages_eus
[0.776s] [  0%] Built target roscpp_generate_messages_eus
[0.798s] [  0%] Built target actionlib_generate_messages_eus
[0.801s] [  0%] Built target rosgraph_msgs_generate_messages_py
[0.808s] [  0%] Built target pcl_msgs_generate_messages_py
[0.827s] [  0%] Built target geometry_msgs_generate_messages_cpp
[0.836s] [  0%] Built target actionlib_generate_messages_lisp
[0.855s] [  0%] Built target autoware_config_msgs_generate_messages_py
[0.858s] [  0%] Built target pcl_msgs_generate_messages_lisp
[0.876s] [  0%] Built target autoware_system_msgs_generate_messages_eus
[0.892s] [  0%] Built target tf_generate_messages_cpp
[0.900s] [  0%] Built target tf2_msgs_generate_messages_eus
[0.902s] [  0%] Built target actionlib_generate_messages_nodejs
[0.913s] [  0%] Built target tf2_msgs_generate_messages_lisp
[0.922s] [  0%] Built target actionlib_generate_messages_py
[0.922s] [  0%] Built target tf2_msgs_generate_messages_py
[0.943s] [  0%] Built target tf2_msgs_generate_messages_nodejs
[0.989s] [ 20%] [32mBuilding CXX object CMakeFiles/pure_pursuit.dir/src/pure_pursuit_core.cpp.o[0m
[4.657s] CMakeFiles/pure_pursuit.dir/build.make:110: recipe for target 'CMakeFiles/pure_pursuit.dir/src/pure_pursuit_core.cpp.o' failed
[4.657s] CMakeFiles/Makefile2:444: recipe for target 'CMakeFiles/pure_pursuit.dir/all' failed
[4.657s] Makefile:140: recipe for target 'all' failed
