[0.187s] [  0%] Built target jsk_recognition_msgs_generate_messages_lisp
[0.190s] [  0%] Built target autoware_config_msgs_generate_messages_lisp
[0.195s] [  0%] Built target jsk_recognition_msgs_generate_messages_eus
[0.200s] [  0%] Built target actionlib_generate_messages_cpp
[0.213s] [  0%] Built target autoware_system_msgs_generate_messages_lisp
[0.232s] [  0%] Built target geometry_msgs_generate_messages_py
[0.238s] [  0%] Built target rosgraph_msgs_generate_messages_eus
[0.241s] [  0%] Built target pcl_msgs_generate_messages_eus
[0.271s] [  0%] Built target sensor_msgs_generate_messages_nodejs
[0.277s] [  0%] Built target autoware_system_msgs_generate_messages_py
[0.295s] [  0%] Built target _catkin_empty_exported_target
[0.312s] [  0%] Built target sensor_msgs_generate_messages_eus
[0.314s] [  0%] Built target roscpp_generate_messages_cpp
[0.323s] [  0%] Built target sensor_msgs_generate_messages_cpp
[0.323s] [  0%] Built target autoware_msgs_generate_messages_cpp
[0.351s] [  0%] Built target tf2_msgs_generate_messages_cpp
[0.373s] [  0%] Built target std_msgs_generate_messages_py
[0.394s] [  0%] Built target autoware_msgs_generate_messages_py
[0.396s] [  0%] Built target std_msgs_generate_messages_nodejs
[0.408s] [  0%] Built target rosgraph_msgs_generate_messages_cpp
[0.416s] [  0%] Built target jsk_recognition_msgs_generate_messages_py
[0.420s] [  0%] Built target pcl_msgs_generate_messages_nodejs
[0.433s] [  0%] Built target sensor_msgs_generate_messages_lisp
[0.474s] [  0%] Built target sensor_msgs_generate_messages_py
[0.486s] [  0%] Built target tf_generate_messages_py
[0.496s] [  0%] Built target std_msgs_generate_messages_cpp
[0.502s] [  0%] Built target geometry_msgs_generate_messages_eus
[0.504s] [  0%] Built target jsk_footstep_msgs_generate_messages_py
[0.505s] [  0%] Built target actionlib_msgs_generate_messages_nodejs
[0.522s] [  0%] Built target std_msgs_generate_messages_lisp
[0.546s] [  0%] Built target roscpp_generate_messages_nodejs
[0.586s] [  0%] Built target geometry_msgs_generate_messages_nodejs
[0.590s] [  0%] Built target pcl_msgs_generate_messages_cpp
[0.595s] [  0%] Built target geometry_msgs_generate_messages_lisp
[0.595s] [  0%] Built target autoware_system_msgs_generate_messages_cpp
[0.603s] [  0%] Built target jsk_recognition_msgs_generate_messages_cpp
[0.610s] [  0%] Built target autoware_msgs_generate_messages_eus
[0.611s] [  0%] Built target autoware_msgs_generate_messages_lisp
[0.620s] [  0%] Built target std_msgs_generate_messages_eus
[0.660s] [  0%] Built target jsk_footstep_msgs_generate_messages_eus
[0.686s] [  0%] Built target autoware_msgs_generate_messages_nodejs
[0.687s] [  0%] Built target autoware_config_msgs_generate_messages_eus
[0.690s] [  0%] Built target actionlib_msgs_generate_messages_py
[0.705s] [  0%] Built target autoware_system_msgs_generate_messages_nodejs
[0.710s] [  0%] Built target actionlib_msgs_generate_messages_lisp
[0.711s] [  0%] Built target jsk_footstep_msgs_generate_messages_lisp
[0.713s] [  0%] Built target jsk_footstep_msgs_generate_messages_nodejs
[0.754s] [  0%] Built target jsk_footstep_msgs_generate_messages_cpp
[0.773s] [  0%] Built target tf_generate_messages_eus
[0.784s] [  0%] Built target actionlib_msgs_generate_messages_cpp
[0.802s] [  0%] Built target tf_generate_messages_nodejs
[0.810s] [  0%] Built target roscpp_generate_messages_lisp
[0.822s] [  0%] Built target jsk_recognition_msgs_generate_messages_nodejs
[0.826s] [  0%] Built target tf_generate_messages_lisp
[0.860s] [  0%] Built target autoware_config_msgs_generate_messages_nodejs
[0.867s] [  0%] Built target roscpp_generate_messages_py
[0.886s] [  0%] Built target rosgraph_msgs_generate_messages_lisp
[0.907s] [  0%] Built target roscpp_generate_messages_eus
[0.916s] [  0%] Built target autoware_config_msgs_generate_messages_cpp
[0.938s] [  0%] Built target actionlib_msgs_generate_messages_eus
[0.946s] [  0%] Built target rosgraph_msgs_generate_messages_nodejs
[0.955s] [  0%] Built target autoware_config_msgs_generate_messages_py
[0.969s] [  0%] Built target pcl_msgs_generate_messages_py
[0.985s] [  0%] Built target rosgraph_msgs_generate_messages_py
[1.012s] [  0%] Built target geometry_msgs_generate_messages_cpp
[1.024s] [  0%] Built target actionlib_generate_messages_nodejs
[1.045s] [  0%] Built target actionlib_generate_messages_eus
[1.049s] [  0%] Built target actionlib_generate_messages_lisp
[1.069s] [  0%] Built target pcl_msgs_generate_messages_lisp
[1.082s] [  0%] Built target tf_generate_messages_cpp
[1.095s] [  0%] Built target tf2_msgs_generate_messages_lisp
[1.102s] [  0%] Built target autoware_system_msgs_generate_messages_eus
[1.105s] [  0%] Built target tf2_msgs_generate_messages_eus
[1.126s] [  0%] Built target actionlib_generate_messages_py
[1.127s] [  0%] Built target tf2_msgs_generate_messages_nodejs
[1.129s] [  0%] Built target tf2_msgs_generate_messages_py
[1.160s] [35m[1mScanning dependencies of target pure_pursuit[0m
[1.210s] [ 20%] [32mBuilding CXX object CMakeFiles/pure_pursuit.dir/src/pure_pursuit_core.cpp.o[0m
[9.762s] [ 40%] [32m[1mLinking CXX executable devel/lib/pure_pursuit/pure_pursuit[0m
[10.039s] [100%] Built target pure_pursuit
[10.493s] [  0%] Built target rosgraph_msgs_generate_messages_eus
[10.503s] [  0%] Built target geometry_msgs_generate_messages_py
[10.511s] [  0%] Built target jsk_recognition_msgs_generate_messages_lisp
[10.514s] [ 28%] Built target gtest
[10.534s] [ 28%] Built target actionlib_generate_messages_cpp
[10.535s] [ 28%] Built target pcl_msgs_generate_messages_eus
[10.546s] [ 28%] Built target jsk_recognition_msgs_generate_messages_eus
[10.552s] [ 28%] Built target autoware_system_msgs_generate_messages_lisp
[10.603s] [ 28%] Built target sensor_msgs_generate_messages_eus
[10.611s] [ 28%] Built target sensor_msgs_generate_messages_nodejs
[10.615s] [ 28%] Built target _catkin_empty_exported_target
[10.629s] [ 28%] Built target roscpp_generate_messages_cpp
[10.634s] [ 28%] Built target autoware_system_msgs_generate_messages_py
[10.644s] [ 28%] Built target autoware_msgs_generate_messages_cpp
[10.655s] [ 28%] Built target tf2_msgs_generate_messages_cpp
[10.655s] [ 28%] Built target sensor_msgs_generate_messages_cpp
[10.699s] [ 28%] Built target autoware_msgs_generate_messages_py
[10.702s] [ 28%] Built target rosgraph_msgs_generate_messages_cpp
[10.702s] [ 28%] Built target std_msgs_generate_messages_nodejs
[10.710s] [ 28%] Built target std_msgs_generate_messages_py
[10.721s] [ 28%] Built target pcl_msgs_generate_messages_nodejs
[10.748s] [ 28%] Built target jsk_recognition_msgs_generate_messages_py
[10.767s] [ 28%] Built target sensor_msgs_generate_messages_lisp
[10.798s] [ 28%] Built target sensor_msgs_generate_messages_py
[10.807s] [ 28%] Built target std_msgs_generate_messages_cpp
[10.808s] [ 28%] Built target actionlib_msgs_generate_messages_nodejs
[10.824s] [ 28%] Built target tf_generate_messages_py
[10.825s] [ 28%] Built target jsk_footstep_msgs_generate_messages_py
[10.835s] [ 28%] Built target std_msgs_generate_messages_lisp
[10.851s] [ 28%] Built target geometry_msgs_generate_messages_eus
[10.885s] [ 28%] Built target roscpp_generate_messages_nodejs
[10.905s] [ 28%] Built target autoware_system_msgs_generate_messages_cpp
[10.907s] [ 28%] Built target jsk_recognition_msgs_generate_messages_cpp
[10.926s] [ 28%] Built target geometry_msgs_generate_messages_lisp
[10.931s] [ 28%] Built target autoware_msgs_generate_messages_eus
[10.937s] [ 28%] Built target geometry_msgs_generate_messages_nodejs
[10.940s] [ 28%] Built target pcl_msgs_generate_messages_cpp
[10.960s] [ 28%] Built target autoware_msgs_generate_messages_lisp
[10.987s] [ 28%] Built target std_msgs_generate_messages_eus
[11.000s] [ 28%] Built target jsk_footstep_msgs_generate_messages_eus
[11.010s] [ 28%] Built target autoware_msgs_generate_messages_nodejs
[11.022s] [ 28%] Built target actionlib_msgs_generate_messages_py
[11.026s] [ 28%] Built target autoware_config_msgs_generate_messages_eus
[11.032s] [ 28%] Built target jsk_footstep_msgs_generate_messages_lisp
[11.049s] [ 28%] Built target jsk_footstep_msgs_generate_messages_nodejs
[11.090s] [ 28%] Built target autoware_config_msgs_generate_messages_nodejs
[11.098s] [ 28%] Built target autoware_system_msgs_generate_messages_nodejs
[11.111s] [ 28%] Built target jsk_footstep_msgs_generate_messages_cpp
[11.113s] [ 28%] Built target actionlib_msgs_generate_messages_lisp
[11.123s] [ 28%] Built target actionlib_msgs_generate_messages_cpp
[11.125s] [ 28%] Built target tf_generate_messages_eus
[11.129s] [ 28%] Built target tf_generate_messages_nodejs
[11.143s] [ 28%] Built target tf_generate_messages_lisp
[11.189s] [ 28%] Built target roscpp_generate_messages_lisp
[11.216s] [ 28%] Built target autoware_config_msgs_generate_messages_cpp
[11.216s] [ 28%] Built target jsk_recognition_msgs_generate_messages_nodejs
[11.223s] [ 28%] Built target roscpp_generate_messages_eus
[11.236s] [ 28%] Built target rosgraph_msgs_generate_messages_lisp
[11.250s] [ 28%] Built target roscpp_generate_messages_py
[11.266s] [ 28%] Built target rosgraph_msgs_generate_messages_nodejs
[11.299s] [ 28%] Built target actionlib_generate_messages_eus
[11.313s] [ 28%] Built target actionlib_msgs_generate_messages_eus
[11.325s] [ 28%] Built target geometry_msgs_generate_messages_cpp
[11.338s] [ 28%] Built target pcl_msgs_generate_messages_py
[11.347s] [ 28%] Built target autoware_config_msgs_generate_messages_py
[11.348s] [ 28%] Built target actionlib_generate_messages_lisp
[11.349s] [ 28%] Built target rosgraph_msgs_generate_messages_py
[11.380s] [ 28%] Built target pcl_msgs_generate_messages_lisp
[11.412s] [ 28%] Built target actionlib_generate_messages_nodejs
[11.426s] [ 28%] Built target autoware_system_msgs_generate_messages_eus
[11.434s] [ 28%] Built target tf2_msgs_generate_messages_eus
[11.441s] [ 28%] Built target tf_generate_messages_cpp
[11.445s] [ 28%] Built target tf2_msgs_generate_messages_lisp
[11.445s] [ 28%] Built target actionlib_generate_messages_py
[11.463s] [ 28%] Built target tf2_msgs_generate_messages_py
[11.473s] [ 28%] Built target tf2_msgs_generate_messages_nodejs
[11.483s] [ 28%] Built target autoware_config_msgs_generate_messages_lisp
[11.515s] [35m[1mScanning dependencies of target test-pure_pursuit[0m
[11.561s] [ 42%] [32mBuilding CXX object CMakeFiles/test-pure_pursuit.dir/src/pure_pursuit_core.cpp.o[0m
[19.885s] [ 57%] [32m[1mLinking CXX executable devel/lib/pure_pursuit/test-pure_pursuit[0m
[20.214s] [100%] Built target test-pure_pursuit
[20.258s] [100%] Built target tests
[20.727s] [  0%] Built target jsk_recognition_msgs_generate_messages_eus
[20.747s] [  0%] Built target autoware_system_msgs_generate_messages_lisp
[20.747s] [  0%] Built target actionlib_generate_messages_cpp
[20.747s] [  0%] Built target autoware_config_msgs_generate_messages_lisp
[20.753s] [  0%] Built target rosgraph_msgs_generate_messages_eus
[20.757s] [  0%] Built target pcl_msgs_generate_messages_eus
[20.769s] [  0%] Built target geometry_msgs_generate_messages_py
[20.776s] [  0%] Built target jsk_recognition_msgs_generate_messages_lisp
[20.829s] [  0%] Built target autoware_system_msgs_generate_messages_py
[20.832s] [  0%] Built target sensor_msgs_generate_messages_nodejs
[20.838s] [  0%] Built target sensor_msgs_generate_messages_eus
[20.850s] [  0%] Built target _catkin_empty_exported_target
[20.859s] [  0%] Built target autoware_msgs_generate_messages_cpp
[20.880s] [  0%] Built target sensor_msgs_generate_messages_cpp
[20.905s] [  0%] Built target std_msgs_generate_messages_py
[20.910s] [  0%] Built target tf2_msgs_generate_messages_cpp
[20.918s] [  0%] Built target roscpp_generate_messages_cpp
[20.936s] [  0%] Built target rosgraph_msgs_generate_messages_cpp
[20.946s] [  0%] Built target autoware_msgs_generate_messages_py
[20.949s] [  0%] Built target std_msgs_generate_messages_nodejs
[20.966s] [  0%] Built target pcl_msgs_generate_messages_nodejs
[20.979s] [  0%] Built target sensor_msgs_generate_messages_lisp
[20.987s] [  0%] Built target jsk_recognition_msgs_generate_messages_py
[21.005s] [  0%] Built target tf_generate_messages_py
[21.031s] [  0%] Built target std_msgs_generate_messages_cpp
[21.035s] [  0%] Built target sensor_msgs_generate_messages_py
[21.054s] [  0%] Built target jsk_footstep_msgs_generate_messages_py
[21.082s] [  0%] Built target roscpp_generate_messages_nodejs
[21.082s] [  0%] Built target std_msgs_generate_messages_lisp
[21.082s] [  0%] Built target geometry_msgs_generate_messages_eus
[21.085s] [  0%] Built target actionlib_msgs_generate_messages_nodejs
[21.108s] [  0%] Built target autoware_system_msgs_generate_messages_cpp
[21.130s] [  0%] Built target geometry_msgs_generate_messages_lisp
[21.150s] [  0%] Built target geometry_msgs_generate_messages_nodejs
[21.153s] [  0%] Built target pcl_msgs_generate_messages_cpp
[21.171s] [  0%] Built target jsk_recognition_msgs_generate_messages_cpp
[21.191s] [  0%] Built target autoware_msgs_generate_messages_eus
[21.223s] [  0%] Built target std_msgs_generate_messages_eus
[21.225s] [  0%] Built target jsk_footstep_msgs_generate_messages_eus
[21.228s] [  0%] Built target autoware_msgs_generate_messages_lisp
[21.243s] [  0%] Built target actionlib_msgs_generate_messages_py
[21.249s] [  0%] Built target autoware_msgs_generate_messages_nodejs
[21.266s] [  0%] Built target jsk_footstep_msgs_generate_messages_lisp
[21.286s] [  0%] Built target autoware_config_msgs_generate_messages_eus
[21.287s] [  0%] Built target jsk_footstep_msgs_generate_messages_nodejs
[21.310s] [  0%] Built target tf_generate_messages_eus
[21.317s] [  0%] Built target jsk_footstep_msgs_generate_messages_cpp
[21.348s] [  0%] Built target tf_generate_messages_lisp
[21.348s] [  0%] Built target autoware_system_msgs_generate_messages_nodejs
[21.368s] [  0%] Built target actionlib_msgs_generate_messages_cpp
[21.370s] [  0%] Built target actionlib_msgs_generate_messages_lisp
[21.400s] [  0%] Built target tf_generate_messages_nodejs
[21.406s] [  0%] Built target autoware_config_msgs_generate_messages_nodejs
[21.430s] [  0%] Built target autoware_config_msgs_generate_messages_cpp
[21.433s] [  0%] Built target roscpp_generate_messages_py
[21.438s] [  0%] Built target roscpp_generate_messages_lisp
[21.439s] [  0%] Built target jsk_recognition_msgs_generate_messages_nodejs
[21.449s] [  0%] Built target rosgraph_msgs_generate_messages_lisp
[21.473s] [  0%] Built target rosgraph_msgs_generate_messages_nodejs
[21.527s] [  0%] Built target rosgraph_msgs_generate_messages_py
[21.538s] [  0%] Built target roscpp_generate_messages_eus
[21.549s] [  0%] Built target autoware_config_msgs_generate_messages_py
[21.558s] [  0%] Built target actionlib_generate_messages_eus
[21.560s] [  0%] Built target actionlib_msgs_generate_messages_eus
[21.572s] [  0%] Built target pcl_msgs_generate_messages_py
[21.588s] [  0%] Built target geometry_msgs_generate_messages_cpp
[21.601s] [  0%] Built target actionlib_generate_messages_lisp
[21.622s] [  0%] Built target pcl_msgs_generate_messages_lisp
[21.640s] [  0%] Built target tf2_msgs_generate_messages_eus
[21.642s] [  0%] Built target tf_generate_messages_cpp
[21.665s] [  0%] Built target tf2_msgs_generate_messages_lisp
[21.668s] [  0%] Built target actionlib_generate_messages_nodejs
[21.670s] [  0%] Built target actionlib_generate_messages_py
[21.687s] [  0%] Built target tf2_msgs_generate_messages_nodejs
[21.693s] [  0%] Built target autoware_system_msgs_generate_messages_eus
[21.697s] [  0%] Built target tf2_msgs_generate_messages_py
[21.757s] [100%] Built target pure_pursuit
[21.806s] [36mInstall the project...[0m
[21.825s] -- Install configuration: "Release"
[21.825s] -- Up-to-date: /home/kimna/Desktop/autoware.ai/src/autoware/core_planning/pure_pursuit/install/pure_pursuit/lib/pkgconfig/pure_pursuit.pc
[21.825s] -- Up-to-date: /home/kimna/Desktop/autoware.ai/src/autoware/core_planning/pure_pursuit/install/pure_pursuit/share/pure_pursuit/cmake/pure_pursuitConfig.cmake
[21.825s] -- Up-to-date: /home/kimna/Desktop/autoware.ai/src/autoware/core_planning/pure_pursuit/install/pure_pursuit/share/pure_pursuit/cmake/pure_pursuitConfig-version.cmake
[21.825s] -- Up-to-date: /home/kimna/Desktop/autoware.ai/src/autoware/core_planning/pure_pursuit/install/pure_pursuit/share/pure_pursuit/package.xml
[21.826s] -- Installing: /home/kimna/Desktop/autoware.ai/src/autoware/core_planning/pure_pursuit/install/pure_pursuit/lib/pure_pursuit/pure_pursuit
[21.832s] -- Set runtime path of "/home/kimna/Desktop/autoware.ai/src/autoware/core_planning/pure_pursuit/install/pure_pursuit/lib/pure_pursuit/pure_pursuit" to ""
[21.832s] -- Up-to-date: /home/kimna/Desktop/autoware.ai/src/autoware/core_planning/pure_pursuit/install/pure_pursuit/share/pure_pursuit/launch
[21.832s] -- Up-to-date: /home/kimna/Desktop/autoware.ai/src/autoware/core_planning/pure_pursuit/install/pure_pursuit/share/pure_pursuit/launch/pure_pursuit.launch
