[0.185s] [  0%] Built target jsk_recognition_msgs_generate_messages_eus
[0.192s] [  0%] Built target autoware_config_msgs_generate_messages_lisp
[0.207s] [  0%] Built target rosgraph_msgs_generate_messages_eus
[0.207s] [  0%] Built target jsk_recognition_msgs_generate_messages_lisp
[0.221s] [  0%] Built target geometry_msgs_generate_messages_py
[0.238s] [  0%] Built target pcl_msgs_generate_messages_eus
[0.245s] [  0%] Built target actionlib_generate_messages_cpp
[0.252s] [  0%] Built target autoware_system_msgs_generate_messages_lisp
[0.290s] [  0%] Built target roscpp_generate_messages_cpp
[0.296s] [  0%] Built target autoware_system_msgs_generate_messages_py
[0.298s] [  0%] Built target sensor_msgs_generate_messages_nodejs
[0.324s] [  0%] Built target sensor_msgs_generate_messages_eus
[0.328s] [  0%] Built target sensor_msgs_generate_messages_cpp
[0.330s] [  0%] Built target _catkin_empty_exported_target
[0.344s] [  0%] Built target autoware_msgs_generate_messages_cpp
[0.387s] [  0%] Built target tf2_msgs_generate_messages_cpp
[0.389s] [  0%] Built target jsk_recognition_msgs_generate_messages_py
[0.394s] [  0%] Built target std_msgs_generate_messages_nodejs
[0.395s] [  0%] Built target autoware_msgs_generate_messages_py
[0.423s] [  0%] Built target rosgraph_msgs_generate_messages_cpp
[0.428s] [  0%] Built target std_msgs_generate_messages_py
[0.445s] [  0%] Built target pcl_msgs_generate_messages_nodejs
[0.472s] [  0%] Built target sensor_msgs_generate_messages_lisp
[0.488s] [  0%] Built target sensor_msgs_generate_messages_py
[0.497s] [  0%] Built target jsk_footstep_msgs_generate_messages_py
[0.503s] [  0%] Built target tf_generate_messages_py
[0.510s] [  0%] Built target geometry_msgs_generate_messages_eus
[0.520s] [  0%] Built target actionlib_msgs_generate_messages_nodejs
[0.528s] [  0%] Built target std_msgs_generate_messages_cpp
[0.529s] [  0%] Built target std_msgs_generate_messages_lisp
[0.567s] [  0%] Built target geometry_msgs_generate_messages_nodejs
[0.581s] [  0%] Built target roscpp_generate_messages_nodejs
[0.597s] [  0%] Built target geometry_msgs_generate_messages_lisp
[0.599s] [  0%] Built target pcl_msgs_generate_messages_cpp
[0.605s] [  0%] Built target autoware_system_msgs_generate_messages_cpp
[0.625s] [  0%] Built target autoware_msgs_generate_messages_eus
[0.633s] [  0%] Built target jsk_recognition_msgs_generate_messages_cpp
[0.657s] [  0%] Built target autoware_msgs_generate_messages_lisp
[0.682s] [  0%] Built target jsk_footstep_msgs_generate_messages_eus
[0.683s] [  0%] Built target autoware_config_msgs_generate_messages_eus
[0.698s] [  0%] Built target autoware_msgs_generate_messages_nodejs
[0.710s] [  0%] Built target std_msgs_generate_messages_eus
[0.722s] [  0%] Built target actionlib_msgs_generate_messages_py
[0.754s] [  0%] Built target jsk_footstep_msgs_generate_messages_nodejs
[0.763s] [  0%] Built target jsk_footstep_msgs_generate_messages_lisp
[0.775s] [  0%] Built target autoware_system_msgs_generate_messages_nodejs
[0.786s] [  0%] Built target jsk_footstep_msgs_generate_messages_cpp
[0.796s] [  0%] Built target actionlib_msgs_generate_messages_lisp
[0.823s] [  0%] Built target tf_generate_messages_lisp
[0.824s] [  0%] Built target actionlib_msgs_generate_messages_cpp
[0.844s] [  0%] Built target tf_generate_messages_eus
[0.884s] [  0%] Built target tf_generate_messages_nodejs
[0.889s] [  0%] Built target roscpp_generate_messages_lisp
[0.901s] [  0%] Built target autoware_config_msgs_generate_messages_nodejs
[0.910s] [  0%] Built target rosgraph_msgs_generate_messages_lisp
[0.911s] [  0%] Built target jsk_recognition_msgs_generate_messages_nodejs
[0.920s] [  0%] Built target rosgraph_msgs_generate_messages_nodejs
[0.933s] [  0%] Built target roscpp_generate_messages_py
[0.965s] [  0%] Built target autoware_config_msgs_generate_messages_cpp
[0.992s] [  0%] Built target actionlib_generate_messages_eus
[0.995s] [  0%] Built target roscpp_generate_messages_eus
[1.004s] [  0%] Built target rosgraph_msgs_generate_messages_py
[1.025s] [  0%] Built target actionlib_msgs_generate_messages_eus
[1.026s] [  0%] Built target geometry_msgs_generate_messages_cpp
[1.029s] [  0%] Built target pcl_msgs_generate_messages_py
[1.035s] [  0%] Built target autoware_config_msgs_generate_messages_py
[1.045s] [  0%] Built target actionlib_generate_messages_lisp
[1.083s] [  0%] Built target pcl_msgs_generate_messages_lisp
[1.121s] [  0%] Built target actionlib_generate_messages_nodejs
[1.125s] [  0%] Built target tf2_msgs_generate_messages_eus
[1.125s] [  0%] Built target tf2_msgs_generate_messages_py
[1.125s] [  0%] Built target tf_generate_messages_cpp
[1.130s] [  0%] Built target tf2_msgs_generate_messages_lisp
[1.135s] [  0%] Built target autoware_system_msgs_generate_messages_eus
[1.143s] [  0%] Built target tf2_msgs_generate_messages_nodejs
[1.146s] [  0%] Built target actionlib_generate_messages_py
[1.181s] [35m[1mScanning dependencies of target pure_pursuit[0m
[1.236s] [ 20%] [32mBuilding CXX object CMakeFiles/pure_pursuit.dir/src/pure_pursuit.cpp.o[0m
[1.238s] [ 40%] [32mBuilding CXX object CMakeFiles/pure_pursuit.dir/src/pure_pursuit_node.cpp.o[0m
[1.242s] [ 60%] [32mBuilding CXX object CMakeFiles/pure_pursuit.dir/src/pure_pursuit_core.cpp.o[0m
[6.641s] CMakeFiles/pure_pursuit.dir/build.make:110: recipe for target 'CMakeFiles/pure_pursuit.dir/src/pure_pursuit_core.cpp.o' failed
[7.127s] CMakeFiles/Makefile2:444: recipe for target 'CMakeFiles/pure_pursuit.dir/all' failed
[7.128s] Makefile:140: recipe for target 'all' failed
