[3.306s] In file included from [01m[K/home/kimna/Desktop/autoware.ai/src/autoware/core_planning/pure_pursuit/src/pure_pursuit_core.cpp:19:0[m[K:
[3.307s] [01m[K/home/kimna/Desktop/autoware.ai/src/autoware/core_planning/pure_pursuit/include/pure_pursuit/stanley.h:[m[K In member function ‘[01m[Kdouble Stanley::get_heading_error(geometry_msgs::Point, float)[m[K’:
[3.307s] [01m[K/home/kimna/Desktop/autoware.ai/src/autoware/core_planning/pure_pursuit/include/pure_pursuit/stanley.h:73:34:[m[K [01;31m[Kerror: [m[K‘[01m[Kgeometry_msgs::Point {aka struct geometry_msgs::Point_<std::allocator<void> >}[m[K’ has no member named ‘[01m[Kat[m[K’
[3.307s]      waypoint_delta_x = waypoints.[01;31m[Kat[m[K(1).pose.pose.position.x - waypoints.at(0).pose.pose.position.x;
[3.307s]                                   [01;31m[K^~[m[K
[3.307s] [01m[K/home/kimna/Desktop/autoware.ai/src/autoware/core_planning/pure_pursuit/include/pure_pursuit/stanley.h:73:73:[m[K [01;31m[Kerror: [m[K‘[01m[Kgeometry_msgs::Point {aka struct geometry_msgs::Point_<std::allocator<void> >}[m[K’ has no member named ‘[01m[Kat[m[K’
[3.307s]  waypoint_delta_x = waypoints.at(1).pose.pose.position.x - waypoints.[01;31m[Kat[m[K(0).pose.pose.position.x;
[3.307s]                                                                      [01;31m[K^~[m[K
[3.307s] [01m[K/home/kimna/Desktop/autoware.ai/src/autoware/core_planning/pure_pursuit/include/pure_pursuit/stanley.h:74:34:[m[K [01;31m[Kerror: [m[K‘[01m[Kgeometry_msgs::Point {aka struct geometry_msgs::Point_<std::allocator<void> >}[m[K’ has no member named ‘[01m[Kat[m[K’
[3.307s]      waypoint_delta_y = waypoints.[01;31m[Kat[m[K(1).pose.pose.position.y - waypoints.at(0).pose.pose.position.y;
[3.307s]                                   [01;31m[K^~[m[K
[3.307s] [01m[K/home/kimna/Desktop/autoware.ai/src/autoware/core_planning/pure_pursuit/include/pure_pursuit/stanley.h:74:73:[m[K [01;31m[Kerror: [m[K‘[01m[Kgeometry_msgs::Point {aka struct geometry_msgs::Point_<std::allocator<void> >}[m[K’ has no member named ‘[01m[Kat[m[K’
[3.307s]  waypoint_delta_y = waypoints.at(1).pose.pose.position.y - waypoints.[01;31m[Kat[m[K(0).pose.pose.position.y;
[3.307s]                                                                      [01;31m[K^~[m[K
[3.308s] [01m[K/home/kimna/Desktop/autoware.ai/src/autoware/core_planning/pure_pursuit/include/pure_pursuit/stanley.h:[m[K In member function ‘[01m[Kint Stanley::get_steering_direction(float*, float*)[m[K’:
[3.308s] [01m[K/home/kimna/Desktop/autoware.ai/src/autoware/core_planning/pure_pursuit/include/pure_pursuit/stanley.h:89:8:[m[K [01;31m[Kerror: [m[Kexpected ‘[01m[K([m[K’ before ‘[01m[Kcorss_prod[m[K’
[3.308s]      if [01;31m[Kcorss_prod[m[K >= 0 {
[3.308s]         [01;31m[K^~~~~~~~~~[m[K
[3.308s] [01m[K/home/kimna/Desktop/autoware.ai/src/autoware/core_planning/pure_pursuit/include/pure_pursuit/stanley.h:87:11:[m[K [01;35m[Kwarning: [m[Kunused variable ‘[01m[Kcorss_prod[m[K’ [[01;35m[K-Wunused-variable[m[K]
[3.308s]      float [01;35m[Kcorss_prod[m[K = v1[0]*v2[1] - v1[1]*v2[0];
[3.308s]            [01;35m[K^~~~~~~~~~[m[K
[3.308s] [01m[K/home/kimna/Desktop/autoware.ai/src/autoware/core_planning/pure_pursuit/include/pure_pursuit/stanley.h:[m[K In member function ‘[01m[Kdouble Stanley::get_cte_heading_error(float)[m[K’:
[3.308s] [01m[K/home/kimna/Desktop/autoware.ai/src/autoware/core_planning/pure_pursuit/include/pure_pursuit/stanley.h:105:8:[m[K [01;31m[Kerror: [m[Kexpected ‘[01m[K([m[K’ before ‘[01m[Kcte_heading_error_mod[m[K’
[3.308s]      if [01;31m[Kcte_heading_error_mod[m[K > M_PI/2 and cte_heading_error_mod < M_PI:
[3.308s]         [01;31m[K^~~~~~~~~~~~~~~~~~~~~[m[K
[3.308s] [01m[K/home/kimna/Desktop/autoware.ai/src/autoware/core_planning/pure_pursuit/include/pure_pursuit/stanley.h:108:3:[m[K [01;35m[Kwarning: [m[Kno return statement in function returning non-void [[01;35m[K-Wreturn-type[m[K]
[3.308s]    [01;35m[K}[m[K
[3.308s]    [01;35m[K^[m[K
[3.308s] [01m[K/home/kimna/Desktop/autoware.ai/src/autoware/core_planning/pure_pursuit/include/pure_pursuit/stanley.h:[m[K In member function ‘[01m[Kdouble Stanley::calculate_steering(float, float, float, geometry_msgs::Point, float)[m[K’:
[3.309s] [01m[K/home/kimna/Desktop/autoware.ai/src/autoware/core_planning/pure_pursuit/include/pure_pursuit/stanley.h:112:30:[m[K [01;31m[Kerror: [m[K‘[01m[Kgeometry_msgs::Point {aka struct geometry_msgs::Point_<std::allocator<void> >}[m[K’ has no member named ‘[01m[Kat[m[K’
[3.309s]      float v1[2] = {waypoints.[01;31m[Kat[m[K(0).pose.pose.position.x - x, waypoints.at(0).pose.pose.position.y - y};
[3.309s]                               [01;31m[K^~[m[K
[3.309s] [01m[K/home/kimna/Desktop/autoware.ai/src/autoware/core_planning/pure_pursuit/include/pure_pursuit/stanley.h:112:72:[m[K [01;31m[Kerror: [m[K‘[01m[Kgeometry_msgs::Point {aka struct geometry_msgs::Point_<std::allocator<void> >}[m[K’ has no member named ‘[01m[Kat[m[K’
[3.309s]   float v1[2] = {waypoints.at(0).pose.pose.position.x - x, waypoints.[01;31m[Kat[m[K(0).pose.pose.position.y - y};
[3.309s]                                                                      [01;31m[K^~[m[K
[4.393s] make[2]: *** [CMakeFiles/pure_pursuit.dir/src/pure_pursuit_core.cpp.o] Error 1
[4.394s] make[1]: *** [CMakeFiles/pure_pursuit.dir/all] Error 2
[4.394s] make: *** [all] Error 2
