[0.152s] [  0%] Built target actionlib_generate_messages_cpp
[0.153s] [  0%] Built target pcl_msgs_generate_messages_eus
[0.153s] [  0%] Built target jsk_recognition_msgs_generate_messages_eus
[0.165s] [  0%] Built target autoware_system_msgs_generate_messages_lisp
[0.167s] [  0%] Built target geometry_msgs_generate_messages_py
[0.168s] [  0%] Built target jsk_recognition_msgs_generate_messages_lisp
[0.177s] [  0%] Built target rosgraph_msgs_generate_messages_eus
[0.191s] [  0%] Built target autoware_config_msgs_generate_messages_lisp
[0.230s] [  0%] Built target sensor_msgs_generate_messages_nodejs
[0.235s] [  0%] Built target roscpp_generate_messages_cpp
[0.236s] [  0%] Built target autoware_msgs_generate_messages_cpp
[0.243s] [  0%] Built target autoware_system_msgs_generate_messages_py
[0.246s] [  0%] Built target _catkin_empty_exported_target
[0.252s] [  0%] Built target tf2_msgs_generate_messages_cpp
[0.265s] [  0%] Built target sensor_msgs_generate_messages_eus
[0.273s] [  0%] Built target sensor_msgs_generate_messages_cpp
[0.303s] [  0%] Built target std_msgs_generate_messages_py
[0.308s] [  0%] Built target std_msgs_generate_messages_nodejs
[0.309s] [  0%] Built target pcl_msgs_generate_messages_nodejs
[0.320s] [  0%] Built target autoware_msgs_generate_messages_py
[0.331s] [  0%] Built target jsk_recognition_msgs_generate_messages_py
[0.338s] [  0%] Built target rosgraph_msgs_generate_messages_cpp
[0.340s] [  0%] Built target sensor_msgs_generate_messages_py
[0.355s] [  0%] Built target sensor_msgs_generate_messages_lisp
[0.375s] [  0%] Built target jsk_footstep_msgs_generate_messages_py
[0.381s] [  0%] Built target tf_generate_messages_py
[0.383s] [  0%] Built target std_msgs_generate_messages_cpp
[0.386s] [  0%] Built target actionlib_msgs_generate_messages_nodejs
[0.420s] [  0%] Built target std_msgs_generate_messages_lisp
[0.424s] [  0%] Built target geometry_msgs_generate_messages_eus
[0.450s] [  0%] Built target autoware_system_msgs_generate_messages_cpp
[0.454s] [  0%] Built target geometry_msgs_generate_messages_lisp
[0.457s] [  0%] Built target jsk_recognition_msgs_generate_messages_cpp
[0.457s] [  0%] Built target roscpp_generate_messages_nodejs
[0.465s] [  0%] Built target geometry_msgs_generate_messages_nodejs
[0.471s] [  0%] Built target pcl_msgs_generate_messages_cpp
[0.489s] [  0%] Built target autoware_msgs_generate_messages_lisp
[0.489s] [  0%] Built target autoware_msgs_generate_messages_eus
[0.519s] [  0%] Built target std_msgs_generate_messages_eus
[0.521s] [  0%] Built target jsk_footstep_msgs_generate_messages_eus
[0.536s] [  0%] Built target autoware_msgs_generate_messages_nodejs
[0.540s] [  0%] Built target autoware_config_msgs_generate_messages_eus
[0.567s] [  0%] Built target autoware_system_msgs_generate_messages_nodejs
[0.582s] [  0%] Built target jsk_footstep_msgs_generate_messages_lisp
[0.586s] [  0%] Built target actionlib_msgs_generate_messages_py
[0.592s] [  0%] Built target actionlib_msgs_generate_messages_lisp
[0.592s] [  0%] Built target jsk_footstep_msgs_generate_messages_nodejs
[0.634s] [  0%] Built target jsk_footstep_msgs_generate_messages_cpp
[0.641s] [  0%] Built target actionlib_msgs_generate_messages_cpp
[0.646s] [  0%] Built target tf_generate_messages_eus
[0.667s] [  0%] Built target roscpp_generate_messages_lisp
[0.668s] [  0%] Built target tf_generate_messages_lisp
[0.674s] [  0%] Built target autoware_config_msgs_generate_messages_nodejs
[0.679s] [  0%] Built target tf_generate_messages_nodejs
[0.700s] [  0%] Built target jsk_recognition_msgs_generate_messages_nodejs
[0.720s] [  0%] Built target roscpp_generate_messages_py
[0.736s] [  0%] Built target rosgraph_msgs_generate_messages_lisp
[0.743s] [  0%] Built target roscpp_generate_messages_eus
[0.743s] [  0%] Built target autoware_config_msgs_generate_messages_cpp
[0.750s] [  0%] Built target rosgraph_msgs_generate_messages_nodejs
[0.755s] [  0%] Built target actionlib_msgs_generate_messages_eus
[0.774s] [  0%] Built target autoware_config_msgs_generate_messages_py
[0.804s] [  0%] Built target rosgraph_msgs_generate_messages_py
[0.811s] [  0%] Built target actionlib_generate_messages_eus
[0.816s] [  0%] Built target geometry_msgs_generate_messages_cpp
[0.819s] [  0%] Built target pcl_msgs_generate_messages_py
[0.824s] [  0%] Built target pcl_msgs_generate_messages_lisp
[0.833s] [  0%] Built target tf_generate_messages_cpp
[0.838s] [  0%] Built target actionlib_generate_messages_lisp
[0.855s] [  0%] Built target actionlib_generate_messages_nodejs
[0.877s] [  0%] Built target autoware_system_msgs_generate_messages_eus
[0.886s] [  0%] Built target tf2_msgs_generate_messages_eus
[0.891s] [  0%] Built target tf2_msgs_generate_messages_lisp
[0.896s] [  0%] Built target tf2_msgs_generate_messages_py
[0.896s] [  0%] Built target actionlib_generate_messages_py
[0.915s] [  0%] Built target tf2_msgs_generate_messages_nodejs
[0.960s] [ 20%] [32mBuilding CXX object CMakeFiles/pure_pursuit.dir/src/pure_pursuit_core.cpp.o[0m
[4.394s] CMakeFiles/pure_pursuit.dir/build.make:110: recipe for target 'CMakeFiles/pure_pursuit.dir/src/pure_pursuit_core.cpp.o' failed
[4.394s] CMakeFiles/Makefile2:444: recipe for target 'CMakeFiles/pure_pursuit.dir/all' failed
[4.394s] Makefile:140: recipe for target 'all' failed
