[0.134s] [  0%] Built target rosgraph_msgs_generate_messages_eus
[0.135s] [  0%] Built target geometry_msgs_generate_messages_py
[0.136s] [  0%] Built target autoware_system_msgs_generate_messages_lisp
[0.140s] [  0%] Built target autoware_config_msgs_generate_messages_lisp
[0.140s] [  0%] Built target actionlib_generate_messages_cpp
[0.143s] [  0%] Built target jsk_recognition_msgs_generate_messages_lisp
[0.143s] [  0%] Built target jsk_recognition_msgs_generate_messages_eus
[0.152s] [  0%] Built target pcl_msgs_generate_messages_eus
[0.212s] [  0%] Built target sensor_msgs_generate_messages_eus
[0.212s] [  0%] Built target _catkin_empty_exported_target
[0.218s] [  0%] Built target sensor_msgs_generate_messages_nodejs
[0.222s] [  0%] Built target autoware_system_msgs_generate_messages_py
[0.224s] [  0%] Built target tf2_msgs_generate_messages_cpp
[0.225s] [  0%] Built target sensor_msgs_generate_messages_cpp
[0.225s] [  0%] Built target roscpp_generate_messages_cpp
[0.260s] [  0%] Built target autoware_msgs_generate_messages_cpp
[0.286s] [  0%] Built target autoware_msgs_generate_messages_py
[0.287s] [  0%] Built target std_msgs_generate_messages_py
[0.296s] [  0%] Built target pcl_msgs_generate_messages_nodejs
[0.298s] [  0%] Built target std_msgs_generate_messages_nodejs
[0.299s] [  0%] Built target jsk_recognition_msgs_generate_messages_py
[0.304s] [  0%] Built target rosgraph_msgs_generate_messages_cpp
[0.329s] [  0%] Built target sensor_msgs_generate_messages_lisp
[0.356s] [  0%] Built target std_msgs_generate_messages_cpp
[0.358s] [  0%] Built target sensor_msgs_generate_messages_py
[0.372s] [  0%] Built target geometry_msgs_generate_messages_eus
[0.373s] [  0%] Built target jsk_footstep_msgs_generate_messages_py
[0.375s] [  0%] Built target tf_generate_messages_py
[0.379s] [  0%] Built target std_msgs_generate_messages_lisp
[0.395s] [  0%] Built target actionlib_msgs_generate_messages_nodejs
[0.401s] [  0%] Built target roscpp_generate_messages_nodejs
[0.436s] [  0%] Built target autoware_system_msgs_generate_messages_cpp
[0.449s] [  0%] Built target geometry_msgs_generate_messages_lisp
[0.451s] [  0%] Built target autoware_msgs_generate_messages_eus
[0.455s] [  0%] Built target geometry_msgs_generate_messages_nodejs
[0.461s] [  0%] Built target pcl_msgs_generate_messages_cpp
[0.466s] [  0%] Built target jsk_recognition_msgs_generate_messages_cpp
[0.473s] [  0%] Built target autoware_msgs_generate_messages_lisp
[0.493s] [  0%] Built target std_msgs_generate_messages_eus
[0.514s] [  0%] Built target actionlib_msgs_generate_messages_py
[0.517s] [  0%] Built target autoware_msgs_generate_messages_nodejs
[0.518s] [  0%] Built target autoware_config_msgs_generate_messages_eus
[0.535s] [  0%] Built target jsk_footstep_msgs_generate_messages_lisp
[0.543s] [  0%] Built target jsk_footstep_msgs_generate_messages_eus
[0.559s] [  0%] Built target jsk_footstep_msgs_generate_messages_nodejs
[0.574s] [  0%] Built target autoware_system_msgs_generate_messages_nodejs
[0.577s] [  0%] Built target jsk_footstep_msgs_generate_messages_cpp
[0.588s] [  0%] Built target tf_generate_messages_eus
[0.590s] [  0%] Built target actionlib_msgs_generate_messages_cpp
[0.592s] [  0%] Built target actionlib_msgs_generate_messages_lisp
[0.605s] [  0%] Built target autoware_config_msgs_generate_messages_nodejs
[0.628s] [  0%] Built target tf_generate_messages_lisp
[0.633s] [  0%] Built target tf_generate_messages_nodejs
[0.646s] [  0%] Built target roscpp_generate_messages_lisp
[0.647s] [  0%] Built target autoware_config_msgs_generate_messages_cpp
[0.647s] [  0%] Built target rosgraph_msgs_generate_messages_lisp
[0.656s] [  0%] Built target roscpp_generate_messages_py
[0.673s] [  0%] Built target jsk_recognition_msgs_generate_messages_nodejs
[0.700s] [  0%] Built target pcl_msgs_generate_messages_py
[0.708s] [  0%] Built target actionlib_msgs_generate_messages_eus
[0.708s] [  0%] Built target roscpp_generate_messages_eus
[0.709s] [  0%] Built target rosgraph_msgs_generate_messages_py
[0.712s] [  0%] Built target rosgraph_msgs_generate_messages_nodejs
[0.730s] [  0%] Built target autoware_config_msgs_generate_messages_py
[0.735s] [  0%] Built target actionlib_generate_messages_eus
[0.736s] [  0%] Built target geometry_msgs_generate_messages_cpp
[0.775s] [  0%] Built target actionlib_generate_messages_lisp
[0.776s] [  0%] Built target pcl_msgs_generate_messages_lisp
[0.780s] [  0%] Built target autoware_system_msgs_generate_messages_eus
[0.787s] [  0%] Built target tf_generate_messages_cpp
[0.795s] [  0%] Built target actionlib_generate_messages_py
[0.795s] [  0%] Built target tf2_msgs_generate_messages_eus
[0.798s] [  0%] Built target actionlib_generate_messages_nodejs
[0.800s] [  0%] Built target tf2_msgs_generate_messages_lisp
[0.823s] [  0%] Built target tf2_msgs_generate_messages_nodejs
[0.824s] [  0%] Built target tf2_msgs_generate_messages_py
[0.872s] [100%] Built target pure_pursuit
[1.241s] [  0%] Built target rosgraph_msgs_generate_messages_eus
[1.244s] [ 28%] Built target gtest
[1.247s] [ 28%] Built target jsk_recognition_msgs_generate_messages_eus
[1.252s] [ 28%] Built target pcl_msgs_generate_messages_eus
[1.267s] [ 28%] Built target actionlib_generate_messages_cpp
[1.269s] [ 28%] Built target jsk_recognition_msgs_generate_messages_lisp
[1.276s] [ 28%] Built target geometry_msgs_generate_messages_py
[1.281s] [ 28%] Built target autoware_system_msgs_generate_messages_lisp
[1.303s] [ 28%] Built target sensor_msgs_generate_messages_nodejs
[1.312s] [ 28%] Built target autoware_system_msgs_generate_messages_py
[1.335s] [ 28%] Built target sensor_msgs_generate_messages_cpp
[1.338s] [ 28%] Built target sensor_msgs_generate_messages_eus
[1.338s] [ 28%] Built target roscpp_generate_messages_cpp
[1.359s] [ 28%] Built target _catkin_empty_exported_target
[1.362s] [ 28%] Built target autoware_msgs_generate_messages_cpp
[1.381s] [ 28%] Built target std_msgs_generate_messages_py
[1.381s] [ 28%] Built target tf2_msgs_generate_messages_cpp
[1.390s] [ 28%] Built target autoware_msgs_generate_messages_py
[1.396s] [ 28%] Built target std_msgs_generate_messages_nodejs
[1.412s] [ 28%] Built target rosgraph_msgs_generate_messages_cpp
[1.413s] [ 28%] Built target pcl_msgs_generate_messages_nodejs
[1.439s] [ 28%] Built target sensor_msgs_generate_messages_lisp
[1.444s] [ 28%] Built target tf_generate_messages_py
[1.445s] [ 28%] Built target jsk_recognition_msgs_generate_messages_py
[1.447s] [ 28%] Built target sensor_msgs_generate_messages_py
[1.463s] [ 28%] Built target jsk_footstep_msgs_generate_messages_py
[1.471s] [ 28%] Built target std_msgs_generate_messages_cpp
[1.478s] [ 28%] Built target actionlib_msgs_generate_messages_nodejs
[1.489s] [ 28%] Built target geometry_msgs_generate_messages_eus
[1.501s] [ 28%] Built target std_msgs_generate_messages_lisp
[1.514s] [ 28%] Built target autoware_system_msgs_generate_messages_cpp
[1.523s] [ 28%] Built target geometry_msgs_generate_messages_nodejs
[1.529s] [ 28%] Built target roscpp_generate_messages_nodejs
[1.533s] [ 28%] Built target geometry_msgs_generate_messages_lisp
[1.539s] [ 28%] Built target autoware_msgs_generate_messages_eus
[1.543s] [ 28%] Built target pcl_msgs_generate_messages_cpp
[1.567s] [ 28%] Built target jsk_recognition_msgs_generate_messages_cpp
[1.579s] [ 28%] Built target std_msgs_generate_messages_eus
[1.591s] [ 28%] Built target autoware_msgs_generate_messages_lisp
[1.598s] [ 28%] Built target actionlib_msgs_generate_messages_py
[1.598s] [ 28%] Built target autoware_msgs_generate_messages_nodejs
[1.610s] [ 28%] Built target autoware_config_msgs_generate_messages_eus
[1.617s] [ 28%] Built target jsk_footstep_msgs_generate_messages_eus
[1.623s] [ 28%] Built target jsk_footstep_msgs_generate_messages_lisp
[1.637s] [ 28%] Built target jsk_footstep_msgs_generate_messages_nodejs
[1.650s] [ 28%] Built target autoware_system_msgs_generate_messages_nodejs
[1.661s] [ 28%] Built target actionlib_msgs_generate_messages_lisp
[1.662s] [ 28%] Built target jsk_footstep_msgs_generate_messages_cpp
[1.676s] [ 28%] Built target actionlib_msgs_generate_messages_cpp
[1.693s] [ 28%] Built target autoware_config_msgs_generate_messages_nodejs
[1.695s] [ 28%] Built target tf_generate_messages_eus
[1.695s] [ 28%] Built target tf_generate_messages_lisp
[1.719s] [ 28%] Built target roscpp_generate_messages_lisp
[1.728s] [ 28%] Built target tf_generate_messages_nodejs
[1.732s] [ 28%] Built target roscpp_generate_messages_py
[1.733s] [ 28%] Built target jsk_recognition_msgs_generate_messages_nodejs
[1.748s] [ 28%] Built target rosgraph_msgs_generate_messages_lisp
[1.754s] [ 28%] Built target autoware_config_msgs_generate_messages_cpp
[1.757s] [ 28%] Built target roscpp_generate_messages_eus
[1.783s] [ 28%] Built target rosgraph_msgs_generate_messages_nodejs
[1.794s] [ 28%] Built target actionlib_msgs_generate_messages_eus
[1.805s] [ 28%] Built target rosgraph_msgs_generate_messages_py
[1.810s] [ 28%] Built target autoware_config_msgs_generate_messages_py
[1.815s] [ 28%] Built target actionlib_generate_messages_eus
[1.817s] [ 28%] Built target pcl_msgs_generate_messages_py
[1.827s] [ 28%] Built target actionlib_generate_messages_lisp
[1.830s] [ 28%] Built target geometry_msgs_generate_messages_cpp
[1.844s] [ 28%] Built target pcl_msgs_generate_messages_lisp
[1.858s] [ 28%] Built target tf_generate_messages_cpp
[1.885s] [ 28%] Built target tf2_msgs_generate_messages_lisp
[1.894s] [ 28%] Built target tf2_msgs_generate_messages_py
[1.902s] [ 28%] Built target tf2_msgs_generate_messages_eus
[1.904s] [ 28%] Built target tf2_msgs_generate_messages_nodejs
[1.906s] [ 28%] Built target actionlib_generate_messages_py
[1.909s] [ 28%] Built target actionlib_generate_messages_nodejs
[1.915s] [ 28%] Built target autoware_system_msgs_generate_messages_eus
[1.920s] [ 28%] Built target autoware_config_msgs_generate_messages_lisp
[1.968s] [100%] Built target test-pure_pursuit
[2.009s] [100%] Built target tests
[2.373s] [  0%] Built target actionlib_generate_messages_cpp
[2.376s] [  0%] Built target autoware_config_msgs_generate_messages_lisp
[2.378s] [  0%] Built target rosgraph_msgs_generate_messages_eus
[2.379s] [  0%] Built target pcl_msgs_generate_messages_eus
[2.380s] [  0%] Built target geometry_msgs_generate_messages_py
[2.386s] [  0%] Built target jsk_recognition_msgs_generate_messages_eus
[2.393s] [  0%] Built target jsk_recognition_msgs_generate_messages_lisp
[2.397s] [  0%] Built target autoware_system_msgs_generate_messages_lisp
[2.437s] [  0%] Built target sensor_msgs_generate_messages_eus
[2.437s] [  0%] Built target sensor_msgs_generate_messages_nodejs
[2.443s] [  0%] Built target roscpp_generate_messages_cpp
[2.449s] [  0%] Built target _catkin_empty_exported_target
[2.450s] [  0%] Built target sensor_msgs_generate_messages_cpp
[2.454s] [  0%] Built target autoware_system_msgs_generate_messages_py
[2.464s] [  0%] Built target autoware_msgs_generate_messages_cpp
[2.484s] [  0%] Built target tf2_msgs_generate_messages_cpp
[2.512s] [  0%] Built target rosgraph_msgs_generate_messages_cpp
[2.515s] [  0%] Built target autoware_msgs_generate_messages_py
[2.517s] [  0%] Built target std_msgs_generate_messages_py
[2.521s] [  0%] Built target pcl_msgs_generate_messages_nodejs
[2.533s] [  0%] Built target jsk_recognition_msgs_generate_messages_py
[2.537s] [  0%] Built target std_msgs_generate_messages_nodejs
[2.554s] [  0%] Built target sensor_msgs_generate_messages_py
[2.558s] [  0%] Built target sensor_msgs_generate_messages_lisp
[2.583s] [  0%] Built target tf_generate_messages_py
[2.587s] [  0%] Built target actionlib_msgs_generate_messages_nodejs
[2.590s] [  0%] Built target std_msgs_generate_messages_cpp
[2.593s] [  0%] Built target jsk_footstep_msgs_generate_messages_py
[2.599s] [  0%] Built target geometry_msgs_generate_messages_eus
[2.616s] [  0%] Built target std_msgs_generate_messages_lisp
[2.622s] [  0%] Built target autoware_system_msgs_generate_messages_cpp
[2.640s] [  0%] Built target roscpp_generate_messages_nodejs
[2.647s] [  0%] Built target geometry_msgs_generate_messages_nodejs
[2.654s] [  0%] Built target jsk_recognition_msgs_generate_messages_cpp
[2.666s] [  0%] Built target pcl_msgs_generate_messages_cpp
[2.671s] [  0%] Built target geometry_msgs_generate_messages_lisp
[2.681s] [  0%] Built target autoware_msgs_generate_messages_eus
[2.693s] [  0%] Built target autoware_msgs_generate_messages_lisp
[2.705s] [  0%] Built target std_msgs_generate_messages_eus
[2.710s] [  0%] Built target autoware_msgs_generate_messages_nodejs
[2.724s] [  0%] Built target autoware_config_msgs_generate_messages_eus
[2.726s] [  0%] Built target jsk_footstep_msgs_generate_messages_lisp
[2.726s] [  0%] Built target jsk_footstep_msgs_generate_messages_eus
[2.733s] [  0%] Built target actionlib_msgs_generate_messages_py
[2.770s] [  0%] Built target actionlib_msgs_generate_messages_lisp
[2.781s] [  0%] Built target jsk_footstep_msgs_generate_messages_nodejs
[2.785s] [  0%] Built target actionlib_msgs_generate_messages_cpp
[2.792s] [  0%] Built target tf_generate_messages_lisp
[2.798s] [  0%] Built target autoware_config_msgs_generate_messages_nodejs
[2.809s] [  0%] Built target autoware_system_msgs_generate_messages_nodejs
[2.812s] [  0%] Built target tf_generate_messages_eus
[2.821s] [  0%] Built target jsk_footstep_msgs_generate_messages_cpp
[2.848s] [  0%] Built target tf_generate_messages_nodejs
[2.853s] [  0%] Built target jsk_recognition_msgs_generate_messages_nodejs
[2.872s] [  0%] Built target rosgraph_msgs_generate_messages_lisp
[2.889s] [  0%] Built target roscpp_generate_messages_lisp
[2.891s] [  0%] Built target roscpp_generate_messages_py
[2.902s] [  0%] Built target autoware_config_msgs_generate_messages_cpp
[2.908s] [  0%] Built target rosgraph_msgs_generate_messages_nodejs
[2.910s] [  0%] Built target roscpp_generate_messages_eus
[2.910s] [  0%] Built target actionlib_msgs_generate_messages_eus
[2.934s] [  0%] Built target rosgraph_msgs_generate_messages_py
[2.937s] [  0%] Built target autoware_config_msgs_generate_messages_py
[2.939s] [  0%] Built target actionlib_generate_messages_eus
[2.976s] [  0%] Built target pcl_msgs_generate_messages_py
[2.979s] [  0%] Built target geometry_msgs_generate_messages_cpp
[2.989s] [  0%] Built target actionlib_generate_messages_lisp
[2.992s] [  0%] Built target tf_generate_messages_cpp
[3.005s] [  0%] Built target pcl_msgs_generate_messages_lisp
[3.010s] [  0%] Built target tf2_msgs_generate_messages_eus
[3.014s] [  0%] Built target actionlib_generate_messages_nodejs
[3.018s] [  0%] Built target autoware_system_msgs_generate_messages_eus
[3.035s] [  0%] Built target tf2_msgs_generate_messages_lisp
[3.040s] [  0%] Built target actionlib_generate_messages_py
[3.049s] [  0%] Built target tf2_msgs_generate_messages_py
[3.054s] [  0%] Built target tf2_msgs_generate_messages_nodejs
[3.101s] [100%] Built target pure_pursuit
[3.136s] [36mInstall the project...[0m
[3.152s] -- Install configuration: "Release"
[3.152s] -- Up-to-date: /home/kimna/Desktop/autoware.ai/src/autoware/core_planning/pure_pursuit/install/pure_pursuit/lib/pkgconfig/pure_pursuit.pc
[3.152s] -- Up-to-date: /home/kimna/Desktop/autoware.ai/src/autoware/core_planning/pure_pursuit/install/pure_pursuit/share/pure_pursuit/cmake/pure_pursuitConfig.cmake
[3.152s] -- Up-to-date: /home/kimna/Desktop/autoware.ai/src/autoware/core_planning/pure_pursuit/install/pure_pursuit/share/pure_pursuit/cmake/pure_pursuitConfig-version.cmake
[3.152s] -- Up-to-date: /home/kimna/Desktop/autoware.ai/src/autoware/core_planning/pure_pursuit/install/pure_pursuit/share/pure_pursuit/package.xml
[3.152s] -- Up-to-date: /home/kimna/Desktop/autoware.ai/src/autoware/core_planning/pure_pursuit/install/pure_pursuit/lib/pure_pursuit/pure_pursuit
[3.153s] -- Up-to-date: /home/kimna/Desktop/autoware.ai/src/autoware/core_planning/pure_pursuit/install/pure_pursuit/share/pure_pursuit/launch
[3.153s] -- Up-to-date: /home/kimna/Desktop/autoware.ai/src/autoware/core_planning/pure_pursuit/install/pure_pursuit/share/pure_pursuit/launch/pure_pursuit.launch
