[0.032s] Invoking command in '/home/kimna/Desktop/autoware.ai/src/autoware/core_planning/pure_pursuit/build/pure_pursuit': CONDA_PROMPT_MODIFIER=(base) /usr/bin/cmake --build /home/kimna/Desktop/autoware.ai/src/autoware/core_planning/pure_pursuit/build/pure_pursuit -- -j8 -l8
[0.184s] [  0%] Built target pcl_msgs_generate_messages_eus
[0.189s] [  0%] Built target jsk_recognition_msgs_generate_messages_eus
[0.190s] [  0%] Built target actionlib_generate_messages_cpp
[0.191s] [  0%] Built target jsk_recognition_msgs_generate_messages_lisp
[0.199s] [  0%] Built target geometry_msgs_generate_messages_py
[0.202s] [  0%] Built target autoware_system_msgs_generate_messages_lisp
[0.245s] [  0%] Built target rosgraph_msgs_generate_messages_eus
[0.249s] [  0%] Built target autoware_config_msgs_generate_messages_lisp
[0.275s] [  0%] Built target roscpp_generate_messages_cpp
[0.281s] [  0%] Built target sensor_msgs_generate_messages_cpp
[0.283s] [  0%] Built target sensor_msgs_generate_messages_nodejs
[0.286s] [  0%] Built target sensor_msgs_generate_messages_eus
[0.299s] [  0%] Built target autoware_system_msgs_generate_messages_py
[0.307s] [  0%] Built target tf2_msgs_generate_messages_cpp
[0.330s] [  0%] Built target _catkin_empty_exported_target
[0.375s] [  0%] Built target rosgraph_msgs_generate_messages_cpp
[0.375s] [  0%] Built target std_msgs_generate_messages_nodejs
[0.383s] [  0%] Built target autoware_msgs_generate_messages_cpp
[0.401s] [  0%] Built target std_msgs_generate_messages_py
[0.404s] [  0%] Built target autoware_msgs_generate_messages_py
[0.409s] [  0%] Built target jsk_recognition_msgs_generate_messages_py
[0.474s] [  0%] Built target pcl_msgs_generate_messages_nodejs
[0.476s] [  0%] Built target sensor_msgs_generate_messages_lisp
[0.478s] [  0%] Built target jsk_footstep_msgs_generate_messages_py
[0.478s] [  0%] Built target std_msgs_generate_messages_cpp
[0.483s] [  0%] Built target sensor_msgs_generate_messages_py
[0.498s] [  0%] Built target actionlib_msgs_generate_messages_nodejs
[0.539s] [  0%] Built target geometry_msgs_generate_messages_eus
[0.541s] [  0%] Built target tf_generate_messages_py
[0.553s] [  0%] Built target autoware_system_msgs_generate_messages_cpp
[0.575s] [  0%] Built target geometry_msgs_generate_messages_nodejs
[0.585s] [  0%] Built target std_msgs_generate_messages_lisp
[0.598s] [  0%] Built target geometry_msgs_generate_messages_lisp
[0.601s] [  0%] Built target pcl_msgs_generate_messages_cpp
[0.602s] [  0%] Built target roscpp_generate_messages_nodejs
[0.627s] [  0%] Built target autoware_msgs_generate_messages_eus
[0.654s] [  0%] Built target jsk_recognition_msgs_generate_messages_cpp
[0.657s] [  0%] Built target autoware_msgs_generate_messages_lisp
[0.679s] [  0%] Built target autoware_msgs_generate_messages_nodejs
[0.680s] [  0%] Built target jsk_footstep_msgs_generate_messages_eus
[0.711s] [  0%] Built target actionlib_msgs_generate_messages_py
[0.717s] [  0%] Built target std_msgs_generate_messages_eus
[0.719s] [  0%] Built target autoware_config_msgs_generate_messages_eus
[0.733s] [  0%] Built target jsk_footstep_msgs_generate_messages_lisp
[0.748s] [  0%] Built target autoware_system_msgs_generate_messages_nodejs
[0.755s] [  0%] Built target jsk_footstep_msgs_generate_messages_nodejs
[0.786s] [  0%] Built target actionlib_msgs_generate_messages_lisp
[0.791s] [  0%] Built target jsk_footstep_msgs_generate_messages_cpp
[0.797s] [  0%] Built target tf_generate_messages_eus
[0.814s] [  0%] Built target actionlib_msgs_generate_messages_cpp
[0.833s] [  0%] Built target tf_generate_messages_lisp
[0.839s] [  0%] Built target autoware_config_msgs_generate_messages_nodejs
[0.880s] [  0%] Built target roscpp_generate_messages_py
[0.884s] [  0%] Built target roscpp_generate_messages_lisp
[0.891s] [  0%] Built target tf_generate_messages_nodejs
[0.891s] [  0%] Built target jsk_recognition_msgs_generate_messages_nodejs
[0.931s] [  0%] Built target roscpp_generate_messages_eus
[0.941s] [  0%] Built target autoware_config_msgs_generate_messages_cpp
[0.943s] [  0%] Built target rosgraph_msgs_generate_messages_lisp
[0.970s] [  0%] Built target actionlib_msgs_generate_messages_eus
[0.973s] [  0%] Built target rosgraph_msgs_generate_messages_nodejs
[0.985s] [  0%] Built target pcl_msgs_generate_messages_py
[1.008s] [  0%] Built target autoware_config_msgs_generate_messages_py
[1.025s] [  0%] Built target actionlib_generate_messages_lisp
[1.055s] [  0%] Built target rosgraph_msgs_generate_messages_py
[1.056s] [  0%] Built target actionlib_generate_messages_eus
[1.056s] [  0%] Built target geometry_msgs_generate_messages_cpp
[1.070s] [  0%] Built target actionlib_generate_messages_nodejs
[1.097s] [  0%] Built target tf2_msgs_generate_messages_eus
[1.100s] [  0%] Built target autoware_system_msgs_generate_messages_eus
[1.107s] [  0%] Built target tf_generate_messages_cpp
[1.109s] [  0%] Built target pcl_msgs_generate_messages_lisp
[1.138s] [  0%] Built target actionlib_generate_messages_py
[1.146s] [  0%] Built target tf2_msgs_generate_messages_lisp
[1.156s] [  0%] Built target tf2_msgs_generate_messages_py
[1.163s] [  0%] Built target tf2_msgs_generate_messages_nodejs
[1.193s] [35m[1mScanning dependencies of target pure_pursuit[0m
[1.239s] [ 20%] [32mBuilding CXX object CMakeFiles/pure_pursuit.dir/src/pure_pursuit_core.cpp.o[0m
[9.379s] [ 40%] [32m[1mLinking CXX executable devel/lib/pure_pursuit/pure_pursuit[0m
[9.669s] [100%] Built target pure_pursuit
[9.691s] Invoked command in '/home/kimna/Desktop/autoware.ai/src/autoware/core_planning/pure_pursuit/build/pure_pursuit' returned '0': CONDA_PROMPT_MODIFIER=(base) /usr/bin/cmake --build /home/kimna/Desktop/autoware.ai/src/autoware/core_planning/pure_pursuit/build/pure_pursuit -- -j8 -l8
[9.995s] Invoking command in '/home/kimna/Desktop/autoware.ai/src/autoware/core_planning/pure_pursuit/build/pure_pursuit': CONDA_PROMPT_MODIFIER=(base) /usr/bin/cmake --build /home/kimna/Desktop/autoware.ai/src/autoware/core_planning/pure_pursuit/build/pure_pursuit --target tests -- -j8 -l8
[10.157s] [  0%] Built target jsk_recognition_msgs_generate_messages_lisp
[10.171s] [ 28%] Built target gtest
[10.177s] [ 28%] Built target actionlib_generate_messages_cpp
[10.179s] [ 28%] Built target autoware_system_msgs_generate_messages_lisp
[10.182s] [ 28%] Built target rosgraph_msgs_generate_messages_eus
[10.199s] [ 28%] Built target geometry_msgs_generate_messages_py
[10.211s] [ 28%] Built target jsk_recognition_msgs_generate_messages_eus
[10.215s] [ 28%] Built target pcl_msgs_generate_messages_eus
[10.254s] [ 28%] Built target autoware_system_msgs_generate_messages_py
[10.259s] [ 28%] Built target sensor_msgs_generate_messages_eus
[10.276s] [ 28%] Built target _catkin_empty_exported_target
[10.285s] [ 28%] Built target roscpp_generate_messages_cpp
[10.289s] [ 28%] Built target sensor_msgs_generate_messages_nodejs
[10.290s] [ 28%] Built target tf2_msgs_generate_messages_cpp
[10.305s] [ 28%] Built target sensor_msgs_generate_messages_cpp
[10.311s] [ 28%] Built target autoware_msgs_generate_messages_cpp
[10.365s] [ 28%] Built target autoware_msgs_generate_messages_py
[10.365s] [ 28%] Built target rosgraph_msgs_generate_messages_cpp
[10.381s] [ 28%] Built target std_msgs_generate_messages_py
[10.382s] [ 28%] Built target std_msgs_generate_messages_nodejs
[10.414s] [ 28%] Built target pcl_msgs_generate_messages_nodejs
[10.419s] [ 28%] Built target jsk_recognition_msgs_generate_messages_py
[10.420s] [ 28%] Built target sensor_msgs_generate_messages_lisp
[10.440s] [ 28%] Built target sensor_msgs_generate_messages_py
[10.450s] [ 28%] Built target std_msgs_generate_messages_cpp
[10.475s] [ 28%] Built target actionlib_msgs_generate_messages_nodejs
[10.479s] [ 28%] Built target jsk_footstep_msgs_generate_messages_py
[10.497s] [ 28%] Built target tf_generate_messages_py
[10.501s] [ 28%] Built target roscpp_generate_messages_nodejs
[10.501s] [ 28%] Built target std_msgs_generate_messages_lisp
[10.508s] [ 28%] Built target geometry_msgs_generate_messages_eus
[10.541s] [ 28%] Built target autoware_system_msgs_generate_messages_cpp
[10.569s] [ 28%] Built target pcl_msgs_generate_messages_cpp
[10.578s] [ 28%] Built target jsk_recognition_msgs_generate_messages_cpp
[10.590s] [ 28%] Built target autoware_msgs_generate_messages_eus
[10.598s] [ 28%] Built target geometry_msgs_generate_messages_nodejs
[10.605s] [ 28%] Built target autoware_msgs_generate_messages_lisp
[10.607s] [ 28%] Built target geometry_msgs_generate_messages_lisp
[10.615s] [ 28%] Built target autoware_msgs_generate_messages_nodejs
[10.616s] [ 28%] Built target std_msgs_generate_messages_eus
[10.649s] [ 28%] Built target jsk_footstep_msgs_generate_messages_eus
[10.678s] [ 28%] Built target autoware_config_msgs_generate_messages_eus
[10.687s] [ 28%] Built target jsk_footstep_msgs_generate_messages_lisp
[10.689s] [ 28%] Built target jsk_footstep_msgs_generate_messages_nodejs
[10.693s] [ 28%] Built target actionlib_msgs_generate_messages_py
[10.712s] [ 28%] Built target jsk_footstep_msgs_generate_messages_cpp
[10.717s] [ 28%] Built target actionlib_msgs_generate_messages_lisp
[10.724s] [ 28%] Built target autoware_system_msgs_generate_messages_nodejs
[10.734s] [ 28%] Built target actionlib_msgs_generate_messages_cpp
[10.757s] [ 28%] Built target tf_generate_messages_eus
[10.795s] [ 28%] Built target autoware_config_msgs_generate_messages_nodejs
[10.807s] [ 28%] Built target tf_generate_messages_nodejs
[10.816s] [ 28%] Built target jsk_recognition_msgs_generate_messages_nodejs
[10.819s] [ 28%] Built target roscpp_generate_messages_lisp
[10.825s] [ 28%] Built target rosgraph_msgs_generate_messages_lisp
[10.831s] [ 28%] Built target tf_generate_messages_lisp
[10.868s] [ 28%] Built target roscpp_generate_messages_py
[10.888s] [ 28%] Built target roscpp_generate_messages_eus
[10.890s] [ 28%] Built target rosgraph_msgs_generate_messages_nodejs
[10.898s] [ 28%] Built target autoware_config_msgs_generate_messages_cpp
[10.899s] [ 28%] Built target actionlib_msgs_generate_messages_eus
[10.928s] [ 28%] Built target rosgraph_msgs_generate_messages_py
[10.933s] [ 28%] Built target autoware_config_msgs_generate_messages_py
[10.965s] [ 28%] Built target pcl_msgs_generate_messages_py
[10.973s] [ 28%] Built target actionlib_generate_messages_eus
[10.993s] [ 28%] Built target tf_generate_messages_cpp
[11.000s] [ 28%] Built target geometry_msgs_generate_messages_cpp
[11.022s] [ 28%] Built target actionlib_generate_messages_lisp
[11.022s] [ 28%] Built target pcl_msgs_generate_messages_lisp
[11.023s] [ 28%] Built target autoware_system_msgs_generate_messages_eus
[11.030s] [ 28%] Built target actionlib_generate_messages_nodejs
[11.059s] [ 28%] Built target tf2_msgs_generate_messages_lisp
[11.060s] [ 28%] Built target tf2_msgs_generate_messages_py
[11.061s] [ 28%] Built target tf2_msgs_generate_messages_eus
[11.081s] [ 28%] Built target tf2_msgs_generate_messages_nodejs
[11.085s] [ 28%] Built target actionlib_generate_messages_py
[11.093s] [ 28%] Built target autoware_config_msgs_generate_messages_lisp
[11.123s] [35m[1mScanning dependencies of target test-pure_pursuit[0m
[11.173s] [ 42%] [32mBuilding CXX object CMakeFiles/test-pure_pursuit.dir/src/pure_pursuit_core.cpp.o[0m
[18.761s] [ 57%] [32m[1mLinking CXX executable devel/lib/pure_pursuit/test-pure_pursuit[0m
[19.045s] [100%] Built target test-pure_pursuit
[19.084s] [100%] Built target tests
[19.101s] Invoked command in '/home/kimna/Desktop/autoware.ai/src/autoware/core_planning/pure_pursuit/build/pure_pursuit' returned '0': CONDA_PROMPT_MODIFIER=(base) /usr/bin/cmake --build /home/kimna/Desktop/autoware.ai/src/autoware/core_planning/pure_pursuit/build/pure_pursuit --target tests -- -j8 -l8
[19.403s] Invoking command in '/home/kimna/Desktop/autoware.ai/src/autoware/core_planning/pure_pursuit/build/pure_pursuit': CONDA_PROMPT_MODIFIER=(base) /usr/bin/cmake --build /home/kimna/Desktop/autoware.ai/src/autoware/core_planning/pure_pursuit/build/pure_pursuit --target install -- -j8 -l8
[19.536s] [  0%] Built target autoware_config_msgs_generate_messages_lisp
[19.537s] [  0%] Built target actionlib_generate_messages_cpp
[19.540s] [  0%] Built target autoware_system_msgs_generate_messages_lisp
[19.554s] [  0%] Built target rosgraph_msgs_generate_messages_eus
[19.561s] [  0%] Built target jsk_recognition_msgs_generate_messages_lisp
[19.576s] [  0%] Built target jsk_recognition_msgs_generate_messages_eus
[19.581s] [  0%] Built target pcl_msgs_generate_messages_eus
[19.588s] [  0%] Built target geometry_msgs_generate_messages_py
[19.638s] [  0%] Built target sensor_msgs_generate_messages_nodejs
[19.647s] [  0%] Built target roscpp_generate_messages_cpp
[19.653s] [  0%] Built target autoware_system_msgs_generate_messages_py
[19.666s] [  0%] Built target sensor_msgs_generate_messages_eus
[19.671s] [  0%] Built target _catkin_empty_exported_target
[19.683s] [  0%] Built target sensor_msgs_generate_messages_cpp
[19.696s] [  0%] Built target autoware_msgs_generate_messages_cpp
[19.727s] [  0%] Built target tf2_msgs_generate_messages_cpp
[19.763s] [  0%] Built target std_msgs_generate_messages_py
[19.764s] [  0%] Built target std_msgs_generate_messages_nodejs
[19.767s] [  0%] Built target jsk_recognition_msgs_generate_messages_py
[19.769s] [  0%] Built target autoware_msgs_generate_messages_py
[19.791s] [  0%] Built target rosgraph_msgs_generate_messages_cpp
[19.800s] [  0%] Built target pcl_msgs_generate_messages_nodejs
[19.820s] [  0%] Built target sensor_msgs_generate_messages_lisp
[19.822s] [  0%] Built target sensor_msgs_generate_messages_py
[19.851s] [  0%] Built target tf_generate_messages_py
[19.855s] [  0%] Built target actionlib_msgs_generate_messages_nodejs
[19.861s] [  0%] Built target std_msgs_generate_messages_cpp
[19.870s] [  0%] Built target jsk_footstep_msgs_generate_messages_py
[19.915s] [  0%] Built target std_msgs_generate_messages_lisp
[19.919s] [  0%] Built target geometry_msgs_generate_messages_eus
[19.946s] [  0%] Built target roscpp_generate_messages_nodejs
[19.951s] [  0%] Built target autoware_system_msgs_generate_messages_cpp
[19.960s] [  0%] Built target jsk_recognition_msgs_generate_messages_cpp
[19.962s] [  0%] Built target pcl_msgs_generate_messages_cpp
[19.968s] [  0%] Built target geometry_msgs_generate_messages_lisp
[19.975s] [  0%] Built target geometry_msgs_generate_messages_nodejs
[20.000s] [  0%] Built target autoware_msgs_generate_messages_lisp
[20.033s] [  0%] Built target autoware_msgs_generate_messages_eus
[20.036s] [  0%] Built target jsk_footstep_msgs_generate_messages_eus
[20.056s] [  0%] Built target actionlib_msgs_generate_messages_py
[20.059s] [  0%] Built target std_msgs_generate_messages_eus
[20.065s] [  0%] Built target autoware_msgs_generate_messages_nodejs
[20.088s] [  0%] Built target jsk_footstep_msgs_generate_messages_lisp
[20.092s] [  0%] Built target jsk_footstep_msgs_generate_messages_nodejs
[20.118s] [  0%] Built target autoware_system_msgs_generate_messages_nodejs
[20.121s] [  0%] Built target actionlib_msgs_generate_messages_lisp
[20.135s] [  0%] Built target autoware_config_msgs_generate_messages_eus
[20.147s] [  0%] Built target jsk_footstep_msgs_generate_messages_cpp
[20.164s] [  0%] Built target tf_generate_messages_eus
[20.203s] [  0%] Built target tf_generate_messages_lisp
[20.204s] [  0%] Built target autoware_config_msgs_generate_messages_nodejs
[20.204s] [  0%] Built target tf_generate_messages_nodejs
[20.207s] [  0%] Built target actionlib_msgs_generate_messages_cpp
[20.225s] [  0%] Built target jsk_recognition_msgs_generate_messages_nodejs
[20.228s] [  0%] Built target roscpp_generate_messages_py
[20.247s] [  0%] Built target rosgraph_msgs_generate_messages_lisp
[20.253s] [  0%] Built target roscpp_generate_messages_lisp
[20.299s] [  0%] Built target rosgraph_msgs_generate_messages_nodejs
[20.301s] [  0%] Built target autoware_config_msgs_generate_messages_cpp
[20.317s] [  0%] Built target roscpp_generate_messages_eus
[20.331s] [  0%] Built target autoware_config_msgs_generate_messages_py
[20.339s] [  0%] Built target rosgraph_msgs_generate_messages_py
[20.342s] [  0%] Built target pcl_msgs_generate_messages_py
[20.354s] [  0%] Built target actionlib_msgs_generate_messages_eus
[20.385s] [  0%] Built target actionlib_generate_messages_eus
[20.394s] [  0%] Built target geometry_msgs_generate_messages_cpp
[20.405s] [  0%] Built target actionlib_generate_messages_lisp
[20.433s] [  0%] Built target actionlib_generate_messages_nodejs
[20.446s] [  0%] Built target tf_generate_messages_cpp
[20.452s] [  0%] Built target autoware_system_msgs_generate_messages_eus
[20.454s] [  0%] Built target pcl_msgs_generate_messages_lisp
[20.476s] [  0%] Built target tf2_msgs_generate_messages_eus
[20.483s] [  0%] Built target tf2_msgs_generate_messages_lisp
[20.484s] [  0%] Built target tf2_msgs_generate_messages_py
[20.505s] [  0%] Built target actionlib_generate_messages_py
[20.532s] [  0%] Built target tf2_msgs_generate_messages_nodejs
[20.583s] [100%] Built target pure_pursuit
[20.626s] [36mInstall the project...[0m
[20.640s] -- Install configuration: "Release"
[20.641s] -- Up-to-date: /home/kimna/Desktop/autoware.ai/src/autoware/core_planning/pure_pursuit/install/pure_pursuit/lib/pkgconfig/pure_pursuit.pc
[20.641s] -- Up-to-date: /home/kimna/Desktop/autoware.ai/src/autoware/core_planning/pure_pursuit/install/pure_pursuit/share/pure_pursuit/cmake/pure_pursuitConfig.cmake
[20.641s] -- Up-to-date: /home/kimna/Desktop/autoware.ai/src/autoware/core_planning/pure_pursuit/install/pure_pursuit/share/pure_pursuit/cmake/pure_pursuitConfig-version.cmake
[20.641s] -- Up-to-date: /home/kimna/Desktop/autoware.ai/src/autoware/core_planning/pure_pursuit/install/pure_pursuit/share/pure_pursuit/package.xml
[20.641s] -- Installing: /home/kimna/Desktop/autoware.ai/src/autoware/core_planning/pure_pursuit/install/pure_pursuit/lib/pure_pursuit/pure_pursuit
[20.646s] -- Set runtime path of "/home/kimna/Desktop/autoware.ai/src/autoware/core_planning/pure_pursuit/install/pure_pursuit/lib/pure_pursuit/pure_pursuit" to ""
[20.646s] -- Up-to-date: /home/kimna/Desktop/autoware.ai/src/autoware/core_planning/pure_pursuit/install/pure_pursuit/share/pure_pursuit/launch
[20.646s] -- Up-to-date: /home/kimna/Desktop/autoware.ai/src/autoware/core_planning/pure_pursuit/install/pure_pursuit/share/pure_pursuit/launch/pure_pursuit.launch
[20.649s] Invoked command in '/home/kimna/Desktop/autoware.ai/src/autoware/core_planning/pure_pursuit/build/pure_pursuit' returned '0': CONDA_PROMPT_MODIFIER=(base) /usr/bin/cmake --build /home/kimna/Desktop/autoware.ai/src/autoware/core_planning/pure_pursuit/build/pure_pursuit --target install -- -j8 -l8
