[0.140s] [  0%] Built target rosgraph_msgs_generate_messages_eus
[0.144s] [  0%] Built target autoware_config_msgs_generate_messages_lisp
[0.149s] [  0%] Built target jsk_recognition_msgs_generate_messages_lisp
[0.152s] [  0%] Built target jsk_recognition_msgs_generate_messages_eus
[0.162s] [  0%] Built target pcl_msgs_generate_messages_eus
[0.164s] [  0%] Built target autoware_system_msgs_generate_messages_lisp
[0.174s] [  0%] Built target geometry_msgs_generate_messages_py
[0.188s] [  0%] Built target actionlib_generate_messages_cpp
[0.222s] [  0%] Built target autoware_system_msgs_generate_messages_py
[0.222s] [  0%] Built target sensor_msgs_generate_messages_nodejs
[0.231s] [  0%] Built target sensor_msgs_generate_messages_eus
[0.232s] [  0%] Built target _catkin_empty_exported_target
[0.238s] [  0%] Built target roscpp_generate_messages_cpp
[0.241s] [  0%] Built target sensor_msgs_generate_messages_cpp
[0.243s] [  0%] Built target autoware_msgs_generate_messages_cpp
[0.289s] [  0%] Built target tf2_msgs_generate_messages_cpp
[0.289s] [  0%] Built target std_msgs_generate_messages_py
[0.295s] [  0%] Built target autoware_msgs_generate_messages_py
[0.298s] [  0%] Built target rosgraph_msgs_generate_messages_cpp
[0.321s] [  0%] Built target jsk_recognition_msgs_generate_messages_py
[0.330s] [  0%] Built target std_msgs_generate_messages_nodejs
[0.342s] [  0%] Built target sensor_msgs_generate_messages_lisp
[0.349s] [  0%] Built target pcl_msgs_generate_messages_nodejs
[0.357s] [  0%] Built target sensor_msgs_generate_messages_py
[0.370s] [  0%] Built target jsk_footstep_msgs_generate_messages_py
[0.376s] [  0%] Built target tf_generate_messages_py
[0.376s] [  0%] Built target std_msgs_generate_messages_cpp
[0.392s] [  0%] Built target actionlib_msgs_generate_messages_nodejs
[0.402s] [  0%] Built target geometry_msgs_generate_messages_eus
[0.419s] [  0%] Built target std_msgs_generate_messages_lisp
[0.422s] [  0%] Built target roscpp_generate_messages_nodejs
[0.441s] [  0%] Built target autoware_system_msgs_generate_messages_cpp
[0.447s] [  0%] Built target geometry_msgs_generate_messages_nodejs
[0.454s] [  0%] Built target geometry_msgs_generate_messages_lisp
[0.461s] [  0%] Built target jsk_recognition_msgs_generate_messages_cpp
[0.496s] [  0%] Built target autoware_msgs_generate_messages_lisp
[0.496s] [  0%] Built target autoware_msgs_generate_messages_eus
[0.502s] [  0%] Built target pcl_msgs_generate_messages_cpp
[0.505s] [  0%] Built target std_msgs_generate_messages_eus
[0.517s] [  0%] Built target jsk_footstep_msgs_generate_messages_eus
[0.526s] [  0%] Built target autoware_msgs_generate_messages_nodejs
[0.526s] [  0%] Built target actionlib_msgs_generate_messages_py
[0.541s] [  0%] Built target autoware_config_msgs_generate_messages_eus
[0.562s] [  0%] Built target jsk_footstep_msgs_generate_messages_lisp
[0.573s] [  0%] Built target jsk_footstep_msgs_generate_messages_nodejs
[0.581s] [  0%] Built target autoware_system_msgs_generate_messages_nodejs
[0.590s] [  0%] Built target jsk_footstep_msgs_generate_messages_cpp
[0.593s] [  0%] Built target actionlib_msgs_generate_messages_lisp
[0.611s] [  0%] Built target actionlib_msgs_generate_messages_cpp
[0.617s] [  0%] Built target tf_generate_messages_eus
[0.621s] [  0%] Built target tf_generate_messages_lisp
[0.630s] [  0%] Built target autoware_config_msgs_generate_messages_nodejs
[0.634s] [  0%] Built target jsk_recognition_msgs_generate_messages_nodejs
[0.646s] [  0%] Built target tf_generate_messages_nodejs
[0.651s] [  0%] Built target roscpp_generate_messages_py
[0.667s] [  0%] Built target roscpp_generate_messages_lisp
[0.681s] [  0%] Built target rosgraph_msgs_generate_messages_lisp
[0.689s] [  0%] Built target autoware_config_msgs_generate_messages_cpp
[0.690s] [  0%] Built target rosgraph_msgs_generate_messages_nodejs
[0.700s] [  0%] Built target roscpp_generate_messages_eus
[0.708s] [  0%] Built target rosgraph_msgs_generate_messages_py
[0.710s] [  0%] Built target actionlib_msgs_generate_messages_eus
[0.722s] [  0%] Built target autoware_config_msgs_generate_messages_py
[0.737s] [  0%] Built target pcl_msgs_generate_messages_py
[0.741s] [  0%] Built target actionlib_generate_messages_eus
[0.759s] [  0%] Built target actionlib_generate_messages_lisp
[0.761s] [  0%] Built target geometry_msgs_generate_messages_cpp
[0.777s] [  0%] Built target pcl_msgs_generate_messages_lisp
[0.786s] [  0%] Built target autoware_system_msgs_generate_messages_eus
[0.789s] [  0%] Built target tf_generate_messages_cpp
[0.801s] [  0%] Built target actionlib_generate_messages_nodejs
[0.806s] [  0%] Built target tf2_msgs_generate_messages_eus
[0.811s] [  0%] Built target tf2_msgs_generate_messages_lisp
[0.819s] [  0%] Built target actionlib_generate_messages_py
[0.826s] [  0%] Built target tf2_msgs_generate_messages_py
[0.829s] [  0%] Built target tf2_msgs_generate_messages_nodejs
[0.850s] [35m[1mScanning dependencies of target pure_pursuit[0m
[0.889s] [ 20%] [32mBuilding CXX object CMakeFiles/pure_pursuit.dir/src/pure_pursuit_core.cpp.o[0m
[3.248s] In file included from [01m[K/home/kimna/Desktop/autoware.ai/src/autoware/core_planning/pure_pursuit/src/pure_pursuit_core.cpp:19:0[m[K:
[3.249s] [01m[K/home/kimna/Desktop/autoware.ai/src/autoware/core_planning/pure_pursuit/include/pure_pursuit/stanley.h:[m[K In member function ‘[01m[Kdouble Stanley::calculate_steering(float, float, float, std::vector<autoware_msgs::Waypoint_<std::allocator<void> >, std::allocator<autoware_msgs::Waypoint_<std::allocator<void> > > >, float)[m[K’:
[3.249s] [01m[K/home/kimna/Desktop/autoware.ai/src/autoware/core_planning/pure_pursuit/include/pure_pursuit/stanley.h:114:57:[m[K [01;35m[Kwarning: [m[Knarrowing conversion of ‘[01m[K(waypoints.std::vector<autoware_msgs::Waypoint_<std::allocator<void> >, std::allocator<autoware_msgs::Waypoint_<std::allocator<void> > > >::at(0).autoware_msgs::Waypoint_<std::allocator<void> >::pose.geometry_msgs::PoseStamped_<std::allocator<void> >::pose.geometry_msgs::Pose_<std::allocator<void> >::position.geometry_msgs::Point_<std::allocator<void> >::x - ((geometry_msgs::Point_<std::allocator<void> >::_x_type)x))[m[K’ from ‘[01m[Kgeometry_msgs::Point_<std::allocator<void> >::_x_type {aka double}[m[K’ to ‘[01m[Kfloat[m[K’ inside { } [[01;35m[K-Wnarrowing[m[K]
[3.249s]      float v1[2] = {[01;35m[Kwaypoints.at(0).pose.pose.position.x - x[m[K, waypoints.at(0).pose.pose.position.y - y};
[3.249s]                     [01;35m[K~~~~~~~~~~~~~~~~~~~~~~~~~~~~~~~~~~~~~^~~[m[K
[3.249s] [01m[K/home/kimna/Desktop/autoware.ai/src/autoware/core_planning/pure_pursuit/include/pure_pursuit/stanley.h:114:99:[m[K [01;35m[Kwarning: [m[Knarrowing conversion of ‘[01m[K(waypoints.std::vector<autoware_msgs::Waypoint_<std::allocator<void> >, std::allocator<autoware_msgs::Waypoint_<std::allocator<void> > > >::at(0).autoware_msgs::Waypoint_<std::allocator<void> >::pose.geometry_msgs::PoseStamped_<std::allocator<void> >::pose.geometry_msgs::Pose_<std::allocator<void> >::position.geometry_msgs::Point_<std::allocator<void> >::y - ((geometry_msgs::Point_<std::allocator<void> >::_y_type)y))[m[K’ from ‘[01m[Kgeometry_msgs::Point_<std::allocator<void> >::_y_type {aka double}[m[K’ to ‘[01m[Kfloat[m[K’ inside { } [[01;35m[K-Wnarrowing[m[K]
[3.249s]  ints.at(0).pose.pose.position.x - x, [01;35m[Kwaypoints.at(0).pose.pose.position.y - y[m[K};
[3.249s]                                       [01;35m[K~~~~~~~~~~~~~~~~~~~~~~~~~~~~~~~~~~~~~^~~[m[K
[7.754s] [ 40%] [32m[1mLinking CXX executable devel/lib/pure_pursuit/pure_pursuit[0m
[7.991s] [100%] Built target pure_pursuit
[8.378s] [  0%] Built target actionlib_generate_messages_cpp
[8.382s] [  0%] Built target rosgraph_msgs_generate_messages_eus
[8.382s] [ 28%] Built target gtest
[8.383s] [  0%] Built target jsk_recognition_msgs_generate_messages_lisp
[8.384s] [ 28%] Built target geometry_msgs_generate_messages_py
[8.387s] [ 28%] Built target pcl_msgs_generate_messages_eus
[8.398s] [ 28%] Built target autoware_system_msgs_generate_messages_lisp
[8.408s] [ 28%] Built target jsk_recognition_msgs_generate_messages_eus
[8.448s] [ 28%] Built target sensor_msgs_generate_messages_cpp
[8.449s] [ 28%] Built target autoware_system_msgs_generate_messages_py
[8.454s] [ 28%] Built target _catkin_empty_exported_target
[8.455s] [ 28%] Built target roscpp_generate_messages_cpp
[8.456s] [ 28%] Built target sensor_msgs_generate_messages_nodejs
[8.465s] [ 28%] Built target sensor_msgs_generate_messages_eus
[8.473s] [ 28%] Built target autoware_msgs_generate_messages_cpp
[8.481s] [ 28%] Built target tf2_msgs_generate_messages_cpp
[8.521s] [ 28%] Built target std_msgs_generate_messages_py
[8.528s] [ 28%] Built target pcl_msgs_generate_messages_nodejs
[8.528s] [ 28%] Built target rosgraph_msgs_generate_messages_cpp
[8.528s] [ 28%] Built target autoware_msgs_generate_messages_py
[8.534s] [ 28%] Built target jsk_recognition_msgs_generate_messages_py
[8.550s] [ 28%] Built target sensor_msgs_generate_messages_py
[8.551s] [ 28%] Built target std_msgs_generate_messages_nodejs
[8.574s] [ 28%] Built target sensor_msgs_generate_messages_lisp
[8.595s] [ 28%] Built target geometry_msgs_generate_messages_eus
[8.598s] [ 28%] Built target tf_generate_messages_py
[8.598s] [ 28%] Built target actionlib_msgs_generate_messages_nodejs
[8.608s] [ 28%] Built target jsk_footstep_msgs_generate_messages_py
[8.610s] [ 28%] Built target std_msgs_generate_messages_cpp
[8.632s] [ 28%] Built target std_msgs_generate_messages_lisp
[8.657s] [ 28%] Built target geometry_msgs_generate_messages_nodejs
[8.662s] [ 28%] Built target autoware_system_msgs_generate_messages_cpp
[8.667s] [ 28%] Built target geometry_msgs_generate_messages_lisp
[8.675s] [ 28%] Built target roscpp_generate_messages_nodejs
[8.678s] [ 28%] Built target pcl_msgs_generate_messages_cpp
[8.683s] [ 28%] Built target jsk_recognition_msgs_generate_messages_cpp
[8.687s] [ 28%] Built target autoware_msgs_generate_messages_eus
[8.709s] [ 28%] Built target autoware_msgs_generate_messages_lisp
[8.732s] [ 28%] Built target std_msgs_generate_messages_eus
[8.734s] [ 28%] Built target autoware_msgs_generate_messages_nodejs
[8.754s] [ 28%] Built target jsk_footstep_msgs_generate_messages_eus
[8.754s] [ 28%] Built target actionlib_msgs_generate_messages_py
[8.763s] [ 28%] Built target jsk_footstep_msgs_generate_messages_nodejs
[8.774s] [ 28%] Built target jsk_footstep_msgs_generate_messages_lisp
[8.776s] [ 28%] Built target autoware_config_msgs_generate_messages_eus
[8.776s] [ 28%] Built target autoware_system_msgs_generate_messages_nodejs
[8.805s] [ 28%] Built target actionlib_msgs_generate_messages_lisp
[8.809s] [ 28%] Built target jsk_footstep_msgs_generate_messages_cpp
[8.819s] [ 28%] Built target tf_generate_messages_eus
[8.839s] [ 28%] Built target tf_generate_messages_nodejs
[8.842s] [ 28%] Built target actionlib_msgs_generate_messages_cpp
[8.843s] [ 28%] Built target jsk_recognition_msgs_generate_messages_nodejs
[8.846s] [ 28%] Built target tf_generate_messages_lisp
[8.858s] [ 28%] Built target autoware_config_msgs_generate_messages_nodejs
[8.877s] [ 28%] Built target roscpp_generate_messages_py
[8.882s] [ 28%] Built target roscpp_generate_messages_lisp
[8.902s] [ 28%] Built target rosgraph_msgs_generate_messages_lisp
[8.918s] [ 28%] Built target actionlib_msgs_generate_messages_eus
[8.918s] [ 28%] Built target roscpp_generate_messages_eus
[8.920s] [ 28%] Built target autoware_config_msgs_generate_messages_cpp
[8.923s] [ 28%] Built target rosgraph_msgs_generate_messages_py
[8.927s] [ 28%] Built target rosgraph_msgs_generate_messages_nodejs
[8.944s] [ 28%] Built target autoware_config_msgs_generate_messages_py
[8.951s] [ 28%] Built target pcl_msgs_generate_messages_py
[8.973s] [ 28%] Built target actionlib_generate_messages_lisp
[8.982s] [ 28%] Built target geometry_msgs_generate_messages_cpp
[8.994s] [ 28%] Built target actionlib_generate_messages_nodejs
[8.994s] [ 28%] Built target actionlib_generate_messages_eus
[9.004s] [ 28%] Built target pcl_msgs_generate_messages_lisp
[9.004s] [ 28%] Built target tf_generate_messages_cpp
[9.019s] [ 28%] Built target autoware_system_msgs_generate_messages_eus
[9.026s] [ 28%] Built target tf2_msgs_generate_messages_eus
[9.039s] [ 28%] Built target tf2_msgs_generate_messages_lisp
[9.050s] [ 28%] Built target tf2_msgs_generate_messages_nodejs
[9.053s] [ 28%] Built target autoware_config_msgs_generate_messages_lisp
[9.058s] [ 28%] Built target actionlib_generate_messages_py
[9.060s] [ 28%] Built target tf2_msgs_generate_messages_py
[9.081s] [35m[1mScanning dependencies of target test-pure_pursuit[0m
[9.120s] [ 42%] [32mBuilding CXX object CMakeFiles/test-pure_pursuit.dir/src/pure_pursuit_core.cpp.o[0m
[11.444s] In file included from [01m[K/home/kimna/Desktop/autoware.ai/src/autoware/core_planning/pure_pursuit/src/pure_pursuit_core.cpp:19:0[m[K:
[11.444s] [01m[K/home/kimna/Desktop/autoware.ai/src/autoware/core_planning/pure_pursuit/include/pure_pursuit/stanley.h:[m[K In member function ‘[01m[Kdouble Stanley::calculate_steering(float, float, float, std::vector<autoware_msgs::Waypoint_<std::allocator<void> >, std::allocator<autoware_msgs::Waypoint_<std::allocator<void> > > >, float)[m[K’:
[11.444s] [01m[K/home/kimna/Desktop/autoware.ai/src/autoware/core_planning/pure_pursuit/include/pure_pursuit/stanley.h:114:57:[m[K [01;35m[Kwarning: [m[Knarrowing conversion of ‘[01m[K(waypoints.std::vector<autoware_msgs::Waypoint_<std::allocator<void> >, std::allocator<autoware_msgs::Waypoint_<std::allocator<void> > > >::at(0).autoware_msgs::Waypoint_<std::allocator<void> >::pose.geometry_msgs::PoseStamped_<std::allocator<void> >::pose.geometry_msgs::Pose_<std::allocator<void> >::position.geometry_msgs::Point_<std::allocator<void> >::x - ((geometry_msgs::Point_<std::allocator<void> >::_x_type)x))[m[K’ from ‘[01m[Kgeometry_msgs::Point_<std::allocator<void> >::_x_type {aka double}[m[K’ to ‘[01m[Kfloat[m[K’ inside { } [[01;35m[K-Wnarrowing[m[K]
[11.444s]      float v1[2] = {[01;35m[Kwaypoints.at(0).pose.pose.position.x - x[m[K, waypoints.at(0).pose.pose.position.y - y};
[11.444s]                     [01;35m[K~~~~~~~~~~~~~~~~~~~~~~~~~~~~~~~~~~~~~^~~[m[K
[11.444s] [01m[K/home/kimna/Desktop/autoware.ai/src/autoware/core_planning/pure_pursuit/include/pure_pursuit/stanley.h:114:99:[m[K [01;35m[Kwarning: [m[Knarrowing conversion of ‘[01m[K(waypoints.std::vector<autoware_msgs::Waypoint_<std::allocator<void> >, std::allocator<autoware_msgs::Waypoint_<std::allocator<void> > > >::at(0).autoware_msgs::Waypoint_<std::allocator<void> >::pose.geometry_msgs::PoseStamped_<std::allocator<void> >::pose.geometry_msgs::Pose_<std::allocator<void> >::position.geometry_msgs::Point_<std::allocator<void> >::y - ((geometry_msgs::Point_<std::allocator<void> >::_y_type)y))[m[K’ from ‘[01m[Kgeometry_msgs::Point_<std::allocator<void> >::_y_type {aka double}[m[K’ to ‘[01m[Kfloat[m[K’ inside { } [[01;35m[K-Wnarrowing[m[K]
[11.444s]  ints.at(0).pose.pose.position.x - x, [01;35m[Kwaypoints.at(0).pose.pose.position.y - y[m[K};
[11.445s]                                       [01;35m[K~~~~~~~~~~~~~~~~~~~~~~~~~~~~~~~~~~~~~^~~[m[K
[16.004s] [ 57%] [32m[1mLinking CXX executable devel/lib/pure_pursuit/test-pure_pursuit[0m
[16.289s] [100%] Built target test-pure_pursuit
[16.331s] [100%] Built target tests
[16.737s] [  0%] Built target pcl_msgs_generate_messages_eus
[16.742s] [  0%] Built target autoware_config_msgs_generate_messages_lisp
[16.758s] [  0%] Built target actionlib_generate_messages_cpp
[16.762s] [  0%] Built target geometry_msgs_generate_messages_py
[16.766s] [  0%] Built target jsk_recognition_msgs_generate_messages_lisp
[16.766s] [  0%] Built target rosgraph_msgs_generate_messages_eus
[16.775s] [  0%] Built target autoware_system_msgs_generate_messages_lisp
[16.782s] [  0%] Built target jsk_recognition_msgs_generate_messages_eus
[16.813s] [  0%] Built target autoware_system_msgs_generate_messages_py
[16.820s] [  0%] Built target sensor_msgs_generate_messages_eus
[16.834s] [  0%] Built target roscpp_generate_messages_cpp
[16.855s] [  0%] Built target sensor_msgs_generate_messages_nodejs
[16.858s] [  0%] Built target sensor_msgs_generate_messages_cpp
[16.859s] [  0%] Built target _catkin_empty_exported_target
[16.873s] [  0%] Built target tf2_msgs_generate_messages_cpp
[16.909s] [  0%] Built target autoware_msgs_generate_messages_cpp
[16.911s] [  0%] Built target autoware_msgs_generate_messages_py
[16.911s] [  0%] Built target std_msgs_generate_messages_py
[16.915s] [  0%] Built target rosgraph_msgs_generate_messages_cpp
[16.923s] [  0%] Built target std_msgs_generate_messages_nodejs
[16.938s] [  0%] Built target jsk_recognition_msgs_generate_messages_py
[16.951s] [  0%] Built target sensor_msgs_generate_messages_lisp
[16.953s] [  0%] Built target pcl_msgs_generate_messages_nodejs
[16.974s] [  0%] Built target tf_generate_messages_py
[16.983s] [  0%] Built target sensor_msgs_generate_messages_py
[16.988s] [  0%] Built target jsk_footstep_msgs_generate_messages_py
[16.993s] [  0%] Built target std_msgs_generate_messages_cpp
[17.006s] [  0%] Built target actionlib_msgs_generate_messages_nodejs
[17.016s] [  0%] Built target geometry_msgs_generate_messages_eus
[17.025s] [  0%] Built target roscpp_generate_messages_nodejs
[17.031s] [  0%] Built target std_msgs_generate_messages_lisp
[17.046s] [  0%] Built target geometry_msgs_generate_messages_nodejs
[17.057s] [  0%] Built target autoware_system_msgs_generate_messages_cpp
[17.058s] [  0%] Built target geometry_msgs_generate_messages_lisp
[17.069s] [  0%] Built target pcl_msgs_generate_messages_cpp
[17.074s] [  0%] Built target jsk_recognition_msgs_generate_messages_cpp
[17.079s] [  0%] Built target autoware_msgs_generate_messages_eus
[17.104s] [  0%] Built target std_msgs_generate_messages_eus
[17.116s] [  0%] Built target autoware_msgs_generate_messages_nodejs
[17.124s] [  0%] Built target autoware_msgs_generate_messages_lisp
[17.124s] [  0%] Built target autoware_config_msgs_generate_messages_eus
[17.128s] [  0%] Built target jsk_footstep_msgs_generate_messages_eus
[17.141s] [  0%] Built target jsk_footstep_msgs_generate_messages_lisp
[17.145s] [  0%] Built target jsk_footstep_msgs_generate_messages_nodejs
[17.154s] [  0%] Built target actionlib_msgs_generate_messages_py
[17.185s] [  0%] Built target autoware_system_msgs_generate_messages_nodejs
[17.186s] [  0%] Built target actionlib_msgs_generate_messages_lisp
[17.198s] [  0%] Built target actionlib_msgs_generate_messages_cpp
[17.205s] [  0%] Built target jsk_footstep_msgs_generate_messages_cpp
[17.211s] [  0%] Built target tf_generate_messages_eus
[17.212s] [  0%] Built target tf_generate_messages_lisp
[17.226s] [  0%] Built target tf_generate_messages_nodejs
[17.249s] [  0%] Built target autoware_config_msgs_generate_messages_nodejs
[17.254s] [  0%] Built target jsk_recognition_msgs_generate_messages_nodejs
[17.264s] [  0%] Built target roscpp_generate_messages_py
[17.277s] [  0%] Built target autoware_config_msgs_generate_messages_cpp
[17.277s] [  0%] Built target roscpp_generate_messages_lisp
[17.282s] [  0%] Built target rosgraph_msgs_generate_messages_lisp
[17.287s] [  0%] Built target rosgraph_msgs_generate_messages_nodejs
[17.330s] [  0%] Built target roscpp_generate_messages_eus
[17.334s] [  0%] Built target rosgraph_msgs_generate_messages_py
[17.337s] [  0%] Built target actionlib_msgs_generate_messages_eus
[17.343s] [  0%] Built target pcl_msgs_generate_messages_py
[17.351s] [  0%] Built target autoware_config_msgs_generate_messages_py
[17.358s] [  0%] Built target actionlib_generate_messages_lisp
[17.362s] [  0%] Built target geometry_msgs_generate_messages_cpp
[17.369s] [  0%] Built target actionlib_generate_messages_eus
[17.420s] [  0%] Built target tf_generate_messages_cpp
[17.425s] [  0%] Built target pcl_msgs_generate_messages_lisp
[17.426s] [  0%] Built target actionlib_generate_messages_py
[17.431s] [  0%] Built target autoware_system_msgs_generate_messages_eus
[17.432s] [  0%] Built target actionlib_generate_messages_nodejs
[17.440s] [  0%] Built target tf2_msgs_generate_messages_lisp
[17.442s] [  0%] Built target tf2_msgs_generate_messages_eus
[17.453s] [  0%] Built target tf2_msgs_generate_messages_py
[17.471s] [  0%] Built target tf2_msgs_generate_messages_nodejs
[17.522s] [100%] Built target pure_pursuit
[17.563s] [36mInstall the project...[0m
[17.580s] -- Install configuration: "Release"
[17.580s] -- Up-to-date: /home/kimna/Desktop/autoware.ai/src/autoware/core_planning/pure_pursuit/install/pure_pursuit/lib/pkgconfig/pure_pursuit.pc
[17.580s] -- Up-to-date: /home/kimna/Desktop/autoware.ai/src/autoware/core_planning/pure_pursuit/install/pure_pursuit/share/pure_pursuit/cmake/pure_pursuitConfig.cmake
[17.580s] -- Up-to-date: /home/kimna/Desktop/autoware.ai/src/autoware/core_planning/pure_pursuit/install/pure_pursuit/share/pure_pursuit/cmake/pure_pursuitConfig-version.cmake
[17.580s] -- Up-to-date: /home/kimna/Desktop/autoware.ai/src/autoware/core_planning/pure_pursuit/install/pure_pursuit/share/pure_pursuit/package.xml
[17.580s] -- Installing: /home/kimna/Desktop/autoware.ai/src/autoware/core_planning/pure_pursuit/install/pure_pursuit/lib/pure_pursuit/pure_pursuit
[17.585s] -- Set runtime path of "/home/kimna/Desktop/autoware.ai/src/autoware/core_planning/pure_pursuit/install/pure_pursuit/lib/pure_pursuit/pure_pursuit" to ""
[17.585s] -- Up-to-date: /home/kimna/Desktop/autoware.ai/src/autoware/core_planning/pure_pursuit/install/pure_pursuit/share/pure_pursuit/launch
[17.586s] -- Up-to-date: /home/kimna/Desktop/autoware.ai/src/autoware/core_planning/pure_pursuit/install/pure_pursuit/share/pure_pursuit/launch/pure_pursuit.launch
