[0.026s] Invoking command in '/home/kimna/Desktop/autoware.ai/src/autoware/core_planning/pure_pursuit/build/pure_pursuit': CONDA_PROMPT_MODIFIER=(base) /usr/bin/cmake --build /home/kimna/Desktop/autoware.ai/src/autoware/core_planning/pure_pursuit/build/pure_pursuit -- -j8 -l8
[0.147s] [  0%] Built target actionlib_generate_messages_cpp
[0.149s] [  0%] Built target autoware_config_msgs_generate_messages_lisp
[0.149s] [  0%] Built target rosgraph_msgs_generate_messages_eus
[0.152s] [  0%] Built target jsk_recognition_msgs_generate_messages_eus
[0.157s] [  0%] Built target jsk_recognition_msgs_generate_messages_lisp
[0.159s] [  0%] Built target pcl_msgs_generate_messages_eus
[0.172s] [  0%] Built target geometry_msgs_generate_messages_py
[0.178s] [  0%] Built target autoware_system_msgs_generate_messages_lisp
[0.226s] [  0%] Built target roscpp_generate_messages_cpp
[0.229s] [  0%] Built target _catkin_empty_exported_target
[0.230s] [  0%] Built target autoware_system_msgs_generate_messages_py
[0.233s] [  0%] Built target sensor_msgs_generate_messages_cpp
[0.241s] [  0%] Built target sensor_msgs_generate_messages_eus
[0.249s] [  0%] Built target tf2_msgs_generate_messages_cpp
[0.256s] [  0%] Built target autoware_msgs_generate_messages_cpp
[0.273s] [  0%] Built target sensor_msgs_generate_messages_nodejs
[0.299s] [  0%] Built target autoware_msgs_generate_messages_py
[0.301s] [  0%] Built target std_msgs_generate_messages_nodejs
[0.314s] [  0%] Built target std_msgs_generate_messages_py
[0.314s] [  0%] Built target rosgraph_msgs_generate_messages_cpp
[0.320s] [  0%] Built target sensor_msgs_generate_messages_lisp
[0.327s] [  0%] Built target pcl_msgs_generate_messages_nodejs
[0.336s] [  0%] Built target jsk_recognition_msgs_generate_messages_py
[0.352s] [  0%] Built target sensor_msgs_generate_messages_py
[0.354s] [  0%] Built target std_msgs_generate_messages_cpp
[0.384s] [  0%] Built target tf_generate_messages_py
[0.393s] [  0%] Built target actionlib_msgs_generate_messages_nodejs
[0.396s] [  0%] Built target geometry_msgs_generate_messages_eus
[0.405s] [  0%] Built target jsk_footstep_msgs_generate_messages_py
[0.406s] [  0%] Built target std_msgs_generate_messages_lisp
[0.430s] [  0%] Built target roscpp_generate_messages_nodejs
[0.440s] [  0%] Built target geometry_msgs_generate_messages_nodejs
[0.447s] [  0%] Built target autoware_system_msgs_generate_messages_cpp
[0.465s] [  0%] Built target jsk_recognition_msgs_generate_messages_cpp
[0.468s] [  0%] Built target geometry_msgs_generate_messages_lisp
[0.479s] [  0%] Built target pcl_msgs_generate_messages_cpp
[0.497s] [  0%] Built target autoware_msgs_generate_messages_eus
[0.505s] [  0%] Built target std_msgs_generate_messages_eus
[0.507s] [  0%] Built target autoware_msgs_generate_messages_lisp
[0.516s] [  0%] Built target autoware_msgs_generate_messages_nodejs
[0.532s] [  0%] Built target jsk_footstep_msgs_generate_messages_eus
[0.542s] [  0%] Built target autoware_config_msgs_generate_messages_eus
[0.567s] [  0%] Built target jsk_footstep_msgs_generate_messages_lisp
[0.570s] [  0%] Built target actionlib_msgs_generate_messages_py
[0.571s] [  0%] Built target autoware_system_msgs_generate_messages_nodejs
[0.588s] [  0%] Built target actionlib_msgs_generate_messages_lisp
[0.589s] [  0%] Built target actionlib_msgs_generate_messages_cpp
[0.596s] [  0%] Built target jsk_footstep_msgs_generate_messages_nodejs
[0.602s] [  0%] Built target jsk_footstep_msgs_generate_messages_cpp
[0.626s] [  0%] Built target tf_generate_messages_eus
[0.650s] [  0%] Built target autoware_config_msgs_generate_messages_nodejs
[0.653s] [  0%] Built target tf_generate_messages_nodejs
[0.653s] [  0%] Built target roscpp_generate_messages_lisp
[0.671s] [  0%] Built target roscpp_generate_messages_py
[0.671s] [  0%] Built target jsk_recognition_msgs_generate_messages_nodejs
[0.684s] [  0%] Built target tf_generate_messages_lisp
[0.704s] [  0%] Built target rosgraph_msgs_generate_messages_lisp
[0.706s] [  0%] Built target autoware_config_msgs_generate_messages_cpp
[0.716s] [  0%] Built target rosgraph_msgs_generate_messages_nodejs
[0.740s] [  0%] Built target rosgraph_msgs_generate_messages_py
[0.742s] [  0%] Built target actionlib_msgs_generate_messages_eus
[0.747s] [  0%] Built target roscpp_generate_messages_eus
[0.753s] [  0%] Built target pcl_msgs_generate_messages_py
[0.772s] [  0%] Built target geometry_msgs_generate_messages_cpp
[0.784s] [  0%] Built target autoware_config_msgs_generate_messages_py
[0.793s] [  0%] Built target actionlib_generate_messages_eus
[0.815s] [  0%] Built target actionlib_generate_messages_lisp
[0.826s] [  0%] Built target tf_generate_messages_cpp
[0.832s] [  0%] Built target pcl_msgs_generate_messages_lisp
[0.838s] [  0%] Built target actionlib_generate_messages_nodejs
[0.853s] [  0%] Built target autoware_system_msgs_generate_messages_eus
[0.853s] [  0%] Built target tf2_msgs_generate_messages_eus
[0.866s] [  0%] Built target tf2_msgs_generate_messages_lisp
[0.878s] [  0%] Built target actionlib_generate_messages_py
[0.879s] [  0%] Built target tf2_msgs_generate_messages_nodejs
[0.887s] [  0%] Built target tf2_msgs_generate_messages_py
[0.911s] [35m[1mScanning dependencies of target pure_pursuit[0m
[0.954s] [ 20%] [32mBuilding CXX object CMakeFiles/pure_pursuit.dir/src/pure_pursuit.cpp.o[0m
[0.955s] [ 40%] [32mBuilding CXX object CMakeFiles/pure_pursuit.dir/src/pure_pursuit_core.cpp.o[0m
[8.522s] [ 60%] [32m[1mLinking CXX executable devel/lib/pure_pursuit/pure_pursuit[0m
[8.812s] [100%] Built target pure_pursuit
[8.831s] Invoked command in '/home/kimna/Desktop/autoware.ai/src/autoware/core_planning/pure_pursuit/build/pure_pursuit' returned '0': CONDA_PROMPT_MODIFIER=(base) /usr/bin/cmake --build /home/kimna/Desktop/autoware.ai/src/autoware/core_planning/pure_pursuit/build/pure_pursuit -- -j8 -l8
[9.087s] Invoking command in '/home/kimna/Desktop/autoware.ai/src/autoware/core_planning/pure_pursuit/build/pure_pursuit': CONDA_PROMPT_MODIFIER=(base) /usr/bin/cmake --build /home/kimna/Desktop/autoware.ai/src/autoware/core_planning/pure_pursuit/build/pure_pursuit --target tests -- -j8 -l8
[9.221s] [  0%] Built target pcl_msgs_generate_messages_eus
[9.228s] [  0%] Built target rosgraph_msgs_generate_messages_eus
[9.244s] [  0%] Built target geometry_msgs_generate_messages_py
[9.249s] [ 28%] Built target gtest
[9.251s] [ 28%] Built target autoware_system_msgs_generate_messages_lisp
[9.254s] [ 28%] Built target jsk_recognition_msgs_generate_messages_eus
[9.259s] [ 28%] Built target jsk_recognition_msgs_generate_messages_lisp
[9.266s] [ 28%] Built target actionlib_generate_messages_cpp
[9.307s] [ 28%] Built target autoware_system_msgs_generate_messages_py
[9.318s] [ 28%] Built target roscpp_generate_messages_cpp
[9.331s] [ 28%] Built target sensor_msgs_generate_messages_nodejs
[9.335s] [ 28%] Built target sensor_msgs_generate_messages_eus
[9.338s] [ 28%] Built target autoware_msgs_generate_messages_cpp
[9.341s] [ 28%] Built target _catkin_empty_exported_target
[9.349s] [ 28%] Built target tf2_msgs_generate_messages_cpp
[9.362s] [ 28%] Built target sensor_msgs_generate_messages_cpp
[9.386s] [ 28%] Built target std_msgs_generate_messages_py
[9.399s] [ 28%] Built target autoware_msgs_generate_messages_py
[9.402s] [ 28%] Built target pcl_msgs_generate_messages_nodejs
[9.412s] [ 28%] Built target jsk_recognition_msgs_generate_messages_py
[9.415s] [ 28%] Built target std_msgs_generate_messages_nodejs
[9.422s] [ 28%] Built target rosgraph_msgs_generate_messages_cpp
[9.423s] [ 28%] Built target sensor_msgs_generate_messages_lisp
[9.434s] [ 28%] Built target sensor_msgs_generate_messages_py
[9.465s] [ 28%] Built target std_msgs_generate_messages_cpp
[9.486s] [ 28%] Built target jsk_footstep_msgs_generate_messages_py
[9.487s] [ 28%] Built target geometry_msgs_generate_messages_eus
[9.489s] [ 28%] Built target actionlib_msgs_generate_messages_nodejs
[9.508s] [ 28%] Built target tf_generate_messages_py
[9.524s] [ 28%] Built target roscpp_generate_messages_nodejs
[9.524s] [ 28%] Built target autoware_system_msgs_generate_messages_cpp
[9.527s] [ 28%] Built target std_msgs_generate_messages_lisp
[9.560s] [ 28%] Built target jsk_recognition_msgs_generate_messages_cpp
[9.571s] [ 28%] Built target geometry_msgs_generate_messages_nodejs
[9.576s] [ 28%] Built target pcl_msgs_generate_messages_cpp
[9.578s] [ 28%] Built target std_msgs_generate_messages_eus
[9.590s] [ 28%] Built target geometry_msgs_generate_messages_lisp
[9.598s] [ 28%] Built target autoware_msgs_generate_messages_eus
[9.618s] [ 28%] Built target autoware_msgs_generate_messages_lisp
[9.621s] [ 28%] Built target autoware_msgs_generate_messages_nodejs
[9.633s] [ 28%] Built target actionlib_msgs_generate_messages_py
[9.645s] [ 28%] Built target jsk_footstep_msgs_generate_messages_eus
[9.655s] [ 28%] Built target jsk_footstep_msgs_generate_messages_lisp
[9.658s] [ 28%] Built target autoware_config_msgs_generate_messages_eus
[9.667s] [ 28%] Built target jsk_footstep_msgs_generate_messages_nodejs
[9.672s] [ 28%] Built target autoware_system_msgs_generate_messages_nodejs
[9.685s] [ 28%] Built target jsk_footstep_msgs_generate_messages_cpp
[9.715s] [ 28%] Built target actionlib_msgs_generate_messages_cpp
[9.720s] [ 28%] Built target autoware_config_msgs_generate_messages_nodejs
[9.726s] [ 28%] Built target actionlib_msgs_generate_messages_lisp
[9.733s] [ 28%] Built target tf_generate_messages_eus
[9.737s] [ 28%] Built target tf_generate_messages_lisp
[9.739s] [ 28%] Built target jsk_recognition_msgs_generate_messages_nodejs
[9.749s] [ 28%] Built target tf_generate_messages_nodejs
[9.766s] [ 28%] Built target roscpp_generate_messages_lisp
[9.792s] [ 28%] Built target rosgraph_msgs_generate_messages_lisp
[9.811s] [ 28%] Built target roscpp_generate_messages_py
[9.812s] [ 28%] Built target roscpp_generate_messages_eus
[9.814s] [ 28%] Built target autoware_config_msgs_generate_messages_cpp
[9.835s] [ 28%] Built target autoware_config_msgs_generate_messages_py
[9.842s] [ 28%] Built target rosgraph_msgs_generate_messages_nodejs
[9.845s] [ 28%] Built target actionlib_msgs_generate_messages_eus
[9.857s] [ 28%] Built target rosgraph_msgs_generate_messages_py
[9.869s] [ 28%] Built target pcl_msgs_generate_messages_py
[9.893s] [ 28%] Built target actionlib_generate_messages_eus
[9.909s] [ 28%] Built target geometry_msgs_generate_messages_cpp
[9.915s] [ 28%] Built target actionlib_generate_messages_lisp
[9.916s] [ 28%] Built target actionlib_generate_messages_nodejs
[9.918s] [ 28%] Built target pcl_msgs_generate_messages_lisp
[9.933s] [ 28%] Built target tf_generate_messages_cpp
[9.963s] [ 28%] Built target tf2_msgs_generate_messages_eus
[9.964s] [ 28%] Built target tf2_msgs_generate_messages_lisp
[9.966s] [ 28%] Built target autoware_system_msgs_generate_messages_eus
[9.979s] [ 28%] Built target tf2_msgs_generate_messages_py
[9.982s] [ 28%] Built target actionlib_generate_messages_py
[9.994s] [ 28%] Built target autoware_config_msgs_generate_messages_lisp
[9.997s] [ 28%] Built target tf2_msgs_generate_messages_nodejs
[10.022s] [35m[1mScanning dependencies of target test-pure_pursuit[0m
[10.062s] [ 42%] [32mBuilding CXX object CMakeFiles/test-pure_pursuit.dir/test/src/test_pure_pursuit.cpp.o[0m
[10.068s] [ 57%] [32mBuilding CXX object CMakeFiles/test-pure_pursuit.dir/src/pure_pursuit_core.cpp.o[0m
[10.077s] [ 71%] [32mBuilding CXX object CMakeFiles/test-pure_pursuit.dir/src/pure_pursuit.cpp.o[0m
[18.130s] [ 85%] [32m[1mLinking CXX executable devel/lib/pure_pursuit/test-pure_pursuit[0m
[18.413s] [100%] Built target test-pure_pursuit
[18.453s] [100%] Built target tests
[18.473s] Invoked command in '/home/kimna/Desktop/autoware.ai/src/autoware/core_planning/pure_pursuit/build/pure_pursuit' returned '0': CONDA_PROMPT_MODIFIER=(base) /usr/bin/cmake --build /home/kimna/Desktop/autoware.ai/src/autoware/core_planning/pure_pursuit/build/pure_pursuit --target tests -- -j8 -l8
[18.730s] Invoking command in '/home/kimna/Desktop/autoware.ai/src/autoware/core_planning/pure_pursuit/build/pure_pursuit': CONDA_PROMPT_MODIFIER=(base) /usr/bin/cmake --build /home/kimna/Desktop/autoware.ai/src/autoware/core_planning/pure_pursuit/build/pure_pursuit --target install -- -j8 -l8
[18.842s] [  0%] Built target rosgraph_msgs_generate_messages_eus
[18.843s] [  0%] Built target actionlib_generate_messages_cpp
[18.854s] [  0%] Built target autoware_system_msgs_generate_messages_lisp
[18.859s] [  0%] Built target jsk_recognition_msgs_generate_messages_eus
[18.860s] [  0%] Built target autoware_config_msgs_generate_messages_lisp
[18.871s] [  0%] Built target jsk_recognition_msgs_generate_messages_lisp
[18.877s] [  0%] Built target pcl_msgs_generate_messages_eus
[18.898s] [  0%] Built target geometry_msgs_generate_messages_py
[18.934s] [  0%] Built target autoware_system_msgs_generate_messages_py
[18.939s] [  0%] Built target roscpp_generate_messages_cpp
[18.944s] [  0%] Built target sensor_msgs_generate_messages_eus
[18.959s] [  0%] Built target sensor_msgs_generate_messages_cpp
[18.960s] [  0%] Built target sensor_msgs_generate_messages_nodejs
[18.963s] [  0%] Built target _catkin_empty_exported_target
[18.981s] [  0%] Built target tf2_msgs_generate_messages_cpp
[18.990s] [  0%] Built target autoware_msgs_generate_messages_cpp
[19.026s] [  0%] Built target std_msgs_generate_messages_nodejs
[19.035s] [  0%] Built target rosgraph_msgs_generate_messages_cpp
[19.039s] [  0%] Built target pcl_msgs_generate_messages_nodejs
[19.039s] [  0%] Built target autoware_msgs_generate_messages_py
[19.054s] [  0%] Built target std_msgs_generate_messages_py
[19.060s] [  0%] Built target jsk_recognition_msgs_generate_messages_py
[19.081s] [  0%] Built target sensor_msgs_generate_messages_lisp
[19.086s] [  0%] Built target sensor_msgs_generate_messages_py
[19.123s] [  0%] Built target std_msgs_generate_messages_lisp
[19.125s] [  0%] Built target std_msgs_generate_messages_cpp
[19.127s] [  0%] Built target tf_generate_messages_py
[19.132s] [  0%] Built target jsk_footstep_msgs_generate_messages_py
[19.136s] [  0%] Built target actionlib_msgs_generate_messages_nodejs
[19.136s] [  0%] Built target geometry_msgs_generate_messages_eus
[19.153s] [  0%] Built target roscpp_generate_messages_nodejs
[19.173s] [  0%] Built target autoware_system_msgs_generate_messages_cpp
[19.192s] [  0%] Built target geometry_msgs_generate_messages_lisp
[19.204s] [  0%] Built target jsk_recognition_msgs_generate_messages_cpp
[19.206s] [  0%] Built target pcl_msgs_generate_messages_cpp
[19.228s] [  0%] Built target geometry_msgs_generate_messages_nodejs
[19.230s] [  0%] Built target autoware_msgs_generate_messages_eus
[19.245s] [  0%] Built target autoware_msgs_generate_messages_lisp
[19.259s] [  0%] Built target autoware_msgs_generate_messages_nodejs
[19.259s] [  0%] Built target std_msgs_generate_messages_eus
[19.277s] [  0%] Built target jsk_footstep_msgs_generate_messages_eus
[19.279s] [  0%] Built target autoware_config_msgs_generate_messages_eus
[19.280s] [  0%] Built target actionlib_msgs_generate_messages_py
[19.301s] [  0%] Built target jsk_footstep_msgs_generate_messages_nodejs
[19.301s] [  0%] Built target jsk_footstep_msgs_generate_messages_lisp
[19.312s] [  0%] Built target autoware_system_msgs_generate_messages_nodejs
[19.345s] [  0%] Built target jsk_footstep_msgs_generate_messages_cpp
[19.354s] [  0%] Built target tf_generate_messages_eus
[19.355s] [  0%] Built target actionlib_msgs_generate_messages_lisp
[19.366s] [  0%] Built target tf_generate_messages_lisp
[19.366s] [  0%] Built target tf_generate_messages_nodejs
[19.378s] [  0%] Built target actionlib_msgs_generate_messages_cpp
[19.403s] [  0%] Built target jsk_recognition_msgs_generate_messages_nodejs
[19.408s] [  0%] Built target autoware_config_msgs_generate_messages_nodejs
[19.417s] [  0%] Built target roscpp_generate_messages_lisp
[19.446s] [  0%] Built target rosgraph_msgs_generate_messages_lisp
[19.448s] [  0%] Built target roscpp_generate_messages_py
[19.452s] [  0%] Built target rosgraph_msgs_generate_messages_nodejs
[19.466s] [  0%] Built target rosgraph_msgs_generate_messages_py
[19.473s] [  0%] Built target actionlib_msgs_generate_messages_eus
[19.475s] [  0%] Built target roscpp_generate_messages_eus
[19.479s] [  0%] Built target autoware_config_msgs_generate_messages_cpp
[19.485s] [  0%] Built target autoware_config_msgs_generate_messages_py
[19.528s] [  0%] Built target pcl_msgs_generate_messages_py
[19.536s] [  0%] Built target geometry_msgs_generate_messages_cpp
[19.537s] [  0%] Built target actionlib_generate_messages_eus
[19.555s] [  0%] Built target pcl_msgs_generate_messages_lisp
[19.557s] [  0%] Built target tf_generate_messages_cpp
[19.565s] [  0%] Built target actionlib_generate_messages_lisp
[19.566s] [  0%] Built target autoware_system_msgs_generate_messages_eus
[19.573s] [  0%] Built target actionlib_generate_messages_nodejs
[19.599s] [  0%] Built target actionlib_generate_messages_py
[19.609s] [  0%] Built target tf2_msgs_generate_messages_lisp
[19.617s] [  0%] Built target tf2_msgs_generate_messages_eus
[19.620s] [  0%] Built target tf2_msgs_generate_messages_py
[19.623s] [  0%] Built target tf2_msgs_generate_messages_nodejs
[19.673s] [100%] Built target pure_pursuit
[19.715s] [36mInstall the project...[0m
[19.730s] -- Install configuration: "Release"
[19.730s] -- Up-to-date: /home/kimna/Desktop/autoware.ai/src/autoware/core_planning/pure_pursuit/install/pure_pursuit/lib/pkgconfig/pure_pursuit.pc
[19.730s] -- Up-to-date: /home/kimna/Desktop/autoware.ai/src/autoware/core_planning/pure_pursuit/install/pure_pursuit/share/pure_pursuit/cmake/pure_pursuitConfig.cmake
[19.731s] -- Up-to-date: /home/kimna/Desktop/autoware.ai/src/autoware/core_planning/pure_pursuit/install/pure_pursuit/share/pure_pursuit/cmake/pure_pursuitConfig-version.cmake
[19.731s] -- Up-to-date: /home/kimna/Desktop/autoware.ai/src/autoware/core_planning/pure_pursuit/install/pure_pursuit/share/pure_pursuit/package.xml
[19.731s] -- Installing: /home/kimna/Desktop/autoware.ai/src/autoware/core_planning/pure_pursuit/install/pure_pursuit/lib/pure_pursuit/pure_pursuit
[19.736s] -- Set runtime path of "/home/kimna/Desktop/autoware.ai/src/autoware/core_planning/pure_pursuit/install/pure_pursuit/lib/pure_pursuit/pure_pursuit" to ""
[19.736s] -- Up-to-date: /home/kimna/Desktop/autoware.ai/src/autoware/core_planning/pure_pursuit/install/pure_pursuit/share/pure_pursuit/launch
[19.736s] -- Up-to-date: /home/kimna/Desktop/autoware.ai/src/autoware/core_planning/pure_pursuit/install/pure_pursuit/share/pure_pursuit/launch/pure_pursuit.launch
[19.741s] Invoked command in '/home/kimna/Desktop/autoware.ai/src/autoware/core_planning/pure_pursuit/build/pure_pursuit' returned '0': CONDA_PROMPT_MODIFIER=(base) /usr/bin/cmake --build /home/kimna/Desktop/autoware.ai/src/autoware/core_planning/pure_pursuit/build/pure_pursuit --target install -- -j8 -l8
