[0.157s] [  0%] Built target pcl_msgs_generate_messages_eus
[0.167s] [  0%] Built target actionlib_generate_messages_cpp
[0.194s] [  0%] Built target autoware_config_msgs_generate_messages_lisp
[0.194s] [  0%] Built target rosgraph_msgs_generate_messages_eus
[0.198s] [  0%] Built target jsk_recognition_msgs_generate_messages_lisp
[0.208s] [  0%] Built target geometry_msgs_generate_messages_py
[0.212s] [  0%] Built target autoware_system_msgs_generate_messages_lisp
[0.228s] [  0%] Built target autoware_system_msgs_generate_messages_py
[0.232s] [  0%] Built target jsk_recognition_msgs_generate_messages_eus
[0.272s] [  0%] Built target roscpp_generate_messages_cpp
[0.275s] [  0%] Built target _catkin_empty_exported_target
[0.289s] [  0%] Built target sensor_msgs_generate_messages_eus
[0.289s] [  0%] Built target sensor_msgs_generate_messages_nodejs
[0.295s] [  0%] Built target autoware_msgs_generate_messages_cpp
[0.311s] [  0%] Built target sensor_msgs_generate_messages_cpp
[0.321s] [  0%] Built target autoware_msgs_generate_messages_py
[0.331s] [  0%] Built target std_msgs_generate_messages_py
[0.332s] [  0%] Built target tf2_msgs_generate_messages_cpp
[0.350s] [  0%] Built target pcl_msgs_generate_messages_nodejs
[0.357s] [  0%] Built target std_msgs_generate_messages_nodejs
[0.363s] [  0%] Built target rosgraph_msgs_generate_messages_cpp
[0.376s] [  0%] Built target sensor_msgs_generate_messages_lisp
[0.386s] [  0%] Built target jsk_recognition_msgs_generate_messages_py
[0.403s] [  0%] Built target std_msgs_generate_messages_cpp
[0.408s] [  0%] Built target jsk_footstep_msgs_generate_messages_py
[0.418s] [  0%] Built target tf_generate_messages_py
[0.424s] [  0%] Built target sensor_msgs_generate_messages_py
[0.433s] [  0%] Built target actionlib_msgs_generate_messages_nodejs
[0.444s] [  0%] Built target geometry_msgs_generate_messages_eus
[0.463s] [  0%] Built target roscpp_generate_messages_nodejs
[0.472s] [  0%] Built target std_msgs_generate_messages_lisp
[0.487s] [  0%] Built target pcl_msgs_generate_messages_cpp
[0.495s] [  0%] Built target autoware_system_msgs_generate_messages_cpp
[0.499s] [  0%] Built target geometry_msgs_generate_messages_lisp
[0.500s] [  0%] Built target geometry_msgs_generate_messages_nodejs
[0.504s] [  0%] Built target jsk_recognition_msgs_generate_messages_cpp
[0.523s] [  0%] Built target autoware_msgs_generate_messages_eus
[0.526s] [  0%] Built target autoware_msgs_generate_messages_lisp
[0.558s] [  0%] Built target std_msgs_generate_messages_eus
[0.561s] [  0%] Built target actionlib_msgs_generate_messages_py
[0.561s] [  0%] Built target autoware_msgs_generate_messages_nodejs
[0.584s] [  0%] Built target jsk_footstep_msgs_generate_messages_lisp
[0.587s] [  0%] Built target jsk_footstep_msgs_generate_messages_eus
[0.597s] [  0%] Built target autoware_config_msgs_generate_messages_eus
[0.599s] [  0%] Built target jsk_footstep_msgs_generate_messages_nodejs
[0.610s] [  0%] Built target autoware_system_msgs_generate_messages_nodejs
[0.640s] [  0%] Built target jsk_footstep_msgs_generate_messages_cpp
[0.653s] [  0%] Built target tf_generate_messages_lisp
[0.654s] [  0%] Built target tf_generate_messages_eus
[0.657s] [  0%] Built target actionlib_msgs_generate_messages_lisp
[0.675s] [  0%] Built target actionlib_msgs_generate_messages_cpp
[0.679s] [  0%] Built target tf_generate_messages_nodejs
[0.700s] [  0%] Built target roscpp_generate_messages_lisp
[0.716s] [  0%] Built target jsk_recognition_msgs_generate_messages_nodejs
[0.724s] [  0%] Built target autoware_config_msgs_generate_messages_cpp
[0.725s] [  0%] Built target autoware_config_msgs_generate_messages_nodejs
[0.736s] [  0%] Built target roscpp_generate_messages_py
[0.743s] [  0%] Built target rosgraph_msgs_generate_messages_lisp
[0.746s] [  0%] Built target roscpp_generate_messages_eus
[0.759s] [  0%] Built target rosgraph_msgs_generate_messages_nodejs
[0.787s] [  0%] Built target rosgraph_msgs_generate_messages_py
[0.802s] [  0%] Built target actionlib_msgs_generate_messages_eus
[0.802s] [  0%] Built target geometry_msgs_generate_messages_cpp
[0.806s] [  0%] Built target autoware_config_msgs_generate_messages_py
[0.818s] [  0%] Built target actionlib_generate_messages_eus
[0.826s] [  0%] Built target actionlib_generate_messages_lisp
[0.837s] [  0%] Built target pcl_msgs_generate_messages_py
[0.843s] [  0%] Built target pcl_msgs_generate_messages_lisp
[0.846s] [  0%] Built target tf_generate_messages_cpp
[0.868s] [  0%] Built target tf2_msgs_generate_messages_eus
[0.873s] [  0%] Built target actionlib_generate_messages_nodejs
[0.895s] [  0%] Built target autoware_system_msgs_generate_messages_eus
[0.898s] [  0%] Built target actionlib_generate_messages_py
[0.901s] [  0%] Built target tf2_msgs_generate_messages_py
[0.904s] [  0%] Built target tf2_msgs_generate_messages_lisp
[0.904s] [  0%] Built target tf2_msgs_generate_messages_nodejs
[0.929s] [35m[1mScanning dependencies of target pure_pursuit[0m
[0.967s] [ 20%] [32mBuilding CXX object CMakeFiles/pure_pursuit.dir/src/pure_pursuit_core.cpp.o[0m
[7.977s] [ 40%] [32m[1mLinking CXX executable devel/lib/pure_pursuit/pure_pursuit[0m
[8.224s] [100%] Built target pure_pursuit
[8.590s] [  0%] Built target jsk_recognition_msgs_generate_messages_lisp
[8.595s] [  0%] Built target actionlib_generate_messages_cpp
[8.598s] [  0%] Built target autoware_system_msgs_generate_messages_lisp
[8.607s] [  0%] Built target pcl_msgs_generate_messages_eus
[8.610s] [  0%] Built target jsk_recognition_msgs_generate_messages_eus
[8.614s] [  0%] Built target geometry_msgs_generate_messages_py
[8.614s] [  0%] Built target rosgraph_msgs_generate_messages_eus
[8.618s] [ 28%] Built target gtest
[8.658s] [ 28%] Built target sensor_msgs_generate_messages_nodejs
[8.666s] [ 28%] Built target autoware_system_msgs_generate_messages_py
[8.672s] [ 28%] Built target autoware_msgs_generate_messages_cpp
[8.675s] [ 28%] Built target roscpp_generate_messages_cpp
[8.688s] [ 28%] Built target sensor_msgs_generate_messages_cpp
[8.689s] [ 28%] Built target sensor_msgs_generate_messages_eus
[8.702s] [ 28%] Built target tf2_msgs_generate_messages_cpp
[8.723s] [ 28%] Built target _catkin_empty_exported_target
[8.726s] [ 28%] Built target std_msgs_generate_messages_py
[8.738s] [ 28%] Built target rosgraph_msgs_generate_messages_cpp
[8.752s] [ 28%] Built target autoware_msgs_generate_messages_py
[8.753s] [ 28%] Built target std_msgs_generate_messages_nodejs
[8.771s] [ 28%] Built target pcl_msgs_generate_messages_nodejs
[8.777s] [ 28%] Built target sensor_msgs_generate_messages_lisp
[8.786s] [ 28%] Built target sensor_msgs_generate_messages_py
[8.797s] [ 28%] Built target jsk_recognition_msgs_generate_messages_py
[8.798s] [ 28%] Built target tf_generate_messages_py
[8.810s] [ 28%] Built target actionlib_msgs_generate_messages_nodejs
[8.810s] [ 28%] Built target std_msgs_generate_messages_cpp
[8.815s] [ 28%] Built target jsk_footstep_msgs_generate_messages_py
[8.843s] [ 28%] Built target std_msgs_generate_messages_lisp
[8.870s] [ 28%] Built target roscpp_generate_messages_nodejs
[8.870s] [ 28%] Built target geometry_msgs_generate_messages_eus
[8.871s] [ 28%] Built target geometry_msgs_generate_messages_nodejs
[8.874s] [ 28%] Built target geometry_msgs_generate_messages_lisp
[8.890s] [ 28%] Built target autoware_system_msgs_generate_messages_cpp
[8.891s] [ 28%] Built target pcl_msgs_generate_messages_cpp
[8.905s] [ 28%] Built target jsk_recognition_msgs_generate_messages_cpp
[8.937s] [ 28%] Built target autoware_msgs_generate_messages_nodejs
[8.937s] [ 28%] Built target autoware_msgs_generate_messages_eus
[8.944s] [ 28%] Built target autoware_msgs_generate_messages_lisp
[8.946s] [ 28%] Built target autoware_config_msgs_generate_messages_eus
[8.952s] [ 28%] Built target jsk_footstep_msgs_generate_messages_eus
[8.955s] [ 28%] Built target std_msgs_generate_messages_eus
[8.977s] [ 28%] Built target actionlib_msgs_generate_messages_py
[9.004s] [ 28%] Built target jsk_footstep_msgs_generate_messages_nodejs
[9.008s] [ 28%] Built target autoware_system_msgs_generate_messages_nodejs
[9.011s] [ 28%] Built target jsk_footstep_msgs_generate_messages_lisp
[9.019s] [ 28%] Built target actionlib_msgs_generate_messages_lisp
[9.024s] [ 28%] Built target jsk_footstep_msgs_generate_messages_cpp
[9.031s] [ 28%] Built target actionlib_msgs_generate_messages_cpp
[9.034s] [ 28%] Built target tf_generate_messages_eus
[9.051s] [ 28%] Built target tf_generate_messages_lisp
[9.085s] [ 28%] Built target tf_generate_messages_nodejs
[9.089s] [ 28%] Built target jsk_recognition_msgs_generate_messages_nodejs
[9.095s] [ 28%] Built target autoware_config_msgs_generate_messages_nodejs
[9.104s] [ 28%] Built target autoware_config_msgs_generate_messages_cpp
[9.106s] [ 28%] Built target roscpp_generate_messages_py
[9.113s] [ 28%] Built target roscpp_generate_messages_lisp
[9.114s] [ 28%] Built target rosgraph_msgs_generate_messages_lisp
[9.123s] [ 28%] Built target rosgraph_msgs_generate_messages_nodejs
[9.158s] [ 28%] Built target actionlib_msgs_generate_messages_eus
[9.168s] [ 28%] Built target autoware_config_msgs_generate_messages_py
[9.169s] [ 28%] Built target geometry_msgs_generate_messages_cpp
[9.170s] [ 28%] Built target roscpp_generate_messages_eus
[9.171s] [ 28%] Built target pcl_msgs_generate_messages_py
[9.174s] [ 28%] Built target rosgraph_msgs_generate_messages_py
[9.191s] [ 28%] Built target actionlib_generate_messages_lisp
[9.197s] [ 28%] Built target actionlib_generate_messages_eus
[9.239s] [ 28%] Built target tf2_msgs_generate_messages_eus
[9.245s] [ 28%] Built target tf_generate_messages_cpp
[9.256s] [ 28%] Built target pcl_msgs_generate_messages_lisp
[9.258s] [ 28%] Built target actionlib_generate_messages_nodejs
[9.266s] [ 28%] Built target tf2_msgs_generate_messages_lisp
[9.266s] [ 28%] Built target tf2_msgs_generate_messages_py
[9.268s] [ 28%] Built target actionlib_generate_messages_py
[9.270s] [ 28%] Built target autoware_system_msgs_generate_messages_eus
[9.294s] [ 28%] Built target tf2_msgs_generate_messages_nodejs
[9.303s] [ 28%] Built target autoware_config_msgs_generate_messages_lisp
[9.325s] [35m[1mScanning dependencies of target test-pure_pursuit[0m
[9.367s] [ 42%] [32mBuilding CXX object CMakeFiles/test-pure_pursuit.dir/src/pure_pursuit_core.cpp.o[0m
[16.165s] [ 57%] [32m[1mLinking CXX executable devel/lib/pure_pursuit/test-pure_pursuit[0m
[16.426s] [100%] Built target test-pure_pursuit
[16.465s] [100%] Built target tests
[16.829s] [  0%] Built target rosgraph_msgs_generate_messages_eus
[16.830s] [  0%] Built target autoware_system_msgs_generate_messages_lisp
[16.841s] [  0%] Built target autoware_config_msgs_generate_messages_lisp
[16.842s] [  0%] Built target jsk_recognition_msgs_generate_messages_lisp
[16.845s] [  0%] Built target geometry_msgs_generate_messages_py
[16.845s] [  0%] Built target pcl_msgs_generate_messages_eus
[16.857s] [  0%] Built target actionlib_generate_messages_cpp
[16.861s] [  0%] Built target jsk_recognition_msgs_generate_messages_eus
[16.908s] [  0%] Built target sensor_msgs_generate_messages_eus
[16.916s] [  0%] Built target autoware_system_msgs_generate_messages_py
[16.916s] [  0%] Built target sensor_msgs_generate_messages_cpp
[16.918s] [  0%] Built target sensor_msgs_generate_messages_nodejs
[16.927s] [  0%] Built target tf2_msgs_generate_messages_cpp
[16.935s] [  0%] Built target _catkin_empty_exported_target
[16.937s] [  0%] Built target roscpp_generate_messages_cpp
[16.956s] [  0%] Built target autoware_msgs_generate_messages_cpp
[16.974s] [  0%] Built target rosgraph_msgs_generate_messages_cpp
[16.987s] [  0%] Built target std_msgs_generate_messages_py
[16.990s] [  0%] Built target autoware_msgs_generate_messages_py
[16.996s] [  0%] Built target std_msgs_generate_messages_nodejs
[16.999s] [  0%] Built target pcl_msgs_generate_messages_nodejs
[17.005s] [  0%] Built target jsk_recognition_msgs_generate_messages_py
[17.016s] [  0%] Built target sensor_msgs_generate_messages_lisp
[17.031s] [  0%] Built target sensor_msgs_generate_messages_py
[17.047s] [  0%] Built target tf_generate_messages_py
[17.058s] [  0%] Built target jsk_footstep_msgs_generate_messages_py
[17.060s] [  0%] Built target geometry_msgs_generate_messages_eus
[17.070s] [  0%] Built target std_msgs_generate_messages_cpp
[17.071s] [  0%] Built target actionlib_msgs_generate_messages_nodejs
[17.077s] [  0%] Built target roscpp_generate_messages_nodejs
[17.079s] [  0%] Built target std_msgs_generate_messages_lisp
[17.108s] [  0%] Built target autoware_system_msgs_generate_messages_cpp
[17.135s] [  0%] Built target geometry_msgs_generate_messages_lisp
[17.137s] [  0%] Built target pcl_msgs_generate_messages_cpp
[17.139s] [  0%] Built target geometry_msgs_generate_messages_nodejs
[17.139s] [  0%] Built target jsk_recognition_msgs_generate_messages_cpp
[17.141s] [  0%] Built target std_msgs_generate_messages_eus
[17.156s] [  0%] Built target autoware_msgs_generate_messages_eus
[17.160s] [  0%] Built target autoware_msgs_generate_messages_lisp
[17.168s] [  0%] Built target autoware_msgs_generate_messages_nodejs
[17.200s] [  0%] Built target jsk_footstep_msgs_generate_messages_eus
[17.200s] [  0%] Built target autoware_config_msgs_generate_messages_eus
[17.206s] [  0%] Built target actionlib_msgs_generate_messages_py
[17.214s] [  0%] Built target jsk_footstep_msgs_generate_messages_nodejs
[17.219s] [  0%] Built target actionlib_msgs_generate_messages_lisp
[17.226s] [  0%] Built target jsk_footstep_msgs_generate_messages_lisp
[17.228s] [  0%] Built target autoware_system_msgs_generate_messages_nodejs
[17.234s] [  0%] Built target jsk_footstep_msgs_generate_messages_cpp
[17.258s] [  0%] Built target tf_generate_messages_eus
[17.271s] [  0%] Built target actionlib_msgs_generate_messages_cpp
[17.276s] [  0%] Built target tf_generate_messages_lisp
[17.280s] [  0%] Built target tf_generate_messages_nodejs
[17.286s] [  0%] Built target autoware_config_msgs_generate_messages_nodejs
[17.291s] [  0%] Built target roscpp_generate_messages_py
[17.298s] [  0%] Built target jsk_recognition_msgs_generate_messages_nodejs
[17.303s] [  0%] Built target roscpp_generate_messages_lisp
[17.324s] [  0%] Built target rosgraph_msgs_generate_messages_lisp
[17.342s] [  0%] Built target autoware_config_msgs_generate_messages_cpp
[17.345s] [  0%] Built target rosgraph_msgs_generate_messages_nodejs
[17.346s] [  0%] Built target roscpp_generate_messages_eus
[17.352s] [  0%] Built target rosgraph_msgs_generate_messages_py
[17.375s] [  0%] Built target actionlib_msgs_generate_messages_eus
[17.394s] [  0%] Built target autoware_config_msgs_generate_messages_py
[17.405s] [  0%] Built target pcl_msgs_generate_messages_py
[17.416s] [  0%] Built target actionlib_generate_messages_lisp
[17.423s] [  0%] Built target actionlib_generate_messages_eus
[17.427s] [  0%] Built target geometry_msgs_generate_messages_cpp
[17.443s] [  0%] Built target pcl_msgs_generate_messages_lisp
[17.447s] [  0%] Built target tf_generate_messages_cpp
[17.453s] [  0%] Built target autoware_system_msgs_generate_messages_eus
[17.460s] [  0%] Built target actionlib_generate_messages_nodejs
[17.476s] [  0%] Built target tf2_msgs_generate_messages_lisp
[17.479s] [  0%] Built target tf2_msgs_generate_messages_eus
[17.480s] [  0%] Built target actionlib_generate_messages_py
[17.491s] [  0%] Built target tf2_msgs_generate_messages_py
[17.497s] [  0%] Built target tf2_msgs_generate_messages_nodejs
[17.544s] [100%] Built target pure_pursuit
[17.582s] [36mInstall the project...[0m
[17.595s] -- Install configuration: "Release"
[17.595s] -- Up-to-date: /home/kimna/Desktop/autoware.ai/src/autoware/core_planning/pure_pursuit/install/pure_pursuit/lib/pkgconfig/pure_pursuit.pc
[17.596s] -- Up-to-date: /home/kimna/Desktop/autoware.ai/src/autoware/core_planning/pure_pursuit/install/pure_pursuit/share/pure_pursuit/cmake/pure_pursuitConfig.cmake
[17.596s] -- Up-to-date: /home/kimna/Desktop/autoware.ai/src/autoware/core_planning/pure_pursuit/install/pure_pursuit/share/pure_pursuit/cmake/pure_pursuitConfig-version.cmake
[17.596s] -- Up-to-date: /home/kimna/Desktop/autoware.ai/src/autoware/core_planning/pure_pursuit/install/pure_pursuit/share/pure_pursuit/package.xml
[17.596s] -- Installing: /home/kimna/Desktop/autoware.ai/src/autoware/core_planning/pure_pursuit/install/pure_pursuit/lib/pure_pursuit/pure_pursuit
[17.601s] -- Set runtime path of "/home/kimna/Desktop/autoware.ai/src/autoware/core_planning/pure_pursuit/install/pure_pursuit/lib/pure_pursuit/pure_pursuit" to ""
[17.601s] -- Up-to-date: /home/kimna/Desktop/autoware.ai/src/autoware/core_planning/pure_pursuit/install/pure_pursuit/share/pure_pursuit/launch
[17.601s] -- Up-to-date: /home/kimna/Desktop/autoware.ai/src/autoware/core_planning/pure_pursuit/install/pure_pursuit/share/pure_pursuit/launch/pure_pursuit.launch
