[0.237s] [  0%] Built target geometry_msgs_generate_messages_py
[0.261s] [  0%] Built target jsk_recognition_msgs_generate_messages_lisp
[0.266s] [  0%] Built target autoware_config_msgs_generate_messages_lisp
[0.269s] [  0%] Built target actionlib_generate_messages_cpp
[0.273s] [  0%] Built target autoware_system_msgs_generate_messages_lisp
[0.275s] [  0%] Built target jsk_recognition_msgs_generate_messages_eus
[0.314s] [  0%] Built target rosgraph_msgs_generate_messages_eus
[0.328s] [  0%] Built target pcl_msgs_generate_messages_eus
[0.336s] [  0%] Built target autoware_system_msgs_generate_messages_py
[0.358s] [  0%] Built target roscpp_generate_messages_cpp
[0.363s] [  0%] Built target sensor_msgs_generate_messages_eus
[0.374s] [  0%] Built target sensor_msgs_generate_messages_nodejs
[0.374s] [  0%] Built target _catkin_empty_exported_target
[0.403s] [  0%] Built target sensor_msgs_generate_messages_cpp
[0.433s] [  0%] Built target autoware_msgs_generate_messages_cpp
[0.455s] [  0%] Built target pcl_msgs_generate_messages_nodejs
[0.459s] [  0%] Built target std_msgs_generate_messages_py
[0.465s] [  0%] Built target rosgraph_msgs_generate_messages_cpp
[0.474s] [  0%] Built target tf2_msgs_generate_messages_cpp
[0.475s] [  0%] Built target std_msgs_generate_messages_nodejs
[0.484s] [  0%] Built target jsk_recognition_msgs_generate_messages_py
[0.509s] [  0%] Built target autoware_msgs_generate_messages_py
[0.531s] [  0%] Built target tf_generate_messages_py
[0.559s] [  0%] Built target sensor_msgs_generate_messages_lisp
[0.570s] [  0%] Built target sensor_msgs_generate_messages_py
[0.582s] [  0%] Built target jsk_footstep_msgs_generate_messages_py
[0.584s] [  0%] Built target std_msgs_generate_messages_cpp
[0.588s] [  0%] Built target geometry_msgs_generate_messages_eus
[0.605s] [  0%] Built target std_msgs_generate_messages_lisp
[0.611s] [  0%] Built target actionlib_msgs_generate_messages_nodejs
[0.615s] [  0%] Built target roscpp_generate_messages_nodejs
[0.665s] [  0%] Built target geometry_msgs_generate_messages_nodejs
[0.681s] [  0%] Built target pcl_msgs_generate_messages_cpp
[0.689s] [  0%] Built target geometry_msgs_generate_messages_lisp
[0.694s] [  0%] Built target autoware_system_msgs_generate_messages_cpp
[0.715s] [  0%] Built target jsk_recognition_msgs_generate_messages_cpp
[0.716s] [  0%] Built target autoware_msgs_generate_messages_lisp
[0.727s] [  0%] Built target std_msgs_generate_messages_eus
[0.738s] [  0%] Built target autoware_msgs_generate_messages_eus
[0.780s] [  0%] Built target jsk_footstep_msgs_generate_messages_eus
[0.784s] [  0%] Built target autoware_msgs_generate_messages_nodejs
[0.803s] [  0%] Built target jsk_footstep_msgs_generate_messages_nodejs
[0.808s] [  0%] Built target jsk_footstep_msgs_generate_messages_lisp
[0.811s] [  0%] Built target autoware_config_msgs_generate_messages_eus
[0.823s] [  0%] Built target autoware_system_msgs_generate_messages_nodejs
[0.824s] [  0%] Built target actionlib_msgs_generate_messages_py
[0.842s] [  0%] Built target actionlib_msgs_generate_messages_lisp
[0.861s] [  0%] Built target jsk_footstep_msgs_generate_messages_cpp
[0.902s] [  0%] Built target tf_generate_messages_eus
[0.902s] [  0%] Built target jsk_recognition_msgs_generate_messages_nodejs
[0.908s] [  0%] Built target actionlib_msgs_generate_messages_cpp
[0.912s] [  0%] Built target tf_generate_messages_lisp
[0.932s] [  0%] Built target roscpp_generate_messages_lisp
[0.935s] [  0%] Built target tf_generate_messages_nodejs
[0.940s] [  0%] Built target autoware_config_msgs_generate_messages_nodejs
[0.966s] [  0%] Built target roscpp_generate_messages_py
[0.988s] [  0%] Built target rosgraph_msgs_generate_messages_lisp
[1.008s] [  0%] Built target rosgraph_msgs_generate_messages_nodejs
[1.016s] [  0%] Built target roscpp_generate_messages_eus
[1.023s] [  0%] Built target autoware_config_msgs_generate_messages_cpp
[1.031s] [  0%] Built target rosgraph_msgs_generate_messages_py
[1.033s] [  0%] Built target actionlib_msgs_generate_messages_eus
[1.056s] [  0%] Built target autoware_config_msgs_generate_messages_py
[1.084s] [  0%] Built target pcl_msgs_generate_messages_py
[1.105s] [  0%] Built target actionlib_generate_messages_lisp
[1.107s] [  0%] Built target actionlib_generate_messages_eus
[1.118s] [  0%] Built target pcl_msgs_generate_messages_lisp
[1.125s] [  0%] Built target actionlib_generate_messages_nodejs
[1.132s] [  0%] Built target tf_generate_messages_cpp
[1.139s] [  0%] Built target geometry_msgs_generate_messages_cpp
[1.153s] [  0%] Built target autoware_system_msgs_generate_messages_eus
[1.190s] [  0%] Built target tf2_msgs_generate_messages_py
[1.199s] [  0%] Built target tf2_msgs_generate_messages_eus
[1.202s] [  0%] Built target actionlib_generate_messages_py
[1.206s] [  0%] Built target tf2_msgs_generate_messages_lisp
[1.216s] [  0%] Built target tf2_msgs_generate_messages_nodejs
[1.257s] [35m[1mScanning dependencies of target pure_pursuit[0m
[1.323s] [ 20%] [32mBuilding CXX object CMakeFiles/pure_pursuit.dir/src/pure_pursuit_core.cpp.o[0m
[10.392s] [ 40%] [32m[1mLinking CXX executable devel/lib/pure_pursuit/pure_pursuit[0m
[10.734s] [100%] Built target pure_pursuit
[11.500s] [  0%] Built target autoware_system_msgs_generate_messages_lisp
[11.532s] [  0%] Built target geometry_msgs_generate_messages_py
[11.543s] [  0%] Built target pcl_msgs_generate_messages_eus
[11.546s] [  0%] Built target jsk_recognition_msgs_generate_messages_lisp
[11.548s] [  0%] Built target rosgraph_msgs_generate_messages_eus
[11.572s] [ 28%] Built target gtest
[11.576s] [ 28%] Built target jsk_recognition_msgs_generate_messages_eus
[11.576s] [ 28%] Built target actionlib_generate_messages_cpp
[11.641s] [ 28%] Built target sensor_msgs_generate_messages_nodejs
[11.659s] [ 28%] Built target autoware_system_msgs_generate_messages_py
[11.659s] [ 28%] Built target roscpp_generate_messages_cpp
[11.660s] [ 28%] Built target sensor_msgs_generate_messages_eus
[11.690s] [ 28%] Built target sensor_msgs_generate_messages_cpp
[11.690s] [ 28%] Built target _catkin_empty_exported_target
[11.733s] [ 28%] Built target autoware_msgs_generate_messages_cpp
[11.756s] [ 28%] Built target std_msgs_generate_messages_nodejs
[11.757s] [ 28%] Built target autoware_msgs_generate_messages_py
[11.758s] [ 28%] Built target rosgraph_msgs_generate_messages_cpp
[11.782s] [ 28%] Built target tf2_msgs_generate_messages_cpp
[11.792s] [ 28%] Built target std_msgs_generate_messages_py
[11.801s] [ 28%] Built target pcl_msgs_generate_messages_nodejs
[11.847s] [ 28%] Built target sensor_msgs_generate_messages_py
[11.861s] [ 28%] Built target jsk_recognition_msgs_generate_messages_py
[11.866s] [ 28%] Built target std_msgs_generate_messages_cpp
[11.877s] [ 28%] Built target jsk_footstep_msgs_generate_messages_py
[11.891s] [ 28%] Built target actionlib_msgs_generate_messages_nodejs
[11.897s] [ 28%] Built target sensor_msgs_generate_messages_lisp
[11.897s] [ 28%] Built target tf_generate_messages_py
[11.924s] [ 28%] Built target geometry_msgs_generate_messages_eus
[11.942s] [ 28%] Built target std_msgs_generate_messages_lisp
[11.999s] [ 28%] Built target geometry_msgs_generate_messages_nodejs
[12.015s] [ 28%] Built target roscpp_generate_messages_nodejs
[12.017s] [ 28%] Built target jsk_recognition_msgs_generate_messages_cpp
[12.018s] [ 28%] Built target pcl_msgs_generate_messages_cpp
[12.021s] [ 28%] Built target autoware_system_msgs_generate_messages_cpp
[12.025s] [ 28%] Built target autoware_msgs_generate_messages_eus
[12.056s] [ 28%] Built target geometry_msgs_generate_messages_lisp
[12.069s] [ 28%] Built target autoware_msgs_generate_messages_lisp
[12.114s] [ 28%] Built target std_msgs_generate_messages_eus
[12.143s] [ 28%] Built target autoware_msgs_generate_messages_nodejs
[12.163s] [ 28%] Built target jsk_footstep_msgs_generate_messages_lisp
[12.168s] [ 28%] Built target jsk_footstep_msgs_generate_messages_eus
[12.169s] [ 28%] Built target jsk_footstep_msgs_generate_messages_nodejs
[12.173s] [ 28%] Built target autoware_config_msgs_generate_messages_eus
[12.188s] [ 28%] Built target actionlib_msgs_generate_messages_py
[12.202s] [ 28%] Built target autoware_system_msgs_generate_messages_nodejs
[12.223s] [ 28%] Built target actionlib_msgs_generate_messages_lisp
[12.254s] [ 28%] Built target jsk_footstep_msgs_generate_messages_cpp
[12.281s] [ 28%] Built target tf_generate_messages_nodejs
[12.301s] [ 28%] Built target actionlib_msgs_generate_messages_cpp
[12.301s] [ 28%] Built target tf_generate_messages_eus
[12.311s] [ 28%] Built target autoware_config_msgs_generate_messages_nodejs
[12.315s] [ 28%] Built target tf_generate_messages_lisp
[12.340s] [ 28%] Built target jsk_recognition_msgs_generate_messages_nodejs
[12.362s] [ 28%] Built target roscpp_generate_messages_lisp
[12.362s] [ 28%] Built target roscpp_generate_messages_py
[12.388s] [ 28%] Built target autoware_config_msgs_generate_messages_cpp
[12.413s] [ 28%] Built target rosgraph_msgs_generate_messages_nodejs
[12.413s] [ 28%] Built target actionlib_msgs_generate_messages_eus
[12.427s] [ 28%] Built target roscpp_generate_messages_eus
[12.430s] [ 28%] Built target rosgraph_msgs_generate_messages_lisp
[12.437s] [ 28%] Built target pcl_msgs_generate_messages_py
[12.445s] [ 28%] Built target rosgraph_msgs_generate_messages_py
[12.460s] [ 28%] Built target autoware_config_msgs_generate_messages_py
[12.503s] [ 28%] Built target tf_generate_messages_cpp
[12.518s] [ 28%] Built target actionlib_generate_messages_lisp
[12.528s] [ 28%] Built target actionlib_generate_messages_eus
[12.541s] [ 28%] Built target geometry_msgs_generate_messages_cpp
[12.544s] [ 28%] Built target autoware_system_msgs_generate_messages_eus
[12.575s] [ 28%] Built target actionlib_generate_messages_nodejs
[12.575s] [ 28%] Built target tf2_msgs_generate_messages_eus
[12.587s] [ 28%] Built target pcl_msgs_generate_messages_lisp
[12.605s] [ 28%] Built target tf2_msgs_generate_messages_py
[12.611s] [ 28%] Built target actionlib_generate_messages_py
[12.617s] [ 28%] Built target tf2_msgs_generate_messages_lisp
[12.654s] [ 28%] Built target tf2_msgs_generate_messages_nodejs
[12.657s] [ 28%] Built target autoware_config_msgs_generate_messages_lisp
[12.686s] [35m[1mScanning dependencies of target test-pure_pursuit[0m
[12.753s] [ 42%] [32mBuilding CXX object CMakeFiles/test-pure_pursuit.dir/src/pure_pursuit_core.cpp.o[0m
[21.983s] [ 57%] [32m[1mLinking CXX executable devel/lib/pure_pursuit/test-pure_pursuit[0m
[22.366s] [100%] Built target test-pure_pursuit
[22.413s] [100%] Built target tests
[23.110s] [  0%] Built target jsk_recognition_msgs_generate_messages_lisp
[23.129s] [  0%] Built target rosgraph_msgs_generate_messages_eus
[23.130s] [  0%] Built target autoware_system_msgs_generate_messages_lisp
[23.134s] [  0%] Built target jsk_recognition_msgs_generate_messages_eus
[23.142s] [  0%] Built target actionlib_generate_messages_cpp
[23.159s] [  0%] Built target autoware_config_msgs_generate_messages_lisp
[23.176s] [  0%] Built target pcl_msgs_generate_messages_eus
[23.189s] [  0%] Built target geometry_msgs_generate_messages_py
[23.234s] [  0%] Built target _catkin_empty_exported_target
[23.237s] [  0%] Built target sensor_msgs_generate_messages_eus
[23.257s] [  0%] Built target roscpp_generate_messages_cpp
[23.260s] [  0%] Built target autoware_system_msgs_generate_messages_py
[23.280s] [  0%] Built target sensor_msgs_generate_messages_nodejs
[23.290s] [  0%] Built target autoware_msgs_generate_messages_cpp
[23.316s] [  0%] Built target sensor_msgs_generate_messages_cpp
[23.327s] [  0%] Built target tf2_msgs_generate_messages_cpp
[23.330s] [  0%] Built target autoware_msgs_generate_messages_py
[23.362s] [  0%] Built target std_msgs_generate_messages_py
[23.362s] [  0%] Built target std_msgs_generate_messages_nodejs
[23.366s] [  0%] Built target rosgraph_msgs_generate_messages_cpp
[23.380s] [  0%] Built target pcl_msgs_generate_messages_nodejs
[23.419s] [  0%] Built target sensor_msgs_generate_messages_py
[23.459s] [  0%] Built target jsk_recognition_msgs_generate_messages_py
[23.471s] [  0%] Built target actionlib_msgs_generate_messages_nodejs
[23.472s] [  0%] Built target tf_generate_messages_py
[23.473s] [  0%] Built target sensor_msgs_generate_messages_lisp
[23.487s] [  0%] Built target std_msgs_generate_messages_lisp
[23.492s] [  0%] Built target geometry_msgs_generate_messages_eus
[23.497s] [  0%] Built target jsk_footstep_msgs_generate_messages_py
[23.505s] [  0%] Built target std_msgs_generate_messages_cpp
[23.607s] [  0%] Built target roscpp_generate_messages_nodejs
[23.608s] [  0%] Built target geometry_msgs_generate_messages_lisp
[23.608s] [  0%] Built target jsk_recognition_msgs_generate_messages_cpp
[23.611s] [  0%] Built target autoware_msgs_generate_messages_eus
[23.615s] [  0%] Built target autoware_system_msgs_generate_messages_cpp
[23.634s] [  0%] Built target pcl_msgs_generate_messages_cpp
[23.643s] [  0%] Built target geometry_msgs_generate_messages_nodejs
[23.691s] [  0%] Built target std_msgs_generate_messages_eus
[23.702s] [  0%] Built target autoware_msgs_generate_messages_lisp
[23.707s] [  0%] Built target actionlib_msgs_generate_messages_py
[23.708s] [  0%] Built target autoware_config_msgs_generate_messages_eus
[23.716s] [  0%] Built target autoware_msgs_generate_messages_nodejs
[23.731s] [  0%] Built target jsk_footstep_msgs_generate_messages_nodejs
[23.744s] [  0%] Built target jsk_footstep_msgs_generate_messages_lisp
[23.751s] [  0%] Built target jsk_footstep_msgs_generate_messages_eus
[23.792s] [  0%] Built target jsk_footstep_msgs_generate_messages_cpp
[23.793s] [  0%] Built target autoware_system_msgs_generate_messages_nodejs
[23.822s] [  0%] Built target actionlib_msgs_generate_messages_lisp
[23.823s] [  0%] Built target tf_generate_messages_eus
[23.840s] [  0%] Built target autoware_config_msgs_generate_messages_nodejs
[23.854s] [  0%] Built target tf_generate_messages_nodejs
[23.856s] [  0%] Built target actionlib_msgs_generate_messages_cpp
[23.876s] [  0%] Built target roscpp_generate_messages_lisp
[23.879s] [  0%] Built target tf_generate_messages_lisp
[23.915s] [  0%] Built target jsk_recognition_msgs_generate_messages_nodejs
[23.933s] [  0%] Built target roscpp_generate_messages_py
[23.937s] [  0%] Built target actionlib_msgs_generate_messages_eus
[23.952s] [  0%] Built target rosgraph_msgs_generate_messages_lisp
[23.971s] [  0%] Built target rosgraph_msgs_generate_messages_nodejs
[23.972s] [  0%] Built target autoware_config_msgs_generate_messages_cpp
[23.972s] [  0%] Built target roscpp_generate_messages_eus
[24.003s] [  0%] Built target rosgraph_msgs_generate_messages_py
[24.054s] [  0%] Built target autoware_config_msgs_generate_messages_py
[24.058s] [  0%] Built target actionlib_generate_messages_eus
[24.073s] [  0%] Built target pcl_msgs_generate_messages_py
[24.084s] [  0%] Built target actionlib_generate_messages_lisp
[24.085s] [  0%] Built target geometry_msgs_generate_messages_cpp
[24.085s] [  0%] Built target tf_generate_messages_cpp
[24.100s] [  0%] Built target pcl_msgs_generate_messages_lisp
[24.115s] [  0%] Built target actionlib_generate_messages_nodejs
[24.148s] [  0%] Built target tf2_msgs_generate_messages_eus
[24.186s] [  0%] Built target autoware_system_msgs_generate_messages_eus
[24.194s] [  0%] Built target tf2_msgs_generate_messages_lisp
[24.202s] [  0%] Built target tf2_msgs_generate_messages_py
[24.205s] [  0%] Built target tf2_msgs_generate_messages_nodejs
[24.214s] [  0%] Built target actionlib_generate_messages_py
[24.298s] [100%] Built target pure_pursuit
[24.343s] [36mInstall the project...[0m
[24.365s] -- Install configuration: "Release"
[24.365s] -- Up-to-date: /home/kimna/Desktop/autoware.ai/src/autoware/core_planning/pure_pursuit/install/pure_pursuit/lib/pkgconfig/pure_pursuit.pc
[24.365s] -- Up-to-date: /home/kimna/Desktop/autoware.ai/src/autoware/core_planning/pure_pursuit/install/pure_pursuit/share/pure_pursuit/cmake/pure_pursuitConfig.cmake
[24.365s] -- Up-to-date: /home/kimna/Desktop/autoware.ai/src/autoware/core_planning/pure_pursuit/install/pure_pursuit/share/pure_pursuit/cmake/pure_pursuitConfig-version.cmake
[24.366s] -- Up-to-date: /home/kimna/Desktop/autoware.ai/src/autoware/core_planning/pure_pursuit/install/pure_pursuit/share/pure_pursuit/package.xml
[24.366s] -- Installing: /home/kimna/Desktop/autoware.ai/src/autoware/core_planning/pure_pursuit/install/pure_pursuit/lib/pure_pursuit/pure_pursuit
[24.372s] -- Set runtime path of "/home/kimna/Desktop/autoware.ai/src/autoware/core_planning/pure_pursuit/install/pure_pursuit/lib/pure_pursuit/pure_pursuit" to ""
[24.372s] -- Up-to-date: /home/kimna/Desktop/autoware.ai/src/autoware/core_planning/pure_pursuit/install/pure_pursuit/share/pure_pursuit/launch
[24.372s] -- Up-to-date: /home/kimna/Desktop/autoware.ai/src/autoware/core_planning/pure_pursuit/install/pure_pursuit/share/pure_pursuit/launch/pure_pursuit.launch
