[0.148s] [  0%] Built target pcl_msgs_generate_messages_eus
[0.148s] [  0%] Built target autoware_config_msgs_generate_messages_lisp
[0.154s] [  0%] Built target geometry_msgs_generate_messages_py
[0.156s] [  0%] Built target rosgraph_msgs_generate_messages_eus
[0.162s] [  0%] Built target actionlib_generate_messages_cpp
[0.162s] [  0%] Built target autoware_system_msgs_generate_messages_lisp
[0.184s] [  0%] Built target jsk_recognition_msgs_generate_messages_eus
[0.186s] [  0%] Built target jsk_recognition_msgs_generate_messages_lisp
[0.218s] [  0%] Built target _catkin_empty_exported_target
[0.219s] [  0%] Built target autoware_system_msgs_generate_messages_py
[0.219s] [  0%] Built target sensor_msgs_generate_messages_nodejs
[0.230s] [  0%] Built target sensor_msgs_generate_messages_cpp
[0.233s] [  0%] Built target sensor_msgs_generate_messages_eus
[0.242s] [  0%] Built target autoware_msgs_generate_messages_cpp
[0.248s] [  0%] Built target tf2_msgs_generate_messages_cpp
[0.256s] [  0%] Built target roscpp_generate_messages_cpp
[0.291s] [  0%] Built target std_msgs_generate_messages_nodejs
[0.306s] [  0%] Built target rosgraph_msgs_generate_messages_cpp
[0.312s] [  0%] Built target jsk_recognition_msgs_generate_messages_py
[0.312s] [  0%] Built target std_msgs_generate_messages_py
[0.317s] [  0%] Built target sensor_msgs_generate_messages_py
[0.324s] [  0%] Built target autoware_msgs_generate_messages_py
[0.332s] [  0%] Built target sensor_msgs_generate_messages_lisp
[0.333s] [  0%] Built target pcl_msgs_generate_messages_nodejs
[0.367s] [  0%] Built target tf_generate_messages_py
[0.392s] [  0%] Built target std_msgs_generate_messages_cpp
[0.401s] [  0%] Built target jsk_footstep_msgs_generate_messages_py
[0.405s] [  0%] Built target std_msgs_generate_messages_lisp
[0.408s] [  0%] Built target roscpp_generate_messages_nodejs
[0.408s] [  0%] Built target actionlib_msgs_generate_messages_nodejs
[0.417s] [  0%] Built target geometry_msgs_generate_messages_eus
[0.419s] [  0%] Built target autoware_system_msgs_generate_messages_cpp
[0.453s] [  0%] Built target geometry_msgs_generate_messages_nodejs
[0.474s] [  0%] Built target autoware_msgs_generate_messages_lisp
[0.476s] [  0%] Built target std_msgs_generate_messages_eus
[0.479s] [  0%] Built target geometry_msgs_generate_messages_lisp
[0.481s] [  0%] Built target pcl_msgs_generate_messages_cpp
[0.491s] [  0%] Built target autoware_msgs_generate_messages_eus
[0.494s] [  0%] Built target jsk_recognition_msgs_generate_messages_cpp
[0.509s] [  0%] Built target jsk_footstep_msgs_generate_messages_eus
[0.516s] [  0%] Built target autoware_msgs_generate_messages_nodejs
[0.549s] [  0%] Built target actionlib_msgs_generate_messages_py
[0.556s] [  0%] Built target jsk_footstep_msgs_generate_messages_nodejs
[0.558s] [  0%] Built target autoware_system_msgs_generate_messages_nodejs
[0.568s] [  0%] Built target jsk_footstep_msgs_generate_messages_cpp
[0.569s] [  0%] Built target jsk_footstep_msgs_generate_messages_lisp
[0.573s] [  0%] Built target autoware_config_msgs_generate_messages_eus
[0.577s] [  0%] Built target actionlib_msgs_generate_messages_lisp
[0.616s] [  0%] Built target actionlib_msgs_generate_messages_cpp
[0.621s] [  0%] Built target tf_generate_messages_nodejs
[0.645s] [  0%] Built target tf_generate_messages_lisp
[0.645s] [  0%] Built target autoware_config_msgs_generate_messages_nodejs
[0.670s] [  0%] Built target roscpp_generate_messages_lisp
[0.672s] [  0%] Built target jsk_recognition_msgs_generate_messages_nodejs
[0.676s] [  0%] Built target tf_generate_messages_eus
[0.681s] [  0%] Built target roscpp_generate_messages_py
[0.695s] [  0%] Built target autoware_config_msgs_generate_messages_cpp
[0.704s] [  0%] Built target rosgraph_msgs_generate_messages_lisp
[0.719s] [  0%] Built target rosgraph_msgs_generate_messages_nodejs
[0.732s] [  0%] Built target actionlib_msgs_generate_messages_eus
[0.751s] [  0%] Built target roscpp_generate_messages_eus
[0.759s] [  0%] Built target pcl_msgs_generate_messages_py
[0.763s] [  0%] Built target rosgraph_msgs_generate_messages_py
[0.765s] [  0%] Built target geometry_msgs_generate_messages_cpp
[0.784s] [  0%] Built target actionlib_generate_messages_eus
[0.787s] [  0%] Built target autoware_config_msgs_generate_messages_py
[0.825s] [  0%] Built target pcl_msgs_generate_messages_lisp
[0.829s] [  0%] Built target actionlib_generate_messages_lisp
[0.841s] [  0%] Built target tf_generate_messages_cpp
[0.842s] [  0%] Built target tf2_msgs_generate_messages_eus
[0.852s] [  0%] Built target autoware_system_msgs_generate_messages_eus
[0.855s] [  0%] Built target tf2_msgs_generate_messages_lisp
[0.861s] [  0%] Built target actionlib_generate_messages_py
[0.868s] [  0%] Built target actionlib_generate_messages_nodejs
[0.886s] [  0%] Built target tf2_msgs_generate_messages_py
[0.891s] [  0%] Built target tf2_msgs_generate_messages_nodejs
[0.915s] [35m[1mScanning dependencies of target pure_pursuit[0m
[0.951s] [ 20%] [32mBuilding CXX object CMakeFiles/pure_pursuit.dir/src/pure_pursuit_core.cpp.o[0m
[4.402s] CMakeFiles/pure_pursuit.dir/build.make:110: recipe for target 'CMakeFiles/pure_pursuit.dir/src/pure_pursuit_core.cpp.o' failed
[4.402s] CMakeFiles/Makefile2:444: recipe for target 'CMakeFiles/pure_pursuit.dir/all' failed
[4.402s] Makefile:140: recipe for target 'all' failed
