[0.231s] [  0%] Built target pcl_msgs_generate_messages_eus
[0.252s] [  0%] Built target autoware_config_msgs_generate_messages_lisp
[0.258s] [  0%] Built target actionlib_generate_messages_cpp
[0.313s] [  0%] Built target geometry_msgs_generate_messages_py
[0.333s] [  0%] Built target autoware_system_msgs_generate_messages_py
[0.339s] [  0%] Built target sensor_msgs_generate_messages_nodejs
[0.402s] [  0%] Built target roscpp_generate_messages_cpp
[0.410s] [  0%] Built target _catkin_empty_exported_target
[0.418s] [  0%] Built target sensor_msgs_generate_messages_eus
[0.479s] [  0%] Built target autoware_msgs_generate_messages_cpp
[0.487s] [  0%] Built target sensor_msgs_generate_messages_cpp
[0.535s] [  0%] Built target tf2_msgs_generate_messages_cpp
[0.573s] [  0%] Built target autoware_msgs_generate_messages_py
[0.599s] [  0%] Built target std_msgs_generate_messages_py
[0.659s] [  0%] Built target std_msgs_generate_messages_nodejs
[0.667s] [  0%] Built target rosgraph_msgs_generate_messages_cpp
[0.715s] [  0%] Built target pcl_msgs_generate_messages_nodejs
[0.765s] [  0%] Built target jsk_recognition_msgs_generate_messages_py
[0.777s] [  0%] Built target sensor_msgs_generate_messages_lisp
[0.793s] [  0%] Built target sensor_msgs_generate_messages_py
[0.872s] [  0%] Built target tf_generate_messages_py
[0.884s] [  0%] Built target std_msgs_generate_messages_cpp
[0.906s] [  0%] Built target jsk_footstep_msgs_generate_messages_py
[0.940s] [  0%] Built target autoware_system_msgs_generate_messages_lisp
[0.951s] [  0%] Built target actionlib_msgs_generate_messages_nodejs
[1.015s] [  0%] Built target geometry_msgs_generate_messages_eus
[1.020s] [  0%] Built target std_msgs_generate_messages_lisp
[1.041s] [  0%] Built target autoware_system_msgs_generate_messages_cpp
[1.044s] [  0%] Built target roscpp_generate_messages_nodejs
[1.108s] [  0%] Built target pcl_msgs_generate_messages_cpp
[1.111s] [  0%] Built target geometry_msgs_generate_messages_nodejs
[1.116s] [  0%] Built target geometry_msgs_generate_messages_lisp
[1.142s] [  0%] Built target jsk_recognition_msgs_generate_messages_cpp
[1.189s] [  0%] Built target autoware_msgs_generate_messages_eus
[1.216s] [  0%] Built target autoware_msgs_generate_messages_lisp
[1.229s] [  0%] Built target std_msgs_generate_messages_eus
[1.249s] [  0%] Built target autoware_msgs_generate_messages_nodejs
[1.309s] [  0%] Built target actionlib_msgs_generate_messages_py
[1.310s] [  0%] Built target jsk_footstep_msgs_generate_messages_eus
[1.339s] [  0%] Built target jsk_footstep_msgs_generate_messages_lisp
[1.345s] [  0%] Built target autoware_config_msgs_generate_messages_eus
[1.430s] [  0%] Built target actionlib_msgs_generate_messages_lisp
[1.446s] [  0%] Built target jsk_footstep_msgs_generate_messages_nodejs
[1.452s] [  0%] Built target jsk_recognition_msgs_generate_messages_eus
[1.462s] [  0%] Built target jsk_footstep_msgs_generate_messages_cpp
[1.552s] [  0%] Built target actionlib_msgs_generate_messages_cpp
[1.573s] [  0%] Built target autoware_config_msgs_generate_messages_nodejs
[1.591s] [  0%] Built target tf_generate_messages_lisp
[1.609s] [  0%] Built target tf_generate_messages_eus
[1.623s] [  0%] Built target tf_generate_messages_nodejs
[1.694s] [  0%] Built target roscpp_generate_messages_lisp
[1.706s] [  0%] Built target roscpp_generate_messages_py
[1.734s] [  0%] Built target jsk_recognition_msgs_generate_messages_nodejs
[1.739s] [  0%] Built target rosgraph_msgs_generate_messages_lisp
[1.796s] [  0%] Built target autoware_config_msgs_generate_messages_cpp
[1.825s] [  0%] Built target rosgraph_msgs_generate_messages_nodejs
[1.836s] [  0%] Built target roscpp_generate_messages_eus
[1.872s] [  0%] Built target actionlib_msgs_generate_messages_eus
[1.938s] [  0%] Built target autoware_config_msgs_generate_messages_py
[1.947s] [  0%] Built target rosgraph_msgs_generate_messages_py
[1.961s] [  0%] Built target autoware_system_msgs_generate_messages_nodejs
[2.006s] [  0%] Built target pcl_msgs_generate_messages_py
[2.034s] [  0%] Built target actionlib_generate_messages_eus
[2.042s] [  0%] Built target geometry_msgs_generate_messages_cpp
[2.096s] [  0%] Built target tf_generate_messages_cpp
[2.098s] [  0%] Built target actionlib_generate_messages_lisp
[2.099s] [  0%] Built target pcl_msgs_generate_messages_lisp
[2.101s] [  0%] Built target actionlib_generate_messages_nodejs
[2.134s] [  0%] Built target autoware_system_msgs_generate_messages_eus
[2.162s] [  0%] Built target jsk_recognition_msgs_generate_messages_lisp
[2.189s] [  0%] Built target tf2_msgs_generate_messages_eus
[2.202s] [  0%] Built target tf2_msgs_generate_messages_lisp
[2.228s] [  0%] Built target tf2_msgs_generate_messages_py
[2.257s] [  0%] Built target actionlib_generate_messages_py
[2.265s] [  0%] Built target tf2_msgs_generate_messages_nodejs
[2.304s] [  0%] Built target rosgraph_msgs_generate_messages_eus
[2.335s] [35m[1mScanning dependencies of target pure_pursuit[0m
[2.413s] [ 20%] [32mBuilding CXX object CMakeFiles/pure_pursuit.dir/src/pure_pursuit_core.cpp.o[0m
[12.643s] [ 40%] [32m[1mLinking CXX executable devel/lib/pure_pursuit/pure_pursuit[0m
[13.023s] [100%] Built target pure_pursuit
[13.984s] [ 28%] Built target gtest
[14.072s] [ 28%] Built target geometry_msgs_generate_messages_py
[14.151s] [ 28%] Built target autoware_system_msgs_generate_messages_py
[14.252s] [ 28%] Built target sensor_msgs_generate_messages_nodejs
[14.302s] [ 28%] Built target roscpp_generate_messages_cpp
[14.384s] [ 28%] Built target sensor_msgs_generate_messages_eus
[14.463s] [ 28%] Built target _catkin_empty_exported_target
[14.553s] [ 28%] Built target sensor_msgs_generate_messages_cpp
[14.623s] [ 28%] Built target autoware_msgs_generate_messages_cpp
[14.684s] [ 28%] Built target tf2_msgs_generate_messages_cpp
[14.748s] [ 28%] Built target std_msgs_generate_messages_py
[14.807s] [ 28%] Built target autoware_msgs_generate_messages_py
[14.891s] [ 28%] Built target std_msgs_generate_messages_nodejs
[14.961s] [ 28%] Built target rosgraph_msgs_generate_messages_cpp
[15.021s] [ 28%] Built target pcl_msgs_generate_messages_nodejs
[15.082s] [ 28%] Built target jsk_recognition_msgs_generate_messages_py
[15.167s] [ 28%] Built target sensor_msgs_generate_messages_lisp
[15.227s] [ 28%] Built target sensor_msgs_generate_messages_py
[15.289s] [ 28%] Built target tf_generate_messages_py
[15.365s] [ 28%] Built target std_msgs_generate_messages_cpp
[15.487s] [ 28%] Built target jsk_footstep_msgs_generate_messages_py
[15.560s] [ 28%] Built target actionlib_msgs_generate_messages_nodejs
[15.630s] [ 28%] Built target geometry_msgs_generate_messages_eus
[15.711s] [ 28%] Built target std_msgs_generate_messages_lisp
[15.787s] [ 28%] Built target roscpp_generate_messages_nodejs
[15.893s] [ 28%] Built target autoware_system_msgs_generate_messages_cpp
[15.968s] [ 28%] Built target geometry_msgs_generate_messages_nodejs
[16.036s] [ 28%] Built target geometry_msgs_generate_messages_lisp
[16.115s] [ 28%] Built target pcl_msgs_generate_messages_cpp
[16.186s] [ 28%] Built target jsk_recognition_msgs_generate_messages_cpp
[16.244s] [ 28%] Built target autoware_msgs_generate_messages_eus
[16.314s] [ 28%] Built target autoware_msgs_generate_messages_lisp
[16.373s] [ 28%] Built target std_msgs_generate_messages_eus
[16.440s] [ 28%] Built target autoware_msgs_generate_messages_nodejs
[16.515s] [ 28%] Built target jsk_footstep_msgs_generate_messages_eus
[16.595s] [ 28%] Built target actionlib_msgs_generate_messages_py
[16.690s] [ 28%] Built target autoware_config_msgs_generate_messages_eus
[16.781s] [ 28%] Built target jsk_footstep_msgs_generate_messages_lisp
[16.838s] [ 28%] Built target jsk_footstep_msgs_generate_messages_nodejs
[16.918s] [ 28%] Built target autoware_system_msgs_generate_messages_nodejs
[16.988s] [ 28%] Built target actionlib_msgs_generate_messages_lisp
[17.042s] [ 28%] Built target jsk_footstep_msgs_generate_messages_cpp
[17.110s] [ 28%] Built target actionlib_msgs_generate_messages_cpp
[17.168s] [ 28%] Built target tf_generate_messages_eus
[17.255s] [ 28%] Built target tf_generate_messages_lisp
[17.319s] [ 28%] Built target autoware_config_msgs_generate_messages_nodejs
[17.398s] [ 28%] Built target tf_generate_messages_nodejs
[17.454s] [ 28%] Built target jsk_recognition_msgs_generate_messages_nodejs
[17.521s] [ 28%] Built target roscpp_generate_messages_lisp
[17.571s] [ 28%] Built target roscpp_generate_messages_py
[17.642s] [ 28%] Built target rosgraph_msgs_generate_messages_lisp
[17.711s] [ 28%] Built target autoware_config_msgs_generate_messages_cpp
[17.779s] [ 28%] Built target rosgraph_msgs_generate_messages_nodejs
[17.843s] [ 28%] Built target roscpp_generate_messages_eus
[17.907s] [ 28%] Built target actionlib_msgs_generate_messages_eus
[17.964s] [ 28%] Built target rosgraph_msgs_generate_messages_py
[18.061s] [ 28%] Built target autoware_config_msgs_generate_messages_py
[18.125s] [ 28%] Built target pcl_msgs_generate_messages_py
[18.191s] [ 28%] Built target actionlib_generate_messages_eus
[18.265s] [ 28%] Built target geometry_msgs_generate_messages_cpp
[18.329s] [ 28%] Built target actionlib_generate_messages_lisp
[18.384s] [ 28%] Built target pcl_msgs_generate_messages_lisp
[18.459s] [ 28%] Built target tf_generate_messages_cpp
[18.550s] [ 28%] Built target actionlib_generate_messages_nodejs
[18.632s] [ 28%] Built target autoware_system_msgs_generate_messages_eus
[18.692s] [ 28%] Built target tf2_msgs_generate_messages_eus
[18.771s] [ 28%] Built target tf2_msgs_generate_messages_lisp
[18.841s] [ 28%] Built target actionlib_generate_messages_py
[18.901s] [ 28%] Built target tf2_msgs_generate_messages_py
[18.983s] [ 28%] Built target tf2_msgs_generate_messages_nodejs
[19.079s] [ 28%] Built target autoware_config_msgs_generate_messages_lisp
[19.162s] [ 28%] Built target autoware_system_msgs_generate_messages_lisp
[19.244s] [ 28%] Built target jsk_recognition_msgs_generate_messages_eus
[19.330s] [ 28%] Built target jsk_recognition_msgs_generate_messages_lisp
[19.395s] [ 28%] Built target rosgraph_msgs_generate_messages_eus
[19.471s] [ 28%] Built target pcl_msgs_generate_messages_eus
[19.549s] [ 28%] Built target actionlib_generate_messages_cpp
[19.599s] [35m[1mScanning dependencies of target test-pure_pursuit[0m
[19.659s] [ 42%] [32mBuilding CXX object CMakeFiles/test-pure_pursuit.dir/src/pure_pursuit_core.cpp.o[0m
[29.795s] [ 57%] [32m[1mLinking CXX executable devel/lib/pure_pursuit/test-pure_pursuit[0m
[30.186s] [100%] Built target test-pure_pursuit
[30.295s] [100%] Built target tests
[31.205s] [  0%] Built target autoware_config_msgs_generate_messages_lisp
[31.286s] [  0%] Built target geometry_msgs_generate_messages_py
[31.365s] [  0%] Built target autoware_system_msgs_generate_messages_py
[31.430s] [  0%] Built target sensor_msgs_generate_messages_nodejs
[31.493s] [  0%] Built target roscpp_generate_messages_cpp
[31.578s] [  0%] Built target sensor_msgs_generate_messages_eus
[31.651s] [  0%] Built target _catkin_empty_exported_target
[31.706s] [  0%] Built target sensor_msgs_generate_messages_cpp
[31.760s] [  0%] Built target autoware_msgs_generate_messages_cpp
[31.837s] [  0%] Built target tf2_msgs_generate_messages_cpp
[31.892s] [  0%] Built target std_msgs_generate_messages_py
[31.959s] [  0%] Built target autoware_msgs_generate_messages_py
[32.038s] [  0%] Built target std_msgs_generate_messages_nodejs
[32.111s] [  0%] Built target rosgraph_msgs_generate_messages_cpp
[32.204s] [  0%] Built target pcl_msgs_generate_messages_nodejs
[32.282s] [  0%] Built target jsk_recognition_msgs_generate_messages_py
[32.366s] [  0%] Built target sensor_msgs_generate_messages_lisp
[32.438s] [  0%] Built target sensor_msgs_generate_messages_py
[32.524s] [  0%] Built target tf_generate_messages_py
[32.590s] [  0%] Built target std_msgs_generate_messages_cpp
[32.651s] [  0%] Built target jsk_footstep_msgs_generate_messages_py
[32.718s] [  0%] Built target actionlib_msgs_generate_messages_nodejs
[32.780s] [  0%] Built target geometry_msgs_generate_messages_eus
[32.882s] [  0%] Built target std_msgs_generate_messages_lisp
[32.951s] [  0%] Built target roscpp_generate_messages_nodejs
[33.044s] [  0%] Built target autoware_system_msgs_generate_messages_cpp
[33.105s] [  0%] Built target geometry_msgs_generate_messages_nodejs
[33.170s] [  0%] Built target geometry_msgs_generate_messages_lisp
[33.253s] [  0%] Built target pcl_msgs_generate_messages_cpp
[33.309s] [  0%] Built target jsk_recognition_msgs_generate_messages_cpp
[33.391s] [  0%] Built target autoware_msgs_generate_messages_eus
[33.455s] [  0%] Built target autoware_msgs_generate_messages_lisp
[33.514s] [  0%] Built target std_msgs_generate_messages_eus
[33.573s] [  0%] Built target autoware_msgs_generate_messages_nodejs
[33.631s] [  0%] Built target jsk_footstep_msgs_generate_messages_eus
[33.698s] [  0%] Built target actionlib_msgs_generate_messages_py
[33.764s] [  0%] Built target autoware_config_msgs_generate_messages_eus
[33.819s] [  0%] Built target jsk_footstep_msgs_generate_messages_lisp
[33.920s] [  0%] Built target jsk_footstep_msgs_generate_messages_nodejs
[33.998s] [  0%] Built target autoware_system_msgs_generate_messages_nodejs
[34.087s] [  0%] Built target actionlib_msgs_generate_messages_lisp
[34.166s] [  0%] Built target jsk_footstep_msgs_generate_messages_cpp
[34.236s] [  0%] Built target actionlib_msgs_generate_messages_cpp
[34.317s] [  0%] Built target tf_generate_messages_eus
[34.378s] [  0%] Built target tf_generate_messages_lisp
[34.444s] [  0%] Built target autoware_config_msgs_generate_messages_nodejs
[34.519s] [  0%] Built target tf_generate_messages_nodejs
[34.586s] [  0%] Built target jsk_recognition_msgs_generate_messages_nodejs
[34.663s] [  0%] Built target roscpp_generate_messages_lisp
[34.778s] [  0%] Built target roscpp_generate_messages_py
[34.832s] [  0%] Built target rosgraph_msgs_generate_messages_lisp
[34.890s] [  0%] Built target autoware_config_msgs_generate_messages_cpp
[34.982s] [  0%] Built target rosgraph_msgs_generate_messages_nodejs
[35.076s] [  0%] Built target roscpp_generate_messages_eus
[35.143s] [  0%] Built target actionlib_msgs_generate_messages_eus
[35.209s] [  0%] Built target rosgraph_msgs_generate_messages_py
[35.279s] [  0%] Built target autoware_config_msgs_generate_messages_py
[35.345s] [  0%] Built target pcl_msgs_generate_messages_py
[35.414s] [  0%] Built target actionlib_generate_messages_eus
[35.487s] [  0%] Built target geometry_msgs_generate_messages_cpp
[35.570s] [  0%] Built target actionlib_generate_messages_lisp
[35.636s] [  0%] Built target pcl_msgs_generate_messages_lisp
[35.720s] [  0%] Built target tf_generate_messages_cpp
[35.793s] [  0%] Built target actionlib_generate_messages_nodejs
[35.858s] [  0%] Built target autoware_system_msgs_generate_messages_eus
[35.930s] [  0%] Built target tf2_msgs_generate_messages_eus
[35.987s] [  0%] Built target tf2_msgs_generate_messages_lisp
[36.078s] [  0%] Built target actionlib_generate_messages_py
[36.140s] [  0%] Built target tf2_msgs_generate_messages_py
[36.205s] [  0%] Built target tf2_msgs_generate_messages_nodejs
[36.288s] [  0%] Built target autoware_system_msgs_generate_messages_lisp
[36.333s] [  0%] Built target jsk_recognition_msgs_generate_messages_eus
[36.428s] [  0%] Built target jsk_recognition_msgs_generate_messages_lisp
[36.495s] [  0%] Built target rosgraph_msgs_generate_messages_eus
[36.591s] [  0%] Built target pcl_msgs_generate_messages_eus
[36.660s] [  0%] Built target actionlib_generate_messages_cpp
[36.754s] [100%] Built target pure_pursuit
[36.816s] [36mInstall the project...[0m
[36.839s] -- Install configuration: "Release"
[36.840s] -- Up-to-date: /home/kimna/Desktop/autoware.ai/src/autoware/core_planning/pure_pursuit/install/pure_pursuit/lib/pkgconfig/pure_pursuit.pc
[36.840s] -- Up-to-date: /home/kimna/Desktop/autoware.ai/src/autoware/core_planning/pure_pursuit/install/pure_pursuit/share/pure_pursuit/cmake/pure_pursuitConfig.cmake
[36.840s] -- Up-to-date: /home/kimna/Desktop/autoware.ai/src/autoware/core_planning/pure_pursuit/install/pure_pursuit/share/pure_pursuit/cmake/pure_pursuitConfig-version.cmake
[36.840s] -- Up-to-date: /home/kimna/Desktop/autoware.ai/src/autoware/core_planning/pure_pursuit/install/pure_pursuit/share/pure_pursuit/package.xml
[36.840s] -- Installing: /home/kimna/Desktop/autoware.ai/src/autoware/core_planning/pure_pursuit/install/pure_pursuit/lib/pure_pursuit/pure_pursuit
[36.848s] -- Set runtime path of "/home/kimna/Desktop/autoware.ai/src/autoware/core_planning/pure_pursuit/install/pure_pursuit/lib/pure_pursuit/pure_pursuit" to ""
[36.848s] -- Up-to-date: /home/kimna/Desktop/autoware.ai/src/autoware/core_planning/pure_pursuit/install/pure_pursuit/share/pure_pursuit/launch
[36.849s] -- Up-to-date: /home/kimna/Desktop/autoware.ai/src/autoware/core_planning/pure_pursuit/install/pure_pursuit/share/pure_pursuit/launch/pure_pursuit.launch
