[0.135s] [  0%] Built target geometry_msgs_generate_messages_py
[0.137s] [  0%] Built target jsk_recognition_msgs_generate_messages_eus
[0.138s] [  0%] Built target pcl_msgs_generate_messages_eus
[0.139s] [  0%] Built target rosgraph_msgs_generate_messages_eus
[0.139s] [  0%] Built target autoware_config_msgs_generate_messages_lisp
[0.139s] [  0%] Built target jsk_recognition_msgs_generate_messages_lisp
[0.147s] [  0%] Built target autoware_system_msgs_generate_messages_lisp
[0.158s] [  0%] Built target actionlib_generate_messages_cpp
[0.193s] [  0%] Built target autoware_system_msgs_generate_messages_py
[0.200s] [  0%] Built target _catkin_empty_exported_target
[0.200s] [  0%] Built target sensor_msgs_generate_messages_cpp
[0.200s] [  0%] Built target sensor_msgs_generate_messages_nodejs
[0.207s] [  0%] Built target roscpp_generate_messages_cpp
[0.218s] [  0%] Built target sensor_msgs_generate_messages_eus
[0.220s] [  0%] Built target tf2_msgs_generate_messages_cpp
[0.224s] [  0%] Built target autoware_msgs_generate_messages_cpp
[0.251s] [  0%] Built target std_msgs_generate_messages_nodejs
[0.252s] [  0%] Built target rosgraph_msgs_generate_messages_cpp
[0.262s] [  0%] Built target autoware_msgs_generate_messages_py
[0.271s] [  0%] Built target std_msgs_generate_messages_py
[0.271s] [  0%] Built target pcl_msgs_generate_messages_nodejs
[0.289s] [  0%] Built target jsk_recognition_msgs_generate_messages_py
[0.306s] [  0%] Built target sensor_msgs_generate_messages_py
[0.312s] [  0%] Built target sensor_msgs_generate_messages_lisp
[0.329s] [  0%] Built target tf_generate_messages_py
[0.330s] [  0%] Built target jsk_footstep_msgs_generate_messages_py
[0.332s] [  0%] Built target std_msgs_generate_messages_cpp
[0.341s] [  0%] Built target actionlib_msgs_generate_messages_nodejs
[0.345s] [  0%] Built target geometry_msgs_generate_messages_eus
[0.365s] [  0%] Built target std_msgs_generate_messages_lisp
[0.377s] [  0%] Built target roscpp_generate_messages_nodejs
[0.384s] [  0%] Built target autoware_system_msgs_generate_messages_cpp
[0.401s] [  0%] Built target geometry_msgs_generate_messages_nodejs
[0.407s] [  0%] Built target autoware_msgs_generate_messages_eus
[0.415s] [  0%] Built target pcl_msgs_generate_messages_cpp
[0.423s] [  0%] Built target geometry_msgs_generate_messages_lisp
[0.439s] [  0%] Built target jsk_recognition_msgs_generate_messages_cpp
[0.444s] [  0%] Built target autoware_msgs_generate_messages_lisp
[0.446s] [  0%] Built target autoware_msgs_generate_messages_nodejs
[0.462s] [  0%] Built target std_msgs_generate_messages_eus
[0.479s] [  0%] Built target actionlib_msgs_generate_messages_py
[0.479s] [  0%] Built target jsk_footstep_msgs_generate_messages_eus
[0.490s] [  0%] Built target autoware_config_msgs_generate_messages_eus
[0.496s] [  0%] Built target jsk_footstep_msgs_generate_messages_lisp
[0.496s] [  0%] Built target jsk_footstep_msgs_generate_messages_nodejs
[0.507s] [  0%] Built target autoware_system_msgs_generate_messages_nodejs
[0.514s] [  0%] Built target actionlib_msgs_generate_messages_lisp
[0.516s] [  0%] Built target jsk_footstep_msgs_generate_messages_cpp
[0.534s] [  0%] Built target tf_generate_messages_eus
[0.536s] [  0%] Built target actionlib_msgs_generate_messages_cpp
[0.553s] [  0%] Built target autoware_config_msgs_generate_messages_nodejs
[0.560s] [  0%] Built target tf_generate_messages_lisp
[0.562s] [  0%] Built target tf_generate_messages_nodejs
[0.566s] [  0%] Built target jsk_recognition_msgs_generate_messages_nodejs
[0.568s] [  0%] Built target roscpp_generate_messages_lisp
[0.578s] [  0%] Built target roscpp_generate_messages_py
[0.592s] [  0%] Built target rosgraph_msgs_generate_messages_lisp
[0.599s] [  0%] Built target autoware_config_msgs_generate_messages_cpp
[0.610s] [  0%] Built target rosgraph_msgs_generate_messages_nodejs
[0.614s] [  0%] Built target roscpp_generate_messages_eus
[0.614s] [  0%] Built target actionlib_msgs_generate_messages_eus
[0.621s] [  0%] Built target rosgraph_msgs_generate_messages_py
[0.621s] [  0%] Built target autoware_config_msgs_generate_messages_py
[0.634s] [  0%] Built target pcl_msgs_generate_messages_py
[0.647s] [  0%] Built target actionlib_generate_messages_eus
[0.660s] [  0%] Built target geometry_msgs_generate_messages_cpp
[0.665s] [  0%] Built target actionlib_generate_messages_lisp
[0.667s] [  0%] Built target pcl_msgs_generate_messages_lisp
[0.670s] [  0%] Built target actionlib_generate_messages_nodejs
[0.671s] [  0%] Built target tf_generate_messages_cpp
[0.674s] [  0%] Built target autoware_system_msgs_generate_messages_eus
[0.685s] [  0%] Built target tf2_msgs_generate_messages_eus
[0.695s] [  0%] Built target tf2_msgs_generate_messages_lisp
[0.701s] [  0%] Built target actionlib_generate_messages_py
[0.705s] [  0%] Built target tf2_msgs_generate_messages_py
[0.707s] [  0%] Built target tf2_msgs_generate_messages_nodejs
[0.725s] [35m[1mScanning dependencies of target pure_pursuit[0m
[0.758s] [ 40%] [32mBuilding CXX object CMakeFiles/pure_pursuit.dir/src/pure_pursuit_core.cpp.o[0m
[0.758s] [ 40%] [32mBuilding CXX object CMakeFiles/pure_pursuit.dir/src/pure_pursuit_node.cpp.o[0m
[3.255s] CMakeFiles/pure_pursuit.dir/build.make:62: recipe for target 'CMakeFiles/pure_pursuit.dir/src/pure_pursuit_node.cpp.o' failed
[3.643s] CMakeFiles/pure_pursuit.dir/build.make:110: recipe for target 'CMakeFiles/pure_pursuit.dir/src/pure_pursuit_core.cpp.o' failed
[3.643s] CMakeFiles/Makefile2:444: recipe for target 'CMakeFiles/pure_pursuit.dir/all' failed
[3.644s] Makefile:140: recipe for target 'all' failed
