[0.135s] [  0%] Built target geometry_msgs_generate_messages_py
[0.137s] [  0%] Built target jsk_recognition_msgs_generate_messages_eus
[0.138s] [  0%] Built target pcl_msgs_generate_messages_eus
[0.139s] [  0%] Built target rosgraph_msgs_generate_messages_eus
[0.139s] [  0%] Built target autoware_config_msgs_generate_messages_lisp
[0.139s] [  0%] Built target jsk_recognition_msgs_generate_messages_lisp
[0.147s] [  0%] Built target autoware_system_msgs_generate_messages_lisp
[0.158s] [  0%] Built target actionlib_generate_messages_cpp
[0.193s] [  0%] Built target autoware_system_msgs_generate_messages_py
[0.200s] [  0%] Built target _catkin_empty_exported_target
[0.200s] [  0%] Built target sensor_msgs_generate_messages_cpp
[0.200s] [  0%] Built target sensor_msgs_generate_messages_nodejs
[0.207s] [  0%] Built target roscpp_generate_messages_cpp
[0.218s] [  0%] Built target sensor_msgs_generate_messages_eus
[0.220s] [  0%] Built target tf2_msgs_generate_messages_cpp
[0.224s] [  0%] Built target autoware_msgs_generate_messages_cpp
[0.251s] [  0%] Built target std_msgs_generate_messages_nodejs
[0.252s] [  0%] Built target rosgraph_msgs_generate_messages_cpp
[0.262s] [  0%] Built target autoware_msgs_generate_messages_py
[0.271s] [  0%] Built target std_msgs_generate_messages_py
[0.271s] [  0%] Built target pcl_msgs_generate_messages_nodejs
[0.289s] [  0%] Built target jsk_recognition_msgs_generate_messages_py
[0.306s] [  0%] Built target sensor_msgs_generate_messages_py
[0.312s] [  0%] Built target sensor_msgs_generate_messages_lisp
[0.329s] [  0%] Built target tf_generate_messages_py
[0.330s] [  0%] Built target jsk_footstep_msgs_generate_messages_py
[0.332s] [  0%] Built target std_msgs_generate_messages_cpp
[0.341s] [  0%] Built target actionlib_msgs_generate_messages_nodejs
[0.345s] [  0%] Built target geometry_msgs_generate_messages_eus
[0.365s] [  0%] Built target std_msgs_generate_messages_lisp
[0.377s] [  0%] Built target roscpp_generate_messages_nodejs
[0.384s] [  0%] Built target autoware_system_msgs_generate_messages_cpp
[0.401s] [  0%] Built target geometry_msgs_generate_messages_nodejs
[0.407s] [  0%] Built target autoware_msgs_generate_messages_eus
[0.415s] [  0%] Built target pcl_msgs_generate_messages_cpp
[0.423s] [  0%] Built target geometry_msgs_generate_messages_lisp
[0.439s] [  0%] Built target jsk_recognition_msgs_generate_messages_cpp
[0.444s] [  0%] Built target autoware_msgs_generate_messages_lisp
[0.446s] [  0%] Built target autoware_msgs_generate_messages_nodejs
[0.462s] [  0%] Built target std_msgs_generate_messages_eus
[0.479s] [  0%] Built target actionlib_msgs_generate_messages_py
[0.479s] [  0%] Built target jsk_footstep_msgs_generate_messages_eus
[0.490s] [  0%] Built target autoware_config_msgs_generate_messages_eus
[0.496s] [  0%] Built target jsk_footstep_msgs_generate_messages_lisp
[0.496s] [  0%] Built target jsk_footstep_msgs_generate_messages_nodejs
[0.507s] [  0%] Built target autoware_system_msgs_generate_messages_nodejs
[0.514s] [  0%] Built target actionlib_msgs_generate_messages_lisp
[0.516s] [  0%] Built target jsk_footstep_msgs_generate_messages_cpp
[0.534s] [  0%] Built target tf_generate_messages_eus
[0.536s] [  0%] Built target actionlib_msgs_generate_messages_cpp
[0.553s] [  0%] Built target autoware_config_msgs_generate_messages_nodejs
[0.560s] [  0%] Built target tf_generate_messages_lisp
[0.562s] [  0%] Built target tf_generate_messages_nodejs
[0.566s] [  0%] Built target jsk_recognition_msgs_generate_messages_nodejs
[0.568s] [  0%] Built target roscpp_generate_messages_lisp
[0.578s] [  0%] Built target roscpp_generate_messages_py
[0.592s] [  0%] Built target rosgraph_msgs_generate_messages_lisp
[0.599s] [  0%] Built target autoware_config_msgs_generate_messages_cpp
[0.610s] [  0%] Built target rosgraph_msgs_generate_messages_nodejs
[0.614s] [  0%] Built target roscpp_generate_messages_eus
[0.614s] [  0%] Built target actionlib_msgs_generate_messages_eus
[0.621s] [  0%] Built target rosgraph_msgs_generate_messages_py
[0.621s] [  0%] Built target autoware_config_msgs_generate_messages_py
[0.634s] [  0%] Built target pcl_msgs_generate_messages_py
[0.647s] [  0%] Built target actionlib_generate_messages_eus
[0.660s] [  0%] Built target geometry_msgs_generate_messages_cpp
[0.665s] [  0%] Built target actionlib_generate_messages_lisp
[0.667s] [  0%] Built target pcl_msgs_generate_messages_lisp
[0.670s] [  0%] Built target actionlib_generate_messages_nodejs
[0.671s] [  0%] Built target tf_generate_messages_cpp
[0.674s] [  0%] Built target autoware_system_msgs_generate_messages_eus
[0.685s] [  0%] Built target tf2_msgs_generate_messages_eus
[0.695s] [  0%] Built target tf2_msgs_generate_messages_lisp
[0.701s] [  0%] Built target actionlib_generate_messages_py
[0.705s] [  0%] Built target tf2_msgs_generate_messages_py
[0.707s] [  0%] Built target tf2_msgs_generate_messages_nodejs
[0.725s] [35m[1mScanning dependencies of target pure_pursuit[0m
[0.758s] [ 40%] [32mBuilding CXX object CMakeFiles/pure_pursuit.dir/src/pure_pursuit_core.cpp.o[0m
[0.758s] [ 40%] [32mBuilding CXX object CMakeFiles/pure_pursuit.dir/src/pure_pursuit_node.cpp.o[0m
[2.088s] In file included from [01m[K/home/kimna/Desktop/autoware.ai/src/autoware/core_planning/pure_pursuit/include/pure_pursuit/pure_pursuit_core.h:28:0[m[K,
[2.088s]                  from [01m[K/home/kimna/Desktop/autoware.ai/src/autoware/core_planning/pure_pursuit/src/pure_pursuit_core.cpp:18[m[K:
[2.089s] [01m[K/home/kimna/Desktop/autoware.ai/install/autoware_config_msgs/include/autoware_config_msgs/ConfigWaypointFollower.h:77:24:[m[K [01;31m[Kerror: [m[Kredeclaration of ‘[01m[Kautoware_config_msgs::ConfigWaypointFollower_<ContainerAllocator>::_stanley_factor_type autoware_config_msgs::ConfigWaypointFollower_<ContainerAllocator>::relative_angle_threshold[m[K’
[2.089s]    _stanley_factor_type [01;31m[Krelative_angle_threshold[m[K;
[2.089s]                         [01;31m[K^~~~~~~~~~~~~~~~~~~~~~~~[m[K
[2.089s] [01m[K/home/kimna/Desktop/autoware.ai/install/autoware_config_msgs/include/autoware_config_msgs/ConfigWaypointFollower.h:73:34:[m[K [01;36m[Knote: [m[Kprevious declaration ‘[01m[Kautoware_config_msgs::ConfigWaypointFollower_<ContainerAllocator>::_relative_angle_threshold_type autoware_config_msgs::ConfigWaypointFollower_<ContainerAllocator>::relative_angle_threshold[m[K’
[2.089s]    _relative_angle_threshold_type [01;36m[Krelative_angle_threshold[m[K;
[2.089s]                                   [01;36m[K^~~~~~~~~~~~~~~~~~~~~~~~[m[K
[2.094s] In file included from [01m[K/home/kimna/Desktop/autoware.ai/src/autoware/core_planning/pure_pursuit/include/pure_pursuit/pure_pursuit_core.h:28:0[m[K,
[2.094s]                  from [01m[K/home/kimna/Desktop/autoware.ai/src/autoware/core_planning/pure_pursuit/src/pure_pursuit_node.cpp:21[m[K:
[2.094s] [01m[K/home/kimna/Desktop/autoware.ai/install/autoware_config_msgs/include/autoware_config_msgs/ConfigWaypointFollower.h:77:24:[m[K [01;31m[Kerror: [m[Kredeclaration of ‘[01m[Kautoware_config_msgs::ConfigWaypointFollower_<ContainerAllocator>::_stanley_factor_type autoware_config_msgs::ConfigWaypointFollower_<ContainerAllocator>::relative_angle_threshold[m[K’
[2.094s]    _stanley_factor_type [01;31m[Krelative_angle_threshold[m[K;
[2.094s]                         [01;31m[K^~~~~~~~~~~~~~~~~~~~~~~~[m[K
[2.094s] [01m[K/home/kimna/Desktop/autoware.ai/install/autoware_config_msgs/include/autoware_config_msgs/ConfigWaypointFollower.h:73:34:[m[K [01;36m[Knote: [m[Kprevious declaration ‘[01m[Kautoware_config_msgs::ConfigWaypointFollower_<ContainerAllocator>::_relative_angle_threshold_type autoware_config_msgs::ConfigWaypointFollower_<ContainerAllocator>::relative_angle_threshold[m[K’
[2.095s]    _relative_angle_threshold_type [01;36m[Krelative_angle_threshold[m[K;
[2.095s]                                   [01;36m[K^~~~~~~~~~~~~~~~~~~~~~~~[m[K
[2.752s] [01m[K/home/kimna/Desktop/autoware.ai/src/autoware/core_planning/pure_pursuit/src/pure_pursuit_core.cpp:[m[K In member function ‘[01m[Kvoid waypoint_follower::PurePursuitNode::initForROS()[m[K’:
[2.753s] [01m[K/home/kimna/Desktop/autoware.ai/src/autoware/core_planning/pure_pursuit/src/pure_pursuit_core.cpp:72:23:[m[K [01;31m[Kerror: [m[K‘[01m[Kstanley_factor_[m[K’ was not declared in this scope
[2.753s]      "stanley_factor", [01;31m[Kstanley_factor_[m[K, 0.0);
[2.753s]                        [01;31m[K^~~~~~~~~~~~~~~[m[K
[2.761s] [01m[K/home/kimna/Desktop/autoware.ai/src/autoware/core_planning/pure_pursuit/src/pure_pursuit_core.cpp:77:3:[m[K [01;31m[Kerror: [m[Kexpected ‘[01m[K;[m[K’ before ‘[01m[Ksub1_[m[K’
[2.761s]    [01;31m[Ksub1_[m[K = nh_.subscribe("final_waypoints", 10,
[2.761s]    [01;31m[K^~~~~[m[K
[2.764s] In file included from [01m[K/opt/ros/melodic/include/ros/ros.h:40:0[m[K,
[2.764s]                  from [01m[K/home/kimna/Desktop/autoware.ai/src/autoware/core_planning/pure_pursuit/include/pure_pursuit/pure_pursuit_core.h:23[m[K,
[2.764s]                  from [01m[K/home/kimna/Desktop/autoware.ai/src/autoware/core_planning/pure_pursuit/src/pure_pursuit_core.cpp:18[m[K:
[2.764s] [01m[K/home/kimna/Desktop/autoware.ai/src/autoware/core_planning/pure_pursuit/src/pure_pursuit_core.cpp:[m[K In member function ‘[01m[Kvoid waypoint_follower::PurePursuitNode::run()[m[K’:
[2.764s] [01m[K/home/kimna/Desktop/autoware.ai/src/autoware/core_planning/pure_pursuit/src/pure_pursuit_core.cpp:210:32:[m[K [01;31m[Kerror: [m[K‘[01m[Kstanley_factor_[m[K’ was not declared in this scope
[2.764s]        ROS_WARN_STREAM("cfg "<< [01;31m[Ks[m[Ktanley_factor_ << std::endl);
[2.764s]                                 [01;31m[K^[m[K
[2.764s] [01m[K/opt/ros/melodic/include/ros/console.h:358:64:[m[K [01;36m[Knote: [m[Kin definition of macro ‘[01m[KROSCONSOLE_PRINT_STREAM_AT_LOCATION_WITH_FILTER[m[K’
[2.764s]      __rosconsole_print_stream_at_location_with_filter__ss__ << [01;36m[Kargs[m[K; \
[2.764s]                                                                 [01;36m[K^~~~[m[K
[2.764s] [01m[K/opt/ros/melodic/include/ros/console.h:406:7:[m[K [01;36m[Knote: [m[Kin expansion of macro ‘[01m[KROSCONSOLE_PRINT_STREAM_AT_LOCATION[m[K’
[2.764s]        [01;36m[KROSCONSOLE_PRINT_STREAM_AT_LOCATION[m[K(args); \
[2.764s]        [01;36m[K^~~~~~~~~~~~~~~~~~~~~~~~~~~~~~~~~~~[m[K
[2.765s] [01m[K/opt/ros/melodic/include/ros/console.h:579:43:[m[K [01;36m[Knote: [m[Kin expansion of macro ‘[01m[KROS_LOG_STREAM_COND[m[K’
[2.765s]  #define ROS_LOG_STREAM(level, name, args) [01;36m[KROS_LOG_STREAM_COND[m[K(true, level, name, args)
[2.765s]                                            [01;36m[K^~~~~~~~~~~~~~~~~~~[m[K
[2.765s] [01m[K/opt/ros/melodic/include/rosconsole/macros_generated.h:163:31:[m[K [01;36m[Knote: [m[Kin expansion of macro ‘[01m[KROS_LOG_STREAM[m[K’
[2.765s]  #define ROS_WARN_STREAM(args) [01;36m[KROS_LOG_STREAM[m[K(::ros::console::levels::Warn, ROSCONSOLE_DEFAULT_NAME, args)
[2.765s]                                [01;36m[K^~~~~~~~~~~~~~[m[K
[2.765s] [01m[K/home/kimna/Desktop/autoware.ai/src/autoware/core_planning/pure_pursuit/src/pure_pursuit_core.cpp:210:7:[m[K [01;36m[Knote: [m[Kin expansion of macro ‘[01m[KROS_WARN_STREAM[m[K’
[2.765s]        [01;36m[KR[m[KOS_WARN_STREAM("cfg "<< stanley_factor_ << std::endl);
[2.765s]        [01;36m[K^[m[K
[2.777s] [01m[K/home/kimna/Desktop/autoware.ai/src/autoware/core_planning/pure_pursuit/src/pure_pursuit_core.cpp:[m[K In member function ‘[01m[Kvoid waypoint_follower::PurePursuitNode::callbackFromConfig(const ConfigWaypointFollowerConstPtr&)[m[K’:
[2.778s] [01m[K/home/kimna/Desktop/autoware.ai/src/autoware/core_planning/pure_pursuit/src/pure_pursuit_core.cpp:367:3:[m[K [01;31m[Kerror: [m[K‘[01m[Kstanley_factor_[m[K’ was not declared in this scope
[2.778s]    [01;31m[Kstanley_factor_[m[K = config->stanley_factor;
[2.778s]    [01;31m[K^~~~~~~~~~~~~~~[m[K
[2.786s] [01m[K/home/kimna/Desktop/autoware.ai/src/autoware/core_planning/pure_pursuit/src/pure_pursuit_core.cpp:367:29:[m[K [01;31m[Kerror: [m[K‘[01m[Kconst struct autoware_config_msgs::ConfigWaypointFollower_<std::allocator<void> >[m[K’ has no member named ‘[01m[Kstanley_factor[m[K’; did you mean ‘[01m[K_stanley_factor_type[m[K’?
[2.786s]    stanley_factor_ = config->[01;31m[Kstanley_factor[m[K;
[2.786s]                              [01;31m[K^~~~~~~~~~~~~~[m[K
[2.787s]                              [32m[K_stanley_factor_type[m[K
[3.254s] make[2]: *** [CMakeFiles/pure_pursuit.dir/src/pure_pursuit_node.cpp.o] Error 1
[3.255s] make[2]: *** Waiting for unfinished jobs....
[3.255s] CMakeFiles/pure_pursuit.dir/build.make:62: recipe for target 'CMakeFiles/pure_pursuit.dir/src/pure_pursuit_node.cpp.o' failed
[3.643s] make[2]: *** [CMakeFiles/pure_pursuit.dir/src/pure_pursuit_core.cpp.o] Error 1
[3.643s] CMakeFiles/pure_pursuit.dir/build.make:110: recipe for target 'CMakeFiles/pure_pursuit.dir/src/pure_pursuit_core.cpp.o' failed
[3.643s] make[1]: *** [CMakeFiles/pure_pursuit.dir/all] Error 2
[3.643s] CMakeFiles/Makefile2:444: recipe for target 'CMakeFiles/pure_pursuit.dir/all' failed
[3.644s] Makefile:140: recipe for target 'all' failed
[3.644s] make: *** [all] Error 2
