[0.111s] [  0%] Built target rosgraph_msgs_generate_messages_eus
[0.114s] [  0%] Built target autoware_config_msgs_generate_messages_lisp
[0.116s] [  0%] Built target pcl_msgs_generate_messages_eus
[0.116s] [  0%] Built target actionlib_generate_messages_cpp
[0.118s] [  0%] Built target jsk_recognition_msgs_generate_messages_eus
[0.120s] [  0%] Built target geometry_msgs_generate_messages_py
[0.122s] [  0%] Built target jsk_recognition_msgs_generate_messages_lisp
[0.126s] [  0%] Built target autoware_system_msgs_generate_messages_lisp
[0.170s] [  0%] Built target autoware_msgs_generate_messages_cpp
[0.170s] [  0%] Built target autoware_system_msgs_generate_messages_py
[0.171s] [  0%] Built target sensor_msgs_generate_messages_eus
[0.172s] [  0%] Built target _catkin_empty_exported_target
[0.174s] [  0%] Built target roscpp_generate_messages_cpp
[0.174s] [  0%] Built target sensor_msgs_generate_messages_nodejs
[0.190s] [  0%] Built target tf2_msgs_generate_messages_cpp
[0.193s] [  0%] Built target sensor_msgs_generate_messages_cpp
[0.220s] [  0%] Built target jsk_recognition_msgs_generate_messages_py
[0.225s] [  0%] Built target std_msgs_generate_messages_nodejs
[0.225s] [  0%] Built target autoware_msgs_generate_messages_py
[0.227s] [  0%] Built target pcl_msgs_generate_messages_nodejs
[0.234s] [  0%] Built target std_msgs_generate_messages_py
[0.240s] [  0%] Built target rosgraph_msgs_generate_messages_cpp
[0.246s] [  0%] Built target sensor_msgs_generate_messages_py
[0.250s] [  0%] Built target sensor_msgs_generate_messages_lisp
[0.270s] [  0%] Built target tf_generate_messages_py
[0.278s] [  0%] Built target std_msgs_generate_messages_cpp
[0.279s] [  0%] Built target jsk_footstep_msgs_generate_messages_py
[0.287s] [  0%] Built target geometry_msgs_generate_messages_eus
[0.292s] [  0%] Built target actionlib_msgs_generate_messages_nodejs
[0.298s] [  0%] Built target roscpp_generate_messages_nodejs
[0.298s] [  0%] Built target std_msgs_generate_messages_lisp
[0.307s] [  0%] Built target autoware_system_msgs_generate_messages_cpp
[0.329s] [  0%] Built target geometry_msgs_generate_messages_nodejs
[0.337s] [  0%] Built target pcl_msgs_generate_messages_cpp
[0.338s] [  0%] Built target jsk_recognition_msgs_generate_messages_cpp
[0.344s] [  0%] Built target geometry_msgs_generate_messages_lisp
[0.346s] [  0%] Built target std_msgs_generate_messages_eus
[0.346s] [  0%] Built target autoware_msgs_generate_messages_lisp
[0.359s] [  0%] Built target autoware_msgs_generate_messages_eus
[0.363s] [  0%] Built target autoware_msgs_generate_messages_nodejs
[0.387s] [  0%] Built target jsk_footstep_msgs_generate_messages_eus
[0.392s] [  0%] Built target autoware_config_msgs_generate_messages_eus
[0.395s] [  0%] Built target actionlib_msgs_generate_messages_py
[0.401s] [  0%] Built target jsk_footstep_msgs_generate_messages_nodejs
[0.404s] [  0%] Built target autoware_system_msgs_generate_messages_nodejs
[0.407s] [  0%] Built target jsk_footstep_msgs_generate_messages_lisp
[0.413s] [  0%] Built target actionlib_msgs_generate_messages_lisp
[0.418s] [  0%] Built target jsk_footstep_msgs_generate_messages_cpp
[0.435s] [  0%] Built target tf_generate_messages_eus
[0.436s] [  0%] Built target actionlib_msgs_generate_messages_cpp
[0.446s] [  0%] Built target tf_generate_messages_lisp
[0.457s] [  0%] Built target autoware_config_msgs_generate_messages_nodejs
[0.457s] [  0%] Built target tf_generate_messages_nodejs
[0.457s] [  0%] Built target jsk_recognition_msgs_generate_messages_nodejs
[0.474s] [  0%] Built target roscpp_generate_messages_lisp
[0.480s] [  0%] Built target roscpp_generate_messages_py
[0.486s] [  0%] Built target rosgraph_msgs_generate_messages_lisp
[0.488s] [  0%] Built target autoware_config_msgs_generate_messages_cpp
[0.498s] [  0%] Built target rosgraph_msgs_generate_messages_nodejs
[0.504s] [  0%] Built target roscpp_generate_messages_eus
[0.508s] [  0%] Built target actionlib_msgs_generate_messages_eus
[0.514s] [  0%] Built target rosgraph_msgs_generate_messages_py
[0.522s] [  0%] Built target autoware_config_msgs_generate_messages_py
[0.529s] [  0%] Built target pcl_msgs_generate_messages_py
[0.535s] [  0%] Built target geometry_msgs_generate_messages_cpp
[0.535s] [  0%] Built target actionlib_generate_messages_eus
[0.549s] [  0%] Built target actionlib_generate_messages_lisp
[0.553s] [  0%] Built target pcl_msgs_generate_messages_lisp
[0.558s] [  0%] Built target tf_generate_messages_cpp
[0.569s] [  0%] Built target autoware_system_msgs_generate_messages_eus
[0.570s] [  0%] Built target actionlib_generate_messages_nodejs
[0.581s] [  0%] Built target tf2_msgs_generate_messages_lisp
[0.584s] [  0%] Built target tf2_msgs_generate_messages_eus
[0.585s] [  0%] Built target actionlib_generate_messages_py
[0.593s] [  0%] Built target tf2_msgs_generate_messages_py
[0.600s] [  0%] Built target tf2_msgs_generate_messages_nodejs
[0.636s] [ 40%] [32mBuilding CXX object CMakeFiles/pure_pursuit.dir/src/pure_pursuit_node.cpp.o[0m
[0.636s] [ 40%] [32mBuilding CXX object CMakeFiles/pure_pursuit.dir/src/pure_pursuit_core.cpp.o[0m
[3.005s] CMakeFiles/pure_pursuit.dir/build.make:62: recipe for target 'CMakeFiles/pure_pursuit.dir/src/pure_pursuit_node.cpp.o' failed
[3.446s] CMakeFiles/pure_pursuit.dir/build.make:110: recipe for target 'CMakeFiles/pure_pursuit.dir/src/pure_pursuit_core.cpp.o' failed
[3.446s] CMakeFiles/Makefile2:444: recipe for target 'CMakeFiles/pure_pursuit.dir/all' failed
[3.446s] Makefile:140: recipe for target 'all' failed
