[0.020s] Invoking command in '/home/kimna/Desktop/autoware.ai/src/autoware/core_planning/pure_pursuit/build/pure_pursuit': CONDA_PROMPT_MODIFIER=(base) /usr/bin/cmake --build /home/kimna/Desktop/autoware.ai/src/autoware/core_planning/pure_pursuit/build/pure_pursuit -- -j8 -l8
[0.111s] [  0%] Built target rosgraph_msgs_generate_messages_eus
[0.114s] [  0%] Built target autoware_config_msgs_generate_messages_lisp
[0.116s] [  0%] Built target pcl_msgs_generate_messages_eus
[0.116s] [  0%] Built target actionlib_generate_messages_cpp
[0.118s] [  0%] Built target jsk_recognition_msgs_generate_messages_eus
[0.120s] [  0%] Built target geometry_msgs_generate_messages_py
[0.122s] [  0%] Built target jsk_recognition_msgs_generate_messages_lisp
[0.126s] [  0%] Built target autoware_system_msgs_generate_messages_lisp
[0.170s] [  0%] Built target autoware_msgs_generate_messages_cpp
[0.170s] [  0%] Built target autoware_system_msgs_generate_messages_py
[0.171s] [  0%] Built target sensor_msgs_generate_messages_eus
[0.172s] [  0%] Built target _catkin_empty_exported_target
[0.174s] [  0%] Built target roscpp_generate_messages_cpp
[0.174s] [  0%] Built target sensor_msgs_generate_messages_nodejs
[0.190s] [  0%] Built target tf2_msgs_generate_messages_cpp
[0.193s] [  0%] Built target sensor_msgs_generate_messages_cpp
[0.220s] [  0%] Built target jsk_recognition_msgs_generate_messages_py
[0.225s] [  0%] Built target std_msgs_generate_messages_nodejs
[0.225s] [  0%] Built target autoware_msgs_generate_messages_py
[0.227s] [  0%] Built target pcl_msgs_generate_messages_nodejs
[0.234s] [  0%] Built target std_msgs_generate_messages_py
[0.240s] [  0%] Built target rosgraph_msgs_generate_messages_cpp
[0.246s] [  0%] Built target sensor_msgs_generate_messages_py
[0.250s] [  0%] Built target sensor_msgs_generate_messages_lisp
[0.270s] [  0%] Built target tf_generate_messages_py
[0.278s] [  0%] Built target std_msgs_generate_messages_cpp
[0.279s] [  0%] Built target jsk_footstep_msgs_generate_messages_py
[0.287s] [  0%] Built target geometry_msgs_generate_messages_eus
[0.292s] [  0%] Built target actionlib_msgs_generate_messages_nodejs
[0.298s] [  0%] Built target roscpp_generate_messages_nodejs
[0.298s] [  0%] Built target std_msgs_generate_messages_lisp
[0.307s] [  0%] Built target autoware_system_msgs_generate_messages_cpp
[0.329s] [  0%] Built target geometry_msgs_generate_messages_nodejs
[0.337s] [  0%] Built target pcl_msgs_generate_messages_cpp
[0.338s] [  0%] Built target jsk_recognition_msgs_generate_messages_cpp
[0.344s] [  0%] Built target geometry_msgs_generate_messages_lisp
[0.346s] [  0%] Built target std_msgs_generate_messages_eus
[0.346s] [  0%] Built target autoware_msgs_generate_messages_lisp
[0.359s] [  0%] Built target autoware_msgs_generate_messages_eus
[0.363s] [  0%] Built target autoware_msgs_generate_messages_nodejs
[0.387s] [  0%] Built target jsk_footstep_msgs_generate_messages_eus
[0.392s] [  0%] Built target autoware_config_msgs_generate_messages_eus
[0.395s] [  0%] Built target actionlib_msgs_generate_messages_py
[0.401s] [  0%] Built target jsk_footstep_msgs_generate_messages_nodejs
[0.404s] [  0%] Built target autoware_system_msgs_generate_messages_nodejs
[0.407s] [  0%] Built target jsk_footstep_msgs_generate_messages_lisp
[0.413s] [  0%] Built target actionlib_msgs_generate_messages_lisp
[0.418s] [  0%] Built target jsk_footstep_msgs_generate_messages_cpp
[0.435s] [  0%] Built target tf_generate_messages_eus
[0.436s] [  0%] Built target actionlib_msgs_generate_messages_cpp
[0.446s] [  0%] Built target tf_generate_messages_lisp
[0.457s] [  0%] Built target autoware_config_msgs_generate_messages_nodejs
[0.457s] [  0%] Built target tf_generate_messages_nodejs
[0.457s] [  0%] Built target jsk_recognition_msgs_generate_messages_nodejs
[0.474s] [  0%] Built target roscpp_generate_messages_lisp
[0.480s] [  0%] Built target roscpp_generate_messages_py
[0.486s] [  0%] Built target rosgraph_msgs_generate_messages_lisp
[0.488s] [  0%] Built target autoware_config_msgs_generate_messages_cpp
[0.498s] [  0%] Built target rosgraph_msgs_generate_messages_nodejs
[0.504s] [  0%] Built target roscpp_generate_messages_eus
[0.508s] [  0%] Built target actionlib_msgs_generate_messages_eus
[0.514s] [  0%] Built target rosgraph_msgs_generate_messages_py
[0.522s] [  0%] Built target autoware_config_msgs_generate_messages_py
[0.529s] [  0%] Built target pcl_msgs_generate_messages_py
[0.535s] [  0%] Built target geometry_msgs_generate_messages_cpp
[0.535s] [  0%] Built target actionlib_generate_messages_eus
[0.549s] [  0%] Built target actionlib_generate_messages_lisp
[0.553s] [  0%] Built target pcl_msgs_generate_messages_lisp
[0.558s] [  0%] Built target tf_generate_messages_cpp
[0.569s] [  0%] Built target autoware_system_msgs_generate_messages_eus
[0.570s] [  0%] Built target actionlib_generate_messages_nodejs
[0.581s] [  0%] Built target tf2_msgs_generate_messages_lisp
[0.584s] [  0%] Built target tf2_msgs_generate_messages_eus
[0.585s] [  0%] Built target actionlib_generate_messages_py
[0.593s] [  0%] Built target tf2_msgs_generate_messages_py
[0.600s] [  0%] Built target tf2_msgs_generate_messages_nodejs
[0.636s] [ 40%] [32mBuilding CXX object CMakeFiles/pure_pursuit.dir/src/pure_pursuit_node.cpp.o[0m
[0.636s] [ 40%] [32mBuilding CXX object CMakeFiles/pure_pursuit.dir/src/pure_pursuit_core.cpp.o[0m
[1.948s] In file included from [01m[K/home/kimna/Desktop/autoware.ai/src/autoware/core_planning/pure_pursuit/include/pure_pursuit/pure_pursuit_core.h:28:0[m[K,
[1.948s]                  from [01m[K/home/kimna/Desktop/autoware.ai/src/autoware/core_planning/pure_pursuit/src/pure_pursuit_node.cpp:21[m[K:
[1.948s] [01m[K/home/kimna/Desktop/autoware.ai/install/autoware_config_msgs/include/autoware_config_msgs/ConfigWaypointFollower.h:77:24:[m[K [01;31m[Kerror: [m[Kredeclaration of ‘[01m[Kautoware_config_msgs::ConfigWaypointFollower_<ContainerAllocator>::_stanley_factor_type autoware_config_msgs::ConfigWaypointFollower_<ContainerAllocator>::relative_angle_threshold[m[K’
[1.948s]    _stanley_factor_type [01;31m[Krelative_angle_threshold[m[K;
[1.948s]                         [01;31m[K^~~~~~~~~~~~~~~~~~~~~~~~[m[K
[1.948s] [01m[K/home/kimna/Desktop/autoware.ai/install/autoware_config_msgs/include/autoware_config_msgs/ConfigWaypointFollower.h:73:34:[m[K [01;36m[Knote: [m[Kprevious declaration ‘[01m[Kautoware_config_msgs::ConfigWaypointFollower_<ContainerAllocator>::_relative_angle_threshold_type autoware_config_msgs::ConfigWaypointFollower_<ContainerAllocator>::relative_angle_threshold[m[K’
[1.948s]    _relative_angle_threshold_type [01;36m[Krelative_angle_threshold[m[K;
[1.948s]                                   [01;36m[K^~~~~~~~~~~~~~~~~~~~~~~~[m[K
[1.969s] In file included from [01m[K/home/kimna/Desktop/autoware.ai/src/autoware/core_planning/pure_pursuit/include/pure_pursuit/pure_pursuit_core.h:28:0[m[K,
[1.969s]                  from [01m[K/home/kimna/Desktop/autoware.ai/src/autoware/core_planning/pure_pursuit/src/pure_pursuit_core.cpp:18[m[K:
[1.969s] [01m[K/home/kimna/Desktop/autoware.ai/install/autoware_config_msgs/include/autoware_config_msgs/ConfigWaypointFollower.h:77:24:[m[K [01;31m[Kerror: [m[Kredeclaration of ‘[01m[Kautoware_config_msgs::ConfigWaypointFollower_<ContainerAllocator>::_stanley_factor_type autoware_config_msgs::ConfigWaypointFollower_<ContainerAllocator>::relative_angle_threshold[m[K’
[1.970s]    _stanley_factor_type [01;31m[Krelative_angle_threshold[m[K;
[1.970s]                         [01;31m[K^~~~~~~~~~~~~~~~~~~~~~~~[m[K
[1.970s] [01m[K/home/kimna/Desktop/autoware.ai/install/autoware_config_msgs/include/autoware_config_msgs/ConfigWaypointFollower.h:73:34:[m[K [01;36m[Knote: [m[Kprevious declaration ‘[01m[Kautoware_config_msgs::ConfigWaypointFollower_<ContainerAllocator>::_relative_angle_threshold_type autoware_config_msgs::ConfigWaypointFollower_<ContainerAllocator>::relative_angle_threshold[m[K’
[1.970s]    _relative_angle_threshold_type [01;36m[Krelative_angle_threshold[m[K;
[1.970s]                                   [01;36m[K^~~~~~~~~~~~~~~~~~~~~~~~[m[K
[2.613s] [01m[K/home/kimna/Desktop/autoware.ai/src/autoware/core_planning/pure_pursuit/src/pure_pursuit_core.cpp:[m[K In member function ‘[01m[Kvoid waypoint_follower::PurePursuitNode::initForROS()[m[K’:
[2.613s] [01m[K/home/kimna/Desktop/autoware.ai/src/autoware/core_planning/pure_pursuit/src/pure_pursuit_core.cpp:72:23:[m[K [01;31m[Kerror: [m[K‘[01m[Kstanley_factor_[m[K’ was not declared in this scope
[2.613s]      "stanley_factor", [01;31m[Kstanley_factor_[m[K, 0.0);
[2.613s]                        [01;31m[K^~~~~~~~~~~~~~~[m[K
[2.620s] [01m[K/home/kimna/Desktop/autoware.ai/src/autoware/core_planning/pure_pursuit/src/pure_pursuit_core.cpp:77:3:[m[K [01;31m[Kerror: [m[Kexpected ‘[01m[K;[m[K’ before ‘[01m[Ksub1_[m[K’
[2.621s]    [01;31m[Ksub1_[m[K = nh_.subscribe("final_waypoints", 10,
[2.621s]    [01;31m[K^~~~~[m[K
[2.623s] In file included from [01m[K/opt/ros/melodic/include/ros/ros.h:40:0[m[K,
[2.623s]                  from [01m[K/home/kimna/Desktop/autoware.ai/src/autoware/core_planning/pure_pursuit/include/pure_pursuit/pure_pursuit_core.h:23[m[K,
[2.623s]                  from [01m[K/home/kimna/Desktop/autoware.ai/src/autoware/core_planning/pure_pursuit/src/pure_pursuit_core.cpp:18[m[K:
[2.623s] [01m[K/home/kimna/Desktop/autoware.ai/src/autoware/core_planning/pure_pursuit/src/pure_pursuit_core.cpp:[m[K In member function ‘[01m[Kvoid waypoint_follower::PurePursuitNode::run()[m[K’:
[2.624s] [01m[K/home/kimna/Desktop/autoware.ai/src/autoware/core_planning/pure_pursuit/src/pure_pursuit_core.cpp:210:32:[m[K [01;31m[Kerror: [m[K‘[01m[Kstanley_factor_[m[K’ was not declared in this scope
[2.624s]        ROS_WARN_STREAM("cfg "<< [01;31m[Ks[m[Ktanley_factor_ << std::endl);
[2.624s]                                 [01;31m[K^[m[K
[2.624s] [01m[K/opt/ros/melodic/include/ros/console.h:358:64:[m[K [01;36m[Knote: [m[Kin definition of macro ‘[01m[KROSCONSOLE_PRINT_STREAM_AT_LOCATION_WITH_FILTER[m[K’
[2.624s]      __rosconsole_print_stream_at_location_with_filter__ss__ << [01;36m[Kargs[m[K; \
[2.624s]                                                                 [01;36m[K^~~~[m[K
[2.624s] [01m[K/opt/ros/melodic/include/ros/console.h:406:7:[m[K [01;36m[Knote: [m[Kin expansion of macro ‘[01m[KROSCONSOLE_PRINT_STREAM_AT_LOCATION[m[K’
[2.624s]        [01;36m[KROSCONSOLE_PRINT_STREAM_AT_LOCATION[m[K(args); \
[2.624s]        [01;36m[K^~~~~~~~~~~~~~~~~~~~~~~~~~~~~~~~~~~[m[K
[2.624s] [01m[K/opt/ros/melodic/include/ros/console.h:579:43:[m[K [01;36m[Knote: [m[Kin expansion of macro ‘[01m[KROS_LOG_STREAM_COND[m[K’
[2.624s]  #define ROS_LOG_STREAM(level, name, args) [01;36m[KROS_LOG_STREAM_COND[m[K(true, level, name, args)
[2.624s]                                            [01;36m[K^~~~~~~~~~~~~~~~~~~[m[K
[2.624s] [01m[K/opt/ros/melodic/include/rosconsole/macros_generated.h:163:31:[m[K [01;36m[Knote: [m[Kin expansion of macro ‘[01m[KROS_LOG_STREAM[m[K’
[2.624s]  #define ROS_WARN_STREAM(args) [01;36m[KROS_LOG_STREAM[m[K(::ros::console::levels::Warn, ROSCONSOLE_DEFAULT_NAME, args)
[2.624s]                                [01;36m[K^~~~~~~~~~~~~~[m[K
[2.624s] [01m[K/home/kimna/Desktop/autoware.ai/src/autoware/core_planning/pure_pursuit/src/pure_pursuit_core.cpp:210:7:[m[K [01;36m[Knote: [m[Kin expansion of macro ‘[01m[KROS_WARN_STREAM[m[K’
[2.624s]        [01;36m[KR[m[KOS_WARN_STREAM("cfg "<< stanley_factor_ << std::endl);
[2.624s]        [01;36m[K^[m[K
[2.637s] [01m[K/home/kimna/Desktop/autoware.ai/src/autoware/core_planning/pure_pursuit/src/pure_pursuit_core.cpp:[m[K In member function ‘[01m[Kvoid waypoint_follower::PurePursuitNode::callbackFromConfig(const ConfigWaypointFollowerConstPtr&)[m[K’:
[2.637s] [01m[K/home/kimna/Desktop/autoware.ai/src/autoware/core_planning/pure_pursuit/src/pure_pursuit_core.cpp:367:3:[m[K [01;31m[Kerror: [m[K‘[01m[Kstanley_factor_[m[K’ was not declared in this scope
[2.637s]    [01;31m[Kstanley_factor_[m[K = config->stanley_factor;
[2.637s]    [01;31m[K^~~~~~~~~~~~~~~[m[K
[2.644s] [01m[K/home/kimna/Desktop/autoware.ai/src/autoware/core_planning/pure_pursuit/src/pure_pursuit_core.cpp:367:29:[m[K [01;31m[Kerror: [m[K‘[01m[Kconst struct autoware_config_msgs::ConfigWaypointFollower_<std::allocator<void> >[m[K’ has no member named ‘[01m[Kstanley_factor[m[K’; did you mean ‘[01m[K_stanley_factor_type[m[K’?
[2.645s]    stanley_factor_ = config->[01;31m[Kstanley_factor[m[K;
[2.645s]                              [01;31m[K^~~~~~~~~~~~~~[m[K
[2.645s]                              [32m[K_stanley_factor_type[m[K
[3.005s] CMakeFiles/pure_pursuit.dir/build.make:62: recipe for target 'CMakeFiles/pure_pursuit.dir/src/pure_pursuit_node.cpp.o' failed
[3.005s] make[2]: *** [CMakeFiles/pure_pursuit.dir/src/pure_pursuit_node.cpp.o] Error 1
[3.005s] make[2]: *** Waiting for unfinished jobs....
[3.445s] make[2]: *** [CMakeFiles/pure_pursuit.dir/src/pure_pursuit_core.cpp.o] Error 1
[3.446s] CMakeFiles/pure_pursuit.dir/build.make:110: recipe for target 'CMakeFiles/pure_pursuit.dir/src/pure_pursuit_core.cpp.o' failed
[3.446s] CMakeFiles/Makefile2:444: recipe for target 'CMakeFiles/pure_pursuit.dir/all' failed
[3.446s] make[1]: *** [CMakeFiles/pure_pursuit.dir/all] Error 2
[3.446s] Makefile:140: recipe for target 'all' failed
[3.446s] make: *** [all] Error 2
[3.448s] Invoked command in '/home/kimna/Desktop/autoware.ai/src/autoware/core_planning/pure_pursuit/build/pure_pursuit' returned '2': CONDA_PROMPT_MODIFIER=(base) /usr/bin/cmake --build /home/kimna/Desktop/autoware.ai/src/autoware/core_planning/pure_pursuit/build/pure_pursuit -- -j8 -l8
