[3.545s] In file included from [01m[K/opt/ros/melodic/include/ros/ros.h:40:0[m[K,
[3.545s]                  from [01m[K/home/kimna/Desktop/autoware.ai/src/autoware/core_planning/pure_pursuit/include/pure_pursuit/pure_pursuit_core.h:23[m[K,
[3.545s]                  from [01m[K/home/kimna/Desktop/autoware.ai/src/autoware/core_planning/pure_pursuit/src/pure_pursuit_core.cpp:18[m[K:
[3.545s] [01m[K/home/kimna/Desktop/autoware.ai/src/autoware/core_planning/pure_pursuit/src/pure_pursuit_core.cpp:[m[K In member function ‘[01m[Kvoid waypoint_follower::PurePursuitNode::run()[m[K’:
[3.546s] [01m[K/opt/ros/melodic/include/ros/console.h:401:3:[m[K [01;31m[Kerror: [m[Kexpected ‘[01m[K,[m[K’ or ‘[01m[K;[m[K’ before ‘[01m[Kdo[m[K’
[3.546s]    [01;31m[Kd[m[Ko \
[3.546s]    [01;31m[K^[m[K
[3.546s] [01m[K/opt/ros/melodic/include/ros/console.h:579:43:[m[K [01;36m[Knote: [m[Kin expansion of macro ‘[01m[KROS_LOG_STREAM_COND[m[K’
[3.546s]  #define ROS_LOG_STREAM(level, name, args) [01;36m[KROS_LOG_STREAM_COND[m[K(true, level, name, args)
[3.546s]                                            [01;36m[K^~~~~~~~~~~~~~~~~~~[m[K
[3.546s] [01m[K/opt/ros/melodic/include/rosconsole/macros_generated.h:163:31:[m[K [01;36m[Knote: [m[Kin expansion of macro ‘[01m[KROS_LOG_STREAM[m[K’
[3.546s]  #define ROS_WARN_STREAM(args) [01;36m[KROS_LOG_STREAM[m[K(::ros::console::levels::Warn, ROSCONSOLE_DEFAULT_NAME, args)
[3.546s]                                [01;36m[K^~~~~~~~~~~~~~[m[K
[3.546s] [01m[K/home/kimna/Desktop/autoware.ai/src/autoware/core_planning/pure_pursuit/src/pure_pursuit_core.cpp:214:5:[m[K [01;36m[Knote: [m[Kin expansion of macro ‘[01m[KROS_WARN_STREAM[m[K’
[3.546s]      [01;36m[KR[m[KOS_WARN_STREAM("err : "<< heading_error << std::endl);
[3.547s]      [01;36m[K^[m[K
[3.553s] [01m[K/home/kimna/Desktop/autoware.ai/src/autoware/core_planning/pure_pursuit/src/pure_pursuit_core.cpp:165:11:[m[K [01;35m[Kwarning: [m[Kunused variable ‘[01m[Kdistance[m[K’ [[01;35m[K-Wunused-variable[m[K]
[3.553s]      float [01;35m[Kdistance[m[K = sqrt((cur_x - way_x) * (cur_x - way_x) + (cur_y - way_y) * (cur_y - way_y));
[3.553s]            [01;35m[K^~~~~~~~[m[K
[3.553s] [01m[K/home/kimna/Desktop/autoware.ai/src/autoware/core_planning/pure_pursuit/src/pure_pursuit_core.cpp:212:12:[m[K [01;35m[Kwarning: [m[Kunused variable ‘[01m[Kheading_error[m[K’ [[01;35m[K-Wunused-variable[m[K]
[3.553s]      double [01;35m[Kheading_error[m[K = stanley.get_heading_error(pp_.getCurrentWaypoints(), cur_yaw)
[3.553s]             [01;35m[K^~~~~~~~~~~~~[m[K
[4.658s] make[2]: *** [CMakeFiles/pure_pursuit.dir/src/pure_pursuit_core.cpp.o] Error 1
[4.658s] make[1]: *** [CMakeFiles/pure_pursuit.dir/all] Error 2
[4.659s] make: *** [all] Error 2
