[0.150s] [  0%] Built target autoware_system_msgs_generate_messages_lisp
[0.160s] [  0%] Built target pcl_msgs_generate_messages_eus
[0.163s] [  0%] Built target jsk_recognition_msgs_generate_messages_eus
[0.166s] [  0%] Built target rosgraph_msgs_generate_messages_eus
[0.173s] [  0%] Built target actionlib_generate_messages_cpp
[0.175s] [  0%] Built target jsk_recognition_msgs_generate_messages_lisp
[0.180s] [  0%] Built target autoware_config_msgs_generate_messages_lisp
[0.181s] [  0%] Built target geometry_msgs_generate_messages_py
[0.219s] [  0%] Built target autoware_system_msgs_generate_messages_py
[0.236s] [  0%] Built target sensor_msgs_generate_messages_eus
[0.250s] [  0%] Built target roscpp_generate_messages_cpp
[0.255s] [  0%] Built target sensor_msgs_generate_messages_cpp
[0.255s] [  0%] Built target sensor_msgs_generate_messages_nodejs
[0.257s] [  0%] Built target tf2_msgs_generate_messages_cpp
[0.262s] [  0%] Built target _catkin_empty_exported_target
[0.274s] [  0%] Built target autoware_msgs_generate_messages_cpp
[0.306s] [  0%] Built target autoware_msgs_generate_messages_py
[0.308s] [  0%] Built target std_msgs_generate_messages_py
[0.326s] [  0%] Built target jsk_recognition_msgs_generate_messages_py
[0.338s] [  0%] Built target sensor_msgs_generate_messages_lisp
[0.341s] [  0%] Built target pcl_msgs_generate_messages_nodejs
[0.341s] [  0%] Built target std_msgs_generate_messages_nodejs
[0.353s] [  0%] Built target rosgraph_msgs_generate_messages_cpp
[0.365s] [  0%] Built target sensor_msgs_generate_messages_py
[0.383s] [  0%] Built target std_msgs_generate_messages_cpp
[0.391s] [  0%] Built target tf_generate_messages_py
[0.393s] [  0%] Built target jsk_footstep_msgs_generate_messages_py
[0.410s] [  0%] Built target actionlib_msgs_generate_messages_nodejs
[0.427s] [  0%] Built target geometry_msgs_generate_messages_eus
[0.428s] [  0%] Built target roscpp_generate_messages_nodejs
[0.438s] [  0%] Built target std_msgs_generate_messages_lisp
[0.458s] [  0%] Built target geometry_msgs_generate_messages_lisp
[0.458s] [  0%] Built target geometry_msgs_generate_messages_nodejs
[0.460s] [  0%] Built target autoware_system_msgs_generate_messages_cpp
[0.484s] [  0%] Built target pcl_msgs_generate_messages_cpp
[0.493s] [  0%] Built target jsk_recognition_msgs_generate_messages_cpp
[0.507s] [  0%] Built target autoware_msgs_generate_messages_eus
[0.512s] [  0%] Built target autoware_msgs_generate_messages_lisp
[0.513s] [  0%] Built target std_msgs_generate_messages_eus
[0.535s] [  0%] Built target autoware_msgs_generate_messages_nodejs
[0.575s] [  0%] Built target actionlib_msgs_generate_messages_py
[0.579s] [  0%] Built target autoware_config_msgs_generate_messages_eus
[0.579s] [  0%] Built target jsk_footstep_msgs_generate_messages_lisp
[0.581s] [  0%] Built target jsk_footstep_msgs_generate_messages_eus
[0.597s] [  0%] Built target actionlib_msgs_generate_messages_lisp
[0.606s] [  0%] Built target jsk_footstep_msgs_generate_messages_cpp
[0.623s] [  0%] Built target autoware_system_msgs_generate_messages_nodejs
[0.628s] [  0%] Built target jsk_footstep_msgs_generate_messages_nodejs
[0.644s] [  0%] Built target actionlib_msgs_generate_messages_cpp
[0.670s] [  0%] Built target tf_generate_messages_lisp
[0.671s] [  0%] Built target tf_generate_messages_eus
[0.677s] [  0%] Built target tf_generate_messages_nodejs
[0.678s] [  0%] Built target autoware_config_msgs_generate_messages_nodejs
[0.686s] [  0%] Built target jsk_recognition_msgs_generate_messages_nodejs
[0.697s] [  0%] Built target roscpp_generate_messages_lisp
[0.718s] [  0%] Built target roscpp_generate_messages_py
[0.739s] [  0%] Built target rosgraph_msgs_generate_messages_lisp
[0.743s] [  0%] Built target roscpp_generate_messages_eus
[0.751s] [  0%] Built target actionlib_msgs_generate_messages_eus
[0.758s] [  0%] Built target rosgraph_msgs_generate_messages_nodejs
[0.766s] [  0%] Built target rosgraph_msgs_generate_messages_py
[0.789s] [  0%] Built target autoware_config_msgs_generate_messages_cpp
[0.803s] [  0%] Built target autoware_config_msgs_generate_messages_py
[0.822s] [  0%] Built target geometry_msgs_generate_messages_cpp
[0.826s] [  0%] Built target pcl_msgs_generate_messages_py
[0.832s] [  0%] Built target pcl_msgs_generate_messages_lisp
[0.832s] [  0%] Built target actionlib_generate_messages_eus
[0.852s] [  0%] Built target tf_generate_messages_cpp
[0.891s] [  0%] Built target actionlib_generate_messages_lisp
[0.893s] [  0%] Built target autoware_system_msgs_generate_messages_eus
[0.904s] [  0%] Built target actionlib_generate_messages_py
[0.907s] [  0%] Built target tf2_msgs_generate_messages_eus
[0.910s] [  0%] Built target tf2_msgs_generate_messages_lisp
[0.910s] [  0%] Built target actionlib_generate_messages_nodejs
[0.917s] [  0%] Built target tf2_msgs_generate_messages_py
[0.932s] [  0%] Built target tf2_msgs_generate_messages_nodejs
[0.958s] [35m[1mScanning dependencies of target pure_pursuit[0m
[0.994s] [ 20%] [32mBuilding CXX object CMakeFiles/pure_pursuit.dir/src/pure_pursuit_core.cpp.o[0m
[4.658s] CMakeFiles/pure_pursuit.dir/build.make:110: recipe for target 'CMakeFiles/pure_pursuit.dir/src/pure_pursuit_core.cpp.o' failed
[4.658s] CMakeFiles/Makefile2:444: recipe for target 'CMakeFiles/pure_pursuit.dir/all' failed
[4.658s] Makefile:140: recipe for target 'all' failed
