[0.024s] Invoking command in '/home/kimna/Desktop/autoware.ai/src/autoware/core_planning/pure_pursuit/build/pure_pursuit': CONDA_PROMPT_MODIFIER=(base) /usr/bin/cmake --build /home/kimna/Desktop/autoware.ai/src/autoware/core_planning/pure_pursuit/build/pure_pursuit -- -j8 -l8
[0.142s] [  0%] Built target jsk_recognition_msgs_generate_messages_eus
[0.144s] [  0%] Built target jsk_recognition_msgs_generate_messages_lisp
[0.147s] [  0%] Built target actionlib_generate_messages_cpp
[0.154s] [  0%] Built target pcl_msgs_generate_messages_eus
[0.156s] [  0%] Built target rosgraph_msgs_generate_messages_eus
[0.165s] [  0%] Built target geometry_msgs_generate_messages_py
[0.169s] [  0%] Built target autoware_system_msgs_generate_messages_lisp
[0.172s] [  0%] Built target autoware_config_msgs_generate_messages_lisp
[0.208s] [  0%] Built target sensor_msgs_generate_messages_nodejs
[0.223s] [  0%] Built target autoware_system_msgs_generate_messages_py
[0.227s] [  0%] Built target _catkin_empty_exported_target
[0.238s] [  0%] Built target roscpp_generate_messages_cpp
[0.241s] [  0%] Built target sensor_msgs_generate_messages_eus
[0.250s] [  0%] Built target tf2_msgs_generate_messages_cpp
[0.253s] [  0%] Built target autoware_msgs_generate_messages_cpp
[0.266s] [  0%] Built target sensor_msgs_generate_messages_cpp
[0.289s] [  0%] Built target std_msgs_generate_messages_py
[0.293s] [  0%] Built target autoware_msgs_generate_messages_py
[0.307s] [  0%] Built target pcl_msgs_generate_messages_nodejs
[0.313s] [  0%] Built target std_msgs_generate_messages_nodejs
[0.317s] [  0%] Built target sensor_msgs_generate_messages_lisp
[0.321s] [  0%] Built target rosgraph_msgs_generate_messages_cpp
[0.335s] [  0%] Built target jsk_recognition_msgs_generate_messages_py
[0.341s] [  0%] Built target sensor_msgs_generate_messages_py
[0.346s] [  0%] Built target tf_generate_messages_py
[0.380s] [  0%] Built target jsk_footstep_msgs_generate_messages_py
[0.388s] [  0%] Built target std_msgs_generate_messages_cpp
[0.390s] [  0%] Built target geometry_msgs_generate_messages_eus
[0.398s] [  0%] Built target actionlib_msgs_generate_messages_nodejs
[0.400s] [  0%] Built target std_msgs_generate_messages_lisp
[0.412s] [  0%] Built target autoware_system_msgs_generate_messages_cpp
[0.415s] [  0%] Built target geometry_msgs_generate_messages_nodejs
[0.420s] [  0%] Built target roscpp_generate_messages_nodejs
[0.452s] [  0%] Built target geometry_msgs_generate_messages_lisp
[0.472s] [  0%] Built target autoware_msgs_generate_messages_lisp
[0.477s] [  0%] Built target std_msgs_generate_messages_eus
[0.477s] [  0%] Built target jsk_recognition_msgs_generate_messages_cpp
[0.480s] [  0%] Built target pcl_msgs_generate_messages_cpp
[0.481s] [  0%] Built target autoware_msgs_generate_messages_eus
[0.491s] [  0%] Built target autoware_msgs_generate_messages_nodejs
[0.504s] [  0%] Built target jsk_footstep_msgs_generate_messages_eus
[0.541s] [  0%] Built target jsk_footstep_msgs_generate_messages_nodejs
[0.542s] [  0%] Built target actionlib_msgs_generate_messages_py
[0.544s] [  0%] Built target autoware_config_msgs_generate_messages_eus
[0.550s] [  0%] Built target jsk_footstep_msgs_generate_messages_lisp
[0.560s] [  0%] Built target actionlib_msgs_generate_messages_cpp
[0.566s] [  0%] Built target autoware_system_msgs_generate_messages_nodejs
[0.572s] [  0%] Built target actionlib_msgs_generate_messages_lisp
[0.600s] [  0%] Built target jsk_footstep_msgs_generate_messages_cpp
[0.616s] [  0%] Built target jsk_recognition_msgs_generate_messages_nodejs
[0.618s] [  0%] Built target autoware_config_msgs_generate_messages_nodejs
[0.629s] [  0%] Built target tf_generate_messages_nodejs
[0.633s] [  0%] Built target tf_generate_messages_eus
[0.644s] [  0%] Built target tf_generate_messages_lisp
[0.671s] [  0%] Built target roscpp_generate_messages_lisp
[0.681s] [  0%] Built target roscpp_generate_messages_py
[0.682s] [  0%] Built target roscpp_generate_messages_eus
[0.691s] [  0%] Built target rosgraph_msgs_generate_messages_lisp
[0.698s] [  0%] Built target actionlib_msgs_generate_messages_eus
[0.699s] [  0%] Built target autoware_config_msgs_generate_messages_cpp
[0.707s] [  0%] Built target rosgraph_msgs_generate_messages_nodejs
[0.737s] [  0%] Built target rosgraph_msgs_generate_messages_py
[0.749s] [  0%] Built target autoware_config_msgs_generate_messages_py
[0.759s] [  0%] Built target pcl_msgs_generate_messages_lisp
[0.763s] [  0%] Built target pcl_msgs_generate_messages_py
[0.765s] [  0%] Built target actionlib_generate_messages_eus
[0.793s] [  0%] Built target tf_generate_messages_cpp
[0.798s] [  0%] Built target actionlib_generate_messages_lisp
[0.799s] [  0%] Built target geometry_msgs_generate_messages_cpp
[0.820s] [  0%] Built target actionlib_generate_messages_py
[0.822s] [  0%] Built target actionlib_generate_messages_nodejs
[0.823s] [  0%] Built target autoware_system_msgs_generate_messages_eus
[0.825s] [  0%] Built target tf2_msgs_generate_messages_lisp
[0.848s] [  0%] Built target tf2_msgs_generate_messages_eus
[0.859s] [  0%] Built target tf2_msgs_generate_messages_py
[0.863s] [  0%] Built target tf2_msgs_generate_messages_nodejs
[0.885s] [35m[1mScanning dependencies of target pure_pursuit[0m
[0.923s] [ 20%] [32mBuilding CXX object CMakeFiles/pure_pursuit.dir/src/pure_pursuit_core.cpp.o[0m
[3.311s] In file included from [01m[K/home/kimna/Desktop/autoware.ai/src/autoware/core_planning/pure_pursuit/src/pure_pursuit_core.cpp:19:0[m[K:
[3.311s] [01m[K/home/kimna/Desktop/autoware.ai/src/autoware/core_planning/pure_pursuit/include/pure_pursuit/stanley.h:[m[K In member function ‘[01m[Kdouble Stanley::calculate_steering(float, float, float, std::vector<autoware_msgs::Waypoint_<std::allocator<void> >, std::allocator<autoware_msgs::Waypoint_<std::allocator<void> > > >, float)[m[K’:
[3.311s] [01m[K/home/kimna/Desktop/autoware.ai/src/autoware/core_planning/pure_pursuit/include/pure_pursuit/stanley.h:113:57:[m[K [01;35m[Kwarning: [m[Knarrowing conversion of ‘[01m[K(waypoints.std::vector<autoware_msgs::Waypoint_<std::allocator<void> >, std::allocator<autoware_msgs::Waypoint_<std::allocator<void> > > >::at(0).autoware_msgs::Waypoint_<std::allocator<void> >::pose.geometry_msgs::PoseStamped_<std::allocator<void> >::pose.geometry_msgs::Pose_<std::allocator<void> >::position.geometry_msgs::Point_<std::allocator<void> >::x - ((geometry_msgs::Point_<std::allocator<void> >::_x_type)x))[m[K’ from ‘[01m[Kgeometry_msgs::Point_<std::allocator<void> >::_x_type {aka double}[m[K’ to ‘[01m[Kfloat[m[K’ inside { } [[01;35m[K-Wnarrowing[m[K]
[3.312s]      float v1[2] = {[01;35m[Kwaypoints.at(0).pose.pose.position.x - x[m[K, waypoints.at(0).pose.pose.position.y - y};
[3.312s]                     [01;35m[K~~~~~~~~~~~~~~~~~~~~~~~~~~~~~~~~~~~~~^~~[m[K
[3.312s] [01m[K/home/kimna/Desktop/autoware.ai/src/autoware/core_planning/pure_pursuit/include/pure_pursuit/stanley.h:113:99:[m[K [01;35m[Kwarning: [m[Knarrowing conversion of ‘[01m[K(waypoints.std::vector<autoware_msgs::Waypoint_<std::allocator<void> >, std::allocator<autoware_msgs::Waypoint_<std::allocator<void> > > >::at(0).autoware_msgs::Waypoint_<std::allocator<void> >::pose.geometry_msgs::PoseStamped_<std::allocator<void> >::pose.geometry_msgs::Pose_<std::allocator<void> >::position.geometry_msgs::Point_<std::allocator<void> >::y - ((geometry_msgs::Point_<std::allocator<void> >::_y_type)y))[m[K’ from ‘[01m[Kgeometry_msgs::Point_<std::allocator<void> >::_y_type {aka double}[m[K’ to ‘[01m[Kfloat[m[K’ inside { } [[01;35m[K-Wnarrowing[m[K]
[3.312s]  ints.at(0).pose.pose.position.x - x, [01;35m[Kwaypoints.at(0).pose.pose.position.y - y[m[K};
[3.312s]                                       [01;35m[K~~~~~~~~~~~~~~~~~~~~~~~~~~~~~~~~~~~~~^~~[m[K
[3.318s] [01m[K/home/kimna/Desktop/autoware.ai/src/autoware/core_planning/pure_pursuit/src/pure_pursuit_core.cpp:[m[K In member function ‘[01m[Kvoid waypoint_follower::PurePursuitNode::run()[m[K’:
[3.318s] [01m[K/home/kimna/Desktop/autoware.ai/src/autoware/core_planning/pure_pursuit/src/pure_pursuit_core.cpp:189:23:[m[K [01;31m[Kerror: [m[Krequest for member ‘[01m[Kcalculate_steering[m[K’ in ‘[01m[Kwaypoint_follower::stanley[m[K’, which is of non-class type ‘[01m[KStanley()[m[K’
[3.318s]        kappa = stanley.[01;31m[Kcalculate_steering[m[K(cur_x, cur_y, cur_target_angle, 2.0, pp_.getCurrentVelocity() * 1000);
[3.318s]                        [01;31m[K^~~~~~~~~~~~~~~~~~[m[K
[4.359s] make[2]: *** [CMakeFiles/pure_pursuit.dir/src/pure_pursuit_core.cpp.o] Error 1
[4.360s] CMakeFiles/pure_pursuit.dir/build.make:110: recipe for target 'CMakeFiles/pure_pursuit.dir/src/pure_pursuit_core.cpp.o' failed
[4.360s] CMakeFiles/Makefile2:444: recipe for target 'CMakeFiles/pure_pursuit.dir/all' failed
[4.360s] make[1]: *** [CMakeFiles/pure_pursuit.dir/all] Error 2
[4.360s] Makefile:140: recipe for target 'all' failed
[4.360s] make: *** [all] Error 2
[4.364s] Invoked command in '/home/kimna/Desktop/autoware.ai/src/autoware/core_planning/pure_pursuit/build/pure_pursuit' returned '2': CONDA_PROMPT_MODIFIER=(base) /usr/bin/cmake --build /home/kimna/Desktop/autoware.ai/src/autoware/core_planning/pure_pursuit/build/pure_pursuit -- -j8 -l8
