[0.199s] [  0%] Built target jsk_recognition_msgs_generate_messages_lisp
[0.200s] [  0%] Built target pcl_msgs_generate_messages_eus
[0.222s] [  0%] Built target actionlib_generate_messages_cpp
[0.235s] [  0%] Built target geometry_msgs_generate_messages_py
[0.239s] [  0%] Built target autoware_config_msgs_generate_messages_lisp
[0.245s] [  0%] Built target jsk_recognition_msgs_generate_messages_eus
[0.247s] [  0%] Built target autoware_system_msgs_generate_messages_lisp
[0.270s] [  0%] Built target rosgraph_msgs_generate_messages_eus
[0.298s] [  0%] Built target sensor_msgs_generate_messages_nodejs
[0.324s] [  0%] Built target sensor_msgs_generate_messages_eus
[0.326s] [  0%] Built target sensor_msgs_generate_messages_cpp
[0.333s] [  0%] Built target autoware_system_msgs_generate_messages_py
[0.335s] [  0%] Built target roscpp_generate_messages_cpp
[0.337s] [  0%] Built target _catkin_empty_exported_target
[0.359s] [  0%] Built target tf2_msgs_generate_messages_cpp
[0.368s] [  0%] Built target autoware_msgs_generate_messages_cpp
[0.395s] [  0%] Built target std_msgs_generate_messages_py
[0.421s] [  0%] Built target std_msgs_generate_messages_nodejs
[0.431s] [  0%] Built target pcl_msgs_generate_messages_nodejs
[0.432s] [  0%] Built target rosgraph_msgs_generate_messages_cpp
[0.443s] [  0%] Built target jsk_recognition_msgs_generate_messages_py
[0.447s] [  0%] Built target autoware_msgs_generate_messages_py
[0.455s] [  0%] Built target sensor_msgs_generate_messages_lisp
[0.477s] [  0%] Built target tf_generate_messages_py
[0.482s] [  0%] Built target sensor_msgs_generate_messages_py
[0.533s] [  0%] Built target std_msgs_generate_messages_cpp
[0.539s] [  0%] Built target std_msgs_generate_messages_lisp
[0.540s] [  0%] Built target jsk_footstep_msgs_generate_messages_py
[0.556s] [  0%] Built target actionlib_msgs_generate_messages_nodejs
[0.557s] [  0%] Built target roscpp_generate_messages_nodejs
[0.598s] [  0%] Built target geometry_msgs_generate_messages_nodejs
[0.601s] [  0%] Built target autoware_system_msgs_generate_messages_cpp
[0.603s] [  0%] Built target geometry_msgs_generate_messages_eus
[0.629s] [  0%] Built target pcl_msgs_generate_messages_cpp
[0.659s] [  0%] Built target autoware_msgs_generate_messages_eus
[0.664s] [  0%] Built target autoware_msgs_generate_messages_lisp
[0.672s] [  0%] Built target geometry_msgs_generate_messages_lisp
[0.674s] [  0%] Built target jsk_recognition_msgs_generate_messages_cpp
[0.685s] [  0%] Built target std_msgs_generate_messages_eus
[0.699s] [  0%] Built target actionlib_msgs_generate_messages_py
[0.703s] [  0%] Built target autoware_msgs_generate_messages_nodejs
[0.728s] [  0%] Built target jsk_footstep_msgs_generate_messages_eus
[0.749s] [  0%] Built target jsk_footstep_msgs_generate_messages_nodejs
[0.763s] [  0%] Built target jsk_footstep_msgs_generate_messages_lisp
[0.764s] [  0%] Built target actionlib_msgs_generate_messages_lisp
[0.770s] [  0%] Built target autoware_system_msgs_generate_messages_nodejs
[0.783s] [  0%] Built target actionlib_msgs_generate_messages_cpp
[0.788s] [  0%] Built target autoware_config_msgs_generate_messages_eus
[0.807s] [  0%] Built target jsk_footstep_msgs_generate_messages_cpp
[0.844s] [  0%] Built target tf_generate_messages_lisp
[0.862s] [  0%] Built target tf_generate_messages_eus
[0.865s] [  0%] Built target roscpp_generate_messages_lisp
[0.882s] [  0%] Built target autoware_config_msgs_generate_messages_nodejs
[0.890s] [  0%] Built target jsk_recognition_msgs_generate_messages_nodejs
[0.894s] [  0%] Built target tf_generate_messages_nodejs
[0.909s] [  0%] Built target rosgraph_msgs_generate_messages_lisp
[0.923s] [  0%] Built target autoware_config_msgs_generate_messages_cpp
[0.937s] [  0%] Built target roscpp_generate_messages_eus
[0.939s] [  0%] Built target roscpp_generate_messages_py
[0.945s] [  0%] Built target rosgraph_msgs_generate_messages_nodejs
[0.987s] [  0%] Built target actionlib_msgs_generate_messages_eus
[0.987s] [  0%] Built target autoware_config_msgs_generate_messages_py
[0.996s] [  0%] Built target rosgraph_msgs_generate_messages_py
[1.005s] [  0%] Built target actionlib_generate_messages_eus
[1.032s] [  0%] Built target actionlib_generate_messages_lisp
[1.033s] [  0%] Built target pcl_msgs_generate_messages_py
[1.036s] [  0%] Built target pcl_msgs_generate_messages_lisp
[1.059s] [  0%] Built target geometry_msgs_generate_messages_cpp
[1.084s] [  0%] Built target actionlib_generate_messages_nodejs
[1.085s] [  0%] Built target tf_generate_messages_cpp
[1.113s] [  0%] Built target actionlib_generate_messages_py
[1.114s] [  0%] Built target autoware_system_msgs_generate_messages_eus
[1.119s] [  0%] Built target tf2_msgs_generate_messages_py
[1.121s] [  0%] Built target tf2_msgs_generate_messages_eus
[1.129s] [  0%] Built target tf2_msgs_generate_messages_nodejs
[1.132s] [  0%] Built target tf2_msgs_generate_messages_lisp
[1.159s] [35m[1mScanning dependencies of target pure_pursuit[0m
[1.206s] [ 20%] [32mBuilding CXX object CMakeFiles/pure_pursuit.dir/src/pure_pursuit_core.cpp.o[0m
[5.552s] CMakeFiles/pure_pursuit.dir/build.make:110: recipe for target 'CMakeFiles/pure_pursuit.dir/src/pure_pursuit_core.cpp.o' failed
[5.553s] CMakeFiles/Makefile2:444: recipe for target 'CMakeFiles/pure_pursuit.dir/all' failed
[5.553s] Makefile:140: recipe for target 'all' failed
