[0.184s] [  0%] Built target autoware_config_msgs_generate_messages_lisp
[0.188s] [  0%] Built target jsk_recognition_msgs_generate_messages_lisp
[0.194s] [  0%] Built target actionlib_generate_messages_cpp
[0.196s] [  0%] Built target pcl_msgs_generate_messages_eus
[0.202s] [  0%] Built target rosgraph_msgs_generate_messages_eus
[0.202s] [  0%] Built target geometry_msgs_generate_messages_py
[0.210s] [  0%] Built target autoware_system_msgs_generate_messages_lisp
[0.214s] [  0%] Built target jsk_recognition_msgs_generate_messages_eus
[0.264s] [  0%] Built target sensor_msgs_generate_messages_nodejs
[0.279s] [  0%] Built target roscpp_generate_messages_cpp
[0.291s] [  0%] Built target sensor_msgs_generate_messages_eus
[0.293s] [  0%] Built target autoware_system_msgs_generate_messages_py
[0.298s] [  0%] Built target sensor_msgs_generate_messages_cpp
[0.298s] [  0%] Built target _catkin_empty_exported_target
[0.301s] [  0%] Built target autoware_msgs_generate_messages_cpp
[0.316s] [  0%] Built target tf2_msgs_generate_messages_cpp
[0.357s] [  0%] Built target rosgraph_msgs_generate_messages_cpp
[0.372s] [  0%] Built target autoware_msgs_generate_messages_py
[0.376s] [  0%] Built target std_msgs_generate_messages_nodejs
[0.377s] [  0%] Built target std_msgs_generate_messages_py
[0.388s] [  0%] Built target sensor_msgs_generate_messages_py
[0.398s] [  0%] Built target jsk_recognition_msgs_generate_messages_py
[0.413s] [  0%] Built target pcl_msgs_generate_messages_nodejs
[0.433s] [  0%] Built target sensor_msgs_generate_messages_lisp
[0.452s] [  0%] Built target tf_generate_messages_py
[0.457s] [  0%] Built target std_msgs_generate_messages_cpp
[0.459s] [  0%] Built target jsk_footstep_msgs_generate_messages_py
[0.475s] [  0%] Built target std_msgs_generate_messages_lisp
[0.476s] [  0%] Built target actionlib_msgs_generate_messages_nodejs
[0.492s] [  0%] Built target geometry_msgs_generate_messages_eus
[0.509s] [  0%] Built target roscpp_generate_messages_nodejs
[0.531s] [  0%] Built target geometry_msgs_generate_messages_lisp
[0.536s] [  0%] Built target autoware_system_msgs_generate_messages_cpp
[0.554s] [  0%] Built target jsk_recognition_msgs_generate_messages_cpp
[0.581s] [  0%] Built target autoware_msgs_generate_messages_eus
[0.582s] [  0%] Built target geometry_msgs_generate_messages_nodejs
[0.587s] [  0%] Built target autoware_msgs_generate_messages_lisp
[0.589s] [  0%] Built target pcl_msgs_generate_messages_cpp
[0.607s] [  0%] Built target std_msgs_generate_messages_eus
[0.610s] [  0%] Built target autoware_msgs_generate_messages_nodejs
[0.647s] [  0%] Built target jsk_footstep_msgs_generate_messages_eus
[0.650s] [  0%] Built target actionlib_msgs_generate_messages_py
[0.686s] [  0%] Built target jsk_footstep_msgs_generate_messages_nodejs
[0.687s] [  0%] Built target autoware_config_msgs_generate_messages_eus
[0.687s] [  0%] Built target autoware_system_msgs_generate_messages_nodejs
[0.688s] [  0%] Built target jsk_footstep_msgs_generate_messages_lisp
[0.716s] [  0%] Built target jsk_footstep_msgs_generate_messages_cpp
[0.729s] [  0%] Built target actionlib_msgs_generate_messages_lisp
[0.737s] [  0%] Built target actionlib_msgs_generate_messages_cpp
[0.744s] [  0%] Built target tf_generate_messages_eus
[0.763s] [  0%] Built target tf_generate_messages_lisp
[0.778s] [  0%] Built target jsk_recognition_msgs_generate_messages_nodejs
[0.795s] [  0%] Built target tf_generate_messages_nodejs
[0.795s] [  0%] Built target autoware_config_msgs_generate_messages_nodejs
[0.812s] [  0%] Built target roscpp_generate_messages_lisp
[0.826s] [  0%] Built target rosgraph_msgs_generate_messages_lisp
[0.833s] [  0%] Built target roscpp_generate_messages_py
[0.836s] [  0%] Built target rosgraph_msgs_generate_messages_nodejs
[0.839s] [  0%] Built target autoware_config_msgs_generate_messages_cpp
[0.856s] [  0%] Built target rosgraph_msgs_generate_messages_py
[0.894s] [  0%] Built target roscpp_generate_messages_eus
[0.903s] [  0%] Built target actionlib_msgs_generate_messages_eus
[0.912s] [  0%] Built target pcl_msgs_generate_messages_py
[0.916s] [  0%] Built target geometry_msgs_generate_messages_cpp
[0.919s] [  0%] Built target actionlib_generate_messages_lisp
[0.919s] [  0%] Built target autoware_config_msgs_generate_messages_py
[0.949s] [  0%] Built target actionlib_generate_messages_eus
[0.969s] [  0%] Built target pcl_msgs_generate_messages_lisp
[0.979s] [  0%] Built target tf_generate_messages_cpp
[0.989s] [  0%] Built target actionlib_generate_messages_nodejs
[1.002s] [  0%] Built target tf2_msgs_generate_messages_lisp
[1.002s] [  0%] Built target actionlib_generate_messages_py
[1.007s] [  0%] Built target autoware_system_msgs_generate_messages_eus
[1.021s] [  0%] Built target tf2_msgs_generate_messages_eus
[1.028s] [  0%] Built target tf2_msgs_generate_messages_py
[1.044s] [  0%] Built target tf2_msgs_generate_messages_nodejs
[1.069s] [35m[1mScanning dependencies of target pure_pursuit[0m
[1.117s] [ 20%] [32mBuilding CXX object CMakeFiles/pure_pursuit.dir/src/pure_pursuit_core.cpp.o[0m
[9.041s] [ 40%] [32m[1mLinking CXX executable devel/lib/pure_pursuit/pure_pursuit[0m
[9.357s] [100%] Built target pure_pursuit
[9.784s] [  0%] Built target actionlib_generate_messages_cpp
[9.802s] [  0%] Built target geometry_msgs_generate_messages_py
[9.808s] [  0%] Built target jsk_recognition_msgs_generate_messages_lisp
[9.811s] [  0%] Built target rosgraph_msgs_generate_messages_eus
[9.815s] [ 28%] Built target gtest
[9.821s] [ 28%] Built target pcl_msgs_generate_messages_eus
[9.828s] [ 28%] Built target autoware_system_msgs_generate_messages_lisp
[9.834s] [ 28%] Built target jsk_recognition_msgs_generate_messages_eus
[9.874s] [ 28%] Built target autoware_system_msgs_generate_messages_py
[9.901s] [ 28%] Built target sensor_msgs_generate_messages_eus
[9.904s] [ 28%] Built target roscpp_generate_messages_cpp
[9.905s] [ 28%] Built target sensor_msgs_generate_messages_cpp
[9.908s] [ 28%] Built target sensor_msgs_generate_messages_nodejs
[9.926s] [ 28%] Built target tf2_msgs_generate_messages_cpp
[9.927s] [ 28%] Built target _catkin_empty_exported_target
[9.928s] [ 28%] Built target autoware_msgs_generate_messages_cpp
[9.955s] [ 28%] Built target std_msgs_generate_messages_py
[9.965s] [ 28%] Built target std_msgs_generate_messages_nodejs
[9.995s] [ 28%] Built target rosgraph_msgs_generate_messages_cpp
[10.002s] [ 28%] Built target pcl_msgs_generate_messages_nodejs
[10.031s] [ 28%] Built target autoware_msgs_generate_messages_py
[10.032s] [ 28%] Built target sensor_msgs_generate_messages_py
[10.032s] [ 28%] Built target jsk_recognition_msgs_generate_messages_py
[10.032s] [ 28%] Built target std_msgs_generate_messages_cpp
[10.034s] [ 28%] Built target sensor_msgs_generate_messages_lisp
[10.048s] [ 28%] Built target tf_generate_messages_py
[10.090s] [ 28%] Built target jsk_footstep_msgs_generate_messages_py
[10.093s] [ 28%] Built target actionlib_msgs_generate_messages_nodejs
[10.101s] [ 28%] Built target geometry_msgs_generate_messages_eus
[10.103s] [ 28%] Built target roscpp_generate_messages_nodejs
[10.115s] [ 28%] Built target geometry_msgs_generate_messages_nodejs
[10.126s] [ 28%] Built target autoware_system_msgs_generate_messages_cpp
[10.139s] [ 28%] Built target std_msgs_generate_messages_lisp
[10.154s] [ 28%] Built target pcl_msgs_generate_messages_cpp
[10.155s] [ 28%] Built target geometry_msgs_generate_messages_lisp
[10.167s] [ 28%] Built target jsk_recognition_msgs_generate_messages_cpp
[10.186s] [ 28%] Built target autoware_msgs_generate_messages_eus
[10.208s] [ 28%] Built target autoware_msgs_generate_messages_lisp
[10.234s] [ 28%] Built target autoware_msgs_generate_messages_nodejs
[10.239s] [ 28%] Built target actionlib_msgs_generate_messages_py
[10.250s] [ 28%] Built target std_msgs_generate_messages_eus
[10.254s] [ 28%] Built target autoware_config_msgs_generate_messages_eus
[10.264s] [ 28%] Built target jsk_footstep_msgs_generate_messages_lisp
[10.266s] [ 28%] Built target jsk_footstep_msgs_generate_messages_eus
[10.300s] [ 28%] Built target jsk_footstep_msgs_generate_messages_nodejs
[10.303s] [ 28%] Built target autoware_system_msgs_generate_messages_nodejs
[10.320s] [ 28%] Built target tf_generate_messages_eus
[10.325s] [ 28%] Built target jsk_footstep_msgs_generate_messages_cpp
[10.349s] [ 28%] Built target actionlib_msgs_generate_messages_lisp
[10.350s] [ 28%] Built target autoware_config_msgs_generate_messages_nodejs
[10.363s] [ 28%] Built target actionlib_msgs_generate_messages_cpp
[10.383s] [ 28%] Built target jsk_recognition_msgs_generate_messages_nodejs
[10.401s] [ 28%] Built target tf_generate_messages_nodejs
[10.403s] [ 28%] Built target tf_generate_messages_lisp
[10.423s] [ 28%] Built target roscpp_generate_messages_lisp
[10.448s] [ 28%] Built target roscpp_generate_messages_py
[10.453s] [ 28%] Built target rosgraph_msgs_generate_messages_lisp
[10.461s] [ 28%] Built target roscpp_generate_messages_eus
[10.475s] [ 28%] Built target actionlib_msgs_generate_messages_eus
[10.482s] [ 28%] Built target rosgraph_msgs_generate_messages_nodejs
[10.484s] [ 28%] Built target autoware_config_msgs_generate_messages_cpp
[10.498s] [ 28%] Built target rosgraph_msgs_generate_messages_py
[10.513s] [ 28%] Built target autoware_config_msgs_generate_messages_py
[10.541s] [ 28%] Built target geometry_msgs_generate_messages_cpp
[10.552s] [ 28%] Built target actionlib_generate_messages_eus
[10.553s] [ 28%] Built target pcl_msgs_generate_messages_py
[10.560s] [ 28%] Built target tf_generate_messages_cpp
[10.569s] [ 28%] Built target actionlib_generate_messages_nodejs
[10.583s] [ 28%] Built target pcl_msgs_generate_messages_lisp
[10.599s] [ 28%] Built target actionlib_generate_messages_lisp
[10.621s] [ 28%] Built target autoware_system_msgs_generate_messages_eus
[10.622s] [ 28%] Built target tf2_msgs_generate_messages_py
[10.629s] [ 28%] Built target tf2_msgs_generate_messages_eus
[10.643s] [ 28%] Built target actionlib_generate_messages_py
[10.644s] [ 28%] Built target tf2_msgs_generate_messages_lisp
[10.648s] [ 28%] Built target tf2_msgs_generate_messages_nodejs
[10.654s] [ 28%] Built target autoware_config_msgs_generate_messages_lisp
[10.681s] [35m[1mScanning dependencies of target test-pure_pursuit[0m
[10.725s] [ 42%] [32mBuilding CXX object CMakeFiles/test-pure_pursuit.dir/src/pure_pursuit_core.cpp.o[0m
[18.616s] [ 57%] [32m[1mLinking CXX executable devel/lib/pure_pursuit/test-pure_pursuit[0m
[18.939s] [100%] Built target test-pure_pursuit
[18.987s] [100%] Built target tests
[19.429s] [  0%] Built target jsk_recognition_msgs_generate_messages_eus
[19.431s] [  0%] Built target rosgraph_msgs_generate_messages_eus
[19.435s] [  0%] Built target pcl_msgs_generate_messages_eus
[19.445s] [  0%] Built target autoware_config_msgs_generate_messages_lisp
[19.449s] [  0%] Built target jsk_recognition_msgs_generate_messages_lisp
[19.453s] [  0%] Built target geometry_msgs_generate_messages_py
[19.455s] [  0%] Built target actionlib_generate_messages_cpp
[19.466s] [  0%] Built target autoware_system_msgs_generate_messages_lisp
[19.487s] [  0%] Built target autoware_system_msgs_generate_messages_py
[19.510s] [  0%] Built target roscpp_generate_messages_cpp
[19.517s] [  0%] Built target sensor_msgs_generate_messages_nodejs
[19.533s] [  0%] Built target sensor_msgs_generate_messages_cpp
[19.533s] [  0%] Built target tf2_msgs_generate_messages_cpp
[19.537s] [  0%] Built target autoware_msgs_generate_messages_cpp
[19.537s] [  0%] Built target sensor_msgs_generate_messages_eus
[19.565s] [  0%] Built target _catkin_empty_exported_target
[19.593s] [  0%] Built target autoware_msgs_generate_messages_py
[19.599s] [  0%] Built target std_msgs_generate_messages_py
[19.603s] [  0%] Built target std_msgs_generate_messages_nodejs
[19.613s] [  0%] Built target rosgraph_msgs_generate_messages_cpp
[19.620s] [  0%] Built target pcl_msgs_generate_messages_nodejs
[19.621s] [  0%] Built target sensor_msgs_generate_messages_lisp
[19.624s] [  0%] Built target jsk_recognition_msgs_generate_messages_py
[19.633s] [  0%] Built target sensor_msgs_generate_messages_py
[19.684s] [  0%] Built target roscpp_generate_messages_nodejs
[19.702s] [  0%] Built target jsk_footstep_msgs_generate_messages_py
[19.702s] [  0%] Built target tf_generate_messages_py
[19.703s] [  0%] Built target std_msgs_generate_messages_lisp
[19.711s] [  0%] Built target std_msgs_generate_messages_cpp
[19.720s] [  0%] Built target actionlib_msgs_generate_messages_nodejs
[19.731s] [  0%] Built target geometry_msgs_generate_messages_eus
[19.758s] [  0%] Built target autoware_system_msgs_generate_messages_cpp
[19.773s] [  0%] Built target geometry_msgs_generate_messages_nodejs
[19.783s] [  0%] Built target pcl_msgs_generate_messages_cpp
[19.788s] [  0%] Built target jsk_recognition_msgs_generate_messages_cpp
[19.798s] [  0%] Built target geometry_msgs_generate_messages_lisp
[19.812s] [  0%] Built target autoware_msgs_generate_messages_lisp
[19.814s] [  0%] Built target std_msgs_generate_messages_eus
[19.815s] [  0%] Built target autoware_msgs_generate_messages_eus
[19.863s] [  0%] Built target autoware_msgs_generate_messages_nodejs
[19.872s] [  0%] Built target autoware_config_msgs_generate_messages_eus
[19.880s] [  0%] Built target actionlib_msgs_generate_messages_py
[19.889s] [  0%] Built target jsk_footstep_msgs_generate_messages_eus
[19.891s] [  0%] Built target jsk_footstep_msgs_generate_messages_lisp
[19.891s] [  0%] Built target actionlib_msgs_generate_messages_lisp
[19.896s] [  0%] Built target jsk_footstep_msgs_generate_messages_nodejs
[19.913s] [  0%] Built target autoware_system_msgs_generate_messages_nodejs
[19.936s] [  0%] Built target jsk_footstep_msgs_generate_messages_cpp
[19.960s] [  0%] Built target actionlib_msgs_generate_messages_cpp
[19.987s] [  0%] Built target tf_generate_messages_lisp
[19.989s] [  0%] Built target jsk_recognition_msgs_generate_messages_nodejs
[19.993s] [  0%] Built target tf_generate_messages_eus
[19.995s] [  0%] Built target autoware_config_msgs_generate_messages_nodejs
[20.004s] [  0%] Built target roscpp_generate_messages_lisp
[20.005s] [  0%] Built target tf_generate_messages_nodejs
[20.019s] [  0%] Built target roscpp_generate_messages_py
[20.047s] [  0%] Built target rosgraph_msgs_generate_messages_lisp
[20.075s] [  0%] Built target actionlib_msgs_generate_messages_eus
[20.083s] [  0%] Built target roscpp_generate_messages_eus
[20.086s] [  0%] Built target autoware_config_msgs_generate_messages_py
[20.101s] [  0%] Built target autoware_config_msgs_generate_messages_cpp
[20.102s] [  0%] Built target rosgraph_msgs_generate_messages_nodejs
[20.103s] [  0%] Built target pcl_msgs_generate_messages_py
[20.111s] [  0%] Built target actionlib_generate_messages_eus
[20.112s] [  0%] Built target rosgraph_msgs_generate_messages_py
[20.169s] [  0%] Built target actionlib_generate_messages_lisp
[20.171s] [  0%] Built target geometry_msgs_generate_messages_cpp
[20.178s] [  0%] Built target tf_generate_messages_cpp
[20.186s] [  0%] Built target autoware_system_msgs_generate_messages_eus
[20.193s] [  0%] Built target actionlib_generate_messages_nodejs
[20.204s] [  0%] Built target pcl_msgs_generate_messages_lisp
[20.207s] [  0%] Built target tf2_msgs_generate_messages_eus
[20.222s] [  0%] Built target tf2_msgs_generate_messages_lisp
[20.234s] [  0%] Built target actionlib_generate_messages_py
[20.251s] [  0%] Built target tf2_msgs_generate_messages_nodejs
[20.254s] [  0%] Built target tf2_msgs_generate_messages_py
[20.300s] [100%] Built target pure_pursuit
[20.339s] [36mInstall the project...[0m
[20.357s] -- Install configuration: "Release"
[20.358s] -- Up-to-date: /home/kimna/Desktop/autoware.ai/src/autoware/core_planning/pure_pursuit/install/pure_pursuit/lib/pkgconfig/pure_pursuit.pc
[20.358s] -- Up-to-date: /home/kimna/Desktop/autoware.ai/src/autoware/core_planning/pure_pursuit/install/pure_pursuit/share/pure_pursuit/cmake/pure_pursuitConfig.cmake
[20.358s] -- Up-to-date: /home/kimna/Desktop/autoware.ai/src/autoware/core_planning/pure_pursuit/install/pure_pursuit/share/pure_pursuit/cmake/pure_pursuitConfig-version.cmake
[20.358s] -- Up-to-date: /home/kimna/Desktop/autoware.ai/src/autoware/core_planning/pure_pursuit/install/pure_pursuit/share/pure_pursuit/package.xml
[20.358s] -- Installing: /home/kimna/Desktop/autoware.ai/src/autoware/core_planning/pure_pursuit/install/pure_pursuit/lib/pure_pursuit/pure_pursuit
[20.363s] -- Set runtime path of "/home/kimna/Desktop/autoware.ai/src/autoware/core_planning/pure_pursuit/install/pure_pursuit/lib/pure_pursuit/pure_pursuit" to ""
[20.363s] -- Up-to-date: /home/kimna/Desktop/autoware.ai/src/autoware/core_planning/pure_pursuit/install/pure_pursuit/share/pure_pursuit/launch
[20.363s] -- Up-to-date: /home/kimna/Desktop/autoware.ai/src/autoware/core_planning/pure_pursuit/install/pure_pursuit/share/pure_pursuit/launch/pure_pursuit.launch
