[0.158s] [  0%] Built target autoware_config_msgs_generate_messages_lisp
[0.158s] [  0%] Built target actionlib_generate_messages_cpp
[0.163s] [  0%] Built target geometry_msgs_generate_messages_py
[0.164s] [  0%] Built target rosgraph_msgs_generate_messages_eus
[0.164s] [  0%] Built target pcl_msgs_generate_messages_eus
[0.181s] [  0%] Built target jsk_recognition_msgs_generate_messages_lisp
[0.188s] [  0%] Built target jsk_recognition_msgs_generate_messages_eus
[0.189s] [  0%] Built target autoware_system_msgs_generate_messages_lisp
[0.234s] [  0%] Built target roscpp_generate_messages_cpp
[0.237s] [  0%] Built target autoware_system_msgs_generate_messages_py
[0.248s] [  0%] Built target sensor_msgs_generate_messages_nodejs
[0.258s] [  0%] Built target _catkin_empty_exported_target
[0.263s] [  0%] Built target sensor_msgs_generate_messages_eus
[0.269s] [  0%] Built target sensor_msgs_generate_messages_cpp
[0.273s] [  0%] Built target tf2_msgs_generate_messages_cpp
[0.280s] [  0%] Built target autoware_msgs_generate_messages_cpp
[0.310s] [  0%] Built target autoware_msgs_generate_messages_py
[0.324s] [  0%] Built target rosgraph_msgs_generate_messages_cpp
[0.331s] [  0%] Built target std_msgs_generate_messages_py
[0.339s] [  0%] Built target std_msgs_generate_messages_nodejs
[0.344s] [  0%] Built target pcl_msgs_generate_messages_nodejs
[0.344s] [  0%] Built target jsk_recognition_msgs_generate_messages_py
[0.354s] [  0%] Built target sensor_msgs_generate_messages_py
[0.359s] [  0%] Built target sensor_msgs_generate_messages_lisp
[0.394s] [  0%] Built target tf_generate_messages_py
[0.411s] [  0%] Built target jsk_footstep_msgs_generate_messages_py
[0.417s] [  0%] Built target actionlib_msgs_generate_messages_nodejs
[0.421s] [  0%] Built target std_msgs_generate_messages_lisp
[0.422s] [  0%] Built target std_msgs_generate_messages_cpp
[0.436s] [  0%] Built target autoware_system_msgs_generate_messages_cpp
[0.438s] [  0%] Built target geometry_msgs_generate_messages_eus
[0.441s] [  0%] Built target roscpp_generate_messages_nodejs
[0.495s] [  0%] Built target geometry_msgs_generate_messages_nodejs
[0.498s] [  0%] Built target geometry_msgs_generate_messages_lisp
[0.506s] [  0%] Built target pcl_msgs_generate_messages_cpp
[0.509s] [  0%] Built target jsk_recognition_msgs_generate_messages_cpp
[0.513s] [  0%] Built target autoware_msgs_generate_messages_eus
[0.526s] [  0%] Built target autoware_msgs_generate_messages_nodejs
[0.531s] [  0%] Built target std_msgs_generate_messages_eus
[0.533s] [  0%] Built target autoware_msgs_generate_messages_lisp
[0.572s] [  0%] Built target actionlib_msgs_generate_messages_py
[0.579s] [  0%] Built target jsk_footstep_msgs_generate_messages_eus
[0.588s] [  0%] Built target jsk_footstep_msgs_generate_messages_lisp
[0.593s] [  0%] Built target autoware_config_msgs_generate_messages_eus
[0.601s] [  0%] Built target jsk_footstep_msgs_generate_messages_cpp
[0.610s] [  0%] Built target autoware_system_msgs_generate_messages_nodejs
[0.616s] [  0%] Built target jsk_footstep_msgs_generate_messages_nodejs
[0.641s] [  0%] Built target actionlib_msgs_generate_messages_cpp
[0.647s] [  0%] Built target actionlib_msgs_generate_messages_lisp
[0.652s] [  0%] Built target tf_generate_messages_eus
[0.672s] [  0%] Built target tf_generate_messages_lisp
[0.680s] [  0%] Built target autoware_config_msgs_generate_messages_nodejs
[0.695s] [  0%] Built target tf_generate_messages_nodejs
[0.700s] [  0%] Built target roscpp_generate_messages_lisp
[0.703s] [  0%] Built target roscpp_generate_messages_py
[0.722s] [  0%] Built target jsk_recognition_msgs_generate_messages_nodejs
[0.729s] [  0%] Built target rosgraph_msgs_generate_messages_lisp
[0.743s] [  0%] Built target autoware_config_msgs_generate_messages_cpp
[0.751s] [  0%] Built target rosgraph_msgs_generate_messages_nodejs
[0.755s] [  0%] Built target roscpp_generate_messages_eus
[0.765s] [  0%] Built target rosgraph_msgs_generate_messages_py
[0.783s] [  0%] Built target actionlib_msgs_generate_messages_eus
[0.793s] [  0%] Built target autoware_config_msgs_generate_messages_py
[0.805s] [  0%] Built target actionlib_generate_messages_eus
[0.816s] [  0%] Built target geometry_msgs_generate_messages_cpp
[0.822s] [  0%] Built target pcl_msgs_generate_messages_py
[0.831s] [  0%] Built target actionlib_generate_messages_lisp
[0.843s] [  0%] Built target tf_generate_messages_cpp
[0.867s] [  0%] Built target actionlib_generate_messages_nodejs
[0.891s] [  0%] Built target pcl_msgs_generate_messages_lisp
[0.892s] [  0%] Built target tf2_msgs_generate_messages_eus
[0.895s] [  0%] Built target autoware_system_msgs_generate_messages_eus
[0.899s] [  0%] Built target tf2_msgs_generate_messages_lisp
[0.905s] [  0%] Built target tf2_msgs_generate_messages_py
[0.917s] [  0%] Built target actionlib_generate_messages_py
[0.917s] [  0%] Built target tf2_msgs_generate_messages_nodejs
[0.943s] [35m[1mScanning dependencies of target pure_pursuit[0m
[0.986s] [ 20%] [32mBuilding CXX object CMakeFiles/pure_pursuit.dir/src/pure_pursuit_core.cpp.o[0m
[4.686s] CMakeFiles/pure_pursuit.dir/build.make:110: recipe for target 'CMakeFiles/pure_pursuit.dir/src/pure_pursuit_core.cpp.o' failed
[4.687s] CMakeFiles/Makefile2:444: recipe for target 'CMakeFiles/pure_pursuit.dir/all' failed
[4.687s] Makefile:140: recipe for target 'all' failed
